--------
Total Statistics
--------
Total Instructions: 2172105173
Total Cycles: 6803522192
IPC: 0.319262

--------
Single level Tlb hierarchy
--------
  Data Tlb:
    Entries:          64
    Page Size(B):   4096
    Associativity:      4

Latencies:    0  100
Tlb-Sets:   16 - LRU - assoc:   4

Tlb Stats:
Tlb-Load-Hits:         567190163   94.21%
Tlb-Load-Misses:        34832927    5.79%
Tlb-Load-Accesses:     602023090  100.00%

Tlb-Store-Hits:         130401047   99.68%
Tlb-Store-Misses:          421102    0.32%
Tlb-Store-Accesses:     130822149  100.00%

Tlb-Total-Hits:         697591210   95.19%
Tlb-Total-Misses:        35254029    4.81%
Tlb-Total-Accesses:     732845239  100.00%



--------
Two level Cache hierarchy
--------
  L1-Data Cache:
    Size(KB):         128
    Block Size(B):     64
    Associativity:      8

  L2-Data Cache:
    Size(KB):        1024
    Block Size(B):    128
    Associativity:      8

Latencies:    1   20  200
L1-Sets:  256 - LRU - assoc:   8
L2-Sets: 1024 - LRU - assoc:   8
Store_allocation: Yes
L2_inclusive: Yes
L2_prefetching: No

L1 Cache Stats:
L1-Load-Hits:         598327290   99.39%
L1-Load-Misses:         3695800    0.61%
L1-Load-Accesses:     602023090  100.00%

L1-Store-Hits:         130209045   99.53%
L1-Store-Misses:          613104    0.47%
L1-Store-Accesses:     130822149  100.00%

L1-Total-Hits:         728536335   99.41%
L1-Total-Misses:         4308904    0.59%
L1-Total-Accesses:     732845239  100.00%

L2 Cache Stats:
L2-Load-Hits:           2465755   66.72%
L2-Load-Misses:         1230045   33.28%
L2-Load-Accesses:       3695800  100.00%

L2-Store-Hits:            408195   66.58%
L2-Store-Misses:          204909   33.42%
L2-Store-Accesses:        613104  100.00%

L2-Total-Hits:           2873950   66.70%
L2-Total-Misses:         1434954   33.30%
L2-Total-Accesses:       4308904  100.00%

