--------
Total Statistics
--------
Total Instructions: 2172105173
Total Cycles: 11974833892
IPC: 0.181389

--------
Single level Tlb hierarchy
--------
  Data Tlb:
    Entries:           8
    Page Size(B):   4096
    Associativity:      4

Latencies:    0  100
Tlb-Sets:    2 - LRU - assoc:   4

Tlb Stats:
Tlb-Load-Hits:         531470264   88.28%
Tlb-Load-Misses:        70552826   11.72%
Tlb-Load-Accesses:     602023090  100.00%

Tlb-Store-Hits:         114412445   87.46%
Tlb-Store-Misses:        16409704   12.54%
Tlb-Store-Accesses:     130822149  100.00%

Tlb-Total-Hits:         645882709   88.13%
Tlb-Total-Misses:        86962530   11.87%
Tlb-Total-Accesses:     732845239  100.00%



--------
Two level Cache hierarchy
--------
  L1-Data Cache:
    Size(KB):          32
    Block Size(B):     64
    Associativity:      8

  L2-Data Cache:
    Size(KB):        1024
    Block Size(B):    128
    Associativity:      8

Latencies:    1   20  200
L1-Sets:   64 - LRU - assoc:   8
L2-Sets: 1024 - LRU - assoc:   8
Store_allocation: Yes
L2_inclusive: Yes
L2_prefetching: No

L1 Cache Stats:
L1-Load-Hits:         598315414   99.38%
L1-Load-Misses:         3707676    0.62%
L1-Load-Accesses:     602023090  100.00%

L1-Store-Hits:         130189911   99.52%
L1-Store-Misses:          632238    0.48%
L1-Store-Accesses:     130822149  100.00%

L1-Total-Hits:         728505325   99.41%
L1-Total-Misses:         4339914    0.59%
L1-Total-Accesses:     732845239  100.00%

L2 Cache Stats:
L2-Load-Hits:           2478425   66.85%
L2-Load-Misses:         1229251   33.15%
L2-Load-Accesses:       3707676  100.00%

L2-Store-Hits:            427328   67.59%
L2-Store-Misses:          204910   32.41%
L2-Store-Accesses:        632238  100.00%

L2-Total-Hits:           2905753   66.95%
L2-Total-Misses:         1434161   33.05%
L2-Total-Accesses:       4339914  100.00%

