--------
Total Statistics
--------
Total Instructions: 2172105173
Total Cycles: 13864913632
IPC: 0.156662

--------
Single level Tlb hierarchy
--------
  Data Tlb:
    Entries:          64
    Page Size(B):   4096
    Associativity:      4

Latencies:    0  100
Tlb-Sets:   16 - LRU - assoc:   4

Tlb Stats:
Tlb-Load-Hits:         567190163   94.21%
Tlb-Load-Misses:        34832927    5.79%
Tlb-Load-Accesses:     602023090  100.00%

Tlb-Store-Hits:         130401047   99.68%
Tlb-Store-Misses:          421102    0.32%
Tlb-Store-Accesses:     130822149  100.00%

Tlb-Total-Hits:         697591210   95.19%
Tlb-Total-Misses:        35254029    4.81%
Tlb-Total-Accesses:     732845239  100.00%



--------
Two level Cache hierarchy
--------
  L1-Data Cache:
    Size(KB):          32
    Block Size(B):     64
    Associativity:      8

  L2-Data Cache:
    Size(KB):         512
    Block Size(B):    128
    Associativity:      4

Latencies:    1   20  200
L1-Sets:   64 - LRU - assoc:   8
L2-Sets: 1024 - LRU - assoc:   4
Store_allocation: Yes
L2_inclusive: Yes
L2_prefetching: No

L1 Cache Stats:
L1-Load-Hits:         562690411   93.47%
L1-Load-Misses:        39332679    6.53%
L1-Load-Accesses:     602023090  100.00%

L1-Store-Hits:         130208402   99.53%
L1-Store-Misses:          613747    0.47%
L1-Store-Accesses:     130822149  100.00%

L1-Total-Hits:         692898813   94.55%
L1-Total-Misses:        39946426    5.45%
L1-Total-Accesses:     732845239  100.00%

L2 Cache Stats:
L2-Load-Hits:           6359428   16.17%
L2-Load-Misses:        32973251   83.83%
L2-Load-Accesses:      39332679  100.00%

L2-Store-Hits:            408839   66.61%
L2-Store-Misses:          204908   33.39%
L2-Store-Accesses:        613747  100.00%

L2-Total-Hits:           6768267   16.94%
L2-Total-Misses:        33178159   83.06%
L2-Total-Accesses:      39946426  100.00%

