--------
Total Statistics
--------
Total Instructions: 2172105173
Total Cycles: 11406673032
IPC: 0.190424

--------
Single level Tlb hierarchy
--------
  Data Tlb:
    Entries:          64
    Page Size(B):   4096
    Associativity:      1

Latencies:    0  100
Tlb-Sets:   64 - LRU - assoc:   1

Tlb Stats:
Tlb-Load-Hits:         521673865   86.65%
Tlb-Load-Misses:        80349225   13.35%
Tlb-Load-Accesses:     602023090  100.00%

Tlb-Store-Hits:         129887047   99.29%
Tlb-Store-Misses:          935102    0.71%
Tlb-Store-Accesses:     130822149  100.00%

Tlb-Total-Hits:         651560912   88.91%
Tlb-Total-Misses:        81284327   11.09%
Tlb-Total-Accesses:     732845239  100.00%



--------
Two level Cache hierarchy
--------
  L1-Data Cache:
    Size(KB):          32
    Block Size(B):     64
    Associativity:      8

  L2-Data Cache:
    Size(KB):        1024
    Block Size(B):    128
    Associativity:      8

Latencies:    1   20  200
L1-Sets:   64 - LRU - assoc:   8
L2-Sets: 1024 - LRU - assoc:   8
Store_allocation: Yes
L2_inclusive: Yes
L2_prefetching: No

L1 Cache Stats:
L1-Load-Hits:         598315416   99.38%
L1-Load-Misses:         3707674    0.62%
L1-Load-Accesses:     602023090  100.00%

L1-Store-Hits:         130208897   99.53%
L1-Store-Misses:          613252    0.47%
L1-Store-Accesses:     130822149  100.00%

L1-Total-Hits:         728524313   99.41%
L1-Total-Misses:         4320926    0.59%
L1-Total-Accesses:     732845239  100.00%

L2 Cache Stats:
L2-Load-Hits:           2478424   66.85%
L2-Load-Misses:         1229250   33.15%
L2-Load-Accesses:       3707674  100.00%

L2-Store-Hits:            408145   66.55%
L2-Store-Misses:          205107   33.45%
L2-Store-Accesses:        613252  100.00%

L2-Total-Hits:           2886569   66.80%
L2-Total-Misses:         1434357   33.20%
L2-Total-Accesses:       4320926  100.00%

