--------
Total Statistics
--------
Total Instructions: 2172105173
Total Cycles: 7392386032
IPC: 0.29383

--------
Single level Tlb hierarchy
--------
  Data Tlb:
    Entries:          64
    Page Size(B):   4096
    Associativity:      4

Latencies:    0  100
Tlb-Sets:   16 - LRU - assoc:   4

Tlb Stats:
Tlb-Load-Hits:         567190163   94.21%
Tlb-Load-Misses:        34832927    5.79%
Tlb-Load-Accesses:     602023090  100.00%

Tlb-Store-Hits:         130401047   99.68%
Tlb-Store-Misses:          421102    0.32%
Tlb-Store-Accesses:     130822149  100.00%

Tlb-Total-Hits:         697591210   95.19%
Tlb-Total-Misses:        35254029    4.81%
Tlb-Total-Accesses:     732845239  100.00%



--------
Two level Cache hierarchy
--------
  L1-Data Cache:
    Size(KB):          64
    Block Size(B):    128
    Associativity:      4

  L2-Data Cache:
    Size(KB):        1024
    Block Size(B):    128
    Associativity:      8

Latencies:    1   20  200
L1-Sets:  128 - LRU - assoc:   4
L2-Sets: 1024 - LRU - assoc:   8
Store_allocation: Yes
L2_inclusive: Yes
L2_prefetching: No

L1 Cache Stats:
L1-Load-Hits:         568568243   94.44%
L1-Load-Misses:        33454847    5.56%
L1-Load-Accesses:     602023090  100.00%

L1-Store-Hits:         130512940   99.76%
L1-Store-Misses:          309209    0.24%
L1-Store-Accesses:     130822149  100.00%

L1-Total-Hits:         699081183   95.39%
L1-Total-Misses:        33764056    4.61%
L1-Total-Accesses:     732845239  100.00%

L2 Cache Stats:
L2-Load-Hits:          32225999   96.33%
L2-Load-Misses:         1228848    3.67%
L2-Load-Accesses:      33454847  100.00%

L2-Store-Hits:            104299   33.73%
L2-Store-Misses:          204910   66.27%
L2-Store-Accesses:        309209  100.00%

L2-Total-Hits:          32330298   95.75%
L2-Total-Misses:         1433758    4.25%
L2-Total-Accesses:      33764056  100.00%

