--------
Total Statistics
--------
Total Instructions: 2172105173
Total Cycles: 6804074612
IPC: 0.319236

--------
Single level Tlb hierarchy
--------
  Data Tlb:
    Entries:          64
    Page Size(B):   4096
    Associativity:      4

Latencies:    0  100
Tlb-Sets:   16 - LRU - assoc:   4

Tlb Stats:
Tlb-Load-Hits:         567189968   94.21%
Tlb-Load-Misses:        34833122    5.79%
Tlb-Load-Accesses:     602023090  100.00%

Tlb-Store-Hits:         130400747   99.68%
Tlb-Store-Misses:          421402    0.32%
Tlb-Store-Accesses:     130822149  100.00%

Tlb-Total-Hits:         697590715   95.19%
Tlb-Total-Misses:        35254524    4.81%
Tlb-Total-Accesses:     732845239  100.00%



--------
Two level Cache hierarchy
--------
  L1-Data Cache:
    Size(KB):          32
    Block Size(B):     64
    Associativity:      8

  L2-Data Cache:
    Size(KB):        1024
    Block Size(B):    128
    Associativity:      8

Latencies:    1   20  200
L1-Sets:   64 - LRU - assoc:   8
L2-Sets: 1024 - LRU - assoc:   8
Store_allocation: Yes
L2_inclusive: Yes
L2_prefetching: Yes (  2)

L1 Cache Stats:
L1-Load-Hits:         598315214   99.38%
L1-Load-Misses:         3707876    0.62%
L1-Load-Accesses:     602023090  100.00%

L1-Store-Hits:         130190035   99.52%
L1-Store-Misses:          632114    0.48%
L1-Store-Accesses:     130822149  100.00%

L1-Total-Hits:         728505249   99.41%
L1-Total-Misses:         4339990    0.59%
L1-Total-Accesses:     732845239  100.00%

L2 Cache Stats:
L2-Load-Hits:           2478426   66.84%
L2-Load-Misses:         1229450   33.16%
L2-Load-Accesses:       3707876  100.00%

L2-Store-Hits:            427204   67.58%
L2-Store-Misses:          204910   32.42%
L2-Store-Accesses:        632114  100.00%

L2-Total-Hits:           2905630   66.95%
L2-Total-Misses:         1434360   33.05%
L2-Total-Accesses:       4339990  100.00%

