--------
Total Statistics
--------
Total Instructions: 2172105173
Total Cycles: 6618353512
IPC: 0.328194

--------
Single level Tlb hierarchy
--------
  Data Tlb:
    Entries:         256
    Page Size(B):   4096
    Associativity:      4

Latencies:    0  100
Tlb-Sets:   64 - LRU - assoc:   4

Tlb Stats:
Tlb-Load-Hits:         568734363   94.47%
Tlb-Load-Misses:        33288727    5.53%
Tlb-Load-Accesses:     602023090  100.00%

Tlb-Store-Hits:         130711846   99.92%
Tlb-Store-Misses:          110303    0.08%
Tlb-Store-Accesses:     130822149  100.00%

Tlb-Total-Hits:         699446209   95.44%
Tlb-Total-Misses:        33399030    4.56%
Tlb-Total-Accesses:     732845239  100.00%



--------
Two level Cache hierarchy
--------
  L1-Data Cache:
    Size(KB):          32
    Block Size(B):     64
    Associativity:      8

  L2-Data Cache:
    Size(KB):        1024
    Block Size(B):    128
    Associativity:      8

Latencies:    1   20  200
L1-Sets:   64 - LRU - assoc:   8
L2-Sets: 1024 - LRU - assoc:   8
Store_allocation: Yes
L2_inclusive: Yes
L2_prefetching: No

L1 Cache Stats:
L1-Load-Hits:         598315418   99.38%
L1-Load-Misses:         3707672    0.62%
L1-Load-Accesses:     602023090  100.00%

L1-Store-Hits:         130196376   99.52%
L1-Store-Misses:          625773    0.48%
L1-Store-Accesses:     130822149  100.00%

L1-Total-Hits:         728511794   99.41%
L1-Total-Misses:         4333445    0.59%
L1-Total-Accesses:     732845239  100.00%

L2 Cache Stats:
L2-Load-Hits:           2478425   66.85%
L2-Load-Misses:         1229247   33.15%
L2-Load-Accesses:       3707672  100.00%

L2-Store-Hits:            420864   67.26%
L2-Store-Misses:          204909   32.74%
L2-Store-Accesses:        625773  100.00%

L2-Total-Hits:           2899289   66.90%
L2-Total-Misses:         1434156   33.10%
L2-Total-Accesses:       4333445  100.00%

