--------
Total Statistics
--------
Total Instructions: 2172105173
Total Cycles: 7543948272
IPC: 0.287927

--------
Single level Tlb hierarchy
--------
  Data Tlb:
    Entries:          64
    Page Size(B):   4096
    Associativity:      4

Latencies:    0  100
Tlb-Sets:   16 - LRU - assoc:   4

Tlb Stats:
Tlb-Load-Hits:         567190163   94.21%
Tlb-Load-Misses:        34832927    5.79%
Tlb-Load-Accesses:     602023090  100.00%

Tlb-Store-Hits:         130401047   99.68%
Tlb-Store-Misses:          421102    0.32%
Tlb-Store-Accesses:     130822149  100.00%

Tlb-Total-Hits:         697591210   95.19%
Tlb-Total-Misses:        35254029    4.81%
Tlb-Total-Accesses:     732845239  100.00%



--------
Two level Cache hierarchy
--------
  L1-Data Cache:
    Size(KB):          16
    Block Size(B):     32
    Associativity:      4

  L2-Data Cache:
    Size(KB):        1024
    Block Size(B):    128
    Associativity:      8

Latencies:    1   20  200
L1-Sets:  128 - LRU - assoc:   4
L2-Sets: 1024 - LRU - assoc:   8
Store_allocation: Yes
L2_inclusive: Yes
L2_prefetching: No

L1 Cache Stats:
L1-Load-Hits:         561870071   93.33%
L1-Load-Misses:        40153019    6.67%
L1-Load-Accesses:     602023090  100.00%

L1-Store-Hits:         129632990   99.09%
L1-Store-Misses:         1189159    0.91%
L1-Store-Accesses:     130822149  100.00%

L1-Total-Hits:         691503061   94.36%
L1-Total-Misses:        41342178    5.64%
L1-Total-Accesses:     732845239  100.00%

L2 Cache Stats:
L2-Load-Hits:          38924171   96.94%
L2-Load-Misses:         1228848    3.06%
L2-Load-Accesses:      40153019  100.00%

L2-Store-Hits:            984250   82.77%
L2-Store-Misses:          204909   17.23%
L2-Store-Accesses:       1189159  100.00%

L2-Total-Hits:          39908421   96.53%
L2-Total-Misses:         1433757    3.47%
L2-Total-Accesses:      41342178  100.00%

