--------
Total Statistics
--------
Total Instructions: 2172105173
Total Cycles: 6680065192
IPC: 0.325162

--------
Single level Tlb hierarchy
--------
  Data Tlb:
    Entries:         128
    Page Size(B):   4096
    Associativity:      4

Latencies:    0  100
Tlb-Sets:   32 - LRU - assoc:   4

Tlb Stats:
Tlb-Load-Hits:         568219663   94.39%
Tlb-Load-Misses:        33803427    5.61%
Tlb-Load-Accesses:     602023090  100.00%

Tlb-Store-Hits:         130608247   99.84%
Tlb-Store-Misses:          213902    0.16%
Tlb-Store-Accesses:     130822149  100.00%

Tlb-Total-Hits:         698827910   95.36%
Tlb-Total-Misses:        34017329    4.64%
Tlb-Total-Accesses:     732845239  100.00%



--------
Two level Cache hierarchy
--------
  L1-Data Cache:
    Size(KB):          32
    Block Size(B):     64
    Associativity:      8

  L2-Data Cache:
    Size(KB):        1024
    Block Size(B):    128
    Associativity:      8

Latencies:    1   20  200
L1-Sets:   64 - LRU - assoc:   8
L2-Sets: 1024 - LRU - assoc:   8
Store_allocation: Yes
L2_inclusive: Yes
L2_prefetching: No

L1 Cache Stats:
L1-Load-Hits:         598314816   99.38%
L1-Load-Misses:         3708274    0.62%
L1-Load-Accesses:     602023090  100.00%

L1-Store-Hits:         130208899   99.53%
L1-Store-Misses:          613250    0.47%
L1-Store-Accesses:     130822149  100.00%

L1-Total-Hits:         728523715   99.41%
L1-Total-Misses:         4321524    0.59%
L1-Total-Accesses:     732845239  100.00%

L2 Cache Stats:
L2-Load-Hits:           2478425   66.84%
L2-Load-Misses:         1229849   33.16%
L2-Load-Accesses:       3708274  100.00%

L2-Store-Hits:            408342   66.59%
L2-Store-Misses:          204908   33.41%
L2-Store-Accesses:        613250  100.00%

L2-Total-Hits:           2886767   66.80%
L2-Total-Misses:         1434757   33.20%
L2-Total-Accesses:       4321524  100.00%

