--------
Total Statistics
--------
Total Instructions: 2172105173
Total Cycles: 6646920352
IPC: 0.326784

--------
Single level Tlb hierarchy
--------
  Data Tlb:
    Entries:          64
    Page Size(B):   4096
    Associativity:      4

Latencies:    0  100
Tlb-Sets:   16 - LRU - assoc:   4

Tlb Stats:
Tlb-Load-Hits:         567190163   94.21%
Tlb-Load-Misses:        34832927    5.79%
Tlb-Load-Accesses:     602023090  100.00%

Tlb-Store-Hits:         130401047   99.68%
Tlb-Store-Misses:          421102    0.32%
Tlb-Store-Accesses:     130822149  100.00%

Tlb-Total-Hits:         697591210   95.19%
Tlb-Total-Misses:        35254029    4.81%
Tlb-Total-Accesses:     732845239  100.00%



--------
Two level Cache hierarchy
--------
  L1-Data Cache:
    Size(KB):          32
    Block Size(B):     64
    Associativity:      8

  L2-Data Cache:
    Size(KB):         512
    Block Size(B):    256
    Associativity:      8

Latencies:    1   20  200
L1-Sets:   64 - LRU - assoc:   8
L2-Sets:  256 - LRU - assoc:   8
Store_allocation: Yes
L2_inclusive: Yes
L2_prefetching: No

L1 Cache Stats:
L1-Load-Hits:         598900797   99.48%
L1-Load-Misses:         3122293    0.52%
L1-Load-Accesses:     602023090  100.00%

L1-Store-Hits:         130285580   99.59%
L1-Store-Misses:          536569    0.41%
L1-Store-Accesses:     130822149  100.00%

L1-Total-Hits:         729186377   99.50%
L1-Total-Misses:         3658862    0.50%
L1-Total-Accesses:     732845239  100.00%

L2 Cache Stats:
L2-Load-Hits:           2507850   80.32%
L2-Load-Misses:          614443   19.68%
L2-Load-Accesses:       3122293  100.00%

L2-Store-Hits:            434063   80.90%
L2-Store-Misses:          102506   19.10%
L2-Store-Accesses:        536569  100.00%

L2-Total-Hits:           2941913   80.41%
L2-Total-Misses:          716949   19.59%
L2-Total-Accesses:       3658862  100.00%

