--------
Total Statistics
--------
Total Instructions: 2172105173
Total Cycles: 7423595412
IPC: 0.292595

--------
Single level Tlb hierarchy
--------
  Data Tlb:
    Entries:          64
    Page Size(B):   4096
    Associativity:      4

Latencies:    0  100
Tlb-Sets:   16 - LRU - assoc:   4

Tlb Stats:
Tlb-Load-Hits:         567190161   94.21%
Tlb-Load-Misses:        34832929    5.79%
Tlb-Load-Accesses:     602023090  100.00%

Tlb-Store-Hits:         130401047   99.68%
Tlb-Store-Misses:          421102    0.32%
Tlb-Store-Accesses:     130822149  100.00%

Tlb-Total-Hits:         697591208   95.19%
Tlb-Total-Misses:        35254031    4.81%
Tlb-Total-Accesses:     732845239  100.00%



--------
Two level Cache hierarchy
--------
  L1-Data Cache:
    Size(KB):          32
    Block Size(B):     32
    Associativity:      4

  L2-Data Cache:
    Size(KB):        1024
    Block Size(B):    128
    Associativity:      8

Latencies:    1   20  200
L1-Sets:  256 - LRU - assoc:   4
L2-Sets: 1024 - LRU - assoc:   8
Store_allocation: Yes
L2_inclusive: Yes
L2_prefetching: No

L1 Cache Stats:
L1-Load-Hits:         567807454   94.32%
L1-Load-Misses:        34215636    5.68%
L1-Load-Accesses:     602023090  100.00%

L1-Store-Hits:         129713280   99.15%
L1-Store-Misses:         1108869    0.85%
L1-Store-Accesses:     130822149  100.00%

L1-Total-Hits:         697520734   95.18%
L1-Total-Misses:        35324505    4.82%
L1-Total-Accesses:     732845239  100.00%

L2 Cache Stats:
L2-Load-Hits:          32986785   96.41%
L2-Load-Misses:         1228851    3.59%
L2-Load-Accesses:      34215636  100.00%

L2-Store-Hits:            903961   81.52%
L2-Store-Misses:          204908   18.48%
L2-Store-Accesses:       1108869  100.00%

L2-Total-Hits:          33890746   95.94%
L2-Total-Misses:         1433759    4.06%
L2-Total-Accesses:      35324505  100.00%

