--------
Total Statistics
--------
Total Instructions: 2172105173
Total Cycles: 3282666072
IPC: 0.661689

--------
Single level Tlb hierarchy
--------
  Data Tlb:
    Entries:          64
    Page Size(B):   4096
    Associativity:     16

Latencies:    0  100
Tlb-Sets:    4 - LRU - assoc:  16

Tlb Stats:
Tlb-Load-Hits:         601984462   99.99%
Tlb-Load-Misses:           38628    0.01%
Tlb-Load-Accesses:     602023090  100.00%

Tlb-Store-Hits:         130815647  100.00%
Tlb-Store-Misses:            6502    0.00%
Tlb-Store-Accesses:     130822149  100.00%

Tlb-Total-Hits:         732800109   99.99%
Tlb-Total-Misses:           45130    0.01%
Tlb-Total-Accesses:     732845239  100.00%



--------
Two level Cache hierarchy
--------
  L1-Data Cache:
    Size(KB):          32
    Block Size(B):     64
    Associativity:      8

  L2-Data Cache:
    Size(KB):        1024
    Block Size(B):    128
    Associativity:      8

Latencies:    1   20  200
L1-Sets:   64 - LRU - assoc:   8
L2-Sets: 1024 - LRU - assoc:   8
Store_allocation: Yes
L2_inclusive: Yes
L2_prefetching: No

L1 Cache Stats:
L1-Load-Hits:         598315590   99.38%
L1-Load-Misses:         3707500    0.62%
L1-Load-Accesses:     602023090  100.00%

L1-Store-Hits:         130209106   99.53%
L1-Store-Misses:          613043    0.47%
L1-Store-Accesses:     130822149  100.00%

L1-Total-Hits:         728524696   99.41%
L1-Total-Misses:         4320543    0.59%
L1-Total-Accesses:     732845239  100.00%

L2 Cache Stats:
L2-Load-Hits:           2478449   66.85%
L2-Load-Misses:         1229051   33.15%
L2-Load-Accesses:       3707500  100.00%

L2-Store-Hits:            408135   66.58%
L2-Store-Misses:          204908   33.42%
L2-Store-Accesses:        613043  100.00%

L2-Total-Hits:           2886584   66.81%
L2-Total-Misses:         1433959   33.19%
L2-Total-Accesses:       4320543  100.00%

