--------
Total Statistics
--------
Total Instructions: 2172105173
Total Cycles: 6803997712
IPC: 0.31924

--------
Single level Tlb hierarchy
--------
  Data Tlb:
    Entries:          64
    Page Size(B):   4096
    Associativity:      4

Latencies:    0  100
Tlb-Sets:   16 - LRU - assoc:   4

Tlb Stats:
Tlb-Load-Hits:         567190163   94.21%
Tlb-Load-Misses:        34832927    5.79%
Tlb-Load-Accesses:     602023090  100.00%

Tlb-Store-Hits:         130401046   99.68%
Tlb-Store-Misses:          421103    0.32%
Tlb-Store-Accesses:     130822149  100.00%

Tlb-Total-Hits:         697591209   95.19%
Tlb-Total-Misses:        35254030    4.81%
Tlb-Total-Accesses:     732845239  100.00%



--------
Two level Cache hierarchy
--------
  L1-Data Cache:
    Size(KB):          64
    Block Size(B):     64
    Associativity:      8

  L2-Data Cache:
    Size(KB):        1024
    Block Size(B):    128
    Associativity:      8

Latencies:    1   20  200
L1-Sets:  128 - LRU - assoc:   8
L2-Sets: 1024 - LRU - assoc:   8
Store_allocation: Yes
L2_inclusive: Yes
L2_prefetching: No

L1 Cache Stats:
L1-Load-Hits:         598318233   99.38%
L1-Load-Misses:         3704857    0.62%
L1-Load-Accesses:     602023090  100.00%

L1-Store-Hits:         130196321   99.52%
L1-Store-Misses:          625828    0.48%
L1-Store-Accesses:     130822149  100.00%

L1-Total-Hits:         728514554   99.41%
L1-Total-Misses:         4330685    0.59%
L1-Total-Accesses:     732845239  100.00%

L2 Cache Stats:
L2-Load-Hits:           2474614   66.79%
L2-Load-Misses:         1230243   33.21%
L2-Load-Accesses:       3704857  100.00%

L2-Store-Hits:            420918   67.26%
L2-Store-Misses:          204910   32.74%
L2-Store-Accesses:        625828  100.00%

L2-Total-Hits:           2895532   66.86%
L2-Total-Misses:         1435153   33.14%
L2-Total-Accesses:       4330685  100.00%

