--------
Total Statistics
--------
Total Instructions: 2172105173
Total Cycles: 6803839592
IPC: 0.319247

--------
Single level Tlb hierarchy
--------
  Data Tlb:
    Entries:          64
    Page Size(B):   4096
    Associativity:      4

Latencies:    0  100
Tlb-Sets:   16 - LRU - assoc:   4

Tlb Stats:
Tlb-Load-Hits:         567190163   94.21%
Tlb-Load-Misses:        34832927    5.79%
Tlb-Load-Accesses:     602023090  100.00%

Tlb-Store-Hits:         130400746   99.68%
Tlb-Store-Misses:          421403    0.32%
Tlb-Store-Accesses:     130822149  100.00%

Tlb-Total-Hits:         697590909   95.19%
Tlb-Total-Misses:        35254330    4.81%
Tlb-Total-Accesses:     732845239  100.00%



--------
Two level Cache hierarchy
--------
  L1-Data Cache:
    Size(KB):          32
    Block Size(B):     64
    Associativity:      8

  L2-Data Cache:
    Size(KB):        1024
    Block Size(B):    128
    Associativity:      8

Latencies:    1   20  200
L1-Sets:   64 - LRU - assoc:   8
L2-Sets: 1024 - LRU - assoc:   8
Store_allocation: Yes
L2_inclusive: Yes
L2_prefetching: No

L1 Cache Stats:
L1-Load-Hits:         598315616   99.38%
L1-Load-Misses:         3707474    0.62%
L1-Load-Accesses:     602023090  100.00%

L1-Store-Hits:         130196384   99.52%
L1-Store-Misses:          625765    0.48%
L1-Store-Accesses:     130822149  100.00%

L1-Total-Hits:         728512000   99.41%
L1-Total-Misses:         4333239    0.59%
L1-Total-Accesses:     732845239  100.00%

L2 Cache Stats:
L2-Load-Hits:           2478426   66.85%
L2-Load-Misses:         1229048   33.15%
L2-Load-Accesses:       3707474  100.00%

L2-Store-Hits:            420856   67.25%
L2-Store-Misses:          204909   32.75%
L2-Store-Accesses:        625765  100.00%

L2-Total-Hits:           2899282   66.91%
L2-Total-Misses:         1433957   33.09%
L2-Total-Accesses:       4333239  100.00%

