--------
Total Statistics
--------
Total Instructions: 2172105173
Total Cycles: 6493483632
IPC: 0.334505

--------
Single level Tlb hierarchy
--------
  Data Tlb:
    Entries:          64
    Page Size(B):   4096
    Associativity:      4

Latencies:    0  100
Tlb-Sets:   16 - LRU - assoc:   4

Tlb Stats:
Tlb-Load-Hits:         567190163   94.21%
Tlb-Load-Misses:        34832927    5.79%
Tlb-Load-Accesses:     602023090  100.00%

Tlb-Store-Hits:         130400746   99.68%
Tlb-Store-Misses:          421403    0.32%
Tlb-Store-Accesses:     130822149  100.00%

Tlb-Total-Hits:         697590909   95.19%
Tlb-Total-Misses:        35254330    4.81%
Tlb-Total-Accesses:     732845239  100.00%



--------
Two level Cache hierarchy
--------
  L1-Data Cache:
    Size(KB):          32
    Block Size(B):     64
    Associativity:      8

  L2-Data Cache:
    Size(KB):        2048
    Block Size(B):     64
    Associativity:      8

Latencies:    1   20  200
L1-Sets:   64 - LRU - assoc:   8
L2-Sets: 4096 - LRU - assoc:   8
Store_allocation: Yes
L2_inclusive: Yes
L2_prefetching: No

L1 Cache Stats:
L1-Load-Hits:         599565320   99.59%
L1-Load-Misses:         2457770    0.41%
L1-Load-Accesses:     602023090  100.00%

L1-Store-Hits:         130412438   99.69%
L1-Store-Misses:          409711    0.31%
L1-Store-Accesses:     130822149  100.00%

L1-Total-Hits:         729977758   99.61%
L1-Total-Misses:         2867481    0.39%
L1-Total-Accesses:     732845239  100.00%

L2 Cache Stats:
L2-Load-Hits:           2433125   99.00%
L2-Load-Misses:           24645    1.00%
L2-Load-Accesses:       2457770  100.00%

L2-Store-Hits:            405603   99.00%
L2-Store-Misses:            4108    1.00%
L2-Store-Accesses:        409711  100.00%

L2-Total-Hits:           2838728   99.00%
L2-Total-Misses:           28753    1.00%
L2-Total-Accesses:       2867481  100.00%

