--------
Total Statistics
--------
Total Instructions: 2172105173
Total Cycles: 6782889132
IPC: 0.320233

--------
Single level Tlb hierarchy
--------
  Data Tlb:
    Entries:          64
    Page Size(B):   4096
    Associativity:      2

Latencies:    0  100
Tlb-Sets:   32 - LRU - assoc:   2

Tlb Stats:
Tlb-Load-Hits:         567398565   94.25%
Tlb-Load-Misses:        34624525    5.75%
Tlb-Load-Accesses:     602023090  100.00%

Tlb-Store-Hits:         130403646   99.68%
Tlb-Store-Misses:          418503    0.32%
Tlb-Store-Accesses:     130822149  100.00%

Tlb-Total-Hits:         697802211   95.22%
Tlb-Total-Misses:        35043028    4.78%
Tlb-Total-Accesses:     732845239  100.00%



--------
Two level Cache hierarchy
--------
  L1-Data Cache:
    Size(KB):          32
    Block Size(B):     64
    Associativity:      8

  L2-Data Cache:
    Size(KB):        1024
    Block Size(B):    128
    Associativity:      8

Latencies:    1   20  200
L1-Sets:   64 - LRU - assoc:   8
L2-Sets: 1024 - LRU - assoc:   8
Store_allocation: Yes
L2_inclusive: Yes
L2_prefetching: No

L1 Cache Stats:
L1-Load-Hits:         598314815   99.38%
L1-Load-Misses:         3708275    0.62%
L1-Load-Accesses:     602023090  100.00%

L1-Store-Hits:         130196178   99.52%
L1-Store-Misses:          625971    0.48%
L1-Store-Accesses:     130822149  100.00%

L1-Total-Hits:         728510993   99.41%
L1-Total-Misses:         4334246    0.59%
L1-Total-Accesses:     732845239  100.00%

L2 Cache Stats:
L2-Load-Hits:           2478429   66.84%
L2-Load-Misses:         1229846   33.16%
L2-Load-Accesses:       3708275  100.00%

L2-Store-Hits:            421062   67.27%
L2-Store-Misses:          204909   32.73%
L2-Store-Accesses:        625971  100.00%

L2-Total-Hits:           2899491   66.90%
L2-Total-Misses:         1434755   33.10%
L2-Total-Accesses:       4334246  100.00%

