--------
Total Statistics
--------
Total Instructions: 2172105173
Total Cycles: 6803808932
IPC: 0.319248

--------
Single level Tlb hierarchy
--------
  Data Tlb:
    Entries:          64
    Page Size(B):   4096
    Associativity:      4

Latencies:    0  100
Tlb-Sets:   16 - LRU - assoc:   4

Tlb Stats:
Tlb-Load-Hits:         567190163   94.21%
Tlb-Load-Misses:        34832927    5.79%
Tlb-Load-Accesses:     602023090  100.00%

Tlb-Store-Hits:         130400746   99.68%
Tlb-Store-Misses:          421403    0.32%
Tlb-Store-Accesses:     130822149  100.00%

Tlb-Total-Hits:         697590909   95.19%
Tlb-Total-Misses:        35254330    4.81%
Tlb-Total-Accesses:     732845239  100.00%



--------
Two level Cache hierarchy
--------
  L1-Data Cache:
    Size(KB):          32
    Block Size(B):     64
    Associativity:      8

  L2-Data Cache:
    Size(KB):        1024
    Block Size(B):    128
    Associativity:      8

Latencies:    1   20  200
L1-Sets:   64 - LRU - assoc:   8
L2-Sets: 1024 - LRU - assoc:   8
Store_allocation: Yes
L2_inclusive: Yes
L2_prefetching: Yes (  4)

L1 Cache Stats:
L1-Load-Hits:         598314807   99.38%
L1-Load-Misses:         3708283    0.62%
L1-Load-Accesses:     602023090  100.00%

L1-Store-Hits:         130208726   99.53%
L1-Store-Misses:          613423    0.47%
L1-Store-Accesses:     130822149  100.00%

L1-Total-Hits:         728523533   99.41%
L1-Total-Misses:         4321706    0.59%
L1-Total-Accesses:     732845239  100.00%

L2 Cache Stats:
L2-Load-Hits:           2478433   66.84%
L2-Load-Misses:         1229850   33.16%
L2-Load-Accesses:       3708283  100.00%

L2-Store-Hits:            408316   66.56%
L2-Store-Misses:          205107   33.44%
L2-Store-Accesses:        613423  100.00%

L2-Total-Hits:           2886749   66.80%
L2-Total-Misses:         1434957   33.20%
L2-Total-Accesses:       4321706  100.00%

