--------
Total Statistics
--------
Total Instructions: 2172105173
Total Cycles: 7404654652
IPC: 0.293343

--------
Single level Tlb hierarchy
--------
  Data Tlb:
    Entries:          64
    Page Size(B):   4096
    Associativity:      4

Latencies:    0  100
Tlb-Sets:   16 - LRU - assoc:   4

Tlb Stats:
Tlb-Load-Hits:         567189967   94.21%
Tlb-Load-Misses:        34833123    5.79%
Tlb-Load-Accesses:     602023090  100.00%

Tlb-Store-Hits:         130401046   99.68%
Tlb-Store-Misses:          421103    0.32%
Tlb-Store-Accesses:     130822149  100.00%

Tlb-Total-Hits:         697591013   95.19%
Tlb-Total-Misses:        35254226    4.81%
Tlb-Total-Accesses:     732845239  100.00%



--------
Two level Cache hierarchy
--------
  L1-Data Cache:
    Size(KB):          64
    Block Size(B):     64
    Associativity:      4

  L2-Data Cache:
    Size(KB):        1024
    Block Size(B):    128
    Associativity:      8

Latencies:    1   20  200
L1-Sets:  256 - LRU - assoc:   4
L2-Sets: 1024 - LRU - assoc:   8
Store_allocation: Yes
L2_inclusive: Yes
L2_prefetching: No

L1 Cache Stats:
L1-Load-Hits:         568310708   94.40%
L1-Load-Misses:        33712382    5.60%
L1-Load-Accesses:     602023090  100.00%

L1-Store-Hits:         130158039   99.49%
L1-Store-Misses:          664110    0.51%
L1-Store-Accesses:     130822149  100.00%

L1-Total-Hits:         698468747   95.31%
L1-Total-Misses:        34376492    4.69%
L1-Total-Accesses:     732845239  100.00%

L2 Cache Stats:
L2-Load-Hits:          32483531   96.35%
L2-Load-Misses:         1228851    3.65%
L2-Load-Accesses:      33712382  100.00%

L2-Store-Hits:            459202   69.15%
L2-Store-Misses:          204908   30.85%
L2-Store-Accesses:        664110  100.00%

L2-Total-Hits:          32942733   95.83%
L2-Total-Misses:         1433759    4.17%
L2-Total-Accesses:      34376492  100.00%

