--------
Total Statistics
--------
Total Instructions: 2172105173
Total Cycles: 7057411212
IPC: 0.307776

--------
Single level Tlb hierarchy
--------
  Data Tlb:
    Entries:          32
    Page Size(B):   4096
    Associativity:      4

Latencies:    0  100
Tlb-Sets:    8 - LRU - assoc:   4

Tlb Stats:
Tlb-Load-Hits:         565101462   93.87%
Tlb-Load-Misses:        36921628    6.13%
Tlb-Load-Accesses:     602023090  100.00%

Tlb-Store-Hits:         129955447   99.34%
Tlb-Store-Misses:          866702    0.66%
Tlb-Store-Accesses:     130822149  100.00%

Tlb-Total-Hits:         695056909   94.84%
Tlb-Total-Misses:        37788330    5.16%
Tlb-Total-Accesses:     732845239  100.00%



--------
Two level Cache hierarchy
--------
  L1-Data Cache:
    Size(KB):          32
    Block Size(B):     64
    Associativity:      8

  L2-Data Cache:
    Size(KB):        1024
    Block Size(B):    128
    Associativity:      8

Latencies:    1   20  200
L1-Sets:   64 - LRU - assoc:   8
L2-Sets: 1024 - LRU - assoc:   8
Store_allocation: Yes
L2_inclusive: Yes
L2_prefetching: No

L1 Cache Stats:
L1-Load-Hits:         598315412   99.38%
L1-Load-Misses:         3707678    0.62%
L1-Load-Accesses:     602023090  100.00%

L1-Store-Hits:         130190017   99.52%
L1-Store-Misses:          632132    0.48%
L1-Store-Accesses:     130822149  100.00%

L1-Total-Hits:         728505429   99.41%
L1-Total-Misses:         4339810    0.59%
L1-Total-Accesses:     732845239  100.00%

L2 Cache Stats:
L2-Load-Hits:           2478431   66.85%
L2-Load-Misses:         1229247   33.15%
L2-Load-Accesses:       3707678  100.00%

L2-Store-Hits:            427221   67.58%
L2-Store-Misses:          204911   32.42%
L2-Store-Accesses:        632132  100.00%

L2-Total-Hits:           2905652   66.95%
L2-Total-Misses:         1434158   33.05%
L2-Total-Accesses:       4339810  100.00%

