--------
Total Statistics
--------
Total Instructions: 2172105173
Total Cycles: 13865016352
IPC: 0.156661

--------
Single level Tlb hierarchy
--------
  Data Tlb:
    Entries:          64
    Page Size(B):   4096
    Associativity:      4

Latencies:    0  100
Tlb-Sets:   16 - LRU - assoc:   4

Tlb Stats:
Tlb-Load-Hits:         567190163   94.21%
Tlb-Load-Misses:        34832927    5.79%
Tlb-Load-Accesses:     602023090  100.00%

Tlb-Store-Hits:         130401047   99.68%
Tlb-Store-Misses:          421102    0.32%
Tlb-Store-Accesses:     130822149  100.00%

Tlb-Total-Hits:         697591210   95.19%
Tlb-Total-Misses:        35254029    4.81%
Tlb-Total-Accesses:     732845239  100.00%



--------
Two level Cache hierarchy
--------
  L1-Data Cache:
    Size(KB):          32
    Block Size(B):     64
    Associativity:      8

  L2-Data Cache:
    Size(KB):         256
    Block Size(B):    128
    Associativity:      4

Latencies:    1   20  200
L1-Sets:   64 - LRU - assoc:   8
L2-Sets:  512 - LRU - assoc:   4
Store_allocation: Yes
L2_inclusive: Yes
L2_prefetching: No

L1 Cache Stats:
L1-Load-Hits:         562690013   93.47%
L1-Load-Misses:        39333077    6.53%
L1-Load-Accesses:     602023090  100.00%

L1-Store-Hits:         130207664   99.53%
L1-Store-Misses:          614485    0.47%
L1-Store-Accesses:     130822149  100.00%

L1-Total-Hits:         692897677   94.55%
L1-Total-Misses:        39947562    5.45%
L1-Total-Accesses:     732845239  100.00%

L2 Cache Stats:
L2-Load-Hits:           6359429   16.17%
L2-Load-Misses:        32973648   83.83%
L2-Load-Accesses:      39333077  100.00%

L2-Store-Hits:            409574   66.65%
L2-Store-Misses:          204911   33.35%
L2-Store-Accesses:        614485  100.00%

L2-Total-Hits:           6769003   16.94%
L2-Total-Misses:        33178559   83.06%
L2-Total-Accesses:      39947562  100.00%

