--------
Total Statistics
--------
Total Instructions: 2172105173
Total Cycles: 7418425092
IPC: 0.292799

--------
Single level Tlb hierarchy
--------
  Data Tlb:
    Entries:          64
    Page Size(B):   4096
    Associativity:      4

Latencies:    0  100
Tlb-Sets:   16 - LRU - assoc:   4

Tlb Stats:
Tlb-Load-Hits:         567189967   94.21%
Tlb-Load-Misses:        34833123    5.79%
Tlb-Load-Accesses:     602023090  100.00%

Tlb-Store-Hits:         130401047   99.68%
Tlb-Store-Misses:          421102    0.32%
Tlb-Store-Accesses:     130822149  100.00%

Tlb-Total-Hits:         697591014   95.19%
Tlb-Total-Misses:        35254225    4.81%
Tlb-Total-Accesses:     732845239  100.00%



--------
Two level Cache hierarchy
--------
  L1-Data Cache:
    Size(KB):          64
    Block Size(B):     32
    Associativity:      4

  L2-Data Cache:
    Size(KB):        1024
    Block Size(B):    128
    Associativity:      8

Latencies:    1   20  200
L1-Sets:  512 - LRU - assoc:   4
L2-Sets: 1024 - LRU - assoc:   8
Store_allocation: Yes
L2_inclusive: Yes
L2_prefetching: No

L1 Cache Stats:
L1-Load-Hits:         568020694   94.35%
L1-Load-Misses:        34002396    5.65%
L1-Load-Accesses:     602023090  100.00%

L1-Store-Hits:         129759526   99.19%
L1-Store-Misses:         1062623    0.81%
L1-Store-Accesses:     130822149  100.00%

L1-Total-Hits:         697780220   95.22%
L1-Total-Misses:        35065019    4.78%
L1-Total-Accesses:     732845239  100.00%

L2 Cache Stats:
L2-Load-Hits:          32773546   96.39%
L2-Load-Misses:         1228850    3.61%
L2-Load-Accesses:      34002396  100.00%

L2-Store-Hits:            857714   80.72%
L2-Store-Misses:          204909   19.28%
L2-Store-Accesses:       1062623  100.00%

L2-Total-Hits:          33631260   95.91%
L2-Total-Misses:         1433759    4.09%
L2-Total-Accesses:      35065019  100.00%

