--------
Total Statistics
--------
Total Instructions: 2172105173
Total Cycles: 7545639272
IPC: 0.287862

--------
Single level Tlb hierarchy
--------
  Data Tlb:
    Entries:          64
    Page Size(B):   4096
    Associativity:      4

Latencies:    0  100
Tlb-Sets:   16 - LRU - assoc:   4

Tlb Stats:
Tlb-Load-Hits:         567190163   94.21%
Tlb-Load-Misses:        34832927    5.79%
Tlb-Load-Accesses:     602023090  100.00%

Tlb-Store-Hits:         130401047   99.68%
Tlb-Store-Misses:          421102    0.32%
Tlb-Store-Accesses:     130822149  100.00%

Tlb-Total-Hits:         697591210   95.19%
Tlb-Total-Misses:        35254029    4.81%
Tlb-Total-Accesses:     732845239  100.00%



--------
Two level Cache hierarchy
--------
  L1-Data Cache:
    Size(KB):          16
    Block Size(B):     64
    Associativity:      4

  L2-Data Cache:
    Size(KB):        1024
    Block Size(B):    128
    Associativity:      8

Latencies:    1   20  200
L1-Sets:   64 - LRU - assoc:   4
L2-Sets: 1024 - LRU - assoc:   8
Store_allocation: Yes
L2_inclusive: Yes
L2_prefetching: No

L1 Cache Stats:
L1-Load-Hits:         561414918   93.25%
L1-Load-Misses:        40608172    6.75%
L1-Load-Accesses:     602023090  100.00%

L1-Store-Hits:         130003613   99.37%
L1-Store-Misses:          818536    0.63%
L1-Store-Accesses:     130822149  100.00%

L1-Total-Hits:         691418531   94.35%
L1-Total-Misses:        41426708    5.65%
L1-Total-Accesses:     732845239  100.00%

L2 Cache Stats:
L2-Load-Hits:          39379321   96.97%
L2-Load-Misses:         1228851    3.03%
L2-Load-Accesses:      40608172  100.00%

L2-Store-Hits:            613628   74.97%
L2-Store-Misses:          204908   25.03%
L2-Store-Accesses:        818536  100.00%

L2-Total-Hits:          39992949   96.54%
L2-Total-Misses:         1433759    3.46%
L2-Total-Accesses:      41426708  100.00%

