--------
Total Statistics
--------
Total Instructions: 2172105173
Total Cycles: 7404088032
IPC: 0.293366

--------
Single level Tlb hierarchy
--------
  Data Tlb:
    Entries:          64
    Page Size(B):   4096
    Associativity:      4

Latencies:    0  100
Tlb-Sets:   16 - LRU - assoc:   4

Tlb Stats:
Tlb-Load-Hits:         567190163   94.21%
Tlb-Load-Misses:        34832927    5.79%
Tlb-Load-Accesses:     602023090  100.00%

Tlb-Store-Hits:         130401047   99.68%
Tlb-Store-Misses:          421102    0.32%
Tlb-Store-Accesses:     130822149  100.00%

Tlb-Total-Hits:         697591210   95.19%
Tlb-Total-Misses:        35254029    4.81%
Tlb-Total-Accesses:     732845239  100.00%



--------
Two level Cache hierarchy
--------
  L1-Data Cache:
    Size(KB):          32
    Block Size(B):    128
    Associativity:      4

  L2-Data Cache:
    Size(KB):        1024
    Block Size(B):    128
    Associativity:      8

Latencies:    1   20  200
L1-Sets:   64 - LRU - assoc:   4
L2-Sets: 1024 - LRU - assoc:   8
Store_allocation: Yes
L2_inclusive: Yes
L2_prefetching: No

L1 Cache Stats:
L1-Load-Hits:         568087643   94.36%
L1-Load-Misses:        33935447    5.64%
L1-Load-Accesses:     602023090  100.00%

L1-Store-Hits:         130408440   99.68%
L1-Store-Misses:          413709    0.32%
L1-Store-Accesses:     130822149  100.00%

L1-Total-Hits:         698496083   95.31%
L1-Total-Misses:        34349156    4.69%
L1-Total-Accesses:     732845239  100.00%

L2 Cache Stats:
L2-Load-Hits:          32706599   96.38%
L2-Load-Misses:         1228848    3.62%
L2-Load-Accesses:      33935447  100.00%

L2-Store-Hits:            208799   50.47%
L2-Store-Misses:          204910   49.53%
L2-Store-Accesses:        413709  100.00%

L2-Total-Hits:          32915398   95.83%
L2-Total-Misses:         1433758    4.17%
L2-Total-Accesses:      34349156  100.00%

