--------
Total Statistics
--------
Total Instructions: 2172105173
Total Cycles: 6489256212
IPC: 0.334723

--------
Single level Tlb hierarchy
--------
  Data Tlb:
    Entries:          64
    Page Size(B):   4096
    Associativity:      4

Latencies:    0  100
Tlb-Sets:   16 - LRU - assoc:   4

Tlb Stats:
Tlb-Load-Hits:         567190163   94.21%
Tlb-Load-Misses:        34832927    5.79%
Tlb-Load-Accesses:     602023090  100.00%

Tlb-Store-Hits:         130401047   99.68%
Tlb-Store-Misses:          421102    0.32%
Tlb-Store-Accesses:     130822149  100.00%

Tlb-Total-Hits:         697591210   95.19%
Tlb-Total-Misses:        35254029    4.81%
Tlb-Total-Accesses:     732845239  100.00%



--------
Two level Cache hierarchy
--------
  L1-Data Cache:
    Size(KB):          32
    Block Size(B):     64
    Associativity:      8

  L2-Data Cache:
    Size(KB):        2048
    Block Size(B):    256
    Associativity:      8

Latencies:    1   20  200
L1-Sets:   64 - LRU - assoc:   8
L2-Sets: 1024 - LRU - assoc:   8
Store_allocation: Yes
L2_inclusive: Yes
L2_prefetching: No

L1 Cache Stats:
L1-Load-Hits:         599565316   99.59%
L1-Load-Misses:         2457774    0.41%
L1-Load-Accesses:     602023090  100.00%

L1-Store-Hits:         130406938   99.68%
L1-Store-Misses:          415211    0.32%
L1-Store-Accesses:     130822149  100.00%

L1-Total-Hits:         729972254   99.61%
L1-Total-Misses:         2872985    0.39%
L1-Total-Accesses:     732845239  100.00%

L2 Cache Stats:
L2-Load-Hits:           2451589   99.75%
L2-Load-Misses:            6185    0.25%
L2-Load-Accesses:       2457774  100.00%

L2-Store-Hits:            414180   99.75%
L2-Store-Misses:            1031    0.25%
L2-Store-Accesses:        415211  100.00%

L2-Total-Hits:           2865769   99.75%
L2-Total-Misses:            7216    0.25%
L2-Total-Accesses:       2872985  100.00%

