--------
Total Statistics
--------
Total Instructions: 2172105173
Total Cycles: 7062730112
IPC: 0.307545

--------
Single level Tlb hierarchy
--------
  Data Tlb:
    Entries:          64
    Page Size(B):   4096
    Associativity:      4

Latencies:    0  100
Tlb-Sets:   16 - LRU - assoc:   4

Tlb Stats:
Tlb-Load-Hits:         567190163   94.21%
Tlb-Load-Misses:        34832927    5.79%
Tlb-Load-Accesses:     602023090  100.00%

Tlb-Store-Hits:         130400847   99.68%
Tlb-Store-Misses:          421302    0.32%
Tlb-Store-Accesses:     130822149  100.00%

Tlb-Total-Hits:         697591010   95.19%
Tlb-Total-Misses:        35254229    4.81%
Tlb-Total-Accesses:     732845239  100.00%



--------
Two level Cache hierarchy
--------
  L1-Data Cache:
    Size(KB):          32
    Block Size(B):     64
    Associativity:      8

  L2-Data Cache:
    Size(KB):         512
    Block Size(B):     64
    Associativity:      8

Latencies:    1   20  200
L1-Sets:   64 - LRU - assoc:   8
L2-Sets: 1024 - LRU - assoc:   8
Store_allocation: Yes
L2_inclusive: Yes
L2_prefetching: No

L1 Cache Stats:
L1-Load-Hits:         599559281   99.59%
L1-Load-Misses:         2463809    0.41%
L1-Load-Accesses:     602023090  100.00%

L1-Store-Hits:         130411518   99.69%
L1-Store-Misses:          410631    0.31%
L1-Store-Accesses:     130822149  100.00%

L1-Total-Hits:         729970799   99.61%
L1-Total-Misses:         2874440    0.39%
L1-Total-Accesses:     732845239  100.00%

L2 Cache Stats:
L2-Load-Hits:               100    0.00%
L2-Load-Misses:         2463709  100.00%
L2-Load-Accesses:       2463809  100.00%

L2-Store-Hits:                 0    0.00%
L2-Store-Misses:          410631  100.00%
L2-Store-Accesses:        410631  100.00%

L2-Total-Hits:               100    0.00%
L2-Total-Misses:         2874340  100.00%
L2-Total-Accesses:       2874440  100.00%

