--------
Total Statistics
--------
Total Instructions: 2172105173
Total Cycles: 6809058992
IPC: 0.319002

--------
Single level Tlb hierarchy
--------
  Data Tlb:
    Entries:          64
    Page Size(B):   4096
    Associativity:      4

Latencies:    0  100
Tlb-Sets:   16 - LRU - assoc:   4

Tlb Stats:
Tlb-Load-Hits:         567190163   94.21%
Tlb-Load-Misses:        34832927    5.79%
Tlb-Load-Accesses:     602023090  100.00%

Tlb-Store-Hits:         130400746   99.68%
Tlb-Store-Misses:          421403    0.32%
Tlb-Store-Accesses:     130822149  100.00%

Tlb-Total-Hits:         697590909   95.19%
Tlb-Total-Misses:        35254330    4.81%
Tlb-Total-Accesses:     732845239  100.00%



--------
Two level Cache hierarchy
--------
  L1-Data Cache:
    Size(KB):          32
    Block Size(B):     64
    Associativity:      8

  L2-Data Cache:
    Size(KB):        1024
    Block Size(B):    128
    Associativity:      8

Latencies:    1   20  200
L1-Sets:   64 - LRU - assoc:   8
L2-Sets: 1024 - LRU - assoc:   8
Store_allocation: Yes
L2_inclusive: Yes
L2_prefetching: Yes ( 64)

L1 Cache Stats:
L1-Load-Hits:         598046034   99.34%
L1-Load-Misses:         3977056    0.66%
L1-Load-Accesses:     602023090  100.00%

L1-Store-Hits:         130209026   99.53%
L1-Store-Misses:          613123    0.47%
L1-Store-Accesses:     130822149  100.00%

L1-Total-Hits:         728255060   99.37%
L1-Total-Misses:         4590179    0.63%
L1-Total-Accesses:     732845239  100.00%

L2 Cache Stats:
L2-Load-Hits:           2747605   69.09%
L2-Load-Misses:         1229451   30.91%
L2-Load-Accesses:       3977056  100.00%

L2-Store-Hits:            408214   66.58%
L2-Store-Misses:          204909   33.42%
L2-Store-Accesses:        613123  100.00%

L2-Total-Hits:           3155819   68.75%
L2-Total-Misses:         1434360   31.25%
L2-Total-Accesses:       4590179  100.00%

