--------
Total Statistics
--------
Total Instructions: 2172105173
Total Cycles: 3978927152
IPC: 0.545902

--------
Single level Tlb hierarchy
--------
  Data Tlb:
    Entries:          64
    Page Size(B):   4096
    Associativity:      8

Latencies:    0  100
Tlb-Sets:    8 - LRU - assoc:   8

Tlb Stats:
Tlb-Load-Hits:         595026862   98.84%
Tlb-Load-Misses:         6996228    1.16%
Tlb-Load-Accesses:     602023090  100.00%

Tlb-Store-Hits:         130815646  100.00%
Tlb-Store-Misses:            6503    0.00%
Tlb-Store-Accesses:     130822149  100.00%

Tlb-Total-Hits:         725842508   99.04%
Tlb-Total-Misses:         7002731    0.96%
Tlb-Total-Accesses:     732845239  100.00%



--------
Two level Cache hierarchy
--------
  L1-Data Cache:
    Size(KB):          32
    Block Size(B):     64
    Associativity:      8

  L2-Data Cache:
    Size(KB):        1024
    Block Size(B):    128
    Associativity:      8

Latencies:    1   20  200
L1-Sets:   64 - LRU - assoc:   8
L2-Sets: 1024 - LRU - assoc:   8
Store_allocation: Yes
L2_inclusive: Yes
L2_prefetching: No

L1 Cache Stats:
L1-Load-Hits:         598309625   99.38%
L1-Load-Misses:         3713465    0.62%
L1-Load-Accesses:     602023090  100.00%

L1-Store-Hits:         130190012   99.52%
L1-Store-Misses:          632137    0.48%
L1-Store-Accesses:     130822149  100.00%

L1-Total-Hits:         728499637   99.41%
L1-Total-Misses:         4345602    0.59%
L1-Total-Accesses:     732845239  100.00%

L2 Cache Stats:
L2-Load-Hits:           2484417   66.90%
L2-Load-Misses:         1229048   33.10%
L2-Load-Accesses:       3713465  100.00%

L2-Store-Hits:            427227   67.58%
L2-Store-Misses:          204910   32.42%
L2-Store-Accesses:        632137  100.00%

L2-Total-Hits:           2911644   67.00%
L2-Total-Misses:         1433958   33.00%
L2-Total-Accesses:       4345602  100.00%

