--------
Total Statistics
--------
Total Instructions: 11717761561
Total Cycles: 18380428749
IPC: 0.637513

--------
Single level Tlb hierarchy
--------
  Data Tlb:
    Entries:          64
    Page Size(B):   4096
    Associativity:      4

Latencies:    0  100
Tlb-Sets:   16 - LRU - assoc:   4

Tlb Stats:
Tlb-Load-Hits:        2183534890   99.39%
Tlb-Load-Misses:        13496347    0.61%
Tlb-Load-Accesses:    2197031237  100.00%

Tlb-Store-Hits:         513115101   99.95%
Tlb-Store-Misses:          261050    0.05%
Tlb-Store-Accesses:     513376151  100.00%

Tlb-Total-Hits:        2696649991   99.49%
Tlb-Total-Misses:        13757397    0.51%
Tlb-Total-Accesses:    2710407388  100.00%



--------
Two level Cache hierarchy
--------
  L1-Data Cache:
    Size(KB):          32
    Block Size(B):     64
    Associativity:      8

  L2-Data Cache:
    Size(KB):        1024
    Block Size(B):    128
    Associativity:      8

Latencies:    1   20  200
L1-Sets:   64 - LRU - assoc:   8
L2-Sets: 1024 - LRU - assoc:   8
Store_allocation: Yes
L2_inclusive: Yes
L2_prefetching: No

L1 Cache Stats:
L1-Load-Hits:        2085162386   94.91%
L1-Load-Misses:       111868851    5.09%
L1-Load-Accesses:    2197031237  100.00%

L1-Store-Hits:         507218927   98.80%
L1-Store-Misses:         6157224    1.20%
L1-Store-Accesses:     513376151  100.00%

L1-Total-Hits:        2592381313   95.65%
L1-Total-Misses:       118026075    4.35%
L1-Total-Accesses:    2710407388  100.00%

L2 Cache Stats:
L2-Load-Hits:         111247948   99.44%
L2-Load-Misses:          620903    0.56%
L2-Load-Accesses:     111868851  100.00%

L2-Store-Hits:           5698134   92.54%
L2-Store-Misses:          459090    7.46%
L2-Store-Accesses:       6157224  100.00%

L2-Total-Hits:         116946082   99.08%
L2-Total-Misses:         1079993    0.92%
L2-Total-Accesses:     118026075  100.00%

