--------
Total Statistics
--------
Total Instructions: 11717761561
Total Cycles: 17903964489
IPC: 0.654479

--------
Single level Tlb hierarchy
--------
  Data Tlb:
    Entries:          64
    Page Size(B):   4096
    Associativity:      4

Latencies:    0  100
Tlb-Sets:   16 - LRU - assoc:   4

Tlb Stats:
Tlb-Load-Hits:        2183510635   99.38%
Tlb-Load-Misses:        13520602    0.62%
Tlb-Load-Accesses:    2197031237  100.00%

Tlb-Store-Hits:         513101679   99.95%
Tlb-Store-Misses:          274472    0.05%
Tlb-Store-Accesses:     513376151  100.00%

Tlb-Total-Hits:        2696612314   99.49%
Tlb-Total-Misses:        13795074    0.51%
Tlb-Total-Accesses:    2710407388  100.00%



--------
Two level Cache hierarchy
--------
  L1-Data Cache:
    Size(KB):          32
    Block Size(B):    128
    Associativity:      4

  L2-Data Cache:
    Size(KB):        1024
    Block Size(B):    128
    Associativity:      8

Latencies:    1   20  200
L1-Sets:   64 - LRU - assoc:   4
L2-Sets: 1024 - LRU - assoc:   8
Store_allocation: Yes
L2_inclusive: Yes
L2_prefetching: No

L1 Cache Stats:
L1-Load-Hits:        2106303351   95.87%
L1-Load-Misses:        90727886    4.13%
L1-Load-Accesses:    2197031237  100.00%

L1-Store-Hits:         510097740   99.36%
L1-Store-Misses:         3278411    0.64%
L1-Store-Accesses:     513376151  100.00%

L1-Total-Hits:        2616401091   96.53%
L1-Total-Misses:        94006297    3.47%
L1-Total-Accesses:    2710407388  100.00%

L2 Cache Stats:
L2-Load-Hits:          90106372   99.31%
L2-Load-Misses:          621514    0.69%
L2-Load-Accesses:      90727886  100.00%

L2-Store-Hits:           2819114   85.99%
L2-Store-Misses:          459297   14.01%
L2-Store-Accesses:       3278411  100.00%

L2-Total-Hits:          92925486   98.85%
L2-Total-Misses:         1080811    1.15%
L2-Total-Accesses:      94006297  100.00%

