--------
Total Statistics
--------
Total Instructions: 11717762057
Total Cycles: 18806284485
IPC: 0.623077

--------
Single level Tlb hierarchy
--------
  Data Tlb:
    Entries:          64
    Page Size(B):   4096
    Associativity:      4

Latencies:    0  100
Tlb-Sets:   16 - LRU - assoc:   4

Tlb Stats:
Tlb-Load-Hits:        2183557908   99.39%
Tlb-Load-Misses:        13473329    0.61%
Tlb-Load-Accesses:    2197031237  100.00%

Tlb-Store-Hits:         513193958   99.96%
Tlb-Store-Misses:          182193    0.04%
Tlb-Store-Accesses:     513376151  100.00%

Tlb-Total-Hits:        2696751866   99.50%
Tlb-Total-Misses:        13655522    0.50%
Tlb-Total-Accesses:    2710407388  100.00%



--------
Two level Cache hierarchy
--------
  L1-Data Cache:
    Size(KB):          16
    Block Size(B):     32
    Associativity:      4

  L2-Data Cache:
    Size(KB):        1024
    Block Size(B):    128
    Associativity:      8

Latencies:    1   20  200
L1-Sets:  128 - LRU - assoc:   4
L2-Sets: 1024 - LRU - assoc:   8
Store_allocation: Yes
L2_inclusive: Yes
L2_prefetching: No

L1 Cache Stats:
L1-Load-Hits:        2069235920   94.18%
L1-Load-Misses:       127795317    5.82%
L1-Load-Accesses:    2197031237  100.00%

L1-Store-Hits:         501322246   97.65%
L1-Store-Misses:        12053905    2.35%
L1-Store-Accesses:     513376151  100.00%

L1-Total-Hits:        2570558166   94.84%
L1-Total-Misses:       139849222    5.16%
L1-Total-Accesses:    2710407388  100.00%

L2 Cache Stats:
L2-Load-Hits:         127176558   99.52%
L2-Load-Misses:          618759    0.48%
L2-Load-Accesses:     127795317  100.00%

L2-Store-Hits:          11594772   96.19%
L2-Store-Misses:          459133    3.81%
L2-Store-Accesses:      12053905  100.00%

L2-Total-Hits:         138771330   99.23%
L2-Total-Misses:         1077892    0.77%
L2-Total-Accesses:     139849222  100.00%

