--------
Total Statistics
--------
Total Instructions: 11717761561
Total Cycles: 16809814989
IPC: 0.697079

--------
Single level Tlb hierarchy
--------
  Data Tlb:
    Entries:          64
    Page Size(B):   4096
    Associativity:      4

Latencies:    0  100
Tlb-Sets:   16 - LRU - assoc:   4

Tlb Stats:
Tlb-Load-Hits:        2183494994   99.38%
Tlb-Load-Misses:        13536243    0.62%
Tlb-Load-Accesses:    2197031237  100.00%

Tlb-Store-Hits:         513195903   99.96%
Tlb-Store-Misses:          180248    0.04%
Tlb-Store-Accesses:     513376151  100.00%

Tlb-Total-Hits:        2696690897   99.49%
Tlb-Total-Misses:        13716491    0.51%
Tlb-Total-Accesses:    2710407388  100.00%



--------
Two level Cache hierarchy
--------
  L1-Data Cache:
    Size(KB):         128
    Block Size(B):     64
    Associativity:      8

  L2-Data Cache:
    Size(KB):        1024
    Block Size(B):    128
    Associativity:      8

Latencies:    1   20  200
L1-Sets:  256 - LRU - assoc:   8
L2-Sets: 1024 - LRU - assoc:   8
Store_allocation: Yes
L2_inclusive: Yes
L2_prefetching: No

L1 Cache Stats:
L1-Load-Hits:        2159955811   98.31%
L1-Load-Misses:        37075426    1.69%
L1-Load-Accesses:    2197031237  100.00%

L1-Store-Hits:         510756690   99.49%
L1-Store-Misses:         2619461    0.51%
L1-Store-Accesses:     513376151  100.00%

L1-Total-Hits:        2670712501   98.54%
L1-Total-Misses:        39694887    1.46%
L1-Total-Accesses:    2710407388  100.00%

L2 Cache Stats:
L2-Load-Hits:          36454294   98.32%
L2-Load-Misses:          621132    1.68%
L2-Load-Accesses:      37075426  100.00%

L2-Store-Hits:           2160097   82.46%
L2-Store-Misses:          459364   17.54%
L2-Store-Accesses:       2619461  100.00%

L2-Total-Hits:          38614391   97.28%
L2-Total-Misses:         1080496    2.72%
L2-Total-Accesses:      39694887  100.00%

