--------
Total Statistics
--------
Total Instructions: 11717761065
Total Cycles: 18208385473
IPC: 0.643537

--------
Single level Tlb hierarchy
--------
  Data Tlb:
    Entries:          64
    Page Size(B):   4096
    Associativity:      4

Latencies:    0  100
Tlb-Sets:   16 - LRU - assoc:   4

Tlb Stats:
Tlb-Load-Hits:        2183580332   99.39%
Tlb-Load-Misses:        13450905    0.61%
Tlb-Load-Accesses:    2197031237  100.00%

Tlb-Store-Hits:         513196130   99.96%
Tlb-Store-Misses:          180021    0.04%
Tlb-Store-Accesses:     513376151  100.00%

Tlb-Total-Hits:        2696776462   99.50%
Tlb-Total-Misses:        13630926    0.50%
Tlb-Total-Accesses:    2710407388  100.00%



--------
Two level Cache hierarchy
--------
  L1-Data Cache:
    Size(KB):          32
    Block Size(B):     64
    Associativity:      8

  L2-Data Cache:
    Size(KB):        2048
    Block Size(B):    256
    Associativity:      8

Latencies:    1   20  200
L1-Sets:   64 - LRU - assoc:   8
L2-Sets: 1024 - LRU - assoc:   8
Store_allocation: Yes
L2_inclusive: Yes
L2_prefetching: No

L1 Cache Stats:
L1-Load-Hits:        2085242260   94.91%
L1-Load-Misses:       111788977    5.09%
L1-Load-Accesses:    2197031237  100.00%

L1-Store-Hits:         507323407   98.82%
L1-Store-Misses:         6052744    1.18%
L1-Store-Accesses:     513376151  100.00%

L1-Total-Hits:        2592565667   95.65%
L1-Total-Misses:       117841721    4.35%
L1-Total-Accesses:    2710407388  100.00%

L2 Cache Stats:
L2-Load-Hits:         111592923   99.82%
L2-Load-Misses:          196054    0.18%
L2-Load-Accesses:     111788977  100.00%

L2-Store-Hits:           5947348   98.26%
L2-Store-Misses:          105396    1.74%
L2-Store-Accesses:       6052744  100.00%

L2-Total-Hits:         117540271   99.74%
L2-Total-Misses:          301450    0.26%
L2-Total-Accesses:     117841721  100.00%

