--------
Total Statistics
--------
Total Instructions: 11717761065
Total Cycles: 18390035953
IPC: 0.63718

--------
Single level Tlb hierarchy
--------
  Data Tlb:
    Entries:          64
    Page Size(B):   4096
    Associativity:      4

Latencies:    0  100
Tlb-Sets:   16 - LRU - assoc:   4

Tlb Stats:
Tlb-Load-Hits:        2183517560   99.38%
Tlb-Load-Misses:        13513677    0.62%
Tlb-Load-Accesses:    2197031237  100.00%

Tlb-Store-Hits:         513116294   99.95%
Tlb-Store-Misses:          259857    0.05%
Tlb-Store-Accesses:     513376151  100.00%

Tlb-Total-Hits:        2696633854   99.49%
Tlb-Total-Misses:        13773534    0.51%
Tlb-Total-Accesses:    2710407388  100.00%



--------
Two level Cache hierarchy
--------
  L1-Data Cache:
    Size(KB):          32
    Block Size(B):     64
    Associativity:      8

  L2-Data Cache:
    Size(KB):        1024
    Block Size(B):    128
    Associativity:      8

Latencies:    1   20  200
L1-Sets:   64 - LRU - assoc:   8
L2-Sets: 1024 - LRU - assoc:   8
Store_allocation: Yes
L2_inclusive: Yes
L2_prefetching: No

L1 Cache Stats:
L1-Load-Hits:        2085017449   94.90%
L1-Load-Misses:       112013788    5.10%
L1-Load-Accesses:    2197031237  100.00%

L1-Store-Hits:         506962044   98.75%
L1-Store-Misses:         6414107    1.25%
L1-Store-Accesses:     513376151  100.00%

L1-Total-Hits:        2591979493   95.63%
L1-Total-Misses:       118427895    4.37%
L1-Total-Accesses:    2710407388  100.00%

L2 Cache Stats:
L2-Load-Hits:         111393308   99.45%
L2-Load-Misses:          620480    0.55%
L2-Load-Accesses:     112013788  100.00%

L2-Store-Hits:           5954806   92.84%
L2-Store-Misses:          459301    7.16%
L2-Store-Accesses:       6414107  100.00%

L2-Total-Hits:         117348114   99.09%
L2-Total-Misses:         1079781    0.91%
L2-Total-Accesses:     118427895  100.00%

