--------
Total Statistics
--------
Total Instructions: 11717762057
Total Cycles: 18369740065
IPC: 0.637884

--------
Single level Tlb hierarchy
--------
  Data Tlb:
    Entries:          64
    Page Size(B):   4096
    Associativity:     64

Latencies:    0  100
Tlb-Sets:    1 - LRU - assoc:  64

Tlb Stats:
Tlb-Load-Hits:        2183604095   99.39%
Tlb-Load-Misses:        13427142    0.61%
Tlb-Load-Accesses:    2197031237  100.00%

Tlb-Store-Hits:         513196120   99.96%
Tlb-Store-Misses:          180031    0.04%
Tlb-Store-Accesses:     513376151  100.00%

Tlb-Total-Hits:        2696800215   99.50%
Tlb-Total-Misses:        13607173    0.50%
Tlb-Total-Accesses:    2710407388  100.00%



--------
Two level Cache hierarchy
--------
  L1-Data Cache:
    Size(KB):          32
    Block Size(B):     64
    Associativity:      8

  L2-Data Cache:
    Size(KB):        1024
    Block Size(B):    128
    Associativity:      8

Latencies:    1   20  200
L1-Sets:   64 - LRU - assoc:   8
L2-Sets: 1024 - LRU - assoc:   8
Store_allocation: Yes
L2_inclusive: Yes
L2_prefetching: No

L1 Cache Stats:
L1-Load-Hits:        2085214267   94.91%
L1-Load-Misses:       111816970    5.09%
L1-Load-Accesses:    2197031237  100.00%

L1-Store-Hits:         506962805   98.75%
L1-Store-Misses:         6413346    1.25%
L1-Store-Accesses:     513376151  100.00%

L1-Total-Hits:        2592177072   95.64%
L1-Total-Misses:       118230316    4.36%
L1-Total-Accesses:    2710407388  100.00%

L2 Cache Stats:
L2-Load-Hits:         111194936   99.44%
L2-Load-Misses:          622034    0.56%
L2-Load-Accesses:     111816970  100.00%

L2-Store-Hits:           5954145   92.84%
L2-Store-Misses:          459201    7.16%
L2-Store-Accesses:       6413346  100.00%

L2-Total-Hits:         117149081   99.09%
L2-Total-Misses:         1081235    0.91%
L2-Total-Accesses:     118230316  100.00%

