--------
Total Statistics
--------
Total Instructions: 11717762057
Total Cycles: 18165613105
IPC: 0.645052

--------
Single level Tlb hierarchy
--------
  Data Tlb:
    Entries:         128
    Page Size(B):   4096
    Associativity:      4

Latencies:    0  100
Tlb-Sets:   32 - LRU - assoc:   4

Tlb Stats:
Tlb-Load-Hits:        2185659126   99.48%
Tlb-Load-Misses:        11372111    0.52%
Tlb-Load-Accesses:    2197031237  100.00%

Tlb-Store-Hits:         513123401   99.95%
Tlb-Store-Misses:          252750    0.05%
Tlb-Store-Accesses:     513376151  100.00%

Tlb-Total-Hits:        2698782527   99.57%
Tlb-Total-Misses:        11624861    0.43%
Tlb-Total-Accesses:    2710407388  100.00%



--------
Two level Cache hierarchy
--------
  L1-Data Cache:
    Size(KB):          32
    Block Size(B):     64
    Associativity:      8

  L2-Data Cache:
    Size(KB):        1024
    Block Size(B):    128
    Associativity:      8

Latencies:    1   20  200
L1-Sets:   64 - LRU - assoc:   8
L2-Sets: 1024 - LRU - assoc:   8
Store_allocation: Yes
L2_inclusive: Yes
L2_prefetching: No

L1 Cache Stats:
L1-Load-Hits:        2085266432   94.91%
L1-Load-Misses:       111764805    5.09%
L1-Load-Accesses:    2197031237  100.00%

L1-Store-Hits:         507205738   98.80%
L1-Store-Misses:         6170413    1.20%
L1-Store-Accesses:     513376151  100.00%

L1-Total-Hits:        2592472170   95.65%
L1-Total-Misses:       117935218    4.35%
L1-Total-Accesses:    2710407388  100.00%

L2 Cache Stats:
L2-Load-Hits:         111142797   99.44%
L2-Load-Misses:          622008    0.56%
L2-Load-Accesses:     111764805  100.00%

L2-Store-Hits:           5711155   92.56%
L2-Store-Misses:          459258    7.44%
L2-Store-Accesses:       6170413  100.00%

L2-Total-Hits:         116853952   99.08%
L2-Total-Misses:         1081266    0.92%
L2-Total-Accesses:     117935218  100.00%

