--------
Total Statistics
--------
Total Instructions: 11717762057
Total Cycles: 18521712365
IPC: 0.63265

--------
Single level Tlb hierarchy
--------
  Data Tlb:
    Entries:          64
    Page Size(B):   4096
    Associativity:      4

Latencies:    0  100
Tlb-Sets:   16 - LRU - assoc:   4

Tlb Stats:
Tlb-Load-Hits:        2183244170   99.37%
Tlb-Load-Misses:        13787067    0.63%
Tlb-Load-Accesses:    2197031237  100.00%

Tlb-Store-Hits:         513192314   99.96%
Tlb-Store-Misses:          183837    0.04%
Tlb-Store-Accesses:     513376151  100.00%

Tlb-Total-Hits:        2696436484   99.48%
Tlb-Total-Misses:        13970904    0.52%
Tlb-Total-Accesses:    2710407388  100.00%



--------
Two level Cache hierarchy
--------
  L1-Data Cache:
    Size(KB):          32
    Block Size(B):     64
    Associativity:      8

  L2-Data Cache:
    Size(KB):         512
    Block Size(B):    256
    Associativity:      8

Latencies:    1   20  200
L1-Sets:   64 - LRU - assoc:   8
L2-Sets:  256 - LRU - assoc:   8
Store_allocation: Yes
L2_inclusive: Yes
L2_prefetching: No

L1 Cache Stats:
L1-Load-Hits:        2084997340   94.90%
L1-Load-Misses:       112033897    5.10%
L1-Load-Accesses:    2197031237  100.00%

L1-Store-Hits:         507160722   98.79%
L1-Store-Misses:         6215429    1.21%
L1-Store-Accesses:     513376151  100.00%

L1-Total-Hits:        2592158062   95.64%
L1-Total-Misses:       118249326    4.36%
L1-Total-Accesses:    2710407388  100.00%

L2 Cache Stats:
L2-Load-Hits:         110695243   98.81%
L2-Load-Misses:         1338654    1.19%
L2-Load-Accesses:     112033897  100.00%

L2-Store-Hits:           5896753   94.87%
L2-Store-Misses:          318676    5.13%
L2-Store-Accesses:       6215429  100.00%

L2-Total-Hits:         116591996   98.60%
L2-Total-Misses:         1657330    1.40%
L2-Total-Accesses:     118249326  100.00%

