--------
Total Statistics
--------
Total Instructions: 11717761561
Total Cycles: 18376240249
IPC: 0.637658

--------
Single level Tlb hierarchy
--------
  Data Tlb:
    Entries:          64
    Page Size(B):   4096
    Associativity:      4

Latencies:    0  100
Tlb-Sets:   16 - LRU - assoc:   4

Tlb Stats:
Tlb-Load-Hits:        2183512336   99.38%
Tlb-Load-Misses:        13518901    0.62%
Tlb-Load-Accesses:    2197031237  100.00%

Tlb-Store-Hits:         513196234   99.96%
Tlb-Store-Misses:          179917    0.04%
Tlb-Store-Accesses:     513376151  100.00%

Tlb-Total-Hits:        2696708570   99.49%
Tlb-Total-Misses:        13698818    0.51%
Tlb-Total-Accesses:    2710407388  100.00%



--------
Two level Cache hierarchy
--------
  L1-Data Cache:
    Size(KB):          32
    Block Size(B):     64
    Associativity:      8

  L2-Data Cache:
    Size(KB):        1024
    Block Size(B):    128
    Associativity:      8

Latencies:    1   20  200
L1-Sets:   64 - LRU - assoc:   8
L2-Sets: 1024 - LRU - assoc:   8
Store_allocation: Yes
L2_inclusive: Yes
L2_prefetching: No

L1 Cache Stats:
L1-Load-Hits:        2085201605   94.91%
L1-Load-Misses:       111829632    5.09%
L1-Load-Accesses:    2197031237  100.00%

L1-Store-Hits:         507102898   98.78%
L1-Store-Misses:         6273253    1.22%
L1-Store-Accesses:     513376151  100.00%

L1-Total-Hits:        2592304503   95.64%
L1-Total-Misses:       118102885    4.36%
L1-Total-Accesses:    2710407388  100.00%

L2 Cache Stats:
L2-Load-Hits:         111208109   99.44%
L2-Load-Misses:          621523    0.56%
L2-Load-Accesses:     111829632  100.00%

L2-Store-Hits:           5814117   92.68%
L2-Store-Misses:          459136    7.32%
L2-Store-Accesses:       6273253  100.00%

L2-Total-Hits:         117022226   99.08%
L2-Total-Misses:         1080659    0.92%
L2-Total-Accesses:     118102885  100.00%

