--------
Total Statistics
--------
Total Instructions: 11717761561
Total Cycles: 17074445309
IPC: 0.686275

--------
Single level Tlb hierarchy
--------
  Data Tlb:
    Entries:         256
    Page Size(B):   4096
    Associativity:      4

Latencies:    0  100
Tlb-Sets:   64 - LRU - assoc:   4

Tlb Stats:
Tlb-Load-Hits:        2196463393   99.97%
Tlb-Load-Misses:          567844    0.03%
Tlb-Load-Accesses:    2197031237  100.00%

Tlb-Store-Hits:         513243035   99.97%
Tlb-Store-Misses:          133116    0.03%
Tlb-Store-Accesses:     513376151  100.00%

Tlb-Total-Hits:        2709706428   99.97%
Tlb-Total-Misses:          700960    0.03%
Tlb-Total-Accesses:    2710407388  100.00%



--------
Two level Cache hierarchy
--------
  L1-Data Cache:
    Size(KB):          32
    Block Size(B):     64
    Associativity:      8

  L2-Data Cache:
    Size(KB):        1024
    Block Size(B):    128
    Associativity:      8

Latencies:    1   20  200
L1-Sets:   64 - LRU - assoc:   8
L2-Sets: 1024 - LRU - assoc:   8
Store_allocation: Yes
L2_inclusive: Yes
L2_prefetching: No

L1 Cache Stats:
L1-Load-Hits:        2085199747   94.91%
L1-Load-Misses:       111831490    5.09%
L1-Load-Accesses:    2197031237  100.00%

L1-Store-Hits:         507199573   98.80%
L1-Store-Misses:         6176578    1.20%
L1-Store-Accesses:     513376151  100.00%

L1-Total-Hits:        2592399320   95.65%
L1-Total-Misses:       118008068    4.35%
L1-Total-Accesses:    2710407388  100.00%

L2 Cache Stats:
L2-Load-Hits:         111210507   99.44%
L2-Load-Misses:          620983    0.56%
L2-Load-Accesses:     111831490  100.00%

L2-Store-Hits:           5717466   92.57%
L2-Store-Misses:          459112    7.43%
L2-Store-Accesses:       6176578  100.00%

L2-Total-Hits:         116927973   99.08%
L2-Total-Misses:         1080095    0.92%
L2-Total-Accesses:     118008068  100.00%

