--------
Total Statistics
--------
Total Instructions: 11717761561
Total Cycles: 18488179969
IPC: 0.633797

--------
Single level Tlb hierarchy
--------
  Data Tlb:
    Entries:          64
    Page Size(B):   4096
    Associativity:      4

Latencies:    0  100
Tlb-Sets:   16 - LRU - assoc:   4

Tlb Stats:
Tlb-Load-Hits:        2183579849   99.39%
Tlb-Load-Misses:        13451388    0.61%
Tlb-Load-Accesses:    2197031237  100.00%

Tlb-Store-Hits:         513108507   99.95%
Tlb-Store-Misses:          267644    0.05%
Tlb-Store-Accesses:     513376151  100.00%

Tlb-Total-Hits:        2696688356   99.49%
Tlb-Total-Misses:        13719032    0.51%
Tlb-Total-Accesses:    2710407388  100.00%



--------
Two level Cache hierarchy
--------
  L1-Data Cache:
    Size(KB):          32
    Block Size(B):     64
    Associativity:      8

  L2-Data Cache:
    Size(KB):         512
    Block Size(B):    128
    Associativity:      8

Latencies:    1   20  200
L1-Sets:   64 - LRU - assoc:   8
L2-Sets:  512 - LRU - assoc:   8
Store_allocation: Yes
L2_inclusive: Yes
L2_prefetching: No

L1 Cache Stats:
L1-Load-Hits:        2084814462   94.89%
L1-Load-Misses:       112216775    5.11%
L1-Load-Accesses:    2197031237  100.00%

L1-Store-Hits:         507008205   98.76%
L1-Store-Misses:         6367946    1.24%
L1-Store-Accesses:     513376151  100.00%

L1-Total-Hits:        2591822667   95.62%
L1-Total-Misses:       118584721    4.38%
L1-Total-Accesses:    2710407388  100.00%

L2 Cache Stats:
L2-Load-Hits:         111275258   99.16%
L2-Load-Misses:          941517    0.84%
L2-Load-Accesses:     112216775  100.00%

L2-Store-Hits:           5727396   89.94%
L2-Store-Misses:          640550   10.06%
L2-Store-Accesses:       6367946  100.00%

L2-Total-Hits:         117002654   98.67%
L2-Total-Misses:         1582067    1.33%
L2-Total-Accesses:     118584721  100.00%

