--------
Total Statistics
--------
Total Instructions: 11717762057
Total Cycles: 18265623685
IPC: 0.64152

--------
Single level Tlb hierarchy
--------
  Data Tlb:
    Entries:          64
    Page Size(B):   4096
    Associativity:      4

Latencies:    0  100
Tlb-Sets:   16 - LRU - assoc:   4

Tlb Stats:
Tlb-Load-Hits:        2183544695   99.39%
Tlb-Load-Misses:        13486542    0.61%
Tlb-Load-Accesses:    2197031237  100.00%

Tlb-Store-Hits:         513116107   99.95%
Tlb-Store-Misses:          260044    0.05%
Tlb-Store-Accesses:     513376151  100.00%

Tlb-Total-Hits:        2696660802   99.49%
Tlb-Total-Misses:        13746586    0.51%
Tlb-Total-Accesses:    2710407388  100.00%



--------
Two level Cache hierarchy
--------
  L1-Data Cache:
    Size(KB):          32
    Block Size(B):     64
    Associativity:      8

  L2-Data Cache:
    Size(KB):        1024
    Block Size(B):    256
    Associativity:      8

Latencies:    1   20  200
L1-Sets:   64 - LRU - assoc:   8
L2-Sets:  512 - LRU - assoc:   8
Store_allocation: Yes
L2_inclusive: Yes
L2_prefetching: No

L1 Cache Stats:
L1-Load-Hits:        2085408445   94.92%
L1-Load-Misses:       111622792    5.08%
L1-Load-Accesses:    2197031237  100.00%

L1-Store-Hits:         507571581   98.87%
L1-Store-Misses:         5804570    1.13%
L1-Store-Accesses:     513376151  100.00%

L1-Total-Hits:        2592980026   95.67%
L1-Total-Misses:       117427362    4.33%
L1-Total-Accesses:    2710407388  100.00%

L2 Cache Stats:
L2-Load-Hits:         111281928   99.69%
L2-Load-Misses:          340864    0.31%
L2-Load-Accesses:     111622792  100.00%

L2-Store-Hits:           5574192   96.03%
L2-Store-Misses:          230378    3.97%
L2-Store-Accesses:       5804570  100.00%

L2-Total-Hits:         116856120   99.51%
L2-Total-Misses:          571242    0.49%
L2-Total-Accesses:     117427362  100.00%

