--------
Total Statistics
--------
Total Instructions: 11717762057
Total Cycles: 18508859945
IPC: 0.633089

--------
Single level Tlb hierarchy
--------
  Data Tlb:
    Entries:          64
    Page Size(B):   4096
    Associativity:      4

Latencies:    0  100
Tlb-Sets:   16 - LRU - assoc:   4

Tlb Stats:
Tlb-Load-Hits:        2183589573   99.39%
Tlb-Load-Misses:        13441664    0.61%
Tlb-Load-Accesses:    2197031237  100.00%

Tlb-Store-Hits:         513196150   99.96%
Tlb-Store-Misses:          180001    0.04%
Tlb-Store-Accesses:     513376151  100.00%

Tlb-Total-Hits:        2696785723   99.50%
Tlb-Total-Misses:        13621665    0.50%
Tlb-Total-Accesses:    2710407388  100.00%



--------
Two level Cache hierarchy
--------
  L1-Data Cache:
    Size(KB):          32
    Block Size(B):     32
    Associativity:      4

  L2-Data Cache:
    Size(KB):        1024
    Block Size(B):    128
    Associativity:      8

Latencies:    1   20  200
L1-Sets:  256 - LRU - assoc:   4
L2-Sets: 1024 - LRU - assoc:   8
Store_allocation: Yes
L2_inclusive: Yes
L2_prefetching: No

L1 Cache Stats:
L1-Load-Hits:        2081539695   94.74%
L1-Load-Misses:       115491542    5.26%
L1-Load-Accesses:    2197031237  100.00%

L1-Store-Hits:         503729903   98.12%
L1-Store-Misses:         9646248    1.88%
L1-Store-Accesses:     513376151  100.00%

L1-Total-Hits:        2585269598   95.38%
L1-Total-Misses:       125137790    4.62%
L1-Total-Accesses:    2710407388  100.00%

L2 Cache Stats:
L2-Load-Hits:         114871968   99.46%
L2-Load-Misses:          619574    0.54%
L2-Load-Accesses:     115491542  100.00%

L2-Store-Hits:           9186981   95.24%
L2-Store-Misses:          459267    4.76%
L2-Store-Accesses:       9646248  100.00%

L2-Total-Hits:         124058949   99.14%
L2-Total-Misses:         1078841    0.86%
L2-Total-Accesses:     125137790  100.00%

