--------
Total Statistics
--------
Total Instructions: 11717761561
Total Cycles: 18635192489
IPC: 0.628797

--------
Single level Tlb hierarchy
--------
  Data Tlb:
    Entries:          32
    Page Size(B):   4096
    Associativity:      4

Latencies:    0  100
Tlb-Sets:    8 - LRU - assoc:   4

Tlb Stats:
Tlb-Load-Hits:        2180978773   99.27%
Tlb-Load-Misses:        16052464    0.73%
Tlb-Load-Accesses:    2197031237  100.00%

Tlb-Store-Hits:         513087432   99.94%
Tlb-Store-Misses:          288719    0.06%
Tlb-Store-Accesses:     513376151  100.00%

Tlb-Total-Hits:        2694066205   99.40%
Tlb-Total-Misses:        16341183    0.60%
Tlb-Total-Accesses:    2710407388  100.00%



--------
Two level Cache hierarchy
--------
  L1-Data Cache:
    Size(KB):          32
    Block Size(B):     64
    Associativity:      8

  L2-Data Cache:
    Size(KB):        1024
    Block Size(B):    128
    Associativity:      8

Latencies:    1   20  200
L1-Sets:   64 - LRU - assoc:   8
L2-Sets: 1024 - LRU - assoc:   8
Store_allocation: Yes
L2_inclusive: Yes
L2_prefetching: No

L1 Cache Stats:
L1-Load-Hits:        2085222649   94.91%
L1-Load-Misses:       111808588    5.09%
L1-Load-Accesses:    2197031237  100.00%

L1-Store-Hits:         507339957   98.82%
L1-Store-Misses:         6036194    1.18%
L1-Store-Accesses:     513376151  100.00%

L1-Total-Hits:        2592562606   95.65%
L1-Total-Misses:       117844782    4.35%
L1-Total-Accesses:    2710407388  100.00%

L2 Cache Stats:
L2-Load-Hits:         111187931   99.44%
L2-Load-Misses:          620657    0.56%
L2-Load-Accesses:     111808588  100.00%

L2-Store-Hits:           5576803   92.39%
L2-Store-Misses:          459391    7.61%
L2-Store-Accesses:       6036194  100.00%

L2-Total-Hits:         116764734   99.08%
L2-Total-Misses:         1080048    0.92%
L2-Total-Accesses:     117844782  100.00%

