--------
Total Statistics
--------
Total Instructions: 11717761561
Total Cycles: 17847878589
IPC: 0.656535

--------
Single level Tlb hierarchy
--------
  Data Tlb:
    Entries:          64
    Page Size(B):   4096
    Associativity:      4

Latencies:    0  100
Tlb-Sets:   16 - LRU - assoc:   4

Tlb Stats:
Tlb-Load-Hits:        2183578755   99.39%
Tlb-Load-Misses:        13452482    0.61%
Tlb-Load-Accesses:    2197031237  100.00%

Tlb-Store-Hits:         513196203   99.96%
Tlb-Store-Misses:          179948    0.04%
Tlb-Store-Accesses:     513376151  100.00%

Tlb-Total-Hits:        2696774958   99.50%
Tlb-Total-Misses:        13632430    0.50%
Tlb-Total-Accesses:    2710407388  100.00%



--------
Two level Cache hierarchy
--------
  L1-Data Cache:
    Size(KB):          64
    Block Size(B):    128
    Associativity:      4

  L2-Data Cache:
    Size(KB):        1024
    Block Size(B):    128
    Associativity:      8

Latencies:    1   20  200
L1-Sets:  128 - LRU - assoc:   4
L2-Sets: 1024 - LRU - assoc:   8
Store_allocation: Yes
L2_inclusive: Yes
L2_prefetching: No

L1 Cache Stats:
L1-Load-Hits:        2107844998   95.94%
L1-Load-Misses:        89186239    4.06%
L1-Load-Accesses:    2197031237  100.00%

L1-Store-Hits:         510568918   99.45%
L1-Store-Misses:         2807233    0.55%
L1-Store-Accesses:     513376151  100.00%

L1-Total-Hits:        2618413916   96.61%
L1-Total-Misses:        91993472    3.39%
L1-Total-Accesses:    2710407388  100.00%

L2 Cache Stats:
L2-Load-Hits:          88562696   99.30%
L2-Load-Misses:          623543    0.70%
L2-Load-Accesses:      89186239  100.00%

L2-Store-Hits:           2347790   83.63%
L2-Store-Misses:          459443   16.37%
L2-Store-Accesses:       2807233  100.00%

L2-Total-Hits:          90910486   98.82%
L2-Total-Misses:         1082986    1.18%
L2-Total-Accesses:      91993472  100.00%

