--------
Total Statistics
--------
Total Instructions: 11717761561
Total Cycles: 18749884789
IPC: 0.624951

--------
Single level Tlb hierarchy
--------
  Data Tlb:
    Entries:          64
    Page Size(B):   4096
    Associativity:      4

Latencies:    0  100
Tlb-Sets:   16 - LRU - assoc:   4

Tlb Stats:
Tlb-Load-Hits:        2183599781   99.39%
Tlb-Load-Misses:        13431456    0.61%
Tlb-Load-Accesses:    2197031237  100.00%

Tlb-Store-Hits:         513195782   99.96%
Tlb-Store-Misses:          180369    0.04%
Tlb-Store-Accesses:     513376151  100.00%

Tlb-Total-Hits:        2696795563   99.50%
Tlb-Total-Misses:        13611825    0.50%
Tlb-Total-Accesses:    2710407388  100.00%



--------
Two level Cache hierarchy
--------
  L1-Data Cache:
    Size(KB):          32
    Block Size(B):     64
    Associativity:      8

  L2-Data Cache:
    Size(KB):         512
    Block Size(B):     64
    Associativity:      8

Latencies:    1   20  200
L1-Sets:   64 - LRU - assoc:   8
L2-Sets: 1024 - LRU - assoc:   8
Store_allocation: Yes
L2_inclusive: Yes
L2_prefetching: No

L1 Cache Stats:
L1-Load-Hits:        2085544436   94.93%
L1-Load-Misses:       111486801    5.07%
L1-Load-Accesses:    2197031237  100.00%

L1-Store-Hits:         507726795   98.90%
L1-Store-Misses:         5649356    1.10%
L1-Store-Accesses:     513376151  100.00%

L1-Total-Hits:        2593271231   95.68%
L1-Total-Misses:       117136157    4.32%
L1-Total-Accesses:    2710407388  100.00%

L2 Cache Stats:
L2-Load-Hits:         109682812   98.38%
L2-Load-Misses:         1803989    1.62%
L2-Load-Accesses:     111486801  100.00%

L2-Store-Hits:           4364294   77.25%
L2-Store-Misses:         1285062   22.75%
L2-Store-Accesses:       5649356  100.00%

L2-Total-Hits:         114047106   97.36%
L2-Total-Misses:         3089051    2.64%
L2-Total-Accesses:     117136157  100.00%

