--------
Total Statistics
--------
Total Instructions: 11717761561
Total Cycles: 18051443089
IPC: 0.649132

--------
Single level Tlb hierarchy
--------
  Data Tlb:
    Entries:          64
    Page Size(B):   4096
    Associativity:      4

Latencies:    0  100
Tlb-Sets:   16 - LRU - assoc:   4

Tlb Stats:
Tlb-Load-Hits:        2183575282   99.39%
Tlb-Load-Misses:        13455955    0.61%
Tlb-Load-Accesses:    2197031237  100.00%

Tlb-Store-Hits:         513195906   99.96%
Tlb-Store-Misses:          180245    0.04%
Tlb-Store-Accesses:     513376151  100.00%

Tlb-Total-Hits:        2696771188   99.50%
Tlb-Total-Misses:        13636200    0.50%
Tlb-Total-Accesses:    2710407388  100.00%



--------
Two level Cache hierarchy
--------
  L1-Data Cache:
    Size(KB):          64
    Block Size(B):     64
    Associativity:      4

  L2-Data Cache:
    Size(KB):        1024
    Block Size(B):    128
    Associativity:      8

Latencies:    1   20  200
L1-Sets:  256 - LRU - assoc:   4
L2-Sets: 1024 - LRU - assoc:   8
Store_allocation: Yes
L2_inclusive: Yes
L2_prefetching: No

L1 Cache Stats:
L1-Load-Hits:        2100283036   95.60%
L1-Load-Misses:        96748201    4.40%
L1-Load-Accesses:    2197031237  100.00%

L1-Store-Hits:         507942945   98.94%
L1-Store-Misses:         5433206    1.06%
L1-Store-Accesses:     513376151  100.00%

L1-Total-Hits:        2608225981   96.23%
L1-Total-Misses:       102181407    3.77%
L1-Total-Accesses:    2710407388  100.00%

L2 Cache Stats:
L2-Load-Hits:          96127359   99.36%
L2-Load-Misses:          620842    0.64%
L2-Load-Accesses:      96748201  100.00%

L2-Store-Hits:           4973918   91.55%
L2-Store-Misses:          459288    8.45%
L2-Store-Accesses:       5433206  100.00%

L2-Total-Hits:         101101277   98.94%
L2-Total-Misses:         1080130    1.06%
L2-Total-Accesses:     102181407  100.00%

