--------
Total Statistics
--------
Total Instructions: 11717762057
Total Cycles: 17991211325
IPC: 0.651305

--------
Single level Tlb hierarchy
--------
  Data Tlb:
    Entries:          64
    Page Size(B):   4096
    Associativity:      4

Latencies:    0  100
Tlb-Sets:   16 - LRU - assoc:   4

Tlb Stats:
Tlb-Load-Hits:        2183492794   99.38%
Tlb-Load-Misses:        13538443    0.62%
Tlb-Load-Accesses:    2197031237  100.00%

Tlb-Store-Hits:         513196214   99.96%
Tlb-Store-Misses:          179937    0.04%
Tlb-Store-Accesses:     513376151  100.00%

Tlb-Total-Hits:        2696689008   99.49%
Tlb-Total-Misses:        13718380    0.51%
Tlb-Total-Accesses:    2710407388  100.00%



--------
Two level Cache hierarchy
--------
  L1-Data Cache:
    Size(KB):          16
    Block Size(B):    128
    Associativity:      4

  L2-Data Cache:
    Size(KB):        1024
    Block Size(B):    128
    Associativity:      8

Latencies:    1   20  200
L1-Sets:   32 - LRU - assoc:   4
L2-Sets: 1024 - LRU - assoc:   8
Store_allocation: Yes
L2_inclusive: Yes
L2_prefetching: No

L1 Cache Stats:
L1-Load-Hits:        2101758680   95.66%
L1-Load-Misses:        95272557    4.34%
L1-Load-Accesses:    2197031237  100.00%

L1-Store-Hits:         509879364   99.32%
L1-Store-Misses:         3496787    0.68%
L1-Store-Accesses:     513376151  100.00%

L1-Total-Hits:        2611638044   96.36%
L1-Total-Misses:        98769344    3.64%
L1-Total-Accesses:    2710407388  100.00%

L2 Cache Stats:
L2-Load-Hits:          94652834   99.35%
L2-Load-Misses:          619723    0.65%
L2-Load-Accesses:      95272557  100.00%

L2-Store-Hits:           3037425   86.86%
L2-Store-Misses:          459362   13.14%
L2-Store-Accesses:       3496787  100.00%

L2-Total-Hits:          97690259   98.91%
L2-Total-Misses:         1079085    1.09%
L2-Total-Accesses:      98769344  100.00%

