--------
Total Statistics
--------
Total Instructions: 11717761561
Total Cycles: 18373345329
IPC: 0.637759

--------
Single level Tlb hierarchy
--------
  Data Tlb:
    Entries:          64
    Page Size(B):   4096
    Associativity:      4

Latencies:    0  100
Tlb-Sets:   16 - LRU - assoc:   4

Tlb Stats:
Tlb-Load-Hits:        2183598810   99.39%
Tlb-Load-Misses:        13432427    0.61%
Tlb-Load-Accesses:    2197031237  100.00%

Tlb-Store-Hits:         513196093   99.96%
Tlb-Store-Misses:          180058    0.04%
Tlb-Store-Accesses:     513376151  100.00%

Tlb-Total-Hits:        2696794903   99.50%
Tlb-Total-Misses:        13612485    0.50%
Tlb-Total-Accesses:    2710407388  100.00%



--------
Two level Cache hierarchy
--------
  L1-Data Cache:
    Size(KB):          32
    Block Size(B):     64
    Associativity:      8

  L2-Data Cache:
    Size(KB):        1024
    Block Size(B):    128
    Associativity:     16

Latencies:    1   20  200
L1-Sets:   64 - LRU - assoc:   8
L2-Sets:  512 - LRU - assoc:  16
Store_allocation: Yes
L2_inclusive: Yes
L2_prefetching: No

L1 Cache Stats:
L1-Load-Hits:        2085060844   94.90%
L1-Load-Misses:       111970393    5.10%
L1-Load-Accesses:    2197031237  100.00%

L1-Store-Hits:         507122260   98.78%
L1-Store-Misses:         6253891    1.22%
L1-Store-Accesses:     513376151  100.00%

L1-Total-Hits:        2592183104   95.64%
L1-Total-Misses:       118224284    4.36%
L1-Total-Accesses:    2710407388  100.00%

L2 Cache Stats:
L2-Load-Hits:         111336570   99.43%
L2-Load-Misses:          633823    0.57%
L2-Load-Accesses:     111970393  100.00%

L2-Store-Hits:           5790503   92.59%
L2-Store-Misses:          463388    7.41%
L2-Store-Accesses:       6253891  100.00%

L2-Total-Hits:         117127073   99.07%
L2-Total-Misses:         1097211    0.93%
L2-Total-Accesses:     118224284  100.00%

