--------
Total Statistics
--------
Total Instructions: 11717761561
Total Cycles: 18257438849
IPC: 0.641808

--------
Single level Tlb hierarchy
--------
  Data Tlb:
    Entries:          64
    Page Size(B):   4096
    Associativity:      4

Latencies:    0  100
Tlb-Sets:   16 - LRU - assoc:   4

Tlb Stats:
Tlb-Load-Hits:        2183590054   99.39%
Tlb-Load-Misses:        13441183    0.61%
Tlb-Load-Accesses:    2197031237  100.00%

Tlb-Store-Hits:         513116137   99.95%
Tlb-Store-Misses:          260014    0.05%
Tlb-Store-Accesses:     513376151  100.00%

Tlb-Total-Hits:        2696706191   99.49%
Tlb-Total-Misses:        13701197    0.51%
Tlb-Total-Accesses:    2710407388  100.00%



--------
Two level Cache hierarchy
--------
  L1-Data Cache:
    Size(KB):          32
    Block Size(B):     64
    Associativity:      8

  L2-Data Cache:
    Size(KB):        2048
    Block Size(B):    128
    Associativity:      8

Latencies:    1   20  200
L1-Sets:   64 - LRU - assoc:   8
L2-Sets: 2048 - LRU - assoc:   8
Store_allocation: Yes
L2_inclusive: Yes
L2_prefetching: No

L1 Cache Stats:
L1-Load-Hits:        2085396154   94.92%
L1-Load-Misses:       111635083    5.08%
L1-Load-Accesses:    2197031237  100.00%

L1-Store-Hits:         507547144   98.86%
L1-Store-Misses:         5829007    1.14%
L1-Store-Accesses:     513376151  100.00%

L1-Total-Hits:        2592943298   95.67%
L1-Total-Misses:       117464090    4.33%
L1-Total-Accesses:    2710407388  100.00%

L2 Cache Stats:
L2-Load-Hits:         111289896   99.69%
L2-Load-Misses:          345187    0.31%
L2-Load-Accesses:     111635083  100.00%

L2-Store-Hits:           5624852   96.50%
L2-Store-Misses:          204155    3.50%
L2-Store-Accesses:       5829007  100.00%

L2-Total-Hits:         116914748   99.53%
L2-Total-Misses:          549342    0.47%
L2-Total-Accesses:     117464090  100.00%

