--------
Total Statistics
--------
Total Instructions: 11717761065
Total Cycles: 17470521093
IPC: 0.670716

--------
Single level Tlb hierarchy
--------
  Data Tlb:
    Entries:          64
    Page Size(B):   4096
    Associativity:      4

Latencies:    0  100
Tlb-Sets:   16 - LRU - assoc:   4

Tlb Stats:
Tlb-Load-Hits:        2183516684   99.38%
Tlb-Load-Misses:        13514553    0.62%
Tlb-Load-Accesses:    2197031237  100.00%

Tlb-Store-Hits:         513196217   99.96%
Tlb-Store-Misses:          179934    0.04%
Tlb-Store-Accesses:     513376151  100.00%

Tlb-Total-Hits:        2696712901   99.49%
Tlb-Total-Misses:        13694487    0.51%
Tlb-Total-Accesses:    2710407388  100.00%



--------
Two level Cache hierarchy
--------
  L1-Data Cache:
    Size(KB):          64
    Block Size(B):     32
    Associativity:      4

  L2-Data Cache:
    Size(KB):        1024
    Block Size(B):    128
    Associativity:      8

Latencies:    1   20  200
L1-Sets:  512 - LRU - assoc:   4
L2-Sets: 1024 - LRU - assoc:   8
Store_allocation: Yes
L2_inclusive: Yes
L2_prefetching: No

L1 Cache Stats:
L1-Load-Hits:        2129899864   96.94%
L1-Load-Misses:        67131373    3.06%
L1-Load-Accesses:    2197031237  100.00%

L1-Store-Hits:         507676717   98.89%
L1-Store-Misses:         5699434    1.11%
L1-Store-Accesses:     513376151  100.00%

L1-Total-Hits:        2637576581   97.31%
L1-Total-Misses:        72830807    2.69%
L1-Total-Accesses:    2710407388  100.00%

L2 Cache Stats:
L2-Load-Hits:          66509222   99.07%
L2-Load-Misses:          622151    0.93%
L2-Load-Accesses:      67131373  100.00%

L2-Store-Hits:           5240146   91.94%
L2-Store-Misses:          459288    8.06%
L2-Store-Accesses:       5699434  100.00%

L2-Total-Hits:          71749368   98.52%
L2-Total-Misses:         1081439    1.48%
L2-Total-Accesses:      72830807  100.00%

