--------
Total Statistics
--------
Total Instructions: 11717762057
Total Cycles: 25061892205
IPC: 0.467553

--------
Single level Tlb hierarchy
--------
  Data Tlb:
    Entries:           8
    Page Size(B):   4096
    Associativity:      4

Latencies:    0  100
Tlb-Sets:    2 - LRU - assoc:   4

Tlb Stats:
Tlb-Load-Hits:        2119576085   96.47%
Tlb-Load-Misses:        77455152    3.53%
Tlb-Load-Accesses:    2197031237  100.00%

Tlb-Store-Hits:         510255371   99.39%
Tlb-Store-Misses:         3120780    0.61%
Tlb-Store-Accesses:     513376151  100.00%

Tlb-Total-Hits:        2629831456   97.03%
Tlb-Total-Misses:        80575932    2.97%
Tlb-Total-Accesses:    2710407388  100.00%



--------
Two level Cache hierarchy
--------
  L1-Data Cache:
    Size(KB):          32
    Block Size(B):     64
    Associativity:      8

  L2-Data Cache:
    Size(KB):        1024
    Block Size(B):    128
    Associativity:      8

Latencies:    1   20  200
L1-Sets:   64 - LRU - assoc:   8
L2-Sets: 1024 - LRU - assoc:   8
Store_allocation: Yes
L2_inclusive: Yes
L2_prefetching: No

L1 Cache Stats:
L1-Load-Hits:        2085239369   94.91%
L1-Load-Misses:       111791868    5.09%
L1-Load-Accesses:    2197031237  100.00%

L1-Store-Hits:         507173361   98.79%
L1-Store-Misses:         6202790    1.21%
L1-Store-Accesses:     513376151  100.00%

L1-Total-Hits:        2592412730   95.65%
L1-Total-Misses:       117994658    4.35%
L1-Total-Accesses:    2710407388  100.00%

L2 Cache Stats:
L2-Load-Hits:         111169897   99.44%
L2-Load-Misses:          621971    0.56%
L2-Load-Accesses:     111791868  100.00%

L2-Store-Hits:           5743579   92.60%
L2-Store-Misses:          459211    7.40%
L2-Store-Accesses:       6202790  100.00%

L2-Total-Hits:         116913476   99.08%
L2-Total-Misses:         1081182    0.92%
L2-Total-Accesses:     117994658  100.00%

