--------
Total Statistics
--------
Total Instructions: 1682275453
Total Cycles: 14302180553
IPC: 0.117624

--------
Single level Tlb hierarchy
--------
  Data Tlb:
    Entries:          64
    Page Size(B):   4096
    Associativity:      4

Latencies:    0  100
Tlb-Sets:   16 - LRU - assoc:   4

Tlb Stats:
Tlb-Load-Hits:         279271415   86.85%
Tlb-Load-Misses:        42283871   13.15%
Tlb-Load-Accesses:     321555286  100.00%

Tlb-Store-Hits:         132164363  100.00%
Tlb-Store-Misses:              31    0.00%
Tlb-Store-Accesses:     132164394  100.00%

Tlb-Total-Hits:         411435778   90.68%
Tlb-Total-Misses:        42283902    9.32%
Tlb-Total-Accesses:     453719680  100.00%



--------
Two level Cache hierarchy
--------
  L1-Data Cache:
    Size(KB):          32
    Block Size(B):     64
    Associativity:      8

  L2-Data Cache:
    Size(KB):         512
    Block Size(B):    256
    Associativity:      8

Latencies:    1   20  200
L1-Sets:   64 - LRU - assoc:   8
L2-Sets:  256 - LRU - assoc:   8
Store_allocation: Yes
L2_inclusive: Yes
L2_prefetching: No

L1 Cache Stats:
L1-Load-Hits:         244602017   76.07%
L1-Load-Misses:        76953269   23.93%
L1-Load-Accesses:     321555286  100.00%

L1-Store-Hits:         132154052   99.99%
L1-Store-Misses:           10342    0.01%
L1-Store-Accesses:     132164394  100.00%

L1-Total-Hits:         376756069   83.04%
L1-Total-Misses:        76963611   16.96%
L1-Total-Accesses:     453719680  100.00%

L2 Cache Stats:
L2-Load-Hits:          44963962   58.43%
L2-Load-Misses:        31989307   41.57%
L2-Load-Accesses:      76953269  100.00%

L2-Store-Hits:              7034   68.01%
L2-Store-Misses:            3308   31.99%
L2-Store-Accesses:         10342  100.00%

L2-Total-Hits:          44970996   58.43%
L2-Total-Misses:        31992615   41.57%
L2-Total-Accesses:      76963611  100.00%

