--------
Total Statistics
--------
Total Instructions: 1682275453
Total Cycles: 14090571193
IPC: 0.11939

--------
Single level Tlb hierarchy
--------
  Data Tlb:
    Entries:          64
    Page Size(B):   4096
    Associativity:      4

Latencies:    0  100
Tlb-Sets:   16 - LRU - assoc:   4

Tlb Stats:
Tlb-Load-Hits:         280359711   87.19%
Tlb-Load-Misses:        41195575   12.81%
Tlb-Load-Accesses:     321555286  100.00%

Tlb-Store-Hits:         132164375  100.00%
Tlb-Store-Misses:              19    0.00%
Tlb-Store-Accesses:     132164394  100.00%

Tlb-Total-Hits:         412524086   90.92%
Tlb-Total-Misses:        41195594    9.08%
Tlb-Total-Accesses:     453719680  100.00%



--------
Two level Cache hierarchy
--------
  L1-Data Cache:
    Size(KB):          32
    Block Size(B):     64
    Associativity:      8

  L2-Data Cache:
    Size(KB):        1024
    Block Size(B):    128
    Associativity:      8

Latencies:    1   20  200
L1-Sets:   64 - LRU - assoc:   8
L2-Sets: 1024 - LRU - assoc:   8
Store_allocation: Yes
L2_inclusive: Yes
L2_prefetching: Yes (  8)

L1 Cache Stats:
L1-Load-Hits:         249187334   77.49%
L1-Load-Misses:        72367952   22.51%
L1-Load-Accesses:     321555286  100.00%

L1-Store-Hits:         132153883   99.99%
L1-Store-Misses:           10511    0.01%
L1-Store-Accesses:     132164394  100.00%

L1-Total-Hits:         381341217   84.05%
L1-Total-Misses:        72378463   15.95%
L1-Total-Accesses:     453719680  100.00%

L2 Cache Stats:
L2-Load-Hits:          40433003   55.87%
L2-Load-Misses:        31934949   44.13%
L2-Load-Accesses:      72367952  100.00%

L2-Store-Hits:              8223   78.23%
L2-Store-Misses:            2288   21.77%
L2-Store-Accesses:         10511  100.00%

L2-Total-Hits:          40441226   55.87%
L2-Total-Misses:        31937237   44.13%
L2-Total-Accesses:      72378463  100.00%

