--------
Total Statistics
--------
Total Instructions: 1682275453
Total Cycles: 13876272893
IPC: 0.121234

--------
Single level Tlb hierarchy
--------
  Data Tlb:
    Entries:          64
    Page Size(B):   4096
    Associativity:      4

Latencies:    0  100
Tlb-Sets:   16 - LRU - assoc:   4

Tlb Stats:
Tlb-Load-Hits:         281309916   87.48%
Tlb-Load-Misses:        40245370   12.52%
Tlb-Load-Accesses:     321555286  100.00%

Tlb-Store-Hits:         132164375  100.00%
Tlb-Store-Misses:              19    0.00%
Tlb-Store-Accesses:     132164394  100.00%

Tlb-Total-Hits:         413474291   91.13%
Tlb-Total-Misses:        40245389    8.87%
Tlb-Total-Accesses:     453719680  100.00%



--------
Two level Cache hierarchy
--------
  L1-Data Cache:
    Size(KB):          32
    Block Size(B):     64
    Associativity:      8

  L2-Data Cache:
    Size(KB):         512
    Block Size(B):     64
    Associativity:      8

Latencies:    1   20  200
L1-Sets:   64 - LRU - assoc:   8
L2-Sets: 1024 - LRU - assoc:   8
Store_allocation: Yes
L2_inclusive: Yes
L2_prefetching: No

L1 Cache Stats:
L1-Load-Hits:         284235381   88.39%
L1-Load-Misses:        37319905   11.61%
L1-Load-Accesses:     321555286  100.00%

L1-Store-Hits:         132150636   99.99%
L1-Store-Misses:           13758    0.01%
L1-Store-Accesses:     132164394  100.00%

L1-Total-Hits:         416386017   91.77%
L1-Total-Misses:        37333663    8.23%
L1-Total-Accesses:     453719680  100.00%

L2 Cache Stats:
L2-Load-Hits:           2487878    6.67%
L2-Load-Misses:        34832027   93.33%
L2-Load-Accesses:      37319905  100.00%

L2-Store-Hits:               457    3.32%
L2-Store-Misses:           13301   96.68%
L2-Store-Accesses:         13758  100.00%

L2-Total-Hits:           2488335    6.67%
L2-Total-Misses:        34845328   93.33%
L2-Total-Accesses:      37333663  100.00%

