--------
Total Statistics
--------
Total Instructions: 1682275453
Total Cycles: 14021366393
IPC: 0.119979

--------
Single level Tlb hierarchy
--------
  Data Tlb:
    Entries:          64
    Page Size(B):   4096
    Associativity:      4

Latencies:    0  100
Tlb-Sets:   16 - LRU - assoc:   4

Tlb Stats:
Tlb-Load-Hits:         281207761   87.45%
Tlb-Load-Misses:        40347525   12.55%
Tlb-Load-Accesses:     321555286  100.00%

Tlb-Store-Hits:         132164363  100.00%
Tlb-Store-Misses:              31    0.00%
Tlb-Store-Accesses:     132164394  100.00%

Tlb-Total-Hits:         413372124   91.11%
Tlb-Total-Misses:        40347556    8.89%
Tlb-Total-Accesses:     453719680  100.00%



--------
Two level Cache hierarchy
--------
  L1-Data Cache:
    Size(KB):          64
    Block Size(B):     32
    Associativity:      4

  L2-Data Cache:
    Size(KB):        1024
    Block Size(B):    128
    Associativity:      8

Latencies:    1   20  200
L1-Sets:  512 - LRU - assoc:   4
L2-Sets: 1024 - LRU - assoc:   8
Store_allocation: Yes
L2_inclusive: Yes
L2_prefetching: No

L1 Cache Stats:
L1-Load-Hits:         248398886   77.25%
L1-Load-Misses:        73156400   22.75%
L1-Load-Accesses:     321555286  100.00%

L1-Store-Hits:         132109731   99.96%
L1-Store-Misses:           54663    0.04%
L1-Store-Accesses:     132164394  100.00%

L1-Total-Hits:         380508617   83.86%
L1-Total-Misses:        73211063   16.14%
L1-Total-Accesses:     453719680  100.00%

L2 Cache Stats:
L2-Load-Hits:          41225323   56.35%
L2-Load-Misses:        31931077   43.65%
L2-Load-Accesses:      73156400  100.00%

L2-Store-Hits:             53768   98.36%
L2-Store-Misses:             895    1.64%
L2-Store-Accesses:         54663  100.00%

L2-Total-Hits:          41279091   56.38%
L2-Total-Misses:        31931972   43.62%
L2-Total-Accesses:      73211063  100.00%

