--------
Total Statistics
--------
Total Instructions: 1682275453
Total Cycles: 13948928893
IPC: 0.120602

--------
Single level Tlb hierarchy
--------
  Data Tlb:
    Entries:          64
    Page Size(B):   4096
    Associativity:      4

Latencies:    0  100
Tlb-Sets:   16 - LRU - assoc:   4

Tlb Stats:
Tlb-Load-Hits:         277379961   86.26%
Tlb-Load-Misses:        44175325   13.74%
Tlb-Load-Accesses:     321555286  100.00%

Tlb-Store-Hits:         132164363  100.00%
Tlb-Store-Misses:              31    0.00%
Tlb-Store-Accesses:     132164394  100.00%

Tlb-Total-Hits:         409544324   90.26%
Tlb-Total-Misses:        44175356    9.74%
Tlb-Total-Accesses:     453719680  100.00%



--------
Two level Cache hierarchy
--------
  L1-Data Cache:
    Size(KB):          32
    Block Size(B):     64
    Associativity:      8

  L2-Data Cache:
    Size(KB):        2048
    Block Size(B):    128
    Associativity:      8

Latencies:    1   20  200
L1-Sets:   64 - LRU - assoc:   8
L2-Sets: 2048 - LRU - assoc:   8
Store_allocation: Yes
L2_inclusive: Yes
L2_prefetching: No

L1 Cache Stats:
L1-Load-Hits:         251281595   78.15%
L1-Load-Misses:        70273691   21.85%
L1-Load-Accesses:     321555286  100.00%

L1-Store-Hits:         132138907   99.98%
L1-Store-Misses:           25487    0.02%
L1-Store-Accesses:     132164394  100.00%

L1-Total-Hits:         383420502   84.51%
L1-Total-Misses:        70299178   15.49%
L1-Total-Accesses:     453719680  100.00%

L2 Cache Stats:
L2-Load-Hits:          40328063   57.39%
L2-Load-Misses:        29945628   42.61%
L2-Load-Accesses:      70273691  100.00%

L2-Store-Hits:             24042   94.33%
L2-Store-Misses:            1445    5.67%
L2-Store-Accesses:         25487  100.00%

L2-Total-Hits:          40352105   57.40%
L2-Total-Misses:        29947073   42.60%
L2-Total-Accesses:      70299178  100.00%

