--------
Total Statistics
--------
Total Instructions: 1682275453
Total Cycles: 14273449693
IPC: 0.11786

--------
Single level Tlb hierarchy
--------
  Data Tlb:
    Entries:          64
    Page Size(B):   4096
    Associativity:      4

Latencies:    0  100
Tlb-Sets:   16 - LRU - assoc:   4

Tlb Stats:
Tlb-Load-Hits:         281265164   87.47%
Tlb-Load-Misses:        40290122   12.53%
Tlb-Load-Accesses:     321555286  100.00%

Tlb-Store-Hits:         132164375  100.00%
Tlb-Store-Misses:              19    0.00%
Tlb-Store-Accesses:     132164394  100.00%

Tlb-Total-Hits:         413429539   91.12%
Tlb-Total-Misses:        40290141    8.88%
Tlb-Total-Accesses:     453719680  100.00%



--------
Two level Cache hierarchy
--------
  L1-Data Cache:
    Size(KB):          32
    Block Size(B):     64
    Associativity:      8

  L2-Data Cache:
    Size(KB):         512
    Block Size(B):    128
    Associativity:      4

Latencies:    1   20  200
L1-Sets:   64 - LRU - assoc:   8
L2-Sets: 1024 - LRU - assoc:   4
Store_allocation: Yes
L2_inclusive: Yes
L2_prefetching: No

L1 Cache Stats:
L1-Load-Hits:         247839524   77.08%
L1-Load-Misses:        73715762   22.92%
L1-Load-Accesses:     321555286  100.00%

L1-Store-Hits:         132143813   99.98%
L1-Store-Misses:           20581    0.02%
L1-Store-Accesses:     132164394  100.00%

L1-Total-Hits:         379983337   83.75%
L1-Total-Misses:        73736343   16.25%
L1-Total-Accesses:     453719680  100.00%

L2 Cache Stats:
L2-Load-Hits:          40554172   55.01%
L2-Load-Misses:        33161590   44.99%
L2-Load-Accesses:      73715762  100.00%

L2-Store-Hits:             13603   66.09%
L2-Store-Misses:            6978   33.91%
L2-Store-Accesses:         20581  100.00%

L2-Total-Hits:          40567775   55.02%
L2-Total-Misses:        33168568   44.98%
L2-Total-Accesses:      73736343  100.00%

