--------
Total Statistics
--------
Total Instructions: 1682275453
Total Cycles: 13555085413
IPC: 0.124107

--------
Single level Tlb hierarchy
--------
  Data Tlb:
    Entries:          64
    Page Size(B):   4096
    Associativity:      4

Latencies:    0  100
Tlb-Sets:   16 - LRU - assoc:   4

Tlb Stats:
Tlb-Load-Hits:         279046684   86.78%
Tlb-Load-Misses:        42508602   13.22%
Tlb-Load-Accesses:     321555286  100.00%

Tlb-Store-Hits:         132164363  100.00%
Tlb-Store-Misses:              31    0.00%
Tlb-Store-Accesses:     132164394  100.00%

Tlb-Total-Hits:         411211047   90.63%
Tlb-Total-Misses:        42508633    9.37%
Tlb-Total-Accesses:     453719680  100.00%



--------
Two level Cache hierarchy
--------
  L1-Data Cache:
    Size(KB):          16
    Block Size(B):    128
    Associativity:      4

  L2-Data Cache:
    Size(KB):        1024
    Block Size(B):    128
    Associativity:      8

Latencies:    1   20  200
L1-Sets:   32 - LRU - assoc:   4
L2-Sets: 1024 - LRU - assoc:   8
Store_allocation: Yes
L2_inclusive: Yes
L2_prefetching: No

L1 Cache Stats:
L1-Load-Hits:         282583506   87.88%
L1-Load-Misses:        38971780   12.12%
L1-Load-Accesses:     321555286  100.00%

L1-Store-Hits:         131861655   99.77%
L1-Store-Misses:          302739    0.23%
L1-Store-Accesses:     132164394  100.00%

L1-Total-Hits:         414445161   91.34%
L1-Total-Misses:        39274519    8.66%
L1-Total-Accesses:     453719680  100.00%

L2 Cache Stats:
L2-Load-Hits:           7058445   18.11%
L2-Load-Misses:        31913335   81.89%
L2-Load-Accesses:      38971780  100.00%

L2-Store-Hits:            302391   99.89%
L2-Store-Misses:             348    0.11%
L2-Store-Accesses:        302739  100.00%

L2-Total-Hits:           7360836   18.74%
L2-Total-Misses:        31913683   81.26%
L2-Total-Accesses:      39274519  100.00%

