--------
Total Statistics
--------
Total Instructions: 1682275453
Total Cycles: 14095743993
IPC: 0.119346

--------
Single level Tlb hierarchy
--------
  Data Tlb:
    Entries:          64
    Page Size(B):   4096
    Associativity:      4

Latencies:    0  100
Tlb-Sets:   16 - LRU - assoc:   4

Tlb Stats:
Tlb-Load-Hits:         281211111   87.45%
Tlb-Load-Misses:        40344175   12.55%
Tlb-Load-Accesses:     321555286  100.00%

Tlb-Store-Hits:         132164375  100.00%
Tlb-Store-Misses:              19    0.00%
Tlb-Store-Accesses:     132164394  100.00%

Tlb-Total-Hits:         413375486   91.11%
Tlb-Total-Misses:        40344194    8.89%
Tlb-Total-Accesses:     453719680  100.00%



--------
Two level Cache hierarchy
--------
  L1-Data Cache:
    Size(KB):          16
    Block Size(B):     32
    Associativity:      4

  L2-Data Cache:
    Size(KB):        1024
    Block Size(B):    128
    Associativity:      8

Latencies:    1   20  200
L1-Sets:  128 - LRU - assoc:   4
L2-Sets: 1024 - LRU - assoc:   8
Store_allocation: Yes
L2_inclusive: Yes
L2_prefetching: No

L1 Cache Stats:
L1-Load-Hits:         244760080   76.12%
L1-Load-Misses:        76795206   23.88%
L1-Load-Accesses:     321555286  100.00%

L1-Store-Hits:         131960777   99.85%
L1-Store-Misses:          203617    0.15%
L1-Store-Accesses:     132164394  100.00%

L1-Total-Hits:         376720857   83.03%
L1-Total-Misses:        76998823   16.97%
L1-Total-Accesses:     453719680  100.00%

L2 Cache Stats:
L2-Load-Hits:          44871903   58.43%
L2-Load-Misses:        31923303   41.57%
L2-Load-Accesses:      76795206  100.00%

L2-Store-Hits:            200155   98.30%
L2-Store-Misses:            3462    1.70%
L2-Store-Accesses:        203617  100.00%

L2-Total-Hits:          45072058   58.54%
L2-Total-Misses:        31926765   41.46%
L2-Total-Accesses:      76998823  100.00%

