--------
Total Statistics
--------
Total Instructions: 1682275453
Total Cycles: 14679613553
IPC: 0.114599

--------
Single level Tlb hierarchy
--------
  Data Tlb:
    Entries:          64
    Page Size(B):   4096
    Associativity:      4

Latencies:    0  100
Tlb-Sets:   16 - LRU - assoc:   4

Tlb Stats:
Tlb-Load-Hits:         274483258   85.36%
Tlb-Load-Misses:        47072028   14.64%
Tlb-Load-Accesses:     321555286  100.00%

Tlb-Store-Hits:         132164375  100.00%
Tlb-Store-Misses:              19    0.00%
Tlb-Store-Accesses:     132164394  100.00%

Tlb-Total-Hits:         406647633   89.63%
Tlb-Total-Misses:        47072047   10.37%
Tlb-Total-Accesses:     453719680  100.00%



--------
Two level Cache hierarchy
--------
  L1-Data Cache:
    Size(KB):          32
    Block Size(B):     64
    Associativity:      8

  L2-Data Cache:
    Size(KB):        1024
    Block Size(B):    128
    Associativity:      8

Latencies:    1   20  200
L1-Sets:   64 - LRU - assoc:   8
L2-Sets: 1024 - LRU - assoc:   8
Store_allocation: Yes
L2_inclusive: Yes
L2_prefetching: Yes (  2)

L1 Cache Stats:
L1-Load-Hits:         249170732   77.49%
L1-Load-Misses:        72384554   22.51%
L1-Load-Accesses:     321555286  100.00%

L1-Store-Hits:         132153912   99.99%
L1-Store-Misses:           10482    0.01%
L1-Store-Accesses:     132164394  100.00%

L1-Total-Hits:         381324644   84.04%
L1-Total-Misses:        72395036   15.96%
L1-Total-Accesses:     453719680  100.00%

L2 Cache Stats:
L2-Load-Hits:          40444204   55.87%
L2-Load-Misses:        31940350   44.13%
L2-Load-Accesses:      72384554  100.00%

L2-Store-Hits:              8267   78.87%
L2-Store-Misses:            2215   21.13%
L2-Store-Accesses:         10482  100.00%

L2-Total-Hits:          40452471   55.88%
L2-Total-Misses:        31942565   44.12%
L2-Total-Accesses:      72395036  100.00%

