--------
Total Statistics
--------
Total Instructions: 1682275453
Total Cycles: 14311383053
IPC: 0.117548

--------
Single level Tlb hierarchy
--------
  Data Tlb:
    Entries:          64
    Page Size(B):   4096
    Associativity:      4

Latencies:    0  100
Tlb-Sets:   16 - LRU - assoc:   4

Tlb Stats:
Tlb-Load-Hits:         278471199   86.60%
Tlb-Load-Misses:        43084087   13.40%
Tlb-Load-Accesses:     321555286  100.00%

Tlb-Store-Hits:         131473203   99.48%
Tlb-Store-Misses:          691191    0.52%
Tlb-Store-Accesses:     132164394  100.00%

Tlb-Total-Hits:         409944402   90.35%
Tlb-Total-Misses:        43775278    9.65%
Tlb-Total-Accesses:     453719680  100.00%



--------
Two level Cache hierarchy
--------
  L1-Data Cache:
    Size(KB):          64
    Block Size(B):     64
    Associativity:      8

  L2-Data Cache:
    Size(KB):        1024
    Block Size(B):    128
    Associativity:      8

Latencies:    1   20  200
L1-Sets:  128 - LRU - assoc:   8
L2-Sets: 1024 - LRU - assoc:   8
Store_allocation: Yes
L2_inclusive: Yes
L2_prefetching: No

L1 Cache Stats:
L1-Load-Hits:         250962821   78.05%
L1-Load-Misses:        70592465   21.95%
L1-Load-Accesses:     321555286  100.00%

L1-Store-Hits:         132156053   99.99%
L1-Store-Misses:            8341    0.01%
L1-Store-Accesses:     132164394  100.00%

L1-Total-Hits:         383118874   84.44%
L1-Total-Misses:        70600806   15.56%
L1-Total-Accesses:     453719680  100.00%

L2 Cache Stats:
L2-Load-Hits:          38666289   54.77%
L2-Load-Misses:        31926176   45.23%
L2-Load-Accesses:      70592465  100.00%

L2-Store-Hits:              5297   63.51%
L2-Store-Misses:            3044   36.49%
L2-Store-Accesses:          8341  100.00%

L2-Total-Hits:          38671586   54.77%
L2-Total-Misses:        31929220   45.23%
L2-Total-Accesses:      70600806  100.00%

