--------
Total Statistics
--------
Total Instructions: 1682275453
Total Cycles: 14530215933
IPC: 0.115778

--------
Single level Tlb hierarchy
--------
  Data Tlb:
    Entries:          64
    Page Size(B):   4096
    Associativity:      4

Latencies:    0  100
Tlb-Sets:   16 - LRU - assoc:   4

Tlb Stats:
Tlb-Load-Hits:         280469035   87.22%
Tlb-Load-Misses:        41086251   12.78%
Tlb-Load-Accesses:     321555286  100.00%

Tlb-Store-Hits:         132164375  100.00%
Tlb-Store-Misses:              19    0.00%
Tlb-Store-Accesses:     132164394  100.00%

Tlb-Total-Hits:         412633410   90.94%
Tlb-Total-Misses:        41086270    9.06%
Tlb-Total-Accesses:     453719680  100.00%



--------
Two level Cache hierarchy
--------
  L1-Data Cache:
    Size(KB):          32
    Block Size(B):     64
    Associativity:      8

  L2-Data Cache:
    Size(KB):         256
    Block Size(B):    128
    Associativity:      4

Latencies:    1   20  200
L1-Sets:   64 - LRU - assoc:   8
L2-Sets:  512 - LRU - assoc:   4
Store_allocation: Yes
L2_inclusive: Yes
L2_prefetching: No

L1 Cache Stats:
L1-Load-Hits:         246978443   76.81%
L1-Load-Misses:        74576843   23.19%
L1-Load-Accesses:     321555286  100.00%

L1-Store-Hits:         132148497   99.99%
L1-Store-Misses:           15897    0.01%
L1-Store-Accesses:     132164394  100.00%

L1-Total-Hits:         379126940   83.56%
L1-Total-Misses:        74592740   16.44%
L1-Total-Accesses:     453719680  100.00%

L2 Cache Stats:
L2-Load-Hits:          40613730   54.46%
L2-Load-Misses:        33963113   45.54%
L2-Load-Accesses:      74576843  100.00%

L2-Store-Hits:             10315   64.89%
L2-Store-Misses:            5582   35.11%
L2-Store-Accesses:         15897  100.00%

L2-Total-Hits:          40624045   54.46%
L2-Total-Misses:        33968695   45.54%
L2-Total-Accesses:      74592740  100.00%

