--------
Total Statistics
--------
Total Instructions: 1682275453
Total Cycles: 14678654373
IPC: 0.114607

--------
Single level Tlb hierarchy
--------
  Data Tlb:
    Entries:          64
    Page Size(B):   4096
    Associativity:      2

Latencies:    0  100
Tlb-Sets:   32 - LRU - assoc:   2

Tlb Stats:
Tlb-Load-Hits:         274493570   85.36%
Tlb-Load-Misses:        47061716   14.64%
Tlb-Load-Accesses:     321555286  100.00%

Tlb-Store-Hits:         132162520  100.00%
Tlb-Store-Misses:            1874    0.00%
Tlb-Store-Accesses:     132164394  100.00%

Tlb-Total-Hits:         406656090   89.63%
Tlb-Total-Misses:        47063590   10.37%
Tlb-Total-Accesses:     453719680  100.00%



--------
Two level Cache hierarchy
--------
  L1-Data Cache:
    Size(KB):          32
    Block Size(B):     64
    Associativity:      8

  L2-Data Cache:
    Size(KB):        1024
    Block Size(B):    128
    Associativity:      8

Latencies:    1   20  200
L1-Sets:   64 - LRU - assoc:   8
L2-Sets: 1024 - LRU - assoc:   8
Store_allocation: Yes
L2_inclusive: Yes
L2_prefetching: No

L1 Cache Stats:
L1-Load-Hits:         249172663   77.49%
L1-Load-Misses:        72382623   22.51%
L1-Load-Accesses:     321555286  100.00%

L1-Store-Hits:         132147705   99.99%
L1-Store-Misses:           16689    0.01%
L1-Store-Accesses:     132164394  100.00%

L1-Total-Hits:         381320368   84.04%
L1-Total-Misses:        72399312   15.96%
L1-Total-Accesses:     453719680  100.00%

L2 Cache Stats:
L2-Load-Hits:          40445283   55.88%
L2-Load-Misses:        31937340   44.12%
L2-Load-Accesses:      72382623  100.00%

L2-Store-Hits:             12459   74.65%
L2-Store-Misses:            4230   25.35%
L2-Store-Accesses:         16689  100.00%

L2-Total-Hits:          40457742   55.88%
L2-Total-Misses:        31941570   44.12%
L2-Total-Accesses:      72399312  100.00%

