--------
Total Statistics
--------
Total Instructions: 1682275453
Total Cycles: 15611174353
IPC: 0.107761

--------
Single level Tlb hierarchy
--------
  Data Tlb:
    Entries:          64
    Page Size(B):   4096
    Associativity:      1

Latencies:    0  100
Tlb-Sets:   64 - LRU - assoc:   1

Tlb Stats:
Tlb-Load-Hits:         265228225   82.48%
Tlb-Load-Misses:        56327061   17.52%
Tlb-Load-Accesses:     321555286  100.00%

Tlb-Store-Hits:         132100092   99.95%
Tlb-Store-Misses:           64302    0.05%
Tlb-Store-Accesses:     132164394  100.00%

Tlb-Total-Hits:         397328317   87.57%
Tlb-Total-Misses:        56391363   12.43%
Tlb-Total-Accesses:     453719680  100.00%



--------
Two level Cache hierarchy
--------
  L1-Data Cache:
    Size(KB):          32
    Block Size(B):     64
    Associativity:      8

  L2-Data Cache:
    Size(KB):        1024
    Block Size(B):    128
    Associativity:      8

Latencies:    1   20  200
L1-Sets:   64 - LRU - assoc:   8
L2-Sets: 1024 - LRU - assoc:   8
Store_allocation: Yes
L2_inclusive: Yes
L2_prefetching: No

L1 Cache Stats:
L1-Load-Hits:         249166953   77.49%
L1-Load-Misses:        72388333   22.51%
L1-Load-Accesses:     321555286  100.00%

L1-Store-Hits:         132153851   99.99%
L1-Store-Misses:           10543    0.01%
L1-Store-Accesses:     132164394  100.00%

L1-Total-Hits:         381320804   84.04%
L1-Total-Misses:        72398876   15.96%
L1-Total-Accesses:     453719680  100.00%

L2 Cache Stats:
L2-Load-Hits:          40450256   55.88%
L2-Load-Misses:        31938077   44.12%
L2-Load-Accesses:      72388333  100.00%

L2-Store-Hits:              8293   78.66%
L2-Store-Misses:            2250   21.34%
L2-Store-Accesses:         10543  100.00%

L2-Total-Hits:          40458549   55.88%
L2-Total-Misses:        31940327   44.12%
L2-Total-Accesses:      72398876  100.00%

