--------
Total Statistics
--------
Total Instructions: 1682275453
Total Cycles: 14138550153
IPC: 0.118985

--------
Single level Tlb hierarchy
--------
  Data Tlb:
    Entries:          64
    Page Size(B):   4096
    Associativity:      4

Latencies:    0  100
Tlb-Sets:   16 - LRU - assoc:   4

Tlb Stats:
Tlb-Load-Hits:         279894985   87.04%
Tlb-Load-Misses:        41660301   12.96%
Tlb-Load-Accesses:     321555286  100.00%

Tlb-Store-Hits:         132164375  100.00%
Tlb-Store-Misses:              19    0.00%
Tlb-Store-Accesses:     132164394  100.00%

Tlb-Total-Hits:         412059360   90.82%
Tlb-Total-Misses:        41660320    9.18%
Tlb-Total-Accesses:     453719680  100.00%



--------
Two level Cache hierarchy
--------
  L1-Data Cache:
    Size(KB):          32
    Block Size(B):     64
    Associativity:      8

  L2-Data Cache:
    Size(KB):        1024
    Block Size(B):    128
    Associativity:      8

Latencies:    1   20  200
L1-Sets:   64 - LRU - assoc:   8
L2-Sets: 1024 - LRU - assoc:   8
Store_allocation: Yes
L2_inclusive: Yes
L2_prefetching: Yes (  4)

L1 Cache Stats:
L1-Load-Hits:         249172597   77.49%
L1-Load-Misses:        72382689   22.51%
L1-Load-Accesses:     321555286  100.00%

L1-Store-Hits:         132147612   99.99%
L1-Store-Misses:           16782    0.01%
L1-Store-Accesses:     132164394  100.00%

L1-Total-Hits:         381320209   84.04%
L1-Total-Misses:        72399471   15.96%
L1-Total-Accesses:     453719680  100.00%

L2 Cache Stats:
L2-Load-Hits:          40444348   55.88%
L2-Load-Misses:        31938341   44.12%
L2-Load-Accesses:      72382689  100.00%

L2-Store-Hits:             12455   74.22%
L2-Store-Misses:            4327   25.78%
L2-Store-Accesses:         16782  100.00%

L2-Total-Hits:          40456803   55.88%
L2-Total-Misses:        31942668   44.12%
L2-Total-Accesses:      72399471  100.00%

