--------
Total Statistics
--------
Total Instructions: 1682275453
Total Cycles: 14138233653
IPC: 0.118988

--------
Single level Tlb hierarchy
--------
  Data Tlb:
    Entries:          64
    Page Size(B):   4096
    Associativity:      4

Latencies:    0  100
Tlb-Sets:   16 - LRU - assoc:   4

Tlb Stats:
Tlb-Load-Hits:         279659929   86.97%
Tlb-Load-Misses:        41895357   13.03%
Tlb-Load-Accesses:     321555286  100.00%

Tlb-Store-Hits:         132164375  100.00%
Tlb-Store-Misses:              19    0.00%
Tlb-Store-Accesses:     132164394  100.00%

Tlb-Total-Hits:         411824304   90.77%
Tlb-Total-Misses:        41895376    9.23%
Tlb-Total-Accesses:     453719680  100.00%



--------
Two level Cache hierarchy
--------
  L1-Data Cache:
    Size(KB):          32
    Block Size(B):     64
    Associativity:      4

  L2-Data Cache:
    Size(KB):        1024
    Block Size(B):    128
    Associativity:      8

Latencies:    1   20  200
L1-Sets:  128 - LRU - assoc:   4
L2-Sets: 1024 - LRU - assoc:   8
Store_allocation: Yes
L2_inclusive: Yes
L2_prefetching: No

L1 Cache Stats:
L1-Load-Hits:         250298756   77.84%
L1-Load-Misses:        71256530   22.16%
L1-Load-Accesses:     321555286  100.00%

L1-Store-Hits:         132107798   99.96%
L1-Store-Misses:           56596    0.04%
L1-Store-Accesses:     132164394  100.00%

L1-Total-Hits:         382406554   84.28%
L1-Total-Misses:        71313126   15.72%
L1-Total-Accesses:     453719680  100.00%

L2 Cache Stats:
L2-Load-Hits:          39327015   55.19%
L2-Load-Misses:        31929515   44.81%
L2-Load-Accesses:      71256530  100.00%

L2-Store-Hits:             53919   95.27%
L2-Store-Misses:            2677    4.73%
L2-Store-Accesses:         56596  100.00%

L2-Total-Hits:          39380934   55.22%
L2-Total-Misses:        31932192   44.78%
L2-Total-Accesses:      71313126  100.00%

