--------
Total Statistics
--------
Total Instructions: 1682275453
Total Cycles: 14055364973
IPC: 0.119689

--------
Single level Tlb hierarchy
--------
  Data Tlb:
    Entries:          64
    Page Size(B):   4096
    Associativity:      4

Latencies:    0  100
Tlb-Sets:   16 - LRU - assoc:   4

Tlb Stats:
Tlb-Load-Hits:         280730691   87.30%
Tlb-Load-Misses:        40824595   12.70%
Tlb-Load-Accesses:     321555286  100.00%

Tlb-Store-Hits:         132164375  100.00%
Tlb-Store-Misses:              19    0.00%
Tlb-Store-Accesses:     132164394  100.00%

Tlb-Total-Hits:         412895066   91.00%
Tlb-Total-Misses:        40824614    9.00%
Tlb-Total-Accesses:     453719680  100.00%



--------
Two level Cache hierarchy
--------
  L1-Data Cache:
    Size(KB):          32
    Block Size(B):     64
    Associativity:      8

  L2-Data Cache:
    Size(KB):        1024
    Block Size(B):    128
    Associativity:      8

Latencies:    1   20  200
L1-Sets:   64 - LRU - assoc:   8
L2-Sets: 1024 - LRU - assoc:   8
Store_allocation: Yes
L2_inclusive: Yes
L2_prefetching: Yes (  1)

L1 Cache Stats:
L1-Load-Hits:         249145943   77.48%
L1-Load-Misses:        72409343   22.52%
L1-Load-Accesses:     321555286  100.00%

L1-Store-Hits:         132142045   99.98%
L1-Store-Misses:           22349    0.02%
L1-Store-Accesses:     132164394  100.00%

L1-Total-Hits:         381287988   84.04%
L1-Total-Misses:        72431692   15.96%
L1-Total-Accesses:     453719680  100.00%

L2 Cache Stats:
L2-Load-Hits:          40471972   55.89%
L2-Load-Misses:        31937371   44.11%
L2-Load-Accesses:      72409343  100.00%

L2-Store-Hits:             18347   82.09%
L2-Store-Misses:            4002   17.91%
L2-Store-Accesses:         22349  100.00%

L2-Total-Hits:          40490319   55.90%
L2-Total-Misses:        31941373   44.10%
L2-Total-Accesses:      72431692  100.00%

