--------
Total Statistics
--------
Total Instructions: 1682275453
Total Cycles: 20227837313
IPC: 0.0831664

--------
Single level Tlb hierarchy
--------
  Data Tlb:
    Entries:           8
    Page Size(B):   4096
    Associativity:      4

Latencies:    0  100
Tlb-Sets:    2 - LRU - assoc:   4

Tlb Stats:
Tlb-Load-Hits:         218988169   68.10%
Tlb-Load-Misses:       102567117   31.90%
Tlb-Load-Accesses:     321555286  100.00%

Tlb-Store-Hits:         132164034  100.00%
Tlb-Store-Misses:             360    0.00%
Tlb-Store-Accesses:     132164394  100.00%

Tlb-Total-Hits:         351152203   77.39%
Tlb-Total-Misses:       102567477   22.61%
Tlb-Total-Accesses:     453719680  100.00%



--------
Two level Cache hierarchy
--------
  L1-Data Cache:
    Size(KB):          32
    Block Size(B):     64
    Associativity:      8

  L2-Data Cache:
    Size(KB):        1024
    Block Size(B):    128
    Associativity:      8

Latencies:    1   20  200
L1-Sets:   64 - LRU - assoc:   8
L2-Sets: 1024 - LRU - assoc:   8
Store_allocation: Yes
L2_inclusive: Yes
L2_prefetching: No

L1 Cache Stats:
L1-Load-Hits:         249186503   77.49%
L1-Load-Misses:        72368783   22.51%
L1-Load-Accesses:     321555286  100.00%

L1-Store-Hits:         132153913   99.99%
L1-Store-Misses:           10481    0.01%
L1-Store-Accesses:     132164394  100.00%

L1-Total-Hits:         381340416   84.05%
L1-Total-Misses:        72379264   15.95%
L1-Total-Accesses:     453719680  100.00%

L2 Cache Stats:
L2-Load-Hits:          40433499   55.87%
L2-Load-Misses:        31935284   44.13%
L2-Load-Accesses:      72368783  100.00%

L2-Store-Hits:              8219   78.42%
L2-Store-Misses:            2262   21.58%
L2-Store-Accesses:         10481  100.00%

L2-Total-Hits:          40441718   55.87%
L2-Total-Misses:        31937546   44.13%
L2-Total-Accesses:      72379264  100.00%

