--------
Total Statistics
--------
Total Instructions: 1682275453
Total Cycles: 14165286133
IPC: 0.11876

--------
Single level Tlb hierarchy
--------
  Data Tlb:
    Entries:          64
    Page Size(B):   4096
    Associativity:      4

Latencies:    0  100
Tlb-Sets:   16 - LRU - assoc:   4

Tlb Stats:
Tlb-Load-Hits:         279628836   86.96%
Tlb-Load-Misses:        41926450   13.04%
Tlb-Load-Accesses:     321555286  100.00%

Tlb-Store-Hits:         132164363  100.00%
Tlb-Store-Misses:              31    0.00%
Tlb-Store-Accesses:     132164394  100.00%

Tlb-Total-Hits:         411793199   90.76%
Tlb-Total-Misses:        41926481    9.24%
Tlb-Total-Accesses:     453719680  100.00%



--------
Two level Cache hierarchy
--------
  L1-Data Cache:
    Size(KB):          32
    Block Size(B):     64
    Associativity:      8

  L2-Data Cache:
    Size(KB):        1024
    Block Size(B):    128
    Associativity:      8

Latencies:    1   20  200
L1-Sets:   64 - LRU - assoc:   8
L2-Sets: 1024 - LRU - assoc:   8
Store_allocation: Yes
L2_inclusive: Yes
L2_prefetching: Yes ( 16)

L1 Cache Stats:
L1-Load-Hits:         249171204   77.49%
L1-Load-Misses:        72384082   22.51%
L1-Load-Accesses:     321555286  100.00%

L1-Store-Hits:         132146741   99.99%
L1-Store-Misses:           17653    0.01%
L1-Store-Accesses:     132164394  100.00%

L1-Total-Hits:         381317945   84.04%
L1-Total-Misses:        72401735   15.96%
L1-Total-Accesses:     453719680  100.00%

L2 Cache Stats:
L2-Load-Hits:          40445633   55.88%
L2-Load-Misses:        31938449   44.12%
L2-Load-Accesses:      72384082  100.00%

L2-Store-Hits:             13061   73.99%
L2-Store-Misses:            4592   26.01%
L2-Store-Accesses:         17653  100.00%

L2-Total-Hits:          40458694   55.88%
L2-Total-Misses:        31943041   44.12%
L2-Total-Accesses:      72401735  100.00%

