--------
Total Statistics
--------
Total Instructions: 1682275453
Total Cycles: 18709533413
IPC: 0.0899154

--------
Single level Tlb hierarchy
--------
  Data Tlb:
    Entries:          16
    Page Size(B):   4096
    Associativity:      4

Latencies:    0  100
Tlb-Sets:    4 - LRU - assoc:   4

Tlb Stats:
Tlb-Load-Hits:         234181302   72.83%
Tlb-Load-Misses:        87373984   27.17%
Tlb-Load-Accesses:     321555286  100.00%

Tlb-Store-Hits:         132164360  100.00%
Tlb-Store-Misses:              34    0.00%
Tlb-Store-Accesses:     132164394  100.00%

Tlb-Total-Hits:         366345662   80.74%
Tlb-Total-Misses:        87374018   19.26%
Tlb-Total-Accesses:     453719680  100.00%



--------
Two level Cache hierarchy
--------
  L1-Data Cache:
    Size(KB):          32
    Block Size(B):     64
    Associativity:      8

  L2-Data Cache:
    Size(KB):        1024
    Block Size(B):    128
    Associativity:      8

Latencies:    1   20  200
L1-Sets:   64 - LRU - assoc:   8
L2-Sets: 1024 - LRU - assoc:   8
Store_allocation: Yes
L2_inclusive: Yes
L2_prefetching: No

L1 Cache Stats:
L1-Load-Hits:         249166458   77.49%
L1-Load-Misses:        72388828   22.51%
L1-Load-Accesses:     321555286  100.00%

L1-Store-Hits:         132153968   99.99%
L1-Store-Misses:           10426    0.01%
L1-Store-Accesses:     132164394  100.00%

L1-Total-Hits:         381320426   84.04%
L1-Total-Misses:        72399254   15.96%
L1-Total-Accesses:     453719680  100.00%

L2 Cache Stats:
L2-Load-Hits:          40450308   55.88%
L2-Load-Misses:        31938520   44.12%
L2-Load-Accesses:      72388828  100.00%

L2-Store-Hits:              8189   78.54%
L2-Store-Misses:            2237   21.46%
L2-Store-Accesses:         10426  100.00%

L2-Total-Hits:          40458497   55.88%
L2-Total-Misses:        31940757   44.12%
L2-Total-Accesses:      72399254  100.00%

