--------
Total Statistics
--------
Total Instructions: 1682275453
Total Cycles: 14117019413
IPC: 0.119166

--------
Single level Tlb hierarchy
--------
  Data Tlb:
    Entries:          64
    Page Size(B):   4096
    Associativity:      4

Latencies:    0  100
Tlb-Sets:   16 - LRU - assoc:   4

Tlb Stats:
Tlb-Load-Hits:         280108523   87.11%
Tlb-Load-Misses:        41446763   12.89%
Tlb-Load-Accesses:     321555286  100.00%

Tlb-Store-Hits:         132164363  100.00%
Tlb-Store-Misses:              31    0.00%
Tlb-Store-Accesses:     132164394  100.00%

Tlb-Total-Hits:         412272886   90.87%
Tlb-Total-Misses:        41446794    9.13%
Tlb-Total-Accesses:     453719680  100.00%



--------
Two level Cache hierarchy
--------
  L1-Data Cache:
    Size(KB):          32
    Block Size(B):     64
    Associativity:      8

  L2-Data Cache:
    Size(KB):        1024
    Block Size(B):    128
    Associativity:      8

Latencies:    1   20  200
L1-Sets:   64 - LRU - assoc:   8
L2-Sets: 1024 - LRU - assoc:   8
Store_allocation: Yes
L2_inclusive: Yes
L2_prefetching: No

L1 Cache Stats:
L1-Load-Hits:         249164880   77.49%
L1-Load-Misses:        72390406   22.51%
L1-Load-Accesses:     321555286  100.00%

L1-Store-Hits:         132152386   99.99%
L1-Store-Misses:           12008    0.01%
L1-Store-Accesses:     132164394  100.00%

L1-Total-Hits:         381317266   84.04%
L1-Total-Misses:        72402414   15.96%
L1-Total-Accesses:     453719680  100.00%

L2 Cache Stats:
L2-Load-Hits:          40451580   55.88%
L2-Load-Misses:        31938826   44.12%
L2-Load-Accesses:      72390406  100.00%

L2-Store-Hits:              9351   77.87%
L2-Store-Misses:            2657   22.13%
L2-Store-Accesses:         12008  100.00%

L2-Total-Hits:          40460931   55.88%
L2-Total-Misses:        31941483   44.12%
L2-Total-Accesses:      72402414  100.00%

