--------
Total Statistics
--------
Total Instructions: 1682275453
Total Cycles: 13368156133
IPC: 0.125842

--------
Single level Tlb hierarchy
--------
  Data Tlb:
    Entries:          64
    Page Size(B):   4096
    Associativity:     16

Latencies:    0  100
Tlb-Sets:    4 - LRU - assoc:  16

Tlb Stats:
Tlb-Load-Hits:         287584464   89.44%
Tlb-Load-Misses:        33970822   10.56%
Tlb-Load-Accesses:     321555286  100.00%

Tlb-Store-Hits:         132164363  100.00%
Tlb-Store-Misses:              31    0.00%
Tlb-Store-Accesses:     132164394  100.00%

Tlb-Total-Hits:         419748827   92.51%
Tlb-Total-Misses:        33970853    7.49%
Tlb-Total-Accesses:     453719680  100.00%



--------
Two level Cache hierarchy
--------
  L1-Data Cache:
    Size(KB):          32
    Block Size(B):     64
    Associativity:      8

  L2-Data Cache:
    Size(KB):        1024
    Block Size(B):    128
    Associativity:      8

Latencies:    1   20  200
L1-Sets:   64 - LRU - assoc:   8
L2-Sets: 1024 - LRU - assoc:   8
Store_allocation: Yes
L2_inclusive: Yes
L2_prefetching: No

L1 Cache Stats:
L1-Load-Hits:         249182902   77.49%
L1-Load-Misses:        72372384   22.51%
L1-Load-Accesses:     321555286  100.00%

L1-Store-Hits:         132153923   99.99%
L1-Store-Misses:           10471    0.01%
L1-Store-Accesses:     132164394  100.00%

L1-Total-Hits:         381336825   84.05%
L1-Total-Misses:        72382855   15.95%
L1-Total-Accesses:     453719680  100.00%

L2 Cache Stats:
L2-Load-Hits:          40437540   55.87%
L2-Load-Misses:        31934844   44.13%
L2-Load-Accesses:      72372384  100.00%

L2-Store-Hits:              8222   78.52%
L2-Store-Misses:            2249   21.48%
L2-Store-Accesses:         10471  100.00%

L2-Total-Hits:          40445762   55.88%
L2-Total-Misses:        31937093   44.12%
L2-Total-Accesses:      72382855  100.00%

