--------
Total Statistics
--------
Total Instructions: 1682275453
Total Cycles: 13661297113
IPC: 0.123142

--------
Single level Tlb hierarchy
--------
  Data Tlb:
    Entries:          64
    Page Size(B):   4096
    Associativity:      4

Latencies:    0  100
Tlb-Sets:   16 - LRU - assoc:   4

Tlb Stats:
Tlb-Load-Hits:         281199267   87.45%
Tlb-Load-Misses:        40356019   12.55%
Tlb-Load-Accesses:     321555286  100.00%

Tlb-Store-Hits:         132164375  100.00%
Tlb-Store-Misses:              19    0.00%
Tlb-Store-Accesses:     132164394  100.00%

Tlb-Total-Hits:         413363642   91.11%
Tlb-Total-Misses:        40356038    8.89%
Tlb-Total-Accesses:     453719680  100.00%



--------
Two level Cache hierarchy
--------
  L1-Data Cache:
    Size(KB):          32
    Block Size(B):     64
    Associativity:      8

  L2-Data Cache:
    Size(KB):        1024
    Block Size(B):     64
    Associativity:      8

Latencies:    1   20  200
L1-Sets:   64 - LRU - assoc:   8
L2-Sets: 2048 - LRU - assoc:   8
Store_allocation: Yes
L2_inclusive: Yes
L2_prefetching: No

L1 Cache Stats:
L1-Load-Hits:         284281693   88.41%
L1-Load-Misses:        37273593   11.59%
L1-Load-Accesses:     321555286  100.00%

L1-Store-Hits:         132155028   99.99%
L1-Store-Misses:            9366    0.01%
L1-Store-Accesses:     132164394  100.00%

L1-Total-Hits:         416436721   91.78%
L1-Total-Misses:        37282959    8.22%
L1-Total-Accesses:     453719680  100.00%

L2 Cache Stats:
L2-Load-Hits:           3562251    9.56%
L2-Load-Misses:        33711342   90.44%
L2-Load-Accesses:      37273593  100.00%

L2-Store-Hits:               513    5.48%
L2-Store-Misses:            8853   94.52%
L2-Store-Accesses:          9366  100.00%

L2-Total-Hits:           3562764    9.56%
L2-Total-Misses:        33720195   90.44%
L2-Total-Accesses:      37282959  100.00%

