--------
Total Statistics
--------
Total Instructions: 1682275453
Total Cycles: 14054532753
IPC: 0.119696

--------
Single level Tlb hierarchy
--------
  Data Tlb:
    Entries:          64
    Page Size(B):   4096
    Associativity:      4

Latencies:    0  100
Tlb-Sets:   16 - LRU - assoc:   4

Tlb Stats:
Tlb-Load-Hits:         280735075   87.31%
Tlb-Load-Misses:        40820211   12.69%
Tlb-Load-Accesses:     321555286  100.00%

Tlb-Store-Hits:         132164363  100.00%
Tlb-Store-Misses:              31    0.00%
Tlb-Store-Accesses:     132164394  100.00%

Tlb-Total-Hits:         412899438   91.00%
Tlb-Total-Misses:        40820242    9.00%
Tlb-Total-Accesses:     453719680  100.00%



--------
Two level Cache hierarchy
--------
  L1-Data Cache:
    Size(KB):          32
    Block Size(B):     64
    Associativity:      8

  L2-Data Cache:
    Size(KB):        1024
    Block Size(B):    128
    Associativity:     16

Latencies:    1   20  200
L1-Sets:   64 - LRU - assoc:   8
L2-Sets:  512 - LRU - assoc:  16
Store_allocation: Yes
L2_inclusive: Yes
L2_prefetching: No

L1 Cache Stats:
L1-Load-Hits:         249164904   77.49%
L1-Load-Misses:        72390382   22.51%
L1-Load-Accesses:     321555286  100.00%

L1-Store-Hits:         132134885   99.98%
L1-Store-Misses:           29509    0.02%
L1-Store-Accesses:     132164394  100.00%

L1-Total-Hits:         381299789   84.04%
L1-Total-Misses:        72419891   15.96%
L1-Total-Accesses:     453719680  100.00%

L2 Cache Stats:
L2-Load-Hits:          40453001   55.88%
L2-Load-Misses:        31937381   44.12%
L2-Load-Accesses:      72390382  100.00%

L2-Store-Hits:             26312   89.17%
L2-Store-Misses:            3197   10.83%
L2-Store-Accesses:         29509  100.00%

L2-Total-Hits:          40479313   55.90%
L2-Total-Misses:        31940578   44.10%
L2-Total-Accesses:      72419891  100.00%

