--------
Total Statistics
--------
Total Instructions: 1682275453
Total Cycles: 13348354073
IPC: 0.126029

--------
Single level Tlb hierarchy
--------
  Data Tlb:
    Entries:          64
    Page Size(B):   4096
    Associativity:      4

Latencies:    0  100
Tlb-Sets:   16 - LRU - assoc:   4

Tlb Stats:
Tlb-Load-Hits:         280352770   87.19%
Tlb-Load-Misses:        41202516   12.81%
Tlb-Load-Accesses:     321555286  100.00%

Tlb-Store-Hits:         132164375  100.00%
Tlb-Store-Misses:              19    0.00%
Tlb-Store-Accesses:     132164394  100.00%

Tlb-Total-Hits:         412517145   90.92%
Tlb-Total-Misses:        41202535    9.08%
Tlb-Total-Accesses:     453719680  100.00%



--------
Two level Cache hierarchy
--------
  L1-Data Cache:
    Size(KB):          64
    Block Size(B):    128
    Associativity:      4

  L2-Data Cache:
    Size(KB):        1024
    Block Size(B):    128
    Associativity:      8

Latencies:    1   20  200
L1-Sets:  128 - LRU - assoc:   4
L2-Sets: 1024 - LRU - assoc:   8
Store_allocation: Yes
L2_inclusive: Yes
L2_prefetching: No

L1 Cache Stats:
L1-Load-Hits:         286746275   89.17%
L1-Load-Misses:        34809011   10.83%
L1-Load-Accesses:     321555286  100.00%

L1-Store-Hits:         132154143   99.99%
L1-Store-Misses:           10251    0.01%
L1-Store-Accesses:     132164394  100.00%

L1-Total-Hits:         418900418   92.33%
L1-Total-Misses:        34819262    7.67%
L1-Total-Accesses:     453719680  100.00%

L2 Cache Stats:
L2-Load-Hits:           2837612    8.15%
L2-Load-Misses:        31971399   91.85%
L2-Load-Accesses:      34809011  100.00%

L2-Store-Hits:              3049   29.74%
L2-Store-Misses:            7202   70.26%
L2-Store-Accesses:         10251  100.00%

L2-Total-Hits:           2840661    8.16%
L2-Total-Misses:        31978601   91.84%
L2-Total-Accesses:      34819262  100.00%

