--------
Total Statistics
--------
Total Instructions: 1682275453
Total Cycles: 13624607513
IPC: 0.123473

--------
Single level Tlb hierarchy
--------
  Data Tlb:
    Entries:          64
    Page Size(B):   4096
    Associativity:      8

Latencies:    0  100
Tlb-Sets:    8 - LRU - assoc:   8

Tlb Stats:
Tlb-Load-Hits:         285025168   88.64%
Tlb-Load-Misses:        36530118   11.36%
Tlb-Load-Accesses:     321555286  100.00%

Tlb-Store-Hits:         132164375  100.00%
Tlb-Store-Misses:              19    0.00%
Tlb-Store-Accesses:     132164394  100.00%

Tlb-Total-Hits:         417189543   91.95%
Tlb-Total-Misses:        36530137    8.05%
Tlb-Total-Accesses:     453719680  100.00%



--------
Two level Cache hierarchy
--------
  L1-Data Cache:
    Size(KB):          32
    Block Size(B):     64
    Associativity:      8

  L2-Data Cache:
    Size(KB):        1024
    Block Size(B):    128
    Associativity:      8

Latencies:    1   20  200
L1-Sets:   64 - LRU - assoc:   8
L2-Sets: 1024 - LRU - assoc:   8
Store_allocation: Yes
L2_inclusive: Yes
L2_prefetching: No

L1 Cache Stats:
L1-Load-Hits:         249183119   77.49%
L1-Load-Misses:        72372167   22.51%
L1-Load-Accesses:     321555286  100.00%

L1-Store-Hits:         132153067   99.99%
L1-Store-Misses:           11327    0.01%
L1-Store-Accesses:     132164394  100.00%

L1-Total-Hits:         381336186   84.05%
L1-Total-Misses:        72383494   15.95%
L1-Total-Accesses:     453719680  100.00%

L2 Cache Stats:
L2-Load-Hits:          40434759   55.87%
L2-Load-Misses:        31937408   44.13%
L2-Load-Accesses:      72372167  100.00%

L2-Store-Hits:              9091   80.26%
L2-Store-Misses:            2236   19.74%
L2-Store-Accesses:         11327  100.00%

L2-Total-Hits:          40443850   55.87%
L2-Total-Misses:        31939644   44.13%
L2-Total-Accesses:      72383494  100.00%

