--------
Total Statistics
--------
Total Instructions: 1682275453
Total Cycles: 14191895213
IPC: 0.118538

--------
Single level Tlb hierarchy
--------
  Data Tlb:
    Entries:          64
    Page Size(B):   4096
    Associativity:      4

Latencies:    0  100
Tlb-Sets:   16 - LRU - assoc:   4

Tlb Stats:
Tlb-Load-Hits:         279365643   86.88%
Tlb-Load-Misses:        42189643   13.12%
Tlb-Load-Accesses:     321555286  100.00%

Tlb-Store-Hits:         132164363  100.00%
Tlb-Store-Misses:              31    0.00%
Tlb-Store-Accesses:     132164394  100.00%

Tlb-Total-Hits:         411530006   90.70%
Tlb-Total-Misses:        42189674    9.30%
Tlb-Total-Accesses:     453719680  100.00%



--------
Two level Cache hierarchy
--------
  L1-Data Cache:
    Size(KB):          32
    Block Size(B):     64
    Associativity:      8

  L2-Data Cache:
    Size(KB):        1024
    Block Size(B):    128
    Associativity:      8

Latencies:    1   20  200
L1-Sets:   64 - LRU - assoc:   8
L2-Sets: 1024 - LRU - assoc:   8
Store_allocation: Yes
L2_inclusive: Yes
L2_prefetching: Yes ( 64)

L1 Cache Stats:
L1-Load-Hits:         249157530   77.49%
L1-Load-Misses:        72397756   22.51%
L1-Load-Accesses:     321555286  100.00%

L1-Store-Hits:         132143996   99.98%
L1-Store-Misses:           20398    0.02%
L1-Store-Accesses:     132164394  100.00%

L1-Total-Hits:         381301526   84.04%
L1-Total-Misses:        72418154   15.96%
L1-Total-Accesses:     453719680  100.00%

L2 Cache Stats:
L2-Load-Hits:          40459421   55.88%
L2-Load-Misses:        31938335   44.12%
L2-Load-Accesses:      72397756  100.00%

L2-Store-Hits:             15885   77.88%
L2-Store-Misses:            4513   22.12%
L2-Store-Accesses:         20398  100.00%

L2-Total-Hits:          40475306   55.89%
L2-Total-Misses:        31942848   44.11%
L2-Total-Accesses:      72418154  100.00%

