--------
Total Statistics
--------
Total Instructions: 1682275453
Total Cycles: 14042081713
IPC: 0.119802

--------
Single level Tlb hierarchy
--------
  Data Tlb:
    Entries:          64
    Page Size(B):   4096
    Associativity:      4

Latencies:    0  100
Tlb-Sets:   16 - LRU - assoc:   4

Tlb Stats:
Tlb-Load-Hits:         279384695   86.89%
Tlb-Load-Misses:        42170591   13.11%
Tlb-Load-Accesses:     321555286  100.00%

Tlb-Store-Hits:         132164375  100.00%
Tlb-Store-Misses:              19    0.00%
Tlb-Store-Accesses:     132164394  100.00%

Tlb-Total-Hits:         411549070   90.71%
Tlb-Total-Misses:        42170610    9.29%
Tlb-Total-Accesses:     453719680  100.00%



--------
Two level Cache hierarchy
--------
  L1-Data Cache:
    Size(KB):          32
    Block Size(B):     64
    Associativity:      8

  L2-Data Cache:
    Size(KB):        1024
    Block Size(B):    256
    Associativity:      8

Latencies:    1   20  200
L1-Sets:   64 - LRU - assoc:   8
L2-Sets:  512 - LRU - assoc:   8
Store_allocation: Yes
L2_inclusive: Yes
L2_prefetching: No

L1 Cache Stats:
L1-Load-Hits:         245199961   76.25%
L1-Load-Misses:        76355325   23.75%
L1-Load-Accesses:     321555286  100.00%

L1-Store-Hits:         132153570   99.99%
L1-Store-Misses:           10824    0.01%
L1-Store-Accesses:     132164394  100.00%

L1-Total-Hits:         377353531   83.17%
L1-Total-Misses:        76366149   16.83%
L1-Total-Accesses:     453719680  100.00%

L2 Cache Stats:
L2-Load-Hits:          45549525   59.65%
L2-Load-Misses:        30805800   40.35%
L2-Load-Accesses:      76355325  100.00%

L2-Store-Hits:              8111   74.94%
L2-Store-Misses:            2713   25.06%
L2-Store-Accesses:         10824  100.00%

L2-Total-Hits:          45557636   59.66%
L2-Total-Misses:        30808513   40.34%
L2-Total-Accesses:      76366149  100.00%

