--------
Total Statistics
--------
Total Instructions: 1682275453
Total Cycles: 13978191093
IPC: 0.12035

--------
Single level Tlb hierarchy
--------
  Data Tlb:
    Entries:          64
    Page Size(B):   4096
    Associativity:      4

Latencies:    0  100
Tlb-Sets:   16 - LRU - assoc:   4

Tlb Stats:
Tlb-Load-Hits:         280838006   87.34%
Tlb-Load-Misses:        40717280   12.66%
Tlb-Load-Accesses:     321555286  100.00%

Tlb-Store-Hits:         132164363  100.00%
Tlb-Store-Misses:              31    0.00%
Tlb-Store-Accesses:     132164394  100.00%

Tlb-Total-Hits:         413002369   91.03%
Tlb-Total-Misses:        40717311    8.97%
Tlb-Total-Accesses:     453719680  100.00%



--------
Two level Cache hierarchy
--------
  L1-Data Cache:
    Size(KB):         128
    Block Size(B):     64
    Associativity:      8

  L2-Data Cache:
    Size(KB):        1024
    Block Size(B):    128
    Associativity:      8

Latencies:    1   20  200
L1-Sets:  256 - LRU - assoc:   8
L2-Sets: 1024 - LRU - assoc:   8
Store_allocation: Yes
L2_inclusive: Yes
L2_prefetching: No

L1 Cache Stats:
L1-Load-Hits:         252340850   78.48%
L1-Load-Misses:        69214436   21.52%
L1-Load-Accesses:     321555286  100.00%

L1-Store-Hits:         132163177  100.00%
L1-Store-Misses:            1217    0.00%
L1-Store-Accesses:     132164394  100.00%

L1-Total-Hits:         384504027   84.74%
L1-Total-Misses:        69215653   15.26%
L1-Total-Accesses:     453719680  100.00%

L2 Cache Stats:
L2-Load-Hits:          37284149   53.87%
L2-Load-Misses:        31930287   46.13%
L2-Load-Accesses:      69214436  100.00%

L2-Store-Hits:               745   61.22%
L2-Store-Misses:             472   38.78%
L2-Store-Accesses:          1217  100.00%

L2-Total-Hits:          37284894   53.87%
L2-Total-Misses:        31930759   46.13%
L2-Total-Accesses:      69215653  100.00%

