--------
Total Statistics
--------
Total Instructions: 1682275453
Total Cycles: 14123219793
IPC: 0.119114

--------
Single level Tlb hierarchy
--------
  Data Tlb:
    Entries:          64
    Page Size(B):   4096
    Associativity:      4

Latencies:    0  100
Tlb-Sets:   16 - LRU - assoc:   4

Tlb Stats:
Tlb-Load-Hits:         280045490   87.09%
Tlb-Load-Misses:        41509796   12.91%
Tlb-Load-Accesses:     321555286  100.00%

Tlb-Store-Hits:         132164375  100.00%
Tlb-Store-Misses:              19    0.00%
Tlb-Store-Accesses:     132164394  100.00%

Tlb-Total-Hits:         412209865   90.85%
Tlb-Total-Misses:        41509815    9.15%
Tlb-Total-Accesses:     453719680  100.00%



--------
Two level Cache hierarchy
--------
  L1-Data Cache:
    Size(KB):          32
    Block Size(B):     64
    Associativity:      8

  L2-Data Cache:
    Size(KB):        1024
    Block Size(B):    128
    Associativity:      8

Latencies:    1   20  200
L1-Sets:   64 - LRU - assoc:   8
L2-Sets: 1024 - LRU - assoc:   8
Store_allocation: Yes
L2_inclusive: Yes
L2_prefetching: No

L1 Cache Stats:
L1-Load-Hits:         249178881   77.49%
L1-Load-Misses:        72376405   22.51%
L1-Load-Accesses:     321555286  100.00%

L1-Store-Hits:         132147621   99.99%
L1-Store-Misses:           16773    0.01%
L1-Store-Accesses:     132164394  100.00%

L1-Total-Hits:         381326502   84.04%
L1-Total-Misses:        72393178   15.96%
L1-Total-Accesses:     453719680  100.00%

L2 Cache Stats:
L2-Load-Hits:          40438864   55.87%
L2-Load-Misses:        31937541   44.13%
L2-Load-Accesses:      72376405  100.00%

L2-Store-Hits:             12416   74.02%
L2-Store-Misses:            4357   25.98%
L2-Store-Accesses:         16773  100.00%

L2-Total-Hits:          40451280   55.88%
L2-Total-Misses:        31941898   44.12%
L2-Total-Accesses:      72393178  100.00%

