--------
Total Statistics
--------
Total Instructions: 1682275453
Total Cycles: 13257210753
IPC: 0.126895

--------
Single level Tlb hierarchy
--------
  Data Tlb:
    Entries:          64
    Page Size(B):   4096
    Associativity:     64

Latencies:    0  100
Tlb-Sets:    1 - LRU - assoc:  64

Tlb Stats:
Tlb-Load-Hits:         288698669   89.78%
Tlb-Load-Misses:        32856617   10.22%
Tlb-Load-Accesses:     321555286  100.00%

Tlb-Store-Hits:         132164374  100.00%
Tlb-Store-Misses:              20    0.00%
Tlb-Store-Accesses:     132164394  100.00%

Tlb-Total-Hits:         420863043   92.76%
Tlb-Total-Misses:        32856637    7.24%
Tlb-Total-Accesses:     453719680  100.00%



--------
Two level Cache hierarchy
--------
  L1-Data Cache:
    Size(KB):          32
    Block Size(B):     64
    Associativity:      8

  L2-Data Cache:
    Size(KB):        1024
    Block Size(B):    128
    Associativity:      8

Latencies:    1   20  200
L1-Sets:   64 - LRU - assoc:   8
L2-Sets: 1024 - LRU - assoc:   8
Store_allocation: Yes
L2_inclusive: Yes
L2_prefetching: No

L1 Cache Stats:
L1-Load-Hits:         249153686   77.48%
L1-Load-Misses:        72401600   22.52%
L1-Load-Accesses:     321555286  100.00%

L1-Store-Hits:         132153868   99.99%
L1-Store-Misses:           10526    0.01%
L1-Store-Accesses:     132164394  100.00%

L1-Total-Hits:         381307554   84.04%
L1-Total-Misses:        72412126   15.96%
L1-Total-Accesses:     453719680  100.00%

L2 Cache Stats:
L2-Load-Hits:          40467343   55.89%
L2-Load-Misses:        31934257   44.11%
L2-Load-Accesses:      72401600  100.00%

L2-Store-Hits:              8236   78.24%
L2-Store-Misses:            2290   21.76%
L2-Store-Accesses:         10526  100.00%

L2-Total-Hits:          40475579   55.90%
L2-Total-Misses:        31936547   44.10%
L2-Total-Accesses:      72412126  100.00%

