--------
Total Statistics
--------
Total Instructions: 1682275453
Total Cycles: 12955592413
IPC: 0.129849

--------
Single level Tlb hierarchy
--------
  Data Tlb:
    Entries:         256
    Page Size(B):   4096
    Associativity:      4

Latencies:    0  100
Tlb-Sets:   64 - LRU - assoc:   4

Tlb Stats:
Tlb-Load-Hits:         291728497   90.72%
Tlb-Load-Misses:        29826789    9.28%
Tlb-Load-Accesses:     321555286  100.00%

Tlb-Store-Hits:         132164363  100.00%
Tlb-Store-Misses:              31    0.00%
Tlb-Store-Accesses:     132164394  100.00%

Tlb-Total-Hits:         423892860   93.43%
Tlb-Total-Misses:        29826820    6.57%
Tlb-Total-Accesses:     453719680  100.00%



--------
Two level Cache hierarchy
--------
  L1-Data Cache:
    Size(KB):          32
    Block Size(B):     64
    Associativity:      8

  L2-Data Cache:
    Size(KB):        1024
    Block Size(B):    128
    Associativity:      8

Latencies:    1   20  200
L1-Sets:   64 - LRU - assoc:   8
L2-Sets: 1024 - LRU - assoc:   8
Store_allocation: Yes
L2_inclusive: Yes
L2_prefetching: No

L1 Cache Stats:
L1-Load-Hits:         249167240   77.49%
L1-Load-Misses:        72388046   22.51%
L1-Load-Accesses:     321555286  100.00%

L1-Store-Hits:         132134546   99.98%
L1-Store-Misses:           29848    0.02%
L1-Store-Accesses:     132164394  100.00%

L1-Total-Hits:         381301786   84.04%
L1-Total-Misses:        72417894   15.96%
L1-Total-Accesses:     453719680  100.00%

L2 Cache Stats:
L2-Load-Hits:          40448767   55.88%
L2-Load-Misses:        31939279   44.12%
L2-Load-Accesses:      72388046  100.00%

L2-Store-Hits:             26340   88.25%
L2-Store-Misses:            3508   11.75%
L2-Store-Accesses:         29848  100.00%

L2-Total-Hits:          40475107   55.89%
L2-Total-Misses:        31942787   44.11%
L2-Total-Accesses:      72417894  100.00%

