--------
Total Statistics
--------
Total Instructions: 1682275453
Total Cycles: 14089043493
IPC: 0.119403

--------
Single level Tlb hierarchy
--------
  Data Tlb:
    Entries:          64
    Page Size(B):   4096
    Associativity:      4

Latencies:    0  100
Tlb-Sets:   16 - LRU - assoc:   4

Tlb Stats:
Tlb-Load-Hits:         280847008   87.34%
Tlb-Load-Misses:        40708278   12.66%
Tlb-Load-Accesses:     321555286  100.00%

Tlb-Store-Hits:         132164375  100.00%
Tlb-Store-Misses:              19    0.00%
Tlb-Store-Accesses:     132164394  100.00%

Tlb-Total-Hits:         413011383   91.03%
Tlb-Total-Misses:        40708297    8.97%
Tlb-Total-Accesses:     453719680  100.00%



--------
Two level Cache hierarchy
--------
  L1-Data Cache:
    Size(KB):          32
    Block Size(B):     32
    Associativity:      4

  L2-Data Cache:
    Size(KB):        1024
    Block Size(B):    128
    Associativity:      8

Latencies:    1   20  200
L1-Sets:  256 - LRU - assoc:   4
L2-Sets: 1024 - LRU - assoc:   8
Store_allocation: Yes
L2_inclusive: Yes
L2_prefetching: No

L1 Cache Stats:
L1-Load-Hits:         246792177   76.75%
L1-Load-Misses:        74763109   23.25%
L1-Load-Accesses:     321555286  100.00%

L1-Store-Hits:         132057960   99.92%
L1-Store-Misses:          106434    0.08%
L1-Store-Accesses:     132164394  100.00%

L1-Total-Hits:         378850137   83.50%
L1-Total-Misses:        74869543   16.50%
L1-Total-Accesses:     453719680  100.00%

L2 Cache Stats:
L2-Load-Hits:          42841009   57.30%
L2-Load-Misses:        31922100   42.70%
L2-Load-Accesses:      74763109  100.00%

L2-Store-Hits:            104395   98.08%
L2-Store-Misses:            2039    1.92%
L2-Store-Accesses:        106434  100.00%

L2-Total-Hits:          42945404   57.36%
L2-Total-Misses:        31924139   42.64%
L2-Total-Accesses:      74869543  100.00%

