--------
Total Statistics
--------
Total Instructions: 1682275453
Total Cycles: 13508451233
IPC: 0.124535

--------
Single level Tlb hierarchy
--------
  Data Tlb:
    Entries:          64
    Page Size(B):   4096
    Associativity:      4

Latencies:    0  100
Tlb-Sets:   16 - LRU - assoc:   4

Tlb Stats:
Tlb-Load-Hits:         280099319   87.11%
Tlb-Load-Misses:        41455967   12.89%
Tlb-Load-Accesses:     321555286  100.00%

Tlb-Store-Hits:         132164375  100.00%
Tlb-Store-Misses:              19    0.00%
Tlb-Store-Accesses:     132164394  100.00%

Tlb-Total-Hits:         412263694   90.86%
Tlb-Total-Misses:        41455986    9.14%
Tlb-Total-Accesses:     453719680  100.00%



--------
Two level Cache hierarchy
--------
  L1-Data Cache:
    Size(KB):          32
    Block Size(B):     64
    Associativity:      8

  L2-Data Cache:
    Size(KB):        2048
    Block Size(B):    256
    Associativity:      8

Latencies:    1   20  200
L1-Sets:   64 - LRU - assoc:   8
L2-Sets: 1024 - LRU - assoc:   8
Store_allocation: Yes
L2_inclusive: Yes
L2_prefetching: No

L1 Cache Stats:
L1-Load-Hits:         248040659   77.14%
L1-Load-Misses:        73514627   22.86%
L1-Load-Accesses:     321555286  100.00%

L1-Store-Hits:         132149746   99.99%
L1-Store-Misses:           14648    0.01%
L1-Store-Accesses:     132164394  100.00%

L1-Total-Hits:         380190405   83.79%
L1-Total-Misses:        73529275   16.21%
L1-Total-Accesses:     453719680  100.00%

L2 Cache Stats:
L2-Load-Hits:          44734781   60.85%
L2-Load-Misses:        28779846   39.15%
L2-Load-Accesses:      73514627  100.00%

L2-Store-Hits:             13134   89.66%
L2-Store-Misses:            1514   10.34%
L2-Store-Accesses:         14648  100.00%

L2-Total-Hits:          44747915   60.86%
L2-Total-Misses:        28781360   39.14%
L2-Total-Accesses:      73529275  100.00%

