--------
Total Statistics
--------
Total Instructions: 20864693245
Total Cycles: 52344883678
IPC: 0.3986

--------
Single level Tlb hierarchy
--------
  Data Tlb:
    Entries:          64
    Page Size(B):   4096
    Associativity:      4

Latencies:    0  100
Tlb-Sets:   16 - LRU - assoc:   4

Tlb Stats:
Tlb-Load-Hits:        6323367765   99.52%
Tlb-Load-Misses:        30330879    0.48%
Tlb-Load-Accesses:    6353698644  100.00%

Tlb-Store-Hits:        2620846487   99.79%
Tlb-Store-Misses:         5390822    0.21%
Tlb-Store-Accesses:    2626237309  100.00%

Tlb-Total-Hits:        8944214252   99.60%
Tlb-Total-Misses:        35721701    0.40%
Tlb-Total-Accesses:    8979935953  100.00%



--------
Two level Cache hierarchy
--------
  L1-Data Cache:
    Size(KB):          32
    Block Size(B):     64
    Associativity:      8

  L2-Data Cache:
    Size(KB):        1024
    Block Size(B):    128
    Associativity:      8

Latencies:    1   20  200
L1-Sets:   64 - LRU - assoc:   8
L2-Sets: 1024 - LRU - assoc:   8
Store_allocation: Yes
L2_inclusive: Yes
L2_prefetching: Yes (  2)

L1 Cache Stats:
L1-Load-Hits:        6131674431   96.51%
L1-Load-Misses:       222024213    3.49%
L1-Load-Accesses:    6353698644  100.00%

L1-Store-Hits:        2607011293   99.27%
L1-Store-Misses:        19226016    0.73%
L1-Store-Accesses:    2626237309  100.00%

L1-Total-Hits:        8738685724   97.31%
L1-Total-Misses:       241250229    2.69%
L1-Total-Accesses:    8979935953  100.00%

L2 Cache Stats:
L2-Load-Hits:         157057814   70.74%
L2-Load-Misses:        64966399   29.26%
L2-Load-Accesses:     222024213  100.00%

L2-Store-Hits:          13677016   71.14%
L2-Store-Misses:         5549000   28.86%
L2-Store-Accesses:      19226016  100.00%

L2-Total-Hits:         170734830   70.77%
L2-Total-Misses:        70515399   29.23%
L2-Total-Accesses:     241250229  100.00%

