--------
Total Statistics
--------
Total Instructions: 20864691272
Total Cycles: 56030826255
IPC: 0.372379

--------
Single level Tlb hierarchy
--------
  Data Tlb:
    Entries:          64
    Page Size(B):   4096
    Associativity:      4

Latencies:    0  100
Tlb-Sets:   16 - LRU - assoc:   4

Tlb Stats:
Tlb-Load-Hits:        6312402317   99.35%
Tlb-Load-Misses:        41295734    0.65%
Tlb-Load-Accesses:    6353698051  100.00%

Tlb-Store-Hits:        2620321057   99.77%
Tlb-Store-Misses:         5915935    0.23%
Tlb-Store-Accesses:    2626236992  100.00%

Tlb-Total-Hits:        8932723374   99.47%
Tlb-Total-Misses:        47211669    0.53%
Tlb-Total-Accesses:    8979935043  100.00%



--------
Two level Cache hierarchy
--------
  L1-Data Cache:
    Size(KB):          64
    Block Size(B):     32
    Associativity:      4

  L2-Data Cache:
    Size(KB):        1024
    Block Size(B):    128
    Associativity:      8

Latencies:    1   20  200
L1-Sets:  512 - LRU - assoc:   4
L2-Sets: 1024 - LRU - assoc:   8
Store_allocation: Yes
L2_inclusive: Yes
L2_prefetching: No

L1 Cache Stats:
L1-Load-Hits:        6014690983   94.66%
L1-Load-Misses:       339007068    5.34%
L1-Load-Accesses:    6353698051  100.00%

L1-Store-Hits:        2597209248   98.89%
L1-Store-Misses:        29027744    1.11%
L1-Store-Accesses:    2626236992  100.00%

L1-Total-Hits:        8611900231   95.90%
L1-Total-Misses:       368034812    4.10%
L1-Total-Accesses:    8979935043  100.00%

L2 Cache Stats:
L2-Load-Hits:         274035742   80.83%
L2-Load-Misses:        64971326   19.17%
L2-Load-Accesses:     339007068  100.00%

L2-Store-Hits:          23477386   80.88%
L2-Store-Misses:         5550358   19.12%
L2-Store-Accesses:      29027744  100.00%

L2-Total-Hits:         297513128   80.84%
L2-Total-Misses:        70521684   19.16%
L2-Total-Accesses:     368034812  100.00%

