--------
Total Statistics
--------
Total Instructions: 20864692189
Total Cycles: 88053381019
IPC: 0.236955

--------
Single level Tlb hierarchy
--------
  Data Tlb:
    Entries:           8
    Page Size(B):   4096
    Associativity:      4

Latencies:    0  100
Tlb-Sets:    2 - LRU - assoc:   4

Tlb Stats:
Tlb-Load-Hits:        5988138413   94.25%
Tlb-Load-Misses:       365559920    5.75%
Tlb-Load-Accesses:    6353698333  100.00%

Tlb-Store-Hits:        2598961011   98.96%
Tlb-Store-Misses:        27276126    1.04%
Tlb-Store-Accesses:    2626237137  100.00%

Tlb-Total-Hits:        8587099424   95.63%
Tlb-Total-Misses:       392836046    4.37%
Tlb-Total-Accesses:    8979935470  100.00%



--------
Two level Cache hierarchy
--------
  L1-Data Cache:
    Size(KB):          32
    Block Size(B):     64
    Associativity:      8

  L2-Data Cache:
    Size(KB):        1024
    Block Size(B):    128
    Associativity:      8

Latencies:    1   20  200
L1-Sets:   64 - LRU - assoc:   8
L2-Sets: 1024 - LRU - assoc:   8
Store_allocation: Yes
L2_inclusive: Yes
L2_prefetching: No

L1 Cache Stats:
L1-Load-Hits:        6131704126   96.51%
L1-Load-Misses:       221994207    3.49%
L1-Load-Accesses:    6353698333  100.00%

L1-Store-Hits:        2607057206   99.27%
L1-Store-Misses:        19179931    0.73%
L1-Store-Accesses:    2626237137  100.00%

L1-Total-Hits:        8738761332   97.31%
L1-Total-Misses:       241174138    2.69%
L1-Total-Accesses:    8979935470  100.00%

L2 Cache Stats:
L2-Load-Hits:         157035424   70.74%
L2-Load-Misses:        64958783   29.26%
L2-Load-Accesses:     221994207  100.00%

L2-Store-Hits:          13630384   71.07%
L2-Store-Misses:         5549547   28.93%
L2-Store-Accesses:      19179931  100.00%

L2-Total-Hits:         170665808   70.76%
L2-Total-Misses:        70508330   29.24%
L2-Total-Accesses:     241174138  100.00%

