--------
Total Statistics
--------
Total Instructions: 20864691671
Total Cycles: 52456319111
IPC: 0.397754

--------
Single level Tlb hierarchy
--------
  Data Tlb:
    Entries:          64
    Page Size(B):   4096
    Associativity:      4

Latencies:    0  100
Tlb-Sets:   16 - LRU - assoc:   4

Tlb Stats:
Tlb-Load-Hits:        6321961840   99.50%
Tlb-Load-Misses:        31736332    0.50%
Tlb-Load-Accesses:    6353698172  100.00%

Tlb-Store-Hits:        2621069171   99.80%
Tlb-Store-Misses:         5167857    0.20%
Tlb-Store-Accesses:    2626237028  100.00%

Tlb-Total-Hits:        8943031011   99.59%
Tlb-Total-Misses:        36904189    0.41%
Tlb-Total-Accesses:    8979935200  100.00%



--------
Two level Cache hierarchy
--------
  L1-Data Cache:
    Size(KB):          32
    Block Size(B):     64
    Associativity:      8

  L2-Data Cache:
    Size(KB):        1024
    Block Size(B):    128
    Associativity:      8

Latencies:    1   20  200
L1-Sets:   64 - LRU - assoc:   8
L2-Sets: 1024 - LRU - assoc:   8
Store_allocation: Yes
L2_inclusive: Yes
L2_prefetching: No

L1 Cache Stats:
L1-Load-Hits:        6131821141   96.51%
L1-Load-Misses:       221877031    3.49%
L1-Load-Accesses:    6353698172  100.00%

L1-Store-Hits:        2607125832   99.27%
L1-Store-Misses:        19111196    0.73%
L1-Store-Accesses:    2626237028  100.00%

L1-Total-Hits:        8738946973   97.32%
L1-Total-Misses:       240988227    2.68%
L1-Total-Accesses:    8979935200  100.00%

L2 Cache Stats:
L2-Load-Hits:         156919699   70.72%
L2-Load-Misses:        64957332   29.28%
L2-Load-Accesses:     221877031  100.00%

L2-Store-Hits:          13560984   70.96%
L2-Store-Misses:         5550212   29.04%
L2-Store-Accesses:      19111196  100.00%

L2-Total-Hits:         170480683   70.74%
L2-Total-Misses:        70507544   29.26%
L2-Total-Accesses:     240988227  100.00%

