--------
Total Statistics
--------
Total Instructions: 20864692059
Total Cycles: 65297287402
IPC: 0.319534

--------
Single level Tlb hierarchy
--------
  Data Tlb:
    Entries:          64
    Page Size(B):   4096
    Associativity:      4

Latencies:    0  100
Tlb-Sets:   16 - LRU - assoc:   4

Tlb Stats:
Tlb-Load-Hits:        6313800567   99.37%
Tlb-Load-Misses:        39897697    0.63%
Tlb-Load-Accesses:    6353698264  100.00%

Tlb-Store-Hits:        2620942180   99.80%
Tlb-Store-Misses:         5294899    0.20%
Tlb-Store-Accesses:    2626237079  100.00%

Tlb-Total-Hits:        8934742747   99.50%
Tlb-Total-Misses:        45192596    0.50%
Tlb-Total-Accesses:    8979935343  100.00%



--------
Two level Cache hierarchy
--------
  L1-Data Cache:
    Size(KB):          32
    Block Size(B):     64
    Associativity:      8

  L2-Data Cache:
    Size(KB):        1024
    Block Size(B):     64
    Associativity:      8

Latencies:    1   20  200
L1-Sets:   64 - LRU - assoc:   8
L2-Sets: 2048 - LRU - assoc:   8
Store_allocation: Yes
L2_inclusive: Yes
L2_prefetching: No

L1 Cache Stats:
L1-Load-Hits:        6202906560   97.63%
L1-Load-Misses:       150791704    2.37%
L1-Load-Accesses:    6353698264  100.00%

L1-Store-Hits:        2614410953   99.55%
L1-Store-Misses:        11826126    0.45%
L1-Store-Accesses:    2626237079  100.00%

L1-Total-Hits:        8817317513   98.19%
L1-Total-Misses:       162617830    1.81%
L1-Total-Accesses:    8979935343  100.00%

L2 Cache Stats:
L2-Load-Hits:          23175947   15.37%
L2-Load-Misses:       127615757   84.63%
L2-Load-Accesses:     150791704  100.00%

L2-Store-Hits:           1036664    8.77%
L2-Store-Misses:        10789462   91.23%
L2-Store-Accesses:      11826126  100.00%

L2-Total-Hits:          24212611   14.89%
L2-Total-Misses:       138405219   85.11%
L2-Total-Accesses:     162617830  100.00%

