--------
Total Statistics
--------
Total Instructions: 20864692868
Total Cycles: 50048393507
IPC: 0.41689

--------
Single level Tlb hierarchy
--------
  Data Tlb:
    Entries:          64
    Page Size(B):   4096
    Associativity:     64

Latencies:    0  100
Tlb-Sets:    1 - LRU - assoc:  64

Tlb Stats:
Tlb-Load-Hits:        6341901378   99.81%
Tlb-Load-Misses:        11797197    0.19%
Tlb-Load-Accesses:    6353698575  100.00%

Tlb-Store-Hits:        2625284683   99.96%
Tlb-Store-Misses:          952581    0.04%
Tlb-Store-Accesses:    2626237264  100.00%

Tlb-Total-Hits:        8967186061   99.86%
Tlb-Total-Misses:        12749778    0.14%
Tlb-Total-Accesses:    8979935839  100.00%



--------
Two level Cache hierarchy
--------
  L1-Data Cache:
    Size(KB):          32
    Block Size(B):     64
    Associativity:      8

  L2-Data Cache:
    Size(KB):        1024
    Block Size(B):    128
    Associativity:      8

Latencies:    1   20  200
L1-Sets:   64 - LRU - assoc:   8
L2-Sets: 1024 - LRU - assoc:   8
Store_allocation: Yes
L2_inclusive: Yes
L2_prefetching: No

L1 Cache Stats:
L1-Load-Hits:        6131651664   96.51%
L1-Load-Misses:       222046911    3.49%
L1-Load-Accesses:    6353698575  100.00%

L1-Store-Hits:        2606980795   99.27%
L1-Store-Misses:        19256469    0.73%
L1-Store-Accesses:    2626237264  100.00%

L1-Total-Hits:        8738632459   97.31%
L1-Total-Misses:       241303380    2.69%
L1-Total-Accesses:    8979935839  100.00%

L2 Cache Stats:
L2-Load-Hits:         157081985   70.74%
L2-Load-Misses:        64964926   29.26%
L2-Load-Accesses:     222046911  100.00%

L2-Store-Hits:          13707798   71.19%
L2-Store-Misses:         5548671   28.81%
L2-Store-Accesses:      19256469  100.00%

L2-Total-Hits:         170789783   70.78%
L2-Total-Misses:        70513597   29.22%
L2-Total-Accesses:     241303380  100.00%

