--------
Total Statistics
--------
Total Instructions: 20864691485
Total Cycles: 54641414763
IPC: 0.381848

--------
Single level Tlb hierarchy
--------
  Data Tlb:
    Entries:          64
    Page Size(B):   4096
    Associativity:      2

Latencies:    0  100
Tlb-Sets:   32 - LRU - assoc:   2

Tlb Stats:
Tlb-Load-Hits:        6300336657   99.16%
Tlb-Load-Misses:        53361442    0.84%
Tlb-Load-Accesses:    6353698099  100.00%

Tlb-Store-Hits:        2620903892   99.80%
Tlb-Store-Misses:         5333087    0.20%
Tlb-Store-Accesses:    2626236979  100.00%

Tlb-Total-Hits:        8921240549   99.35%
Tlb-Total-Misses:        58694529    0.65%
Tlb-Total-Accesses:    8979935078  100.00%



--------
Two level Cache hierarchy
--------
  L1-Data Cache:
    Size(KB):          32
    Block Size(B):     64
    Associativity:      8

  L2-Data Cache:
    Size(KB):        1024
    Block Size(B):    128
    Associativity:      8

Latencies:    1   20  200
L1-Sets:   64 - LRU - assoc:   8
L2-Sets: 1024 - LRU - assoc:   8
Store_allocation: Yes
L2_inclusive: Yes
L2_prefetching: No

L1 Cache Stats:
L1-Load-Hits:        6131679595   96.51%
L1-Load-Misses:       222018504    3.49%
L1-Load-Accesses:    6353698099  100.00%

L1-Store-Hits:        2607045958   99.27%
L1-Store-Misses:        19191021    0.73%
L1-Store-Accesses:    2626236979  100.00%

L1-Total-Hits:        8738725553   97.31%
L1-Total-Misses:       241209525    2.69%
L1-Total-Accesses:    8979935078  100.00%

L2 Cache Stats:
L2-Load-Hits:         157052024   70.74%
L2-Load-Misses:        64966480   29.26%
L2-Load-Accesses:     222018504  100.00%

L2-Store-Hits:          13641777   71.08%
L2-Store-Misses:         5549244   28.92%
L2-Store-Accesses:      19191021  100.00%

L2-Total-Hits:         170693801   70.77%
L2-Total-Misses:        70515724   29.23%
L2-Total-Accesses:     241209525  100.00%

