--------
Total Statistics
--------
Total Instructions: 20864692996
Total Cycles: 49731822879
IPC: 0.419544

--------
Single level Tlb hierarchy
--------
  Data Tlb:
    Entries:         128
    Page Size(B):   4096
    Associativity:      4

Latencies:    0  100
Tlb-Sets:   32 - LRU - assoc:   4

Tlb Stats:
Tlb-Load-Hits:        6345229467   99.87%
Tlb-Load-Misses:         8469125    0.13%
Tlb-Load-Accesses:    6353698592  100.00%

Tlb-Store-Hits:        2625072360   99.96%
Tlb-Store-Misses:         1164911    0.04%
Tlb-Store-Accesses:    2626237271  100.00%

Tlb-Total-Hits:        8970301827   99.89%
Tlb-Total-Misses:         9634036    0.11%
Tlb-Total-Accesses:    8979935863  100.00%



--------
Two level Cache hierarchy
--------
  L1-Data Cache:
    Size(KB):          32
    Block Size(B):     64
    Associativity:      8

  L2-Data Cache:
    Size(KB):        1024
    Block Size(B):    128
    Associativity:      8

Latencies:    1   20  200
L1-Sets:   64 - LRU - assoc:   8
L2-Sets: 1024 - LRU - assoc:   8
Store_allocation: Yes
L2_inclusive: Yes
L2_prefetching: No

L1 Cache Stats:
L1-Load-Hits:        6131802729   96.51%
L1-Load-Misses:       221895863    3.49%
L1-Load-Accesses:    6353698592  100.00%

L1-Store-Hits:        2607086883   99.27%
L1-Store-Misses:        19150388    0.73%
L1-Store-Accesses:    2626237271  100.00%

L1-Total-Hits:        8738889612   97.32%
L1-Total-Misses:       241046251    2.68%
L1-Total-Accesses:    8979935863  100.00%

L2 Cache Stats:
L2-Load-Hits:         156931148   70.72%
L2-Load-Misses:        64964715   29.28%
L2-Load-Accesses:     221895863  100.00%

L2-Store-Hits:          13600776   71.02%
L2-Store-Misses:         5549612   28.98%
L2-Store-Accesses:      19150388  100.00%

L2-Total-Hits:         170531924   70.75%
L2-Total-Misses:        70514327   29.25%
L2-Total-Accesses:     241046251  100.00%

