--------
Total Statistics
--------
Total Instructions: 20864693086
Total Cycles: 51251899881
IPC: 0.407101

--------
Single level Tlb hierarchy
--------
  Data Tlb:
    Entries:          64
    Page Size(B):   4096
    Associativity:     16

Latencies:    0  100
Tlb-Sets:    4 - LRU - assoc:  16

Tlb Stats:
Tlb-Load-Hits:        6331121340   99.64%
Tlb-Load-Misses:        22577269    0.36%
Tlb-Load-Accesses:    6353698609  100.00%

Tlb-Store-Hits:        2623995887   99.91%
Tlb-Store-Misses:         2241399    0.09%
Tlb-Store-Accesses:    2626237286  100.00%

Tlb-Total-Hits:        8955117227   99.72%
Tlb-Total-Misses:        24818668    0.28%
Tlb-Total-Accesses:    8979935895  100.00%



--------
Two level Cache hierarchy
--------
  L1-Data Cache:
    Size(KB):          32
    Block Size(B):     64
    Associativity:      8

  L2-Data Cache:
    Size(KB):        1024
    Block Size(B):    128
    Associativity:      8

Latencies:    1   20  200
L1-Sets:   64 - LRU - assoc:   8
L2-Sets: 1024 - LRU - assoc:   8
Store_allocation: Yes
L2_inclusive: Yes
L2_prefetching: No

L1 Cache Stats:
L1-Load-Hits:        6131710205   96.51%
L1-Load-Misses:       221988404    3.49%
L1-Load-Accesses:    6353698609  100.00%

L1-Store-Hits:        2607022635   99.27%
L1-Store-Misses:        19214651    0.73%
L1-Store-Accesses:    2626237286  100.00%

L1-Total-Hits:        8738732840   97.31%
L1-Total-Misses:       241203055    2.69%
L1-Total-Accesses:    8979935895  100.00%

L2 Cache Stats:
L2-Load-Hits:         157030949   70.74%
L2-Load-Misses:        64957455   29.26%
L2-Load-Accesses:     221988404  100.00%

L2-Store-Hits:          13665391   71.12%
L2-Store-Misses:         5549260   28.88%
L2-Store-Accesses:      19214651  100.00%

L2-Total-Hits:         170696340   70.77%
L2-Total-Misses:        70506715   29.23%
L2-Total-Accesses:     241203055  100.00%

