--------
Total Statistics
--------
Total Instructions: 20864693084
Total Cycles: 52638835783
IPC: 0.396375

--------
Single level Tlb hierarchy
--------
  Data Tlb:
    Entries:          64
    Page Size(B):   4096
    Associativity:      4

Latencies:    0  100
Tlb-Sets:   16 - LRU - assoc:   4

Tlb Stats:
Tlb-Load-Hits:        6319863095   99.47%
Tlb-Load-Misses:        33835515    0.53%
Tlb-Load-Accesses:    6353698610  100.00%

Tlb-Store-Hits:        2621384435   99.82%
Tlb-Store-Misses:         4852854    0.18%
Tlb-Store-Accesses:    2626237289  100.00%

Tlb-Total-Hits:        8941247530   99.57%
Tlb-Total-Misses:        38688369    0.43%
Tlb-Total-Accesses:    8979935899  100.00%



--------
Two level Cache hierarchy
--------
  L1-Data Cache:
    Size(KB):          32
    Block Size(B):     64
    Associativity:      8

  L2-Data Cache:
    Size(KB):        1024
    Block Size(B):    128
    Associativity:      8

Latencies:    1   20  200
L1-Sets:   64 - LRU - assoc:   8
L2-Sets: 1024 - LRU - assoc:   8
Store_allocation: Yes
L2_inclusive: Yes
L2_prefetching: Yes ( 16)

L1 Cache Stats:
L1-Load-Hits:        6131693177   96.51%
L1-Load-Misses:       222005433    3.49%
L1-Load-Accesses:    6353698610  100.00%

L1-Store-Hits:        2607045697   99.27%
L1-Store-Misses:        19191592    0.73%
L1-Store-Accesses:    2626237289  100.00%

L1-Total-Hits:        8738738874   97.31%
L1-Total-Misses:       241197025    2.69%
L1-Total-Accesses:    8979935899  100.00%

L2 Cache Stats:
L2-Load-Hits:         157047985   70.74%
L2-Load-Misses:        64957448   29.26%
L2-Load-Accesses:     222005433  100.00%

L2-Store-Hits:          13641893   71.08%
L2-Store-Misses:         5549699   28.92%
L2-Store-Accesses:      19191592  100.00%

L2-Total-Hits:         170689878   70.77%
L2-Total-Misses:        70507147   29.23%
L2-Total-Accesses:     241197025  100.00%

