--------
Total Statistics
--------
Total Instructions: 20864693038
Total Cycles: 52465211729
IPC: 0.397686

--------
Single level Tlb hierarchy
--------
  Data Tlb:
    Entries:          64
    Page Size(B):   4096
    Associativity:      4

Latencies:    0  100
Tlb-Sets:   16 - LRU - assoc:   4

Tlb Stats:
Tlb-Load-Hits:        6321260732   99.49%
Tlb-Load-Misses:        32437864    0.51%
Tlb-Load-Accesses:    6353698596  100.00%

Tlb-Store-Hits:        2621704573   99.83%
Tlb-Store-Misses:         4532702    0.17%
Tlb-Store-Accesses:    2626237275  100.00%

Tlb-Total-Hits:        8942965305   99.59%
Tlb-Total-Misses:        36970566    0.41%
Tlb-Total-Accesses:    8979935871  100.00%



--------
Two level Cache hierarchy
--------
  L1-Data Cache:
    Size(KB):          32
    Block Size(B):     64
    Associativity:      8

  L2-Data Cache:
    Size(KB):        1024
    Block Size(B):    128
    Associativity:      8

Latencies:    1   20  200
L1-Sets:   64 - LRU - assoc:   8
L2-Sets: 1024 - LRU - assoc:   8
Store_allocation: Yes
L2_inclusive: Yes
L2_prefetching: Yes ( 32)

L1 Cache Stats:
L1-Load-Hits:        6131838831   96.51%
L1-Load-Misses:       221859765    3.49%
L1-Load-Accesses:    6353698596  100.00%

L1-Store-Hits:        2607079389   99.27%
L1-Store-Misses:        19157886    0.73%
L1-Store-Accesses:    2626237275  100.00%

L1-Total-Hits:        8738918220   97.32%
L1-Total-Misses:       241017651    2.68%
L1-Total-Accesses:    8979935871  100.00%

L2 Cache Stats:
L2-Load-Hits:         156893417   70.72%
L2-Load-Misses:        64966348   29.28%
L2-Load-Accesses:     221859765  100.00%

L2-Store-Hits:          13608368   71.03%
L2-Store-Misses:         5549518   28.97%
L2-Store-Accesses:      19157886  100.00%

L2-Total-Hits:         170501785   70.74%
L2-Total-Misses:        70515866   29.26%
L2-Total-Accesses:     241017651  100.00%

