--------
Total Statistics
--------
Total Instructions: 20864691819
Total Cycles: 52407753763
IPC: 0.398122

--------
Single level Tlb hierarchy
--------
  Data Tlb:
    Entries:          64
    Page Size(B):   4096
    Associativity:      4

Latencies:    0  100
Tlb-Sets:   16 - LRU - assoc:   4

Tlb Stats:
Tlb-Load-Hits:        6318536466   99.45%
Tlb-Load-Misses:        35161740    0.55%
Tlb-Load-Accesses:    6353698206  100.00%

Tlb-Store-Hits:        2621229691   99.81%
Tlb-Store-Misses:         5007367    0.19%
Tlb-Store-Accesses:    2626237058  100.00%

Tlb-Total-Hits:        8939766157   99.55%
Tlb-Total-Misses:        40169107    0.45%
Tlb-Total-Accesses:    8979935264  100.00%



--------
Two level Cache hierarchy
--------
  L1-Data Cache:
    Size(KB):         128
    Block Size(B):     64
    Associativity:      8

  L2-Data Cache:
    Size(KB):        1024
    Block Size(B):    128
    Associativity:      8

Latencies:    1   20  200
L1-Sets:  256 - LRU - assoc:   8
L2-Sets: 1024 - LRU - assoc:   8
Store_allocation: Yes
L2_inclusive: Yes
L2_prefetching: No

L1 Cache Stats:
L1-Load-Hits:        6150413211   96.80%
L1-Load-Misses:       203284995    3.20%
L1-Load-Accesses:    6353698206  100.00%

L1-Store-Hits:        2607622134   99.29%
L1-Store-Misses:        18614924    0.71%
L1-Store-Accesses:    2626237058  100.00%

L1-Total-Hits:        8758035345   97.53%
L1-Total-Misses:       221899919    2.47%
L1-Total-Accesses:    8979935264  100.00%

L2 Cache Stats:
L2-Load-Hits:         138294679   68.03%
L2-Load-Misses:        64990316   31.97%
L2-Load-Accesses:     203284995  100.00%

L2-Store-Hits:          13064152   70.18%
L2-Store-Misses:         5550772   29.82%
L2-Store-Accesses:      18614924  100.00%

L2-Total-Hits:         151358831   68.21%
L2-Total-Misses:        70541088   31.79%
L2-Total-Accesses:     221899919  100.00%

