--------
Total Statistics
--------
Total Instructions: 20864693268
Total Cycles: 53007322812
IPC: 0.393619

--------
Single level Tlb hierarchy
--------
  Data Tlb:
    Entries:          64
    Page Size(B):   4096
    Associativity:      4

Latencies:    0  100
Tlb-Sets:   16 - LRU - assoc:   4

Tlb Stats:
Tlb-Load-Hits:        6316039635   99.41%
Tlb-Load-Misses:        37659005    0.59%
Tlb-Load-Accesses:    6353698640  100.00%

Tlb-Store-Hits:        2621512464   99.82%
Tlb-Store-Misses:         4724840    0.18%
Tlb-Store-Accesses:    2626237304  100.00%

Tlb-Total-Hits:        8937552099   99.53%
Tlb-Total-Misses:        42383845    0.47%
Tlb-Total-Accesses:    8979935944  100.00%



--------
Two level Cache hierarchy
--------
  L1-Data Cache:
    Size(KB):          32
    Block Size(B):     64
    Associativity:      8

  L2-Data Cache:
    Size(KB):        1024
    Block Size(B):    128
    Associativity:      8

Latencies:    1   20  200
L1-Sets:   64 - LRU - assoc:   8
L2-Sets: 1024 - LRU - assoc:   8
Store_allocation: Yes
L2_inclusive: Yes
L2_prefetching: Yes (  4)

L1 Cache Stats:
L1-Load-Hits:        6131759973   96.51%
L1-Load-Misses:       221938667    3.49%
L1-Load-Accesses:    6353698640  100.00%

L1-Store-Hits:        2607097406   99.27%
L1-Store-Misses:        19139898    0.73%
L1-Store-Accesses:    2626237304  100.00%

L1-Total-Hits:        8738857379   97.32%
L1-Total-Misses:       241078565    2.68%
L1-Total-Accesses:    8979935944  100.00%

L2 Cache Stats:
L2-Load-Hits:         156973918   70.73%
L2-Load-Misses:        64964749   29.27%
L2-Load-Accesses:     221938667  100.00%

L2-Store-Hits:          13590958   71.01%
L2-Store-Misses:         5548940   28.99%
L2-Store-Accesses:      19139898  100.00%

L2-Total-Hits:         170564876   70.75%
L2-Total-Misses:        70513689   29.25%
L2-Total-Accesses:     241078565  100.00%

