--------
Total Statistics
--------
Total Instructions: 20864692761
Total Cycles: 52752185804
IPC: 0.395523

--------
Single level Tlb hierarchy
--------
  Data Tlb:
    Entries:          64
    Page Size(B):   4096
    Associativity:      4

Latencies:    0  100
Tlb-Sets:   16 - LRU - assoc:   4

Tlb Stats:
Tlb-Load-Hits:        6318981080   99.45%
Tlb-Load-Misses:        34717457    0.55%
Tlb-Load-Accesses:    6353698537  100.00%

Tlb-Store-Hits:        2621117671   99.81%
Tlb-Store-Misses:         5119575    0.19%
Tlb-Store-Accesses:    2626237246  100.00%

Tlb-Total-Hits:        8940098751   99.56%
Tlb-Total-Misses:        39837032    0.44%
Tlb-Total-Accesses:    8979935783  100.00%



--------
Two level Cache hierarchy
--------
  L1-Data Cache:
    Size(KB):          32
    Block Size(B):     64
    Associativity:      8

  L2-Data Cache:
    Size(KB):        1024
    Block Size(B):    128
    Associativity:      8

Latencies:    1   20  200
L1-Sets:   64 - LRU - assoc:   8
L2-Sets: 1024 - LRU - assoc:   8
Store_allocation: Yes
L2_inclusive: Yes
L2_prefetching: Yes ( 64)

L1 Cache Stats:
L1-Load-Hits:        6131802214   96.51%
L1-Load-Misses:       221896323    3.49%
L1-Load-Accesses:    6353698537  100.00%

L1-Store-Hits:        2607086986   99.27%
L1-Store-Misses:        19150260    0.73%
L1-Store-Accesses:    2626237246  100.00%

L1-Total-Hits:        8738889200   97.32%
L1-Total-Misses:       241046583    2.68%
L1-Total-Accesses:    8979935783  100.00%

L2 Cache Stats:
L2-Load-Hits:         156931092   70.72%
L2-Load-Misses:        64965231   29.28%
L2-Load-Accesses:     221896323  100.00%

L2-Store-Hits:          13600879   71.02%
L2-Store-Misses:         5549381   28.98%
L2-Store-Accesses:      19150260  100.00%

L2-Total-Hits:         170531971   70.75%
L2-Total-Misses:        70514612   29.25%
L2-Total-Accesses:     241046583  100.00%

