--------
Total Statistics
--------
Total Instructions: 20864693300
Total Cycles: 49124990073
IPC: 0.424727

--------
Single level Tlb hierarchy
--------
  Data Tlb:
    Entries:         256
    Page Size(B):   4096
    Associativity:      4

Latencies:    0  100
Tlb-Sets:   64 - LRU - assoc:   4

Tlb Stats:
Tlb-Load-Hits:        6350446949   99.95%
Tlb-Load-Misses:         3251713    0.05%
Tlb-Load-Accesses:    6353698662  100.00%

Tlb-Store-Hits:        2625949101   99.99%
Tlb-Store-Misses:          288210    0.01%
Tlb-Store-Accesses:    2626237311  100.00%

Tlb-Total-Hits:        8976396050   99.96%
Tlb-Total-Misses:         3539923    0.04%
Tlb-Total-Accesses:    8979935973  100.00%



--------
Two level Cache hierarchy
--------
  L1-Data Cache:
    Size(KB):          32
    Block Size(B):     64
    Associativity:      8

  L2-Data Cache:
    Size(KB):        1024
    Block Size(B):    128
    Associativity:      8

Latencies:    1   20  200
L1-Sets:   64 - LRU - assoc:   8
L2-Sets: 1024 - LRU - assoc:   8
Store_allocation: Yes
L2_inclusive: Yes
L2_prefetching: No

L1 Cache Stats:
L1-Load-Hits:        6131714692   96.51%
L1-Load-Misses:       221983970    3.49%
L1-Load-Accesses:    6353698662  100.00%

L1-Store-Hits:        2607046596   99.27%
L1-Store-Misses:        19190715    0.73%
L1-Store-Accesses:    2626237311  100.00%

L1-Total-Hits:        8738761288   97.31%
L1-Total-Misses:       241174685    2.69%
L1-Total-Accesses:    8979935973  100.00%

L2 Cache Stats:
L2-Load-Hits:         157018710   70.73%
L2-Load-Misses:        64965260   29.27%
L2-Load-Accesses:     221983970  100.00%

L2-Store-Hits:          13641601   71.08%
L2-Store-Misses:         5549114   28.92%
L2-Store-Accesses:      19190715  100.00%

L2-Total-Hits:         170660311   70.76%
L2-Total-Misses:        70514374   29.24%
L2-Total-Accesses:     241174685  100.00%

