--------
Total Statistics
--------
Total Instructions: 20864692970
Total Cycles: 52130229620
IPC: 0.400242

--------
Single level Tlb hierarchy
--------
  Data Tlb:
    Entries:          64
    Page Size(B):   4096
    Associativity:      8

Latencies:    0  100
Tlb-Sets:    8 - LRU - assoc:   8

Tlb Stats:
Tlb-Load-Hits:        6325007124   99.55%
Tlb-Load-Misses:        28691437    0.45%
Tlb-Load-Accesses:    6353698561  100.00%

Tlb-Store-Hits:        2621349476   99.81%
Tlb-Store-Misses:         4887793    0.19%
Tlb-Store-Accesses:    2626237269  100.00%

Tlb-Total-Hits:        8946356600   99.63%
Tlb-Total-Misses:        33579230    0.37%
Tlb-Total-Accesses:    8979935830  100.00%



--------
Two level Cache hierarchy
--------
  L1-Data Cache:
    Size(KB):          32
    Block Size(B):     64
    Associativity:      8

  L2-Data Cache:
    Size(KB):        1024
    Block Size(B):    128
    Associativity:      8

Latencies:    1   20  200
L1-Sets:   64 - LRU - assoc:   8
L2-Sets: 1024 - LRU - assoc:   8
Store_allocation: Yes
L2_inclusive: Yes
L2_prefetching: No

L1 Cache Stats:
L1-Load-Hits:        6131656840   96.51%
L1-Load-Misses:       222041721    3.49%
L1-Load-Accesses:    6353698561  100.00%

L1-Store-Hits:        2606970909   99.27%
L1-Store-Misses:        19266360    0.73%
L1-Store-Accesses:    2626237269  100.00%

L1-Total-Hits:        8738627749   97.31%
L1-Total-Misses:       241308081    2.69%
L1-Total-Accesses:    8979935830  100.00%

L2 Cache Stats:
L2-Load-Hits:         157083474   70.75%
L2-Load-Misses:        64958247   29.25%
L2-Load-Accesses:     222041721  100.00%

L2-Store-Hits:          13717026   71.20%
L2-Store-Misses:         5549334   28.80%
L2-Store-Accesses:      19266360  100.00%

L2-Total-Hits:         170800500   70.78%
L2-Total-Misses:        70507581   29.22%
L2-Total-Accesses:     241308081  100.00%

