--------
Total Statistics
--------
Total Instructions: 20864691150
Total Cycles: 52507188503
IPC: 0.397368

--------
Single level Tlb hierarchy
--------
  Data Tlb:
    Entries:          64
    Page Size(B):   4096
    Associativity:      4

Latencies:    0  100
Tlb-Sets:   16 - LRU - assoc:   4

Tlb Stats:
Tlb-Load-Hits:        6319406532   99.46%
Tlb-Load-Misses:        34291495    0.54%
Tlb-Load-Accesses:    6353698027  100.00%

Tlb-Store-Hits:        2621119333   99.81%
Tlb-Store-Misses:         5117653    0.19%
Tlb-Store-Accesses:    2626236986  100.00%

Tlb-Total-Hits:        8940525865   99.56%
Tlb-Total-Misses:        39409148    0.44%
Tlb-Total-Accesses:    8979935013  100.00%



--------
Two level Cache hierarchy
--------
  L1-Data Cache:
    Size(KB):          64
    Block Size(B):     64
    Associativity:      4

  L2-Data Cache:
    Size(KB):        1024
    Block Size(B):    128
    Associativity:      8

Latencies:    1   20  200
L1-Sets:  256 - LRU - assoc:   4
L2-Sets: 1024 - LRU - assoc:   8
Store_allocation: Yes
L2_inclusive: Yes
L2_prefetching: No

L1 Cache Stats:
L1-Load-Hits:        6141771903   96.66%
L1-Load-Misses:       211926124    3.34%
L1-Load-Accesses:    6353698027  100.00%

L1-Store-Hits:        2607281443   99.28%
L1-Store-Misses:        18955543    0.72%
L1-Store-Accesses:    2626236986  100.00%

L1-Total-Hits:        8749053346   97.43%
L1-Total-Misses:       230881667    2.57%
L1-Total-Accesses:    8979935013  100.00%

L2 Cache Stats:
L2-Load-Hits:         146956603   69.34%
L2-Load-Misses:        64969521   30.66%
L2-Load-Accesses:     211926124  100.00%

L2-Store-Hits:          13404993   70.72%
L2-Store-Misses:         5550550   29.28%
L2-Store-Accesses:      18955543  100.00%

L2-Total-Hits:         160361596   69.46%
L2-Total-Misses:        70520071   30.54%
L2-Total-Accesses:     230881667  100.00%

