--------
Total Statistics
--------
Total Instructions: 20864693192
Total Cycles: 50908519217
IPC: 0.409847

--------
Single level Tlb hierarchy
--------
  Data Tlb:
    Entries:          64
    Page Size(B):   4096
    Associativity:     32

Latencies:    0  100
Tlb-Sets:    2 - LRU - assoc:  32

Tlb Stats:
Tlb-Load-Hits:        6334146367   99.69%
Tlb-Load-Misses:        19552261    0.31%
Tlb-Load-Accesses:    6353698628  100.00%

Tlb-Store-Hits:        2624389222   99.93%
Tlb-Store-Misses:         1848095    0.07%
Tlb-Store-Accesses:    2626237317  100.00%

Tlb-Total-Hits:        8958535589   99.76%
Tlb-Total-Misses:        21400356    0.24%
Tlb-Total-Accesses:    8979935945  100.00%



--------
Two level Cache hierarchy
--------
  L1-Data Cache:
    Size(KB):          32
    Block Size(B):     64
    Associativity:      8

  L2-Data Cache:
    Size(KB):        1024
    Block Size(B):    128
    Associativity:      8

Latencies:    1   20  200
L1-Sets:   64 - LRU - assoc:   8
L2-Sets: 1024 - LRU - assoc:   8
Store_allocation: Yes
L2_inclusive: Yes
L2_prefetching: No

L1 Cache Stats:
L1-Load-Hits:        6131756125   96.51%
L1-Load-Misses:       221942503    3.49%
L1-Load-Accesses:    6353698628  100.00%

L1-Store-Hits:        2607034056   99.27%
L1-Store-Misses:        19203261    0.73%
L1-Store-Accesses:    2626237317  100.00%

L1-Total-Hits:        8738790181   97.31%
L1-Total-Misses:       241145764    2.69%
L1-Total-Accesses:    8979935945  100.00%

L2 Cache Stats:
L2-Load-Hits:         156986688   70.73%
L2-Load-Misses:        64955815   29.27%
L2-Load-Accesses:     221942503  100.00%

L2-Store-Hits:          13654380   71.10%
L2-Store-Misses:         5548881   28.90%
L2-Store-Accesses:      19203261  100.00%

L2-Total-Hits:         170641068   70.76%
L2-Total-Misses:        70504696   29.24%
L2-Total-Accesses:     241145764  100.00%

