--------
Total Statistics
--------
Total Instructions: 20864691669
Total Cycles: 45048276154
IPC: 0.463163

--------
Single level Tlb hierarchy
--------
  Data Tlb:
    Entries:          64
    Page Size(B):   4096
    Associativity:      4

Latencies:    0  100
Tlb-Sets:   16 - LRU - assoc:   4

Tlb Stats:
Tlb-Load-Hits:        6319776587   99.47%
Tlb-Load-Misses:        33921572    0.53%
Tlb-Load-Accesses:    6353698159  100.00%

Tlb-Store-Hits:        2621383735   99.82%
Tlb-Store-Misses:         4853311    0.18%
Tlb-Store-Accesses:    2626237046  100.00%

Tlb-Total-Hits:        8941160322   99.57%
Tlb-Total-Misses:        38774883    0.43%
Tlb-Total-Accesses:    8979935205  100.00%



--------
Two level Cache hierarchy
--------
  L1-Data Cache:
    Size(KB):          32
    Block Size(B):     64
    Associativity:      8

  L2-Data Cache:
    Size(KB):        1024
    Block Size(B):    256
    Associativity:      8

Latencies:    1   20  200
L1-Sets:   64 - LRU - assoc:   8
L2-Sets:  512 - LRU - assoc:   8
Store_allocation: Yes
L2_inclusive: Yes
L2_prefetching: No

L1 Cache Stats:
L1-Load-Hits:        6163912826   97.01%
L1-Load-Misses:       189785333    2.99%
L1-Load-Accesses:    6353698159  100.00%

L1-Store-Hits:        2610602610   99.40%
L1-Store-Misses:        15634436    0.60%
L1-Store-Accesses:    2626237046  100.00%

L1-Total-Hits:        8774515436   97.71%
L1-Total-Misses:       205419769    2.29%
L1-Total-Accesses:    8979935205  100.00%

L2 Cache Stats:
L2-Load-Hits:         156566995   82.50%
L2-Load-Misses:        33218338   17.50%
L2-Load-Accesses:     189785333  100.00%

L2-Store-Hits:          12763946   81.64%
L2-Store-Misses:         2870490   18.36%
L2-Store-Accesses:      15634436  100.00%

L2-Total-Hits:         169330941   82.43%
L2-Total-Misses:        36088828   17.57%
L2-Total-Accesses:     205419769  100.00%

