--------
Total Statistics
--------
Total Instructions: 20864691627
Total Cycles: 52911339710
IPC: 0.394333

--------
Single level Tlb hierarchy
--------
  Data Tlb:
    Entries:          64
    Page Size(B):   4096
    Associativity:      4

Latencies:    0  100
Tlb-Sets:   16 - LRU - assoc:   4

Tlb Stats:
Tlb-Load-Hits:        6321373293   99.49%
Tlb-Load-Misses:        32324867    0.51%
Tlb-Load-Accesses:    6353698160  100.00%

Tlb-Store-Hits:        2621903507   99.83%
Tlb-Store-Misses:         4333516    0.17%
Tlb-Store-Accesses:    2626237023  100.00%

Tlb-Total-Hits:        8943276800   99.59%
Tlb-Total-Misses:        36658383    0.41%
Tlb-Total-Accesses:    8979935183  100.00%



--------
Two level Cache hierarchy
--------
  L1-Data Cache:
    Size(KB):          32
    Block Size(B):     64
    Associativity:      8

  L2-Data Cache:
    Size(KB):         512
    Block Size(B):    128
    Associativity:      4

Latencies:    1   20  200
L1-Sets:   64 - LRU - assoc:   8
L2-Sets: 1024 - LRU - assoc:   4
Store_allocation: Yes
L2_inclusive: Yes
L2_prefetching: No

L1 Cache Stats:
L1-Load-Hits:        6129854078   96.48%
L1-Load-Misses:       223844082    3.52%
L1-Load-Accesses:    6353698160  100.00%

L1-Store-Hits:        2606850615   99.26%
L1-Store-Misses:        19386408    0.74%
L1-Store-Accesses:    2626237023  100.00%

L1-Total-Hits:        8736704693   97.29%
L1-Total-Misses:       243230490    2.71%
L1-Total-Accesses:    8979935183  100.00%

L2 Cache Stats:
L2-Load-Hits:         156880482   70.08%
L2-Load-Misses:        66963600   29.92%
L2-Load-Accesses:     223844082  100.00%

L2-Store-Hits:          13668684   70.51%
L2-Store-Misses:         5717724   29.49%
L2-Store-Accesses:      19386408  100.00%

L2-Total-Hits:         170549166   70.12%
L2-Total-Misses:        72681324   29.88%
L2-Total-Accesses:     243230490  100.00%

