--------
Total Statistics
--------
Total Instructions: 20864691232
Total Cycles: 50688311943
IPC: 0.411627

--------
Single level Tlb hierarchy
--------
  Data Tlb:
    Entries:          64
    Page Size(B):   4096
    Associativity:      4

Latencies:    0  100
Tlb-Sets:   16 - LRU - assoc:   4

Tlb Stats:
Tlb-Load-Hits:        6323189041   99.52%
Tlb-Load-Misses:        30508998    0.48%
Tlb-Load-Accesses:    6353698039  100.00%

Tlb-Store-Hits:        2621007027   99.80%
Tlb-Store-Misses:         5229945    0.20%
Tlb-Store-Accesses:    2626236972  100.00%

Tlb-Total-Hits:        8944196068   99.60%
Tlb-Total-Misses:        35738943    0.40%
Tlb-Total-Accesses:    8979935011  100.00%



--------
Two level Cache hierarchy
--------
  L1-Data Cache:
    Size(KB):          16
    Block Size(B):    128
    Associativity:      4

  L2-Data Cache:
    Size(KB):        1024
    Block Size(B):    128
    Associativity:      8

Latencies:    1   20  200
L1-Sets:   32 - LRU - assoc:   4
L2-Sets: 1024 - LRU - assoc:   8
Store_allocation: Yes
L2_inclusive: Yes
L2_prefetching: No

L1 Cache Stats:
L1-Load-Hits:        6211904700   97.77%
L1-Load-Misses:       141793339    2.23%
L1-Load-Accesses:    6353698039  100.00%

L1-Store-Hits:        2609626011   99.37%
L1-Store-Misses:        16610961    0.63%
L1-Store-Accesses:    2626236972  100.00%

L1-Total-Hits:        8821530711   98.24%
L1-Total-Misses:       158404300    1.76%
L1-Total-Accesses:    8979935011  100.00%

L2 Cache Stats:
L2-Load-Hits:          76831736   54.19%
L2-Load-Misses:        64961603   45.81%
L2-Load-Accesses:     141793339  100.00%

L2-Store-Hits:          11064037   66.61%
L2-Store-Misses:         5546924   33.39%
L2-Store-Accesses:      16610961  100.00%

L2-Total-Hits:          87895773   55.49%
L2-Total-Misses:        70508527   44.51%
L2-Total-Accesses:     158404300  100.00%

