--------
Total Statistics
--------
Total Instructions: 20864691761
Total Cycles: 52503825136
IPC: 0.397394

--------
Single level Tlb hierarchy
--------
  Data Tlb:
    Entries:          64
    Page Size(B):   4096
    Associativity:      4

Latencies:    0  100
Tlb-Sets:   16 - LRU - assoc:   4

Tlb Stats:
Tlb-Load-Hits:        6320730813   99.48%
Tlb-Load-Misses:        32967375    0.52%
Tlb-Load-Accesses:    6353698188  100.00%

Tlb-Store-Hits:        2621834711   99.83%
Tlb-Store-Misses:         4402336    0.17%
Tlb-Store-Accesses:    2626237047  100.00%

Tlb-Total-Hits:        8942565524   99.58%
Tlb-Total-Misses:        37369711    0.42%
Tlb-Total-Accesses:    8979935235  100.00%



--------
Two level Cache hierarchy
--------
  L1-Data Cache:
    Size(KB):          32
    Block Size(B):     64
    Associativity:      8

  L2-Data Cache:
    Size(KB):        1024
    Block Size(B):    128
    Associativity:      8

Latencies:    1   20  200
L1-Sets:   64 - LRU - assoc:   8
L2-Sets: 1024 - LRU - assoc:   8
Store_allocation: Yes
L2_inclusive: Yes
L2_prefetching: No

L1 Cache Stats:
L1-Load-Hits:        6131836915   96.51%
L1-Load-Misses:       221861273    3.49%
L1-Load-Accesses:    6353698188  100.00%

L1-Store-Hits:        2607076628   99.27%
L1-Store-Misses:        19160419    0.73%
L1-Store-Accesses:    2626237047  100.00%

L1-Total-Hits:        8738913543   97.32%
L1-Total-Misses:       241021692    2.68%
L1-Total-Accesses:    8979935235  100.00%

L2 Cache Stats:
L2-Load-Hits:         156901663   70.72%
L2-Load-Misses:        64959610   29.28%
L2-Load-Accesses:     221861273  100.00%

L2-Store-Hits:          13611063   71.04%
L2-Store-Misses:         5549356   28.96%
L2-Store-Accesses:      19160419  100.00%

L2-Total-Hits:         170512726   70.75%
L2-Total-Misses:        70508966   29.25%
L2-Total-Accesses:     241021692  100.00%

