--------
Total Statistics
--------
Total Instructions: 20864691443
Total Cycles: 52283591340
IPC: 0.399068

--------
Single level Tlb hierarchy
--------
  Data Tlb:
    Entries:          64
    Page Size(B):   4096
    Associativity:      4

Latencies:    0  100
Tlb-Sets:   16 - LRU - assoc:   4

Tlb Stats:
Tlb-Load-Hits:        6321410080   99.49%
Tlb-Load-Misses:        32288006    0.51%
Tlb-Load-Accesses:    6353698086  100.00%

Tlb-Store-Hits:        2621087506   99.80%
Tlb-Store-Misses:         5149485    0.20%
Tlb-Store-Accesses:    2626236991  100.00%

Tlb-Total-Hits:        8942497586   99.58%
Tlb-Total-Misses:        37437491    0.42%
Tlb-Total-Accesses:    8979935077  100.00%



--------
Two level Cache hierarchy
--------
  L1-Data Cache:
    Size(KB):          64
    Block Size(B):     64
    Associativity:      8

  L2-Data Cache:
    Size(KB):        1024
    Block Size(B):    128
    Associativity:      8

Latencies:    1   20  200
L1-Sets:  128 - LRU - assoc:   8
L2-Sets: 1024 - LRU - assoc:   8
Store_allocation: Yes
L2_inclusive: Yes
L2_prefetching: No

L1 Cache Stats:
L1-Load-Hits:        6143093183   96.69%
L1-Load-Misses:       210604903    3.31%
L1-Load-Accesses:    6353698086  100.00%

L1-Store-Hits:        2607366418   99.28%
L1-Store-Misses:        18870573    0.72%
L1-Store-Accesses:    2626236991  100.00%

L1-Total-Hits:        8750459601   97.44%
L1-Total-Misses:       229475476    2.56%
L1-Total-Accesses:    8979935077  100.00%

L2 Cache Stats:
L2-Load-Hits:         145627775   69.15%
L2-Load-Misses:        64977128   30.85%
L2-Load-Accesses:     210604903  100.00%

L2-Store-Hits:          13319170   70.58%
L2-Store-Misses:         5551403   29.42%
L2-Store-Accesses:      18870573  100.00%

L2-Total-Hits:         158946945   69.27%
L2-Total-Misses:        70528531   30.73%
L2-Total-Accesses:     229475476  100.00%

