--------
Total Statistics
--------
Total Instructions: 20864690906
Total Cycles: 49788576571
IPC: 0.419066

--------
Single level Tlb hierarchy
--------
  Data Tlb:
    Entries:          64
    Page Size(B):   4096
    Associativity:      4

Latencies:    0  100
Tlb-Sets:   16 - LRU - assoc:   4

Tlb Stats:
Tlb-Load-Hits:        6317623894   99.43%
Tlb-Load-Misses:        36074070    0.57%
Tlb-Load-Accesses:    6353697964  100.00%

Tlb-Store-Hits:        2621688884   99.83%
Tlb-Store-Misses:         4548077    0.17%
Tlb-Store-Accesses:    2626236961  100.00%

Tlb-Total-Hits:        8939312778   99.55%
Tlb-Total-Misses:        40622147    0.45%
Tlb-Total-Accesses:    8979934925  100.00%



--------
Two level Cache hierarchy
--------
  L1-Data Cache:
    Size(KB):          64
    Block Size(B):    128
    Associativity:      4

  L2-Data Cache:
    Size(KB):        1024
    Block Size(B):    128
    Associativity:      8

Latencies:    1   20  200
L1-Sets:  128 - LRU - assoc:   4
L2-Sets: 1024 - LRU - assoc:   8
Store_allocation: Yes
L2_inclusive: Yes
L2_prefetching: No

L1 Cache Stats:
L1-Load-Hits:        6272076747   98.72%
L1-Load-Misses:        81621217    1.28%
L1-Load-Accesses:    6353697964  100.00%

L1-Store-Hits:        2619101656   99.73%
L1-Store-Misses:         7135305    0.27%
L1-Store-Accesses:    2626236961  100.00%

L1-Total-Hits:        8891178403   99.01%
L1-Total-Misses:        88756522    0.99%
L1-Total-Accesses:    8979934925  100.00%

L2 Cache Stats:
L2-Load-Hits:          16637465   20.38%
L2-Load-Misses:        64983752   79.62%
L2-Load-Accesses:      81621217  100.00%

L2-Store-Hits:           1586029   22.23%
L2-Store-Misses:         5549276   77.77%
L2-Store-Accesses:       7135305  100.00%

L2-Total-Hits:          18223494   20.53%
L2-Total-Misses:        70533028   79.47%
L2-Total-Accesses:      88756522  100.00%

