--------
Total Statistics
--------
Total Instructions: 24313040881
Total Cycles: 50569394972
IPC: 0.480786

--------
Single level Tlb hierarchy
--------
  Data Tlb:
    Entries:          64
    Page Size(B):   4096
    Associativity:     64

Latencies:    0  100
Tlb-Sets:    1 - LRU - assoc:  64

Tlb Stats:
Tlb-Load-Hits:        7076010322   99.67%
Tlb-Load-Misses:        23143038    0.33%
Tlb-Load-Accesses:    7099153360  100.00%

Tlb-Store-Hits:        1268005755   99.96%
Tlb-Store-Misses:          504596    0.04%
Tlb-Store-Accesses:    1268510351  100.00%

Tlb-Total-Hits:        8344016077   99.72%
Tlb-Total-Misses:        23647634    0.28%
Tlb-Total-Accesses:    8367663711  100.00%



--------
Two level Cache hierarchy
--------
  L1-Data Cache:
    Size(KB):          32
    Block Size(B):     64
    Associativity:      8

  L2-Data Cache:
    Size(KB):        1024
    Block Size(B):    128
    Associativity:      8

Latencies:    1   20  200
L1-Sets:   64 - LRU - assoc:   8
L2-Sets: 1024 - LRU - assoc:   8
Store_allocation: Yes
L2_inclusive: Yes
L2_prefetching: No

L1 Cache Stats:
L1-Load-Hits:        6929395016   97.61%
L1-Load-Misses:       169758344    2.39%
L1-Load-Accesses:    7099153360  100.00%

L1-Store-Hits:        1164139456   91.77%
L1-Store-Misses:       104370895    8.23%
L1-Store-Accesses:    1268510351  100.00%

L1-Total-Hits:        8093534472   96.72%
L1-Total-Misses:       274129239    3.28%
L1-Total-Accesses:    8367663711  100.00%

L2 Cache Stats:
L2-Load-Hits:         123683448   72.86%
L2-Load-Misses:        46074896   27.14%
L2-Load-Accesses:     169758344  100.00%

L2-Store-Hits:         100239080   96.04%
L2-Store-Misses:         4131815    3.96%
L2-Store-Accesses:     104370895  100.00%

L2-Total-Hits:         223922528   81.69%
L2-Total-Misses:        50206711   18.31%
L2-Total-Accesses:     274129239  100.00%

