--------
Total Statistics
--------
Total Instructions: 24313046145
Total Cycles: 57745587764
IPC: 0.421037

--------
Single level Tlb hierarchy
--------
  Data Tlb:
    Entries:          64
    Page Size(B):   4096
    Associativity:      2

Latencies:    0  100
Tlb-Sets:   32 - LRU - assoc:   2

Tlb Stats:
Tlb-Load-Hits:        7031618666   99.05%
Tlb-Load-Misses:        67534694    0.95%
Tlb-Load-Accesses:    7099153360  100.00%

Tlb-Store-Hits:        1240531877   97.79%
Tlb-Store-Misses:        27981482    2.21%
Tlb-Store-Accesses:    1268513359  100.00%

Tlb-Total-Hits:        8272150543   98.86%
Tlb-Total-Misses:        95516176    1.14%
Tlb-Total-Accesses:    8367666719  100.00%



--------
Two level Cache hierarchy
--------
  L1-Data Cache:
    Size(KB):          32
    Block Size(B):     64
    Associativity:      8

  L2-Data Cache:
    Size(KB):        1024
    Block Size(B):    128
    Associativity:      8

Latencies:    1   20  200
L1-Sets:   64 - LRU - assoc:   8
L2-Sets: 1024 - LRU - assoc:   8
Store_allocation: Yes
L2_inclusive: Yes
L2_prefetching: No

L1 Cache Stats:
L1-Load-Hits:        6929997664   97.62%
L1-Load-Misses:       169155696    2.38%
L1-Load-Accesses:    7099153360  100.00%

L1-Store-Hits:        1164239650   91.78%
L1-Store-Misses:       104273709    8.22%
L1-Store-Accesses:    1268513359  100.00%

L1-Total-Hits:        8094237314   96.73%
L1-Total-Misses:       273429405    3.27%
L1-Total-Accesses:    8367666719  100.00%

L2 Cache Stats:
L2-Load-Hits:         123068410   72.75%
L2-Load-Misses:        46087286   27.25%
L2-Load-Accesses:     169155696  100.00%

L2-Store-Hits:         100137649   96.03%
L2-Store-Misses:         4136060    3.97%
L2-Store-Accesses:     104273709  100.00%

L2-Total-Hits:         223206059   81.63%
L2-Total-Misses:        50223346   18.37%
L2-Total-Accesses:     273429405  100.00%

