--------
Total Statistics
--------
Total Instructions: 24313043457
Total Cycles: 49963961220
IPC: 0.486612

--------
Single level Tlb hierarchy
--------
  Data Tlb:
    Entries:          64
    Page Size(B):   4096
    Associativity:      4

Latencies:    0  100
Tlb-Sets:   16 - LRU - assoc:   4

Tlb Stats:
Tlb-Load-Hits:        7062682571   99.49%
Tlb-Load-Misses:        36470789    0.51%
Tlb-Load-Accesses:    7099153360  100.00%

Tlb-Store-Hits:        1264184957   99.66%
Tlb-Store-Misses:         4326866    0.34%
Tlb-Store-Accesses:    1268511823  100.00%

Tlb-Total-Hits:        8326867528   99.51%
Tlb-Total-Misses:        40797655    0.49%
Tlb-Total-Accesses:    8367665183  100.00%



--------
Two level Cache hierarchy
--------
  L1-Data Cache:
    Size(KB):          32
    Block Size(B):    128
    Associativity:      4

  L2-Data Cache:
    Size(KB):        1024
    Block Size(B):    128
    Associativity:      8

Latencies:    1   20  200
L1-Sets:   64 - LRU - assoc:   4
L2-Sets: 1024 - LRU - assoc:   8
Store_allocation: Yes
L2_inclusive: Yes
L2_prefetching: No

L1 Cache Stats:
L1-Load-Hits:        6992967964   98.50%
L1-Load-Misses:       106185396    1.50%
L1-Load-Accesses:    7099153360  100.00%

L1-Store-Hits:        1216845275   95.93%
L1-Store-Misses:        51666548    4.07%
L1-Store-Accesses:    1268511823  100.00%

L1-Total-Hits:        8209813239   98.11%
L1-Total-Misses:       157851944    1.89%
L1-Total-Accesses:    8367665183  100.00%

L2 Cache Stats:
L2-Load-Hits:          60083123   56.58%
L2-Load-Misses:        46102273   43.42%
L2-Load-Accesses:     106185396  100.00%

L2-Store-Hits:          47536580   92.01%
L2-Store-Misses:         4129968    7.99%
L2-Store-Accesses:      51666548  100.00%

L2-Total-Hits:         107619703   68.18%
L2-Total-Misses:        50232241   31.82%
L2-Total-Accesses:     157851944  100.00%

