--------
Total Statistics
--------
Total Instructions: 24313046145
Total Cycles: 73163818504
IPC: 0.33231

--------
Single level Tlb hierarchy
--------
  Data Tlb:
    Entries:          16
    Page Size(B):   4096
    Associativity:      4

Latencies:    0  100
Tlb-Sets:    4 - LRU - assoc:   4

Tlb Stats:
Tlb-Load-Hits:        6876479382   96.86%
Tlb-Load-Misses:       222673978    3.14%
Tlb-Load-Accesses:    7099153360  100.00%

Tlb-Store-Hits:        1243462046   98.03%
Tlb-Store-Misses:        25051313    1.97%
Tlb-Store-Accesses:    1268513359  100.00%

Tlb-Total-Hits:        8119941428   97.04%
Tlb-Total-Misses:       247725291    2.96%
Tlb-Total-Accesses:    8367666719  100.00%



--------
Two level Cache hierarchy
--------
  L1-Data Cache:
    Size(KB):          32
    Block Size(B):     64
    Associativity:      8

  L2-Data Cache:
    Size(KB):        1024
    Block Size(B):    128
    Associativity:      8

Latencies:    1   20  200
L1-Sets:   64 - LRU - assoc:   8
L2-Sets: 1024 - LRU - assoc:   8
Store_allocation: Yes
L2_inclusive: Yes
L2_prefetching: No

L1 Cache Stats:
L1-Load-Hits:        6920413524   97.48%
L1-Load-Misses:       178739836    2.52%
L1-Load-Accesses:    7099153360  100.00%

L1-Store-Hits:        1163970718   91.76%
L1-Store-Misses:       104542641    8.24%
L1-Store-Accesses:    1268513359  100.00%

L1-Total-Hits:        8084384242   96.61%
L1-Total-Misses:       283282477    3.39%
L1-Total-Accesses:    8367666719  100.00%

L2 Cache Stats:
L2-Load-Hits:         132652112   74.22%
L2-Load-Misses:        46087724   25.78%
L2-Load-Accesses:     178739836  100.00%

L2-Store-Hits:         100405730   96.04%
L2-Store-Misses:         4136911    3.96%
L2-Store-Accesses:     104542641  100.00%

L2-Total-Hits:         233057842   82.27%
L2-Total-Misses:        50224635   17.73%
L2-Total-Accesses:     283282477  100.00%

