--------
Total Statistics
--------
Total Instructions: 24313031571
Total Cycles: 52487097922
IPC: 0.463219

--------
Single level Tlb hierarchy
--------
  Data Tlb:
    Entries:          64
    Page Size(B):   4096
    Associativity:      4

Latencies:    0  100
Tlb-Sets:   16 - LRU - assoc:   4

Tlb Stats:
Tlb-Load-Hits:        7061436123   99.47%
Tlb-Load-Misses:        37717237    0.53%
Tlb-Load-Accesses:    7099153360  100.00%

Tlb-Store-Hits:        1263527344   99.61%
Tlb-Store-Misses:         4977687    0.39%
Tlb-Store-Accesses:    1268505031  100.00%

Tlb-Total-Hits:        8324963467   99.49%
Tlb-Total-Misses:        42694924    0.51%
Tlb-Total-Accesses:    8367658391  100.00%



--------
Two level Cache hierarchy
--------
  L1-Data Cache:
    Size(KB):          32
    Block Size(B):     64
    Associativity:      8

  L2-Data Cache:
    Size(KB):        1024
    Block Size(B):    128
    Associativity:      8

Latencies:    1   20  200
L1-Sets:   64 - LRU - assoc:   8
L2-Sets: 1024 - LRU - assoc:   8
Store_allocation: Yes
L2_inclusive: Yes
L2_prefetching: Yes (  1)

L1 Cache Stats:
L1-Load-Hits:        6928848654   97.60%
L1-Load-Misses:       170304706    2.40%
L1-Load-Accesses:    7099153360  100.00%

L1-Store-Hits:        1163953899   91.76%
L1-Store-Misses:       104551132    8.24%
L1-Store-Accesses:    1268505031  100.00%

L1-Total-Hits:        8092802553   96.72%
L1-Total-Misses:       274855838    3.28%
L1-Total-Accesses:    8367658391  100.00%

L2 Cache Stats:
L2-Load-Hits:         124234861   72.95%
L2-Load-Misses:        46069845   27.05%
L2-Load-Accesses:     170304706  100.00%

L2-Store-Hits:         100421983   96.05%
L2-Store-Misses:         4129149    3.95%
L2-Store-Accesses:     104551132  100.00%

L2-Total-Hits:         224656844   81.74%
L2-Total-Misses:        50198994   18.26%
L2-Total-Accesses:     274855838  100.00%

