--------
Total Statistics
--------
Total Instructions: 24313031571
Total Cycles: 50563135882
IPC: 0.480845

--------
Single level Tlb hierarchy
--------
  Data Tlb:
    Entries:         256
    Page Size(B):   4096
    Associativity:      4

Latencies:    0  100
Tlb-Sets:   64 - LRU - assoc:   4

Tlb Stats:
Tlb-Load-Hits:        7078215613   99.71%
Tlb-Load-Misses:        20937747    0.29%
Tlb-Load-Accesses:    7099153360  100.00%

Tlb-Store-Hits:        1268335019   99.99%
Tlb-Store-Misses:          170012    0.01%
Tlb-Store-Accesses:    1268505031  100.00%

Tlb-Total-Hits:        8346550632   99.75%
Tlb-Total-Misses:        21107759    0.25%
Tlb-Total-Accesses:    8367658391  100.00%



--------
Two level Cache hierarchy
--------
  L1-Data Cache:
    Size(KB):          32
    Block Size(B):     64
    Associativity:      8

  L2-Data Cache:
    Size(KB):        1024
    Block Size(B):    128
    Associativity:      8

Latencies:    1   20  200
L1-Sets:   64 - LRU - assoc:   8
L2-Sets: 1024 - LRU - assoc:   8
Store_allocation: Yes
L2_inclusive: Yes
L2_prefetching: No

L1 Cache Stats:
L1-Load-Hits:        6917217486   97.44%
L1-Load-Misses:       181935874    2.56%
L1-Load-Accesses:    7099153360  100.00%

L1-Store-Hits:        1163957104   91.76%
L1-Store-Misses:       104547927    8.24%
L1-Store-Accesses:    1268505031  100.00%

L1-Total-Hits:        8081174590   96.58%
L1-Total-Misses:       286483801    3.42%
L1-Total-Accesses:    8367658391  100.00%

L2 Cache Stats:
L2-Load-Hits:         135854312   74.67%
L2-Load-Misses:        46081562   25.33%
L2-Load-Accesses:     181935874  100.00%

L2-Store-Hits:         100419519   96.05%
L2-Store-Misses:         4128408    3.95%
L2-Store-Accesses:     104547927  100.00%

L2-Total-Hits:         236273831   82.47%
L2-Total-Misses:        50209970   17.53%
L2-Total-Accesses:     286483801  100.00%

