--------
Total Statistics
--------
Total Instructions: 24313043457
Total Cycles: 52113561480
IPC: 0.46654

--------
Single level Tlb hierarchy
--------
  Data Tlb:
    Entries:          64
    Page Size(B):   4096
    Associativity:      4

Latencies:    0  100
Tlb-Sets:   16 - LRU - assoc:   4

Tlb Stats:
Tlb-Load-Hits:        7061255306   99.47%
Tlb-Load-Misses:        37898054    0.53%
Tlb-Load-Accesses:    7099153360  100.00%

Tlb-Store-Hits:        1263686780   99.62%
Tlb-Store-Misses:         4825043    0.38%
Tlb-Store-Accesses:    1268511823  100.00%

Tlb-Total-Hits:        8324942086   99.49%
Tlb-Total-Misses:        42723097    0.51%
Tlb-Total-Accesses:    8367665183  100.00%



--------
Two level Cache hierarchy
--------
  L1-Data Cache:
    Size(KB):          64
    Block Size(B):     64
    Associativity:      8

  L2-Data Cache:
    Size(KB):        1024
    Block Size(B):    128
    Associativity:      8

Latencies:    1   20  200
L1-Sets:  128 - LRU - assoc:   8
L2-Sets: 1024 - LRU - assoc:   8
Store_allocation: Yes
L2_inclusive: Yes
L2_prefetching: No

L1 Cache Stats:
L1-Load-Hits:        6946656067   97.85%
L1-Load-Misses:       152497293    2.15%
L1-Load-Accesses:    7099153360  100.00%

L1-Store-Hits:        1165198419   91.86%
L1-Store-Misses:       103313404    8.14%
L1-Store-Accesses:    1268511823  100.00%

L1-Total-Hits:        8111854486   96.94%
L1-Total-Misses:       255810697    3.06%
L1-Total-Accesses:    8367665183  100.00%

L2 Cache Stats:
L2-Load-Hits:         106407158   69.78%
L2-Load-Misses:        46090135   30.22%
L2-Load-Accesses:     152497293  100.00%

L2-Store-Hits:          99181893   96.00%
L2-Store-Misses:         4131511    4.00%
L2-Store-Accesses:     103313404  100.00%

L2-Total-Hits:         205589051   80.37%
L2-Total-Misses:        50221646   19.63%
L2-Total-Accesses:     255810697  100.00%

