--------
Total Statistics
--------
Total Instructions: 24313040881
Total Cycles: 50645193232
IPC: 0.480066

--------
Single level Tlb hierarchy
--------
  Data Tlb:
    Entries:          64
    Page Size(B):   4096
    Associativity:     32

Latencies:    0  100
Tlb-Sets:    2 - LRU - assoc:  32

Tlb Stats:
Tlb-Load-Hits:        7075978936   99.67%
Tlb-Load-Misses:        23174424    0.33%
Tlb-Load-Accesses:    7099153360  100.00%

Tlb-Store-Hits:        1268015954   99.96%
Tlb-Store-Misses:          494397    0.04%
Tlb-Store-Accesses:    1268510351  100.00%

Tlb-Total-Hits:        8343994890   99.72%
Tlb-Total-Misses:        23668821    0.28%
Tlb-Total-Accesses:    8367663711  100.00%



--------
Two level Cache hierarchy
--------
  L1-Data Cache:
    Size(KB):          32
    Block Size(B):     64
    Associativity:      8

  L2-Data Cache:
    Size(KB):        1024
    Block Size(B):    128
    Associativity:      8

Latencies:    1   20  200
L1-Sets:   64 - LRU - assoc:   8
L2-Sets: 1024 - LRU - assoc:   8
Store_allocation: Yes
L2_inclusive: Yes
L2_prefetching: No

L1 Cache Stats:
L1-Load-Hits:        6925621573   97.56%
L1-Load-Misses:       173531787    2.44%
L1-Load-Accesses:    7099153360  100.00%

L1-Store-Hits:        1164203901   91.78%
L1-Store-Misses:       104306450    8.22%
L1-Store-Accesses:    1268510351  100.00%

L1-Total-Hits:        8089825474   96.68%
L1-Total-Misses:       277838237    3.32%
L1-Total-Accesses:    8367663711  100.00%

L2 Cache Stats:
L2-Load-Hits:         127458356   73.45%
L2-Load-Misses:        46073431   26.55%
L2-Load-Accesses:     173531787  100.00%

L2-Store-Hits:         100175672   96.04%
L2-Store-Misses:         4130778    3.96%
L2-Store-Accesses:     104306450  100.00%

L2-Total-Hits:         227634028   81.93%
L2-Total-Misses:        50204209   18.07%
L2-Total-Accesses:     277838237  100.00%

