--------
Total Statistics
--------
Total Instructions: 24313040468
Total Cycles: 49534970363
IPC: 0.490826

--------
Single level Tlb hierarchy
--------
  Data Tlb:
    Entries:          64
    Page Size(B):   4096
    Associativity:      4

Latencies:    0  100
Tlb-Sets:   16 - LRU - assoc:   4

Tlb Stats:
Tlb-Load-Hits:        7061072556   99.46%
Tlb-Load-Misses:        38080804    0.54%
Tlb-Load-Accesses:    7099153360  100.00%

Tlb-Store-Hits:        1263948961   99.64%
Tlb-Store-Misses:         4561154    0.36%
Tlb-Store-Accesses:    1268510115  100.00%

Tlb-Total-Hits:        8325021517   99.49%
Tlb-Total-Misses:        42641958    0.51%
Tlb-Total-Accesses:    8367663475  100.00%



--------
Two level Cache hierarchy
--------
  L1-Data Cache:
    Size(KB):          64
    Block Size(B):    128
    Associativity:      4

  L2-Data Cache:
    Size(KB):        1024
    Block Size(B):    128
    Associativity:      8

Latencies:    1   20  200
L1-Sets:  128 - LRU - assoc:   4
L2-Sets: 1024 - LRU - assoc:   8
Store_allocation: Yes
L2_inclusive: Yes
L2_prefetching: No

L1 Cache Stats:
L1-Load-Hits:        7021990986   98.91%
L1-Load-Misses:        77162374    1.09%
L1-Load-Accesses:    7099153360  100.00%

L1-Store-Hits:        1218536448   96.06%
L1-Store-Misses:        49973667    3.94%
L1-Store-Accesses:    1268510115  100.00%

L1-Total-Hits:        8240527434   98.48%
L1-Total-Misses:       127136041    1.52%
L1-Total-Accesses:    8367663475  100.00%

L2 Cache Stats:
L2-Load-Hits:          31053590   40.24%
L2-Load-Misses:        46108784   59.76%
L2-Load-Accesses:      77162374  100.00%

L2-Store-Hits:          45845702   91.74%
L2-Store-Misses:         4127965    8.26%
L2-Store-Accesses:      49973667  100.00%

L2-Total-Hits:          76899292   60.49%
L2-Total-Misses:        50236749   39.51%
L2-Total-Accesses:     127136041  100.00%

