--------
Total Statistics
--------
Total Instructions: 24313040468
Total Cycles: 54591517563
IPC: 0.445363

--------
Single level Tlb hierarchy
--------
  Data Tlb:
    Entries:          64
    Page Size(B):   4096
    Associativity:      4

Latencies:    0  100
Tlb-Sets:   16 - LRU - assoc:   4

Tlb Stats:
Tlb-Load-Hits:        7060251278   99.45%
Tlb-Load-Misses:        38902082    0.55%
Tlb-Load-Accesses:    7099153360  100.00%

Tlb-Store-Hits:        1263951309   99.64%
Tlb-Store-Misses:         4558806    0.36%
Tlb-Store-Accesses:    1268510115  100.00%

Tlb-Total-Hits:        8324202587   99.48%
Tlb-Total-Misses:        43460888    0.52%
Tlb-Total-Accesses:    8367663475  100.00%



--------
Two level Cache hierarchy
--------
  L1-Data Cache:
    Size(KB):          32
    Block Size(B):     64
    Associativity:      8

  L2-Data Cache:
    Size(KB):         512
    Block Size(B):    128
    Associativity:      4

Latencies:    1   20  200
L1-Sets:   64 - LRU - assoc:   8
L2-Sets: 1024 - LRU - assoc:   4
Store_allocation: Yes
L2_inclusive: Yes
L2_prefetching: No

L1 Cache Stats:
L1-Load-Hits:        6923268639   97.52%
L1-Load-Misses:       175884721    2.48%
L1-Load-Accesses:    7099153360  100.00%

L1-Store-Hits:        1160696695   91.50%
L1-Store-Misses:       107813420    8.50%
L1-Store-Accesses:    1268510115  100.00%

L1-Total-Hits:        8083965334   96.61%
L1-Total-Misses:       283698141    3.39%
L1-Total-Accesses:    8367663475  100.00%

L2 Cache Stats:
L2-Load-Hits:         121794331   69.25%
L2-Load-Misses:        54090390   30.75%
L2-Load-Accesses:     175884721  100.00%

L2-Store-Hits:         102450000   95.03%
L2-Store-Misses:         5363420    4.97%
L2-Store-Accesses:     107813420  100.00%

L2-Total-Hits:         224244331   79.04%
L2-Total-Misses:        59453810   20.96%
L2-Total-Accesses:     283698141  100.00%

