--------
Total Statistics
--------
Total Instructions: 24313040468
Total Cycles: 51667975043
IPC: 0.470563

--------
Single level Tlb hierarchy
--------
  Data Tlb:
    Entries:          64
    Page Size(B):   4096
    Associativity:      4

Latencies:    0  100
Tlb-Sets:   16 - LRU - assoc:   4

Tlb Stats:
Tlb-Load-Hits:        7065476202   99.53%
Tlb-Load-Misses:        33677158    0.47%
Tlb-Load-Accesses:    7099153360  100.00%

Tlb-Store-Hits:        1264067309   99.65%
Tlb-Store-Misses:         4442806    0.35%
Tlb-Store-Accesses:    1268510115  100.00%

Tlb-Total-Hits:        8329543511   99.54%
Tlb-Total-Misses:        38119964    0.46%
Tlb-Total-Accesses:    8367663475  100.00%



--------
Two level Cache hierarchy
--------
  L1-Data Cache:
    Size(KB):          64
    Block Size(B):     64
    Associativity:      4

  L2-Data Cache:
    Size(KB):        1024
    Block Size(B):    128
    Associativity:      8

Latencies:    1   20  200
L1-Sets:  256 - LRU - assoc:   4
L2-Sets: 1024 - LRU - assoc:   8
Store_allocation: Yes
L2_inclusive: Yes
L2_prefetching: No

L1 Cache Stats:
L1-Load-Hits:        6945750922   97.84%
L1-Load-Misses:       153402438    2.16%
L1-Load-Accesses:    7099153360  100.00%

L1-Store-Hits:        1165337438   91.87%
L1-Store-Misses:       103172677    8.13%
L1-Store-Accesses:    1268510115  100.00%

L1-Total-Hits:        8111088360   96.93%
L1-Total-Misses:       256575115    3.07%
L1-Total-Accesses:    8367663475  100.00%

L2 Cache Stats:
L2-Load-Hits:         107316493   69.96%
L2-Load-Misses:        46085945   30.04%
L2-Load-Accesses:     153402438  100.00%

L2-Store-Hits:          99039760   95.99%
L2-Store-Misses:         4132917    4.01%
L2-Store-Accesses:     103172677  100.00%

L2-Total-Hits:         206356253   80.43%
L2-Total-Misses:        50218862   19.57%
L2-Total-Accesses:     256575115  100.00%

