--------
Total Statistics
--------
Total Instructions: 24313040881
Total Cycles: 52071812032
IPC: 0.466914

--------
Single level Tlb hierarchy
--------
  Data Tlb:
    Entries:          64
    Page Size(B):   4096
    Associativity:      4

Latencies:    0  100
Tlb-Sets:   16 - LRU - assoc:   4

Tlb Stats:
Tlb-Load-Hits:        7064435353   99.51%
Tlb-Load-Misses:        34718007    0.49%
Tlb-Load-Accesses:    7099153360  100.00%

Tlb-Store-Hits:        1264291261   99.67%
Tlb-Store-Misses:         4219090    0.33%
Tlb-Store-Accesses:    1268510351  100.00%

Tlb-Total-Hits:        8328726614   99.53%
Tlb-Total-Misses:        38937097    0.47%
Tlb-Total-Accesses:    8367663711  100.00%



--------
Two level Cache hierarchy
--------
  L1-Data Cache:
    Size(KB):          32
    Block Size(B):     64
    Associativity:      8

  L2-Data Cache:
    Size(KB):        1024
    Block Size(B):    128
    Associativity:      8

Latencies:    1   20  200
L1-Sets:   64 - LRU - assoc:   8
L2-Sets: 1024 - LRU - assoc:   8
Store_allocation: Yes
L2_inclusive: Yes
L2_prefetching: Yes (  4)

L1 Cache Stats:
L1-Load-Hits:        6930737379   97.63%
L1-Load-Misses:       168415981    2.37%
L1-Load-Accesses:    7099153360  100.00%

L1-Store-Hits:        1164206595   91.78%
L1-Store-Misses:       104303756    8.22%
L1-Store-Accesses:    1268510351  100.00%

L1-Total-Hits:        8094943974   96.74%
L1-Total-Misses:       272719737    3.26%
L1-Total-Accesses:    8367663711  100.00%

L2 Cache Stats:
L2-Load-Hits:         122334463   72.64%
L2-Load-Misses:        46081518   27.36%
L2-Load-Accesses:     168415981  100.00%

L2-Store-Hits:         100170259   96.04%
L2-Store-Misses:         4133497    3.96%
L2-Store-Accesses:     104303756  100.00%

L2-Total-Hits:         222504722   81.59%
L2-Total-Misses:        50215015   18.41%
L2-Total-Accesses:     272719737  100.00%

