--------
Total Statistics
--------
Total Instructions: 24313031571
Total Cycles: 52069928802
IPC: 0.46693

--------
Single level Tlb hierarchy
--------
  Data Tlb:
    Entries:          64
    Page Size(B):   4096
    Associativity:      4

Latencies:    0  100
Tlb-Sets:   16 - LRU - assoc:   4

Tlb Stats:
Tlb-Load-Hits:        7064662514   99.51%
Tlb-Load-Misses:        34490846    0.49%
Tlb-Load-Accesses:    7099153360  100.00%

Tlb-Store-Hits:        1264267063   99.67%
Tlb-Store-Misses:         4237968    0.33%
Tlb-Store-Accesses:    1268505031  100.00%

Tlb-Total-Hits:        8328929577   99.54%
Tlb-Total-Misses:        38728814    0.46%
Tlb-Total-Accesses:    8367658391  100.00%



--------
Two level Cache hierarchy
--------
  L1-Data Cache:
    Size(KB):          32
    Block Size(B):     64
    Associativity:      8

  L2-Data Cache:
    Size(KB):        1024
    Block Size(B):    128
    Associativity:      8

Latencies:    1   20  200
L1-Sets:   64 - LRU - assoc:   8
L2-Sets: 1024 - LRU - assoc:   8
Store_allocation: Yes
L2_inclusive: Yes
L2_prefetching: Yes ( 16)

L1 Cache Stats:
L1-Load-Hits:        6929738129   97.61%
L1-Load-Misses:       169415231    2.39%
L1-Load-Accesses:    7099153360  100.00%

L1-Store-Hits:        1164248880   91.78%
L1-Store-Misses:       104256151    8.22%
L1-Store-Accesses:    1268505031  100.00%

L1-Total-Hits:        8093987009   96.73%
L1-Total-Misses:       273671382    3.27%
L1-Total-Accesses:    8367658391  100.00%

L2 Cache Stats:
L2-Load-Hits:         123334717   72.80%
L2-Load-Misses:        46080514   27.20%
L2-Load-Accesses:     169415231  100.00%

L2-Store-Hits:         100122016   96.03%
L2-Store-Misses:         4134135    3.97%
L2-Store-Accesses:     104256151  100.00%

L2-Total-Hits:         223456733   81.65%
L2-Total-Misses:        50214649   18.35%
L2-Total-Accesses:     273671382  100.00%

