--------
Total Statistics
--------
Total Instructions: 24313031571
Total Cycles: 50010828262
IPC: 0.486155

--------
Single level Tlb hierarchy
--------
  Data Tlb:
    Entries:          64
    Page Size(B):   4096
    Associativity:      4

Latencies:    0  100
Tlb-Sets:   16 - LRU - assoc:   4

Tlb Stats:
Tlb-Load-Hits:        7063292313   99.49%
Tlb-Load-Misses:        35861047    0.51%
Tlb-Load-Accesses:    7099153360  100.00%

Tlb-Store-Hits:        1264152587   99.66%
Tlb-Store-Misses:         4352444    0.34%
Tlb-Store-Accesses:    1268505031  100.00%

Tlb-Total-Hits:        8327444900   99.52%
Tlb-Total-Misses:        40213491    0.48%
Tlb-Total-Accesses:    8367658391  100.00%



--------
Two level Cache hierarchy
--------
  L1-Data Cache:
    Size(KB):         128
    Block Size(B):     64
    Associativity:      8

  L2-Data Cache:
    Size(KB):        1024
    Block Size(B):    128
    Associativity:      8

Latencies:    1   20  200
L1-Sets:  256 - LRU - assoc:   8
L2-Sets: 1024 - LRU - assoc:   8
Store_allocation: Yes
L2_inclusive: Yes
L2_prefetching: No

L1 Cache Stats:
L1-Load-Hits:        6957058588   98.00%
L1-Load-Misses:       142094772    2.00%
L1-Load-Accesses:    7099153360  100.00%

L1-Store-Hits:        1247707503   98.36%
L1-Store-Misses:        20797528    1.64%
L1-Store-Accesses:    1268505031  100.00%

L1-Total-Hits:        8204766091   98.05%
L1-Total-Misses:       162892300    1.95%
L1-Total-Accesses:    8367658391  100.00%

L2 Cache Stats:
L2-Load-Hits:          95977158   67.54%
L2-Load-Misses:        46117614   32.46%
L2-Load-Accesses:     142094772  100.00%

L2-Store-Hits:          16660426   80.11%
L2-Store-Misses:         4137102   19.89%
L2-Store-Accesses:      20797528  100.00%

L2-Total-Hits:         112637584   69.15%
L2-Total-Misses:        50254716   30.85%
L2-Total-Accesses:     162892300  100.00%

