--------
Total Statistics
--------
Total Instructions: 24313029443
Total Cycles: 53626971438
IPC: 0.453373

--------
Single level Tlb hierarchy
--------
  Data Tlb:
    Entries:          64
    Page Size(B):   4096
    Associativity:      4

Latencies:    0  100
Tlb-Sets:   16 - LRU - assoc:   4

Tlb Stats:
Tlb-Load-Hits:        7064571826   99.51%
Tlb-Load-Misses:        34581534    0.49%
Tlb-Load-Accesses:    7099153360  100.00%

Tlb-Store-Hits:        1264243605   99.66%
Tlb-Store-Misses:         4260210    0.34%
Tlb-Store-Accesses:    1268503815  100.00%

Tlb-Total-Hits:        8328815431   99.54%
Tlb-Total-Misses:        38841744    0.46%
Tlb-Total-Accesses:    8367657175  100.00%



--------
Two level Cache hierarchy
--------
  L1-Data Cache:
    Size(KB):          16
    Block Size(B):     64
    Associativity:      4

  L2-Data Cache:
    Size(KB):        1024
    Block Size(B):    128
    Associativity:      8

Latencies:    1   20  200
L1-Sets:   64 - LRU - assoc:   4
L2-Sets: 1024 - LRU - assoc:   8
Store_allocation: Yes
L2_inclusive: Yes
L2_prefetching: No

L1 Cache Stats:
L1-Load-Hits:        6856679383   96.58%
L1-Load-Misses:       242473977    3.42%
L1-Load-Accesses:    7099153360  100.00%

L1-Store-Hits:        1159916441   91.44%
L1-Store-Misses:       108587374    8.56%
L1-Store-Accesses:    1268503815  100.00%

L1-Total-Hits:        8016595824   95.80%
L1-Total-Misses:       351061351    4.20%
L1-Total-Accesses:    8367657175  100.00%

L2 Cache Stats:
L2-Load-Hits:         196401517   81.00%
L2-Load-Misses:        46072460   19.00%
L2-Load-Accesses:     242473977  100.00%

L2-Store-Hits:         104455417   96.19%
L2-Store-Misses:         4131957    3.81%
L2-Store-Accesses:     108587374  100.00%

L2-Total-Hits:         300856934   85.70%
L2-Total-Misses:        50204417   14.30%
L2-Total-Accesses:     351061351  100.00%

