--------
Total Statistics
--------
Total Instructions: 24313031571
Total Cycles: 51121365142
IPC: 0.475594

--------
Single level Tlb hierarchy
--------
  Data Tlb:
    Entries:          64
    Page Size(B):   4096
    Associativity:      4

Latencies:    0  100
Tlb-Sets:   16 - LRU - assoc:   4

Tlb Stats:
Tlb-Load-Hits:        7062304011   99.48%
Tlb-Load-Misses:        36849349    0.52%
Tlb-Load-Accesses:    7099153360  100.00%

Tlb-Store-Hits:        1264088181   99.65%
Tlb-Store-Misses:         4416850    0.35%
Tlb-Store-Accesses:    1268505031  100.00%

Tlb-Total-Hits:        8326392192   99.51%
Tlb-Total-Misses:        41266199    0.49%
Tlb-Total-Accesses:    8367658391  100.00%



--------
Two level Cache hierarchy
--------
  L1-Data Cache:
    Size(KB):          32
    Block Size(B):     64
    Associativity:      8

  L2-Data Cache:
    Size(KB):        2048
    Block Size(B):    128
    Associativity:      8

Latencies:    1   20  200
L1-Sets:   64 - LRU - assoc:   8
L2-Sets: 2048 - LRU - assoc:   8
Store_allocation: Yes
L2_inclusive: Yes
L2_prefetching: No

L1 Cache Stats:
L1-Load-Hits:        6935262781   97.69%
L1-Load-Misses:       163890579    2.31%
L1-Load-Accesses:    7099153360  100.00%

L1-Store-Hits:        1165393446   91.87%
L1-Store-Misses:       103111585    8.13%
L1-Store-Accesses:    1268505031  100.00%

L1-Total-Hits:        8100656227   96.81%
L1-Total-Misses:       267002164    3.19%
L1-Total-Accesses:    8367658391  100.00%

L2 Cache Stats:
L2-Load-Hits:         122568936   74.79%
L2-Load-Misses:        41321643   25.21%
L2-Load-Accesses:     163890579  100.00%

L2-Store-Hits:          99563168   96.56%
L2-Store-Misses:         3548417    3.44%
L2-Store-Accesses:     103111585  100.00%

L2-Total-Hits:         222132104   83.19%
L2-Total-Misses:        44870060   16.81%
L2-Total-Accesses:     267002164  100.00%

