--------
Total Statistics
--------
Total Instructions: 24313033580
Total Cycles: 51520723499
IPC: 0.471908

--------
Single level Tlb hierarchy
--------
  Data Tlb:
    Entries:          64
    Page Size(B):   4096
    Associativity:      4

Latencies:    0  100
Tlb-Sets:   16 - LRU - assoc:   4

Tlb Stats:
Tlb-Load-Hits:        7062254214   99.48%
Tlb-Load-Misses:        36899146    0.52%
Tlb-Load-Accesses:    7099153360  100.00%

Tlb-Store-Hits:        1263688144   99.62%
Tlb-Store-Misses:         4818035    0.38%
Tlb-Store-Accesses:    1268506179  100.00%

Tlb-Total-Hits:        8325942358   99.50%
Tlb-Total-Misses:        41717181    0.50%
Tlb-Total-Accesses:    8367659539  100.00%



--------
Two level Cache hierarchy
--------
  L1-Data Cache:
    Size(KB):          32
    Block Size(B):     64
    Associativity:      8

  L2-Data Cache:
    Size(KB):         512
    Block Size(B):    256
    Associativity:      8

Latencies:    1   20  200
L1-Sets:   64 - LRU - assoc:   8
L2-Sets:  256 - LRU - assoc:   8
Store_allocation: Yes
L2_inclusive: Yes
L2_prefetching: No

L1 Cache Stats:
L1-Load-Hits:        6920243750   97.48%
L1-Load-Misses:       178909610    2.52%
L1-Load-Accesses:    7099153360  100.00%

L1-Store-Hits:        1164357625   91.79%
L1-Store-Misses:       104148554    8.21%
L1-Store-Accesses:    1268506179  100.00%

L1-Total-Hits:        8084601375   96.62%
L1-Total-Misses:       283058164    3.38%
L1-Total-Accesses:    8367659539  100.00%

L2 Cache Stats:
L2-Load-Hits:         136619113   76.36%
L2-Load-Misses:        42290497   23.64%
L2-Load-Accesses:     178909610  100.00%

L2-Store-Hits:         101403306   97.36%
L2-Store-Misses:         2745248    2.64%
L2-Store-Accesses:     104148554  100.00%

L2-Total-Hits:         238022419   84.09%
L2-Total-Misses:        45035745   15.91%
L2-Total-Accesses:     283058164  100.00%

