--------
Total Statistics
--------
Total Instructions: 24313040468
Total Cycles: 53740236283
IPC: 0.452418

--------
Single level Tlb hierarchy
--------
  Data Tlb:
    Entries:          64
    Page Size(B):   4096
    Associativity:      4

Latencies:    0  100
Tlb-Sets:   16 - LRU - assoc:   4

Tlb Stats:
Tlb-Load-Hits:        7063409951   99.50%
Tlb-Load-Misses:        35743409    0.50%
Tlb-Load-Accesses:    7099153360  100.00%

Tlb-Store-Hits:        1264305812   99.67%
Tlb-Store-Misses:         4204303    0.33%
Tlb-Store-Accesses:    1268510115  100.00%

Tlb-Total-Hits:        8327715763   99.52%
Tlb-Total-Misses:        39947712    0.48%
Tlb-Total-Accesses:    8367663475  100.00%



--------
Two level Cache hierarchy
--------
  L1-Data Cache:
    Size(KB):          32
    Block Size(B):     64
    Associativity:      8

  L2-Data Cache:
    Size(KB):        2048
    Block Size(B):     64
    Associativity:      8

Latencies:    1   20  200
L1-Sets:   64 - LRU - assoc:   8
L2-Sets: 4096 - LRU - assoc:   8
Store_allocation: Yes
L2_inclusive: Yes
L2_prefetching: No

L1 Cache Stats:
L1-Load-Hits:        6974607826   98.25%
L1-Load-Misses:       124545534    1.75%
L1-Load-Accesses:    7099153360  100.00%

L1-Store-Hits:        1169844552   92.22%
L1-Store-Misses:        98665563    7.78%
L1-Store-Accesses:    1268510115  100.00%

L1-Total-Hits:        8144452378   97.33%
L1-Total-Misses:       223211097    2.67%
L1-Total-Accesses:    8367663475  100.00%

L2 Cache Stats:
L2-Load-Hits:          68182380   54.74%
L2-Load-Misses:        56363154   45.26%
L2-Load-Accesses:     124545534  100.00%

L2-Store-Hits:          92026021   93.27%
L2-Store-Misses:         6639542    6.73%
L2-Store-Accesses:      98665563  100.00%

L2-Total-Hits:         160208401   71.77%
L2-Total-Misses:        63002696   28.23%
L2-Total-Accesses:     223211097  100.00%

