--------
Total Statistics
--------
Total Instructions: 24313034273
Total Cycles: 54645506308
IPC: 0.444923

--------
Single level Tlb hierarchy
--------
  Data Tlb:
    Entries:          64
    Page Size(B):   4096
    Associativity:      4

Latencies:    0  100
Tlb-Sets:   16 - LRU - assoc:   4

Tlb Stats:
Tlb-Load-Hits:        7064855318   99.52%
Tlb-Load-Misses:        34298042    0.48%
Tlb-Load-Accesses:    7099153360  100.00%

Tlb-Store-Hits:        1264177479   99.66%
Tlb-Store-Misses:         4329096    0.34%
Tlb-Store-Accesses:    1268506575  100.00%

Tlb-Total-Hits:        8329032797   99.54%
Tlb-Total-Misses:        38627138    0.46%
Tlb-Total-Accesses:    8367659935  100.00%



--------
Two level Cache hierarchy
--------
  L1-Data Cache:
    Size(KB):          64
    Block Size(B):     32
    Associativity:      4

  L2-Data Cache:
    Size(KB):        1024
    Block Size(B):    128
    Associativity:      8

Latencies:    1   20  200
L1-Sets:  512 - LRU - assoc:   4
L2-Sets: 1024 - LRU - assoc:   8
Store_allocation: Yes
L2_inclusive: Yes
L2_prefetching: No

L1 Cache Stats:
L1-Load-Hits:        6892568252   97.09%
L1-Load-Misses:       206585108    2.91%
L1-Load-Accesses:    7099153360  100.00%

L1-Store-Hits:        1071942808   84.50%
L1-Store-Misses:       196563767   15.50%
L1-Store-Accesses:    1268506575  100.00%

L1-Total-Hits:        7964511060   95.18%
L1-Total-Misses:       403148875    4.82%
L1-Total-Accesses:    8367659935  100.00%

L2 Cache Stats:
L2-Load-Hits:         160521027   77.70%
L2-Load-Misses:        46064081   22.30%
L2-Load-Accesses:     206585108  100.00%

L2-Store-Hits:         192432244   97.90%
L2-Store-Misses:         4131523    2.10%
L2-Store-Accesses:     196563767  100.00%

L2-Total-Hits:         352953271   87.55%
L2-Total-Misses:        50195604   12.45%
L2-Total-Accesses:     403148875  100.00%

