--------
Total Statistics
--------
Total Instructions: 24313031571
Total Cycles: 95071717782
IPC: 0.255734

--------
Single level Tlb hierarchy
--------
  Data Tlb:
    Entries:          64
    Page Size(B):   4096
    Associativity:      1

Latencies:    0  100
Tlb-Sets:   64 - LRU - assoc:   1

Tlb Stats:
Tlb-Load-Hits:        6684159324   94.15%
Tlb-Load-Misses:       414994036    5.85%
Tlb-Load-Accesses:    7099153360  100.00%

Tlb-Store-Hits:        1214734667   95.76%
Tlb-Store-Misses:        53770364    4.24%
Tlb-Store-Accesses:    1268505031  100.00%

Tlb-Total-Hits:        7898893991   94.40%
Tlb-Total-Misses:       468764400    5.60%
Tlb-Total-Accesses:    8367658391  100.00%



--------
Two level Cache hierarchy
--------
  L1-Data Cache:
    Size(KB):          32
    Block Size(B):     64
    Associativity:      8

  L2-Data Cache:
    Size(KB):        1024
    Block Size(B):    128
    Associativity:      8

Latencies:    1   20  200
L1-Sets:   64 - LRU - assoc:   8
L2-Sets: 1024 - LRU - assoc:   8
Store_allocation: Yes
L2_inclusive: Yes
L2_prefetching: No

L1 Cache Stats:
L1-Load-Hits:        6929957751   97.62%
L1-Load-Misses:       169195609    2.38%
L1-Load-Accesses:    7099153360  100.00%

L1-Store-Hits:        1164221769   91.78%
L1-Store-Misses:       104283262    8.22%
L1-Store-Accesses:    1268505031  100.00%

L1-Total-Hits:        8094179520   96.73%
L1-Total-Misses:       273478871    3.27%
L1-Total-Accesses:    8367658391  100.00%

L2 Cache Stats:
L2-Load-Hits:         123101346   72.76%
L2-Load-Misses:        46094263   27.24%
L2-Load-Accesses:     169195609  100.00%

L2-Store-Hits:         100152473   96.04%
L2-Store-Misses:         4130789    3.96%
L2-Store-Accesses:     104283262  100.00%

L2-Total-Hits:         223253819   81.63%
L2-Total-Misses:        50225052   18.37%
L2-Total-Accesses:     273478871  100.00%

