--------
Total Statistics
--------
Total Instructions: 24313046145
Total Cycles: 117451848164
IPC: 0.207004

--------
Single level Tlb hierarchy
--------
  Data Tlb:
    Entries:           8
    Page Size(B):   4096
    Associativity:      4

Latencies:    0  100
Tlb-Sets:    2 - LRU - assoc:   4

Tlb Stats:
Tlb-Load-Hits:        6463742471   91.05%
Tlb-Load-Misses:       635410889    8.95%
Tlb-Load-Accesses:    7099153360  100.00%

Tlb-Store-Hits:        1211666937   95.52%
Tlb-Store-Misses:        56846422    4.48%
Tlb-Store-Accesses:    1268513359  100.00%

Tlb-Total-Hits:        7675409408   91.73%
Tlb-Total-Misses:       692257311    8.27%
Tlb-Total-Accesses:    8367666719  100.00%



--------
Two level Cache hierarchy
--------
  L1-Data Cache:
    Size(KB):          32
    Block Size(B):     64
    Associativity:      8

  L2-Data Cache:
    Size(KB):        1024
    Block Size(B):    128
    Associativity:      8

Latencies:    1   20  200
L1-Sets:   64 - LRU - assoc:   8
L2-Sets: 1024 - LRU - assoc:   8
Store_allocation: Yes
L2_inclusive: Yes
L2_prefetching: No

L1 Cache Stats:
L1-Load-Hits:        6928281022   97.59%
L1-Load-Misses:       170872338    2.41%
L1-Load-Accesses:    7099153360  100.00%

L1-Store-Hits:        1164250647   91.78%
L1-Store-Misses:       104262712    8.22%
L1-Store-Accesses:    1268513359  100.00%

L1-Total-Hits:        8092531669   96.71%
L1-Total-Misses:       275135050    3.29%
L1-Total-Accesses:    8367666719  100.00%

L2 Cache Stats:
L2-Load-Hits:         124788921   73.03%
L2-Load-Misses:        46083417   26.97%
L2-Load-Accesses:     170872338  100.00%

L2-Store-Hits:         100132613   96.04%
L2-Store-Misses:         4130099    3.96%
L2-Store-Accesses:     104262712  100.00%

L2-Total-Hits:         224921534   81.75%
L2-Total-Misses:        50213516   18.25%
L2-Total-Accesses:     275135050  100.00%

