--------
Total Statistics
--------
Total Instructions: 24313033580
Total Cycles: 59921048639
IPC: 0.405751

--------
Single level Tlb hierarchy
--------
  Data Tlb:
    Entries:          32
    Page Size(B):   4096
    Associativity:      4

Latencies:    0  100
Tlb-Sets:    8 - LRU - assoc:   4

Tlb Stats:
Tlb-Load-Hits:        6996108843   98.55%
Tlb-Load-Misses:       103044517    1.45%
Tlb-Load-Accesses:    7099153360  100.00%

Tlb-Store-Hits:        1255281450   98.96%
Tlb-Store-Misses:        13224729    1.04%
Tlb-Store-Accesses:    1268506179  100.00%

Tlb-Total-Hits:        8251390293   98.61%
Tlb-Total-Misses:       116269246    1.39%
Tlb-Total-Accesses:    8367659539  100.00%



--------
Two level Cache hierarchy
--------
  L1-Data Cache:
    Size(KB):          32
    Block Size(B):     64
    Associativity:      8

  L2-Data Cache:
    Size(KB):        1024
    Block Size(B):    128
    Associativity:      8

Latencies:    1   20  200
L1-Sets:   64 - LRU - assoc:   8
L2-Sets: 1024 - LRU - assoc:   8
Store_allocation: Yes
L2_inclusive: Yes
L2_prefetching: No

L1 Cache Stats:
L1-Load-Hits:        6924968225   97.55%
L1-Load-Misses:       174185135    2.45%
L1-Load-Accesses:    7099153360  100.00%

L1-Store-Hits:        1164041208   91.76%
L1-Store-Misses:       104464971    8.24%
L1-Store-Accesses:    1268506179  100.00%

L1-Total-Hits:        8089009433   96.67%
L1-Total-Misses:       278650106    3.33%
L1-Total-Accesses:    8367659539  100.00%

L2 Cache Stats:
L2-Load-Hits:         128113767   73.55%
L2-Load-Misses:        46071368   26.45%
L2-Load-Accesses:     174185135  100.00%

L2-Store-Hits:         100334195   96.05%
L2-Store-Misses:         4130776    3.95%
L2-Store-Accesses:     104464971  100.00%

L2-Total-Hits:         228447962   81.98%
L2-Total-Misses:        50202144   18.02%
L2-Total-Accesses:     278650106  100.00%

