--------
Total Statistics
--------
Total Instructions: 24313046145
Total Cycles: 52261080504
IPC: 0.465223

--------
Single level Tlb hierarchy
--------
  Data Tlb:
    Entries:          64
    Page Size(B):   4096
    Associativity:      4

Latencies:    0  100
Tlb-Sets:   16 - LRU - assoc:   4

Tlb Stats:
Tlb-Load-Hits:        7063826151   99.50%
Tlb-Load-Misses:        35327209    0.50%
Tlb-Load-Accesses:    7099153360  100.00%

Tlb-Store-Hits:        1263657661   99.62%
Tlb-Store-Misses:         4855698    0.38%
Tlb-Store-Accesses:    1268513359  100.00%

Tlb-Total-Hits:        8327483812   99.52%
Tlb-Total-Misses:        40182907    0.48%
Tlb-Total-Accesses:    8367666719  100.00%



--------
Two level Cache hierarchy
--------
  L1-Data Cache:
    Size(KB):          32
    Block Size(B):     64
    Associativity:      4

  L2-Data Cache:
    Size(KB):        1024
    Block Size(B):    128
    Associativity:      8

Latencies:    1   20  200
L1-Sets:  128 - LRU - assoc:   4
L2-Sets: 1024 - LRU - assoc:   8
Store_allocation: Yes
L2_inclusive: Yes
L2_prefetching: No

L1 Cache Stats:
L1-Load-Hits:        6927784990   97.59%
L1-Load-Misses:       171368370    2.41%
L1-Load-Accesses:    7099153360  100.00%

L1-Store-Hits:        1163689992   91.74%
L1-Store-Misses:       104823367    8.26%
L1-Store-Accesses:    1268513359  100.00%

L1-Total-Hits:        8091474982   96.70%
L1-Total-Misses:       276191737    3.30%
L1-Total-Accesses:    8367666719  100.00%

L2 Cache Stats:
L2-Load-Hits:         125312324   73.12%
L2-Load-Misses:        46056046   26.88%
L2-Load-Accesses:     171368370  100.00%

L2-Store-Hits:         100688202   96.06%
L2-Store-Misses:         4135165    3.94%
L2-Store-Accesses:     104823367  100.00%

L2-Total-Hits:         226000526   81.83%
L2-Total-Misses:        50191211   18.17%
L2-Total-Accesses:     276191737  100.00%

