--------
Total Statistics
--------
Total Instructions: 24313046145
Total Cycles: 52253443304
IPC: 0.465291

--------
Single level Tlb hierarchy
--------
  Data Tlb:
    Entries:          64
    Page Size(B):   4096
    Associativity:      4

Latencies:    0  100
Tlb-Sets:   16 - LRU - assoc:   4

Tlb Stats:
Tlb-Load-Hits:        7063764097   99.50%
Tlb-Load-Misses:        35389263    0.50%
Tlb-Load-Accesses:    7099153360  100.00%

Tlb-Store-Hits:        1263775854   99.63%
Tlb-Store-Misses:         4737505    0.37%
Tlb-Store-Accesses:    1268513359  100.00%

Tlb-Total-Hits:        8327539951   99.52%
Tlb-Total-Misses:        40126768    0.48%
Tlb-Total-Accesses:    8367666719  100.00%



--------
Two level Cache hierarchy
--------
  L1-Data Cache:
    Size(KB):          32
    Block Size(B):     64
    Associativity:      8

  L2-Data Cache:
    Size(KB):        1024
    Block Size(B):    128
    Associativity:      8

Latencies:    1   20  200
L1-Sets:   64 - LRU - assoc:   8
L2-Sets: 1024 - LRU - assoc:   8
Store_allocation: Yes
L2_inclusive: Yes
L2_prefetching: Yes ( 64)

L1 Cache Stats:
L1-Load-Hits:        6927594512   97.58%
L1-Load-Misses:       171558848    2.42%
L1-Load-Accesses:    7099153360  100.00%

L1-Store-Hits:        1164165525   91.77%
L1-Store-Misses:       104347834    8.23%
L1-Store-Accesses:    1268513359  100.00%

L1-Total-Hits:        8091760037   96.70%
L1-Total-Misses:       275906682    3.30%
L1-Total-Accesses:    8367666719  100.00%

L2 Cache Stats:
L2-Load-Hits:         125485699   73.14%
L2-Load-Misses:        46073149   26.86%
L2-Load-Accesses:     171558848  100.00%

L2-Store-Hits:         100211383   96.04%
L2-Store-Misses:         4136451    3.96%
L2-Store-Accesses:     104347834  100.00%

L2-Total-Hits:         225697082   81.80%
L2-Total-Misses:        50209600   18.20%
L2-Total-Accesses:     275906682  100.00%

