--------
Total Statistics
--------
Total Instructions: 24313040468
Total Cycles: 50749992283
IPC: 0.479075

--------
Single level Tlb hierarchy
--------
  Data Tlb:
    Entries:          64
    Page Size(B):   4096
    Associativity:      8

Latencies:    0  100
Tlb-Sets:    8 - LRU - assoc:   8

Tlb Stats:
Tlb-Load-Hits:        7074900638   99.66%
Tlb-Load-Misses:        24252722    0.34%
Tlb-Load-Accesses:    7099153360  100.00%

Tlb-Store-Hits:        1267857635   99.95%
Tlb-Store-Misses:          652480    0.05%
Tlb-Store-Accesses:    1268510115  100.00%

Tlb-Total-Hits:        8342758273   99.70%
Tlb-Total-Misses:        24905202    0.30%
Tlb-Total-Accesses:    8367663475  100.00%



--------
Two level Cache hierarchy
--------
  L1-Data Cache:
    Size(KB):          32
    Block Size(B):     64
    Associativity:      8

  L2-Data Cache:
    Size(KB):        1024
    Block Size(B):    128
    Associativity:      8

Latencies:    1   20  200
L1-Sets:   64 - LRU - assoc:   8
L2-Sets: 1024 - LRU - assoc:   8
Store_allocation: Yes
L2_inclusive: Yes
L2_prefetching: No

L1 Cache Stats:
L1-Load-Hits:        6926773663   97.57%
L1-Load-Misses:       172379697    2.43%
L1-Load-Accesses:    7099153360  100.00%

L1-Store-Hits:        1164113845   91.77%
L1-Store-Misses:       104396270    8.23%
L1-Store-Accesses:    1268510115  100.00%

L1-Total-Hits:        8090887508   96.69%
L1-Total-Misses:       276775967    3.31%
L1-Total-Accesses:    8367663475  100.00%

L2 Cache Stats:
L2-Load-Hits:         126294306   73.27%
L2-Load-Misses:        46085391   26.73%
L2-Load-Accesses:     172379697  100.00%

L2-Store-Hits:         100265417   96.04%
L2-Store-Misses:         4130853    3.96%
L2-Store-Accesses:     104396270  100.00%

L2-Total-Hits:         226559723   81.86%
L2-Total-Misses:        50216244   18.14%
L2-Total-Accesses:     276775967  100.00%

