--------
Total Statistics
--------
Total Instructions: 24313033580
Total Cycles: 52268605499
IPC: 0.465156

--------
Single level Tlb hierarchy
--------
  Data Tlb:
    Entries:          64
    Page Size(B):   4096
    Associativity:      4

Latencies:    0  100
Tlb-Sets:   16 - LRU - assoc:   4

Tlb Stats:
Tlb-Load-Hits:        7063247413   99.49%
Tlb-Load-Misses:        35905947    0.51%
Tlb-Load-Accesses:    7099153360  100.00%

Tlb-Store-Hits:        1263527491   99.61%
Tlb-Store-Misses:         4978688    0.39%
Tlb-Store-Accesses:    1268506179  100.00%

Tlb-Total-Hits:        8326774904   99.51%
Tlb-Total-Misses:        40884635    0.49%
Tlb-Total-Accesses:    8367659539  100.00%



--------
Two level Cache hierarchy
--------
  L1-Data Cache:
    Size(KB):          32
    Block Size(B):     64
    Associativity:      8

  L2-Data Cache:
    Size(KB):        1024
    Block Size(B):    128
    Associativity:      8

Latencies:    1   20  200
L1-Sets:   64 - LRU - assoc:   8
L2-Sets: 1024 - LRU - assoc:   8
Store_allocation: Yes
L2_inclusive: Yes
L2_prefetching: Yes (  8)

L1 Cache Stats:
L1-Load-Hits:        6930407999   97.62%
L1-Load-Misses:       168745361    2.38%
L1-Load-Accesses:    7099153360  100.00%

L1-Store-Hits:        1164232056   91.78%
L1-Store-Misses:       104274123    8.22%
L1-Store-Accesses:    1268506179  100.00%

L1-Total-Hits:        8094640055   96.74%
L1-Total-Misses:       273019484    3.26%
L1-Total-Accesses:    8367659539  100.00%

L2 Cache Stats:
L2-Load-Hits:         122679738   72.70%
L2-Load-Misses:        46065623   27.30%
L2-Load-Accesses:     168745361  100.00%

L2-Store-Hits:         100144450   96.04%
L2-Store-Misses:         4129673    3.96%
L2-Store-Accesses:     104274123  100.00%

L2-Total-Hits:         222824188   81.61%
L2-Total-Misses:        50195296   18.39%
L2-Total-Accesses:     273019484  100.00%

