--------
Total Statistics
--------
Total Instructions: 24313029443
Total Cycles: 55954748718
IPC: 0.434512

--------
Single level Tlb hierarchy
--------
  Data Tlb:
    Entries:          64
    Page Size(B):   4096
    Associativity:      4

Latencies:    0  100
Tlb-Sets:   16 - LRU - assoc:   4

Tlb Stats:
Tlb-Load-Hits:        7062986773   99.49%
Tlb-Load-Misses:        36166587    0.51%
Tlb-Load-Accesses:    7099153360  100.00%

Tlb-Store-Hits:        1263003535   99.57%
Tlb-Store-Misses:         5500280    0.43%
Tlb-Store-Accesses:    1268503815  100.00%

Tlb-Total-Hits:        8325990308   99.50%
Tlb-Total-Misses:        41666867    0.50%
Tlb-Total-Accesses:    8367657175  100.00%



--------
Two level Cache hierarchy
--------
  L1-Data Cache:
    Size(KB):          32
    Block Size(B):     64
    Associativity:      8

  L2-Data Cache:
    Size(KB):        1024
    Block Size(B):     64
    Associativity:      8

Latencies:    1   20  200
L1-Sets:   64 - LRU - assoc:   8
L2-Sets: 2048 - LRU - assoc:   8
Store_allocation: Yes
L2_inclusive: Yes
L2_prefetching: No

L1 Cache Stats:
L1-Load-Hits:        6962924520   98.08%
L1-Load-Misses:       136228840    1.92%
L1-Load-Accesses:    7099153360  100.00%

L1-Store-Hits:        1169675115   92.21%
L1-Store-Misses:        98828700    7.79%
L1-Store-Accesses:    1268503815  100.00%

L1-Total-Hits:        8132599635   97.19%
L1-Total-Misses:       235057540    2.81%
L1-Total-Accesses:    8367657175  100.00%

L2 Cache Stats:
L2-Load-Hits:          72094246   52.92%
L2-Load-Misses:        64134594   47.08%
L2-Load-Accesses:     136228840  100.00%

L2-Store-Hits:          90932171   92.01%
L2-Store-Misses:         7896529    7.99%
L2-Store-Accesses:      98828700  100.00%

L2-Total-Hits:         163026417   69.36%
L2-Total-Misses:        72031123   30.64%
L2-Total-Accesses:     235057540  100.00%

