--------
Total Statistics
--------
Total Instructions: 24313029443
Total Cycles: 50915754698
IPC: 0.477515

--------
Single level Tlb hierarchy
--------
  Data Tlb:
    Entries:         128
    Page Size(B):   4096
    Associativity:      4

Latencies:    0  100
Tlb-Sets:   32 - LRU - assoc:   4

Tlb Stats:
Tlb-Load-Hits:        7073676372   99.64%
Tlb-Load-Misses:        25476988    0.36%
Tlb-Load-Accesses:    7099153360  100.00%

Tlb-Store-Hits:        1267213564   99.90%
Tlb-Store-Misses:         1290251    0.10%
Tlb-Store-Accesses:    1268503815  100.00%

Tlb-Total-Hits:        8340889936   99.68%
Tlb-Total-Misses:        26767239    0.32%
Tlb-Total-Accesses:    8367657175  100.00%



--------
Two level Cache hierarchy
--------
  L1-Data Cache:
    Size(KB):          32
    Block Size(B):     64
    Associativity:      8

  L2-Data Cache:
    Size(KB):        1024
    Block Size(B):    128
    Associativity:      8

Latencies:    1   20  200
L1-Sets:   64 - LRU - assoc:   8
L2-Sets: 1024 - LRU - assoc:   8
Store_allocation: Yes
L2_inclusive: Yes
L2_prefetching: No

L1 Cache Stats:
L1-Load-Hits:        6927736138   97.59%
L1-Load-Misses:       171417222    2.41%
L1-Load-Accesses:    7099153360  100.00%

L1-Store-Hits:        1164194448   91.78%
L1-Store-Misses:       104309367    8.22%
L1-Store-Accesses:    1268503815  100.00%

L1-Total-Hits:        8091930586   96.70%
L1-Total-Misses:       275726589    3.30%
L1-Total-Accesses:    8367657175  100.00%

L2 Cache Stats:
L2-Load-Hits:         125327966   73.11%
L2-Load-Misses:        46089256   26.89%
L2-Load-Accesses:     171417222  100.00%

L2-Store-Hits:         100179561   96.04%
L2-Store-Misses:         4129806    3.96%
L2-Store-Accesses:     104309367  100.00%

L2-Total-Hits:         225507527   81.79%
L2-Total-Misses:        50219062   18.21%
L2-Total-Accesses:     275726589  100.00%

