--------
Total Statistics
--------
Total Instructions: 24313031571
Total Cycles: 57192177142
IPC: 0.425111

--------
Single level Tlb hierarchy
--------
  Data Tlb:
    Entries:          64
    Page Size(B):   4096
    Associativity:      4

Latencies:    0  100
Tlb-Sets:   16 - LRU - assoc:   4

Tlb Stats:
Tlb-Load-Hits:        7062625328   99.49%
Tlb-Load-Misses:        36528032    0.51%
Tlb-Load-Accesses:    7099153360  100.00%

Tlb-Store-Hits:        1263886325   99.64%
Tlb-Store-Misses:         4618706    0.36%
Tlb-Store-Accesses:    1268505031  100.00%

Tlb-Total-Hits:        8326511653   99.51%
Tlb-Total-Misses:        41146738    0.49%
Tlb-Total-Accesses:    8367658391  100.00%



--------
Two level Cache hierarchy
--------
  L1-Data Cache:
    Size(KB):          16
    Block Size(B):     32
    Associativity:      4

  L2-Data Cache:
    Size(KB):        1024
    Block Size(B):    128
    Associativity:      8

Latencies:    1   20  200
L1-Sets:  128 - LRU - assoc:   4
L2-Sets: 1024 - LRU - assoc:   8
Store_allocation: Yes
L2_inclusive: Yes
L2_prefetching: No

L1 Cache Stats:
L1-Load-Hits:        6782812046   95.54%
L1-Load-Misses:       316341314    4.46%
L1-Load-Accesses:    7099153360  100.00%

L1-Store-Hits:        1066963476   84.11%
L1-Store-Misses:       201541555   15.89%
L1-Store-Accesses:    1268505031  100.00%

L1-Total-Hits:        7849775522   93.81%
L1-Total-Misses:       517882869    6.19%
L1-Total-Accesses:    8367658391  100.00%

L2 Cache Stats:
L2-Load-Hits:         270278958   85.44%
L2-Load-Misses:        46062356   14.56%
L2-Load-Accesses:     316341314  100.00%

L2-Store-Hits:         197408131   97.95%
L2-Store-Misses:         4133424    2.05%
L2-Store-Accesses:     201541555  100.00%

L2-Total-Hits:         467687089   90.31%
L2-Total-Misses:        50195780    9.69%
L2-Total-Accesses:     517882869  100.00%

