--------
Total Statistics
--------
Total Instructions: 24313033580
Total Cycles: 52109058639
IPC: 0.46658

--------
Single level Tlb hierarchy
--------
  Data Tlb:
    Entries:          64
    Page Size(B):   4096
    Associativity:      4

Latencies:    0  100
Tlb-Sets:   16 - LRU - assoc:   4

Tlb Stats:
Tlb-Load-Hits:        7064607593   99.51%
Tlb-Load-Misses:        34545767    0.49%
Tlb-Load-Accesses:    7099153360  100.00%

Tlb-Store-Hits:        1264319916   99.67%
Tlb-Store-Misses:         4186263    0.33%
Tlb-Store-Accesses:    1268506179  100.00%

Tlb-Total-Hits:        8328927509   99.54%
Tlb-Total-Misses:        38732030    0.46%
Tlb-Total-Accesses:    8367659539  100.00%



--------
Two level Cache hierarchy
--------
  L1-Data Cache:
    Size(KB):          32
    Block Size(B):     64
    Associativity:      8

  L2-Data Cache:
    Size(KB):        1024
    Block Size(B):    128
    Associativity:     16

Latencies:    1   20  200
L1-Sets:   64 - LRU - assoc:   8
L2-Sets:  512 - LRU - assoc:  16
Store_allocation: Yes
L2_inclusive: Yes
L2_prefetching: No

L1 Cache Stats:
L1-Load-Hits:        6928214050   97.59%
L1-Load-Misses:       170939310    2.41%
L1-Load-Accesses:    7099153360  100.00%

L1-Store-Hits:        1164180023   91.78%
L1-Store-Misses:       104326156    8.22%
L1-Store-Accesses:    1268506179  100.00%

L1-Total-Hits:        8092394073   96.71%
L1-Total-Misses:       275265466    3.29%
L1-Total-Accesses:    8367659539  100.00%

L2 Cache Stats:
L2-Load-Hits:         124833613   73.03%
L2-Load-Misses:        46105697   26.97%
L2-Load-Accesses:     170939310  100.00%

L2-Store-Hits:         100182587   96.03%
L2-Store-Misses:         4143569    3.97%
L2-Store-Accesses:     104326156  100.00%

L2-Total-Hits:         225016200   81.75%
L2-Total-Misses:        50249266   18.25%
L2-Total-Accesses:     275265466  100.00%

