--------
Total Statistics
--------
Total Instructions: 24313031571
Total Cycles: 51423556162
IPC: 0.472799

--------
Single level Tlb hierarchy
--------
  Data Tlb:
    Entries:          64
    Page Size(B):   4096
    Associativity:      4

Latencies:    0  100
Tlb-Sets:   16 - LRU - assoc:   4

Tlb Stats:
Tlb-Load-Hits:        7060940474   99.46%
Tlb-Load-Misses:        38212886    0.54%
Tlb-Load-Accesses:    7099153360  100.00%

Tlb-Store-Hits:        1263037247   99.57%
Tlb-Store-Misses:         5467784    0.43%
Tlb-Store-Accesses:    1268505031  100.00%

Tlb-Total-Hits:        8323977721   99.48%
Tlb-Total-Misses:        43680670    0.52%
Tlb-Total-Accesses:    8367658391  100.00%



--------
Two level Cache hierarchy
--------
  L1-Data Cache:
    Size(KB):          32
    Block Size(B):     64
    Associativity:      8

  L2-Data Cache:
    Size(KB):        2048
    Block Size(B):    128
    Associativity:     16

Latencies:    1   20  200
L1-Sets:   64 - LRU - assoc:   8
L2-Sets: 1024 - LRU - assoc:  16
Store_allocation: Yes
L2_inclusive: Yes
L2_prefetching: No

L1 Cache Stats:
L1-Load-Hits:        6931822125   97.64%
L1-Load-Misses:       167331235    2.36%
L1-Load-Accesses:    7099153360  100.00%

L1-Store-Hits:        1165415386   91.87%
L1-Store-Misses:       103089645    8.13%
L1-Store-Accesses:    1268505031  100.00%

L1-Total-Hits:        8097237511   96.77%
L1-Total-Misses:       270420880    3.23%
L1-Total-Accesses:    8367658391  100.00%

L2 Cache Stats:
L2-Load-Hits:         126028726   75.32%
L2-Load-Misses:        41302509   24.68%
L2-Load-Accesses:     167331235  100.00%

L2-Store-Hits:          99560246   96.58%
L2-Store-Misses:         3529399    3.42%
L2-Store-Accesses:     103089645  100.00%

L2-Total-Hits:         225588972   83.42%
L2-Total-Misses:        44831908   16.58%
L2-Total-Accesses:     270420880  100.00%

