--------
Total Statistics
--------
Total Instructions: 24313031571
Total Cycles: 52428293022
IPC: 0.463739

--------
Single level Tlb hierarchy
--------
  Data Tlb:
    Entries:          64
    Page Size(B):   4096
    Associativity:      4

Latencies:    0  100
Tlb-Sets:   16 - LRU - assoc:   4

Tlb Stats:
Tlb-Load-Hits:        7062295363   99.48%
Tlb-Load-Misses:        36857997    0.52%
Tlb-Load-Accesses:    7099153360  100.00%

Tlb-Store-Hits:        1263512528   99.61%
Tlb-Store-Misses:         4992503    0.39%
Tlb-Store-Accesses:    1268505031  100.00%

Tlb-Total-Hits:        8325807891   99.50%
Tlb-Total-Misses:        41850500    0.50%
Tlb-Total-Accesses:    8367658391  100.00%



--------
Two level Cache hierarchy
--------
  L1-Data Cache:
    Size(KB):          32
    Block Size(B):     64
    Associativity:      8

  L2-Data Cache:
    Size(KB):        1024
    Block Size(B):    128
    Associativity:      8

Latencies:    1   20  200
L1-Sets:   64 - LRU - assoc:   8
L2-Sets: 1024 - LRU - assoc:   8
Store_allocation: Yes
L2_inclusive: Yes
L2_prefetching: No

L1 Cache Stats:
L1-Load-Hits:        6927685333   97.58%
L1-Load-Misses:       171468027    2.42%
L1-Load-Accesses:    7099153360  100.00%

L1-Store-Hits:        1163846675   91.75%
L1-Store-Misses:       104658356    8.25%
L1-Store-Accesses:    1268505031  100.00%

L1-Total-Hits:        8091532008   96.70%
L1-Total-Misses:       276126383    3.30%
L1-Total-Accesses:    8367658391  100.00%

L2 Cache Stats:
L2-Load-Hits:         125398311   73.13%
L2-Load-Misses:        46069716   26.87%
L2-Load-Accesses:     171468027  100.00%

L2-Store-Hits:         100527945   96.05%
L2-Store-Misses:         4130411    3.95%
L2-Store-Accesses:     104658356  100.00%

L2-Total-Hits:         225926256   81.82%
L2-Total-Misses:        50200127   18.18%
L2-Total-Accesses:     276126383  100.00%

