--------
Total Statistics
--------
Total Instructions: 24313029443
Total Cycles: 49861484718
IPC: 0.487611

--------
Single level Tlb hierarchy
--------
  Data Tlb:
    Entries:          64
    Page Size(B):   4096
    Associativity:      4

Latencies:    0  100
Tlb-Sets:   16 - LRU - assoc:   4

Tlb Stats:
Tlb-Load-Hits:        7063070575   99.49%
Tlb-Load-Misses:        36082785    0.51%
Tlb-Load-Accesses:    7099153360  100.00%

Tlb-Store-Hits:        1264217985   99.66%
Tlb-Store-Misses:         4285830    0.34%
Tlb-Store-Accesses:    1268503815  100.00%

Tlb-Total-Hits:        8327288560   99.52%
Tlb-Total-Misses:        40368615    0.48%
Tlb-Total-Accesses:    8367657175  100.00%



--------
Two level Cache hierarchy
--------
  L1-Data Cache:
    Size(KB):          32
    Block Size(B):     64
    Associativity:      8

  L2-Data Cache:
    Size(KB):        1024
    Block Size(B):    256
    Associativity:      8

Latencies:    1   20  200
L1-Sets:   64 - LRU - assoc:   8
L2-Sets:  512 - LRU - assoc:   8
Store_allocation: Yes
L2_inclusive: Yes
L2_prefetching: No

L1 Cache Stats:
L1-Load-Hits:        6932106730   97.65%
L1-Load-Misses:       167046630    2.35%
L1-Load-Accesses:    7099153360  100.00%

L1-Store-Hits:        1166703525   91.97%
L1-Store-Misses:       101800290    8.03%
L1-Store-Accesses:    1268503815  100.00%

L1-Total-Hits:        8098810255   96.79%
L1-Total-Misses:       268846920    3.21%
L1-Total-Accesses:    8367657175  100.00%

L2 Cache Stats:
L2-Load-Hits:         130392336   78.06%
L2-Load-Misses:        36654294   21.94%
L2-Load-Accesses:     167046630  100.00%

L2-Store-Hits:          99619593   97.86%
L2-Store-Misses:         2180697    2.14%
L2-Store-Accesses:     101800290  100.00%

L2-Total-Hits:         230011929   85.55%
L2-Total-Misses:        38834991   14.45%
L2-Total-Accesses:     268846920  100.00%

