--------
Total Statistics
--------
Total Instructions: 7966076647
Total Cycles: 12395090707
IPC: 0.64268

--------
Single level Tlb hierarchy
--------
  Data Tlb:
    Entries:          64
    Page Size(B):   4096
    Associativity:      4

Latencies:    0  100
Tlb-Sets:   16 - LRU - assoc:   4

Tlb Stats:
Tlb-Load-Hits:        1867741557   99.97%
Tlb-Load-Misses:          564767    0.03%
Tlb-Load-Accesses:    1868306324  100.00%

Tlb-Store-Hits:         187423686   99.85%
Tlb-Store-Misses:          279850    0.15%
Tlb-Store-Accesses:     187703536  100.00%

Tlb-Total-Hits:        2055165243   99.96%
Tlb-Total-Misses:          844617    0.04%
Tlb-Total-Accesses:    2056009860  100.00%



--------
Two level Cache hierarchy
--------
  L1-Data Cache:
    Size(KB):          32
    Block Size(B):     64
    Associativity:      8

  L2-Data Cache:
    Size(KB):        1024
    Block Size(B):    128
    Associativity:     16

Latencies:    1   20  200
L1-Sets:   64 - LRU - assoc:   8
L2-Sets:  512 - LRU - assoc:  16
Store_allocation: Yes
L2_inclusive: Yes
L2_prefetching: No

L1 Cache Stats:
L1-Load-Hits:        1846322945   98.82%
L1-Load-Misses:        21983379    1.18%
L1-Load-Accesses:    1868306324  100.00%

L1-Store-Hits:         182208850   97.07%
L1-Store-Misses:         5494686    2.93%
L1-Store-Accesses:     187703536  100.00%

L1-Total-Hits:        2028531795   98.66%
L1-Total-Misses:        27478065    1.34%
L1-Total-Accesses:    2056009860  100.00%

L2 Cache Stats:
L2-Load-Hits:          16007436   72.82%
L2-Load-Misses:         5975943   27.18%
L2-Load-Accesses:      21983379  100.00%

L2-Store-Hits:           2775723   50.52%
L2-Store-Misses:         2718963   49.48%
L2-Store-Accesses:       5494686  100.00%

L2-Total-Hits:          18783159   68.36%
L2-Total-Misses:         8694906   31.64%
L2-Total-Accesses:      27478065  100.00%

