--------
Total Statistics
--------
Total Instructions: 7966076647
Total Cycles: 12390667267
IPC: 0.642909

--------
Single level Tlb hierarchy
--------
  Data Tlb:
    Entries:          64
    Page Size(B):   4096
    Associativity:     16

Latencies:    0  100
Tlb-Sets:    4 - LRU - assoc:  16

Tlb Stats:
Tlb-Load-Hits:        1867765938   99.97%
Tlb-Load-Misses:          540386    0.03%
Tlb-Load-Accesses:    1868306324  100.00%

Tlb-Store-Hits:         187423686   99.85%
Tlb-Store-Misses:          279850    0.15%
Tlb-Store-Accesses:     187703536  100.00%

Tlb-Total-Hits:        2055189624   99.96%
Tlb-Total-Misses:          820236    0.04%
Tlb-Total-Accesses:    2056009860  100.00%



--------
Two level Cache hierarchy
--------
  L1-Data Cache:
    Size(KB):          32
    Block Size(B):     64
    Associativity:      8

  L2-Data Cache:
    Size(KB):        1024
    Block Size(B):    128
    Associativity:      8

Latencies:    1   20  200
L1-Sets:   64 - LRU - assoc:   8
L2-Sets: 1024 - LRU - assoc:   8
Store_allocation: Yes
L2_inclusive: Yes
L2_prefetching: No

L1 Cache Stats:
L1-Load-Hits:        1846310634   98.82%
L1-Load-Misses:        21995690    1.18%
L1-Load-Accesses:    1868306324  100.00%

L1-Store-Hits:         182208388   97.07%
L1-Store-Misses:         5495148    2.93%
L1-Store-Accesses:     187703536  100.00%

L1-Total-Hits:        2028519022   98.66%
L1-Total-Misses:        27490838    1.34%
L1-Total-Accesses:    2056009860  100.00%

L2 Cache Stats:
L2-Load-Hits:          16030965   72.88%
L2-Load-Misses:         5964725   27.12%
L2-Load-Accesses:      21995690  100.00%

L2-Store-Hits:           2776171   50.52%
L2-Store-Misses:         2718977   49.48%
L2-Store-Accesses:       5495148  100.00%

L2-Total-Hits:          18807136   68.41%
L2-Total-Misses:         8683702   31.59%
L2-Total-Accesses:      27490838  100.00%

