--------
Total Statistics
--------
Total Instructions: 7966076647
Total Cycles: 12555659327
IPC: 0.634461

--------
Single level Tlb hierarchy
--------
  Data Tlb:
    Entries:          64
    Page Size(B):   4096
    Associativity:      4

Latencies:    0  100
Tlb-Sets:   16 - LRU - assoc:   4

Tlb Stats:
Tlb-Load-Hits:        1867741644   99.97%
Tlb-Load-Misses:          564680    0.03%
Tlb-Load-Accesses:    1868306324  100.00%

Tlb-Store-Hits:         187423683   99.85%
Tlb-Store-Misses:          279853    0.15%
Tlb-Store-Accesses:     187703536  100.00%

Tlb-Total-Hits:        2055165327   99.96%
Tlb-Total-Misses:          844533    0.04%
Tlb-Total-Accesses:    2056009860  100.00%



--------
Two level Cache hierarchy
--------
  L1-Data Cache:
    Size(KB):          32
    Block Size(B):     64
    Associativity:      8

  L2-Data Cache:
    Size(KB):         512
    Block Size(B):     64
    Associativity:      8

Latencies:    1   20  200
L1-Sets:   64 - LRU - assoc:   8
L2-Sets: 1024 - LRU - assoc:   8
Store_allocation: Yes
L2_inclusive: Yes
L2_prefetching: No

L1 Cache Stats:
L1-Load-Hits:        1854389038   99.26%
L1-Load-Misses:        13917286    0.74%
L1-Load-Accesses:    1868306324  100.00%

L1-Store-Hits:         184615566   98.35%
L1-Store-Misses:         3087970    1.65%
L1-Store-Accesses:     187703536  100.00%

L1-Total-Hits:        2039004604   99.17%
L1-Total-Misses:        17005256    0.83%
L1-Total-Accesses:    2056009860  100.00%

L2 Cache Stats:
L2-Load-Hits:           6453121   46.37%
L2-Load-Misses:         7464165   53.63%
L2-Load-Accesses:      13917286  100.00%

L2-Store-Hits:              7063    0.23%
L2-Store-Misses:         3080907   99.77%
L2-Store-Accesses:       3087970  100.00%

L2-Total-Hits:           6460184   37.99%
L2-Total-Misses:        10545072   62.01%
L2-Total-Accesses:      17005256  100.00%

