--------
Total Statistics
--------
Total Instructions: 7966076647
Total Cycles: 12323593307
IPC: 0.646409

--------
Single level Tlb hierarchy
--------
  Data Tlb:
    Entries:          64
    Page Size(B):   4096
    Associativity:      4

Latencies:    0  100
Tlb-Sets:   16 - LRU - assoc:   4

Tlb Stats:
Tlb-Load-Hits:        1867742001   99.97%
Tlb-Load-Misses:          564323    0.03%
Tlb-Load-Accesses:    1868306324  100.00%

Tlb-Store-Hits:         187423668   99.85%
Tlb-Store-Misses:          279868    0.15%
Tlb-Store-Accesses:     187703536  100.00%

Tlb-Total-Hits:        2055165669   99.96%
Tlb-Total-Misses:          844191    0.04%
Tlb-Total-Accesses:    2056009860  100.00%



--------
Two level Cache hierarchy
--------
  L1-Data Cache:
    Size(KB):          64
    Block Size(B):     64
    Associativity:      4

  L2-Data Cache:
    Size(KB):        1024
    Block Size(B):    128
    Associativity:      8

Latencies:    1   20  200
L1-Sets:  256 - LRU - assoc:   4
L2-Sets: 1024 - LRU - assoc:   8
Store_allocation: Yes
L2_inclusive: Yes
L2_prefetching: No

L1 Cache Stats:
L1-Load-Hits:        1849764179   99.01%
L1-Load-Misses:        18542145    0.99%
L1-Load-Accesses:    1868306324  100.00%

L1-Store-Hits:         182228216   97.08%
L1-Store-Misses:         5475320    2.92%
L1-Store-Accesses:     187703536  100.00%

L1-Total-Hits:        2031992395   98.83%
L1-Total-Misses:        24017465    1.17%
L1-Total-Accesses:    2056009860  100.00%

L2 Cache Stats:
L2-Load-Hits:          12577643   67.83%
L2-Load-Misses:         5964502   32.17%
L2-Load-Accesses:      18542145  100.00%

L2-Store-Hits:           2756130   50.34%
L2-Store-Misses:         2719190   49.66%
L2-Store-Accesses:       5475320  100.00%

L2-Total-Hits:          15333773   63.84%
L2-Total-Misses:         8683692   36.16%
L2-Total-Accesses:      24017465  100.00%

