--------
Total Statistics
--------
Total Instructions: 7966076647
Total Cycles: 12499017547
IPC: 0.637336

--------
Single level Tlb hierarchy
--------
  Data Tlb:
    Entries:          64
    Page Size(B):   4096
    Associativity:      4

Latencies:    0  100
Tlb-Sets:   16 - LRU - assoc:   4

Tlb Stats:
Tlb-Load-Hits:        1867729241   99.97%
Tlb-Load-Misses:          577083    0.03%
Tlb-Load-Accesses:    1868306324  100.00%

Tlb-Store-Hits:         187423685   99.85%
Tlb-Store-Misses:          279851    0.15%
Tlb-Store-Accesses:     187703536  100.00%

Tlb-Total-Hits:        2055152926   99.96%
Tlb-Total-Misses:          856934    0.04%
Tlb-Total-Accesses:    2056009860  100.00%



--------
Two level Cache hierarchy
--------
  L1-Data Cache:
    Size(KB):          32
    Block Size(B):     64
    Associativity:      8

  L2-Data Cache:
    Size(KB):         512
    Block Size(B):    128
    Associativity:      4

Latencies:    1   20  200
L1-Sets:   64 - LRU - assoc:   8
L2-Sets: 1024 - LRU - assoc:   4
Store_allocation: Yes
L2_inclusive: Yes
L2_prefetching: No

L1 Cache Stats:
L1-Load-Hits:        1846105697   98.81%
L1-Load-Misses:        22200627    1.19%
L1-Load-Accesses:    1868306324  100.00%

L1-Store-Hits:         181995541   96.96%
L1-Store-Misses:         5707995    3.04%
L1-Store-Accesses:     187703536  100.00%

L1-Total-Hits:        2028101238   98.64%
L1-Total-Misses:        27908622    1.36%
L1-Total-Accesses:    2056009860  100.00%

L2 Cache Stats:
L2-Load-Hits:          15754150   70.96%
L2-Load-Misses:         6446477   29.04%
L2-Load-Accesses:      22200627  100.00%

L2-Store-Hits:           2989146   52.37%
L2-Store-Misses:         2718849   47.63%
L2-Store-Accesses:       5707995  100.00%

L2-Total-Hits:          18743296   67.16%
L2-Total-Misses:         9165326   32.84%
L2-Total-Accesses:      27908622  100.00%

