--------
Total Statistics
--------
Total Instructions: 7966076647
Total Cycles: 17054197627
IPC: 0.467104

--------
Single level Tlb hierarchy
--------
  Data Tlb:
    Entries:           8
    Page Size(B):   4096
    Associativity:      4

Latencies:    0  100
Tlb-Sets:    2 - LRU - assoc:   4

Tlb Stats:
Tlb-Load-Hits:        1821732749   97.51%
Tlb-Load-Misses:        46573575    2.49%
Tlb-Load-Accesses:    1868306324  100.00%

Tlb-Store-Hits:         186827352   99.53%
Tlb-Store-Misses:          876184    0.47%
Tlb-Store-Accesses:     187703536  100.00%

Tlb-Total-Hits:        2008560101   97.69%
Tlb-Total-Misses:        47449759    2.31%
Tlb-Total-Accesses:    2056009860  100.00%



--------
Two level Cache hierarchy
--------
  L1-Data Cache:
    Size(KB):          32
    Block Size(B):     64
    Associativity:      8

  L2-Data Cache:
    Size(KB):        1024
    Block Size(B):    128
    Associativity:      8

Latencies:    1   20  200
L1-Sets:   64 - LRU - assoc:   8
L2-Sets: 1024 - LRU - assoc:   8
Store_allocation: Yes
L2_inclusive: Yes
L2_prefetching: No

L1 Cache Stats:
L1-Load-Hits:        1846280368   98.82%
L1-Load-Misses:        22025956    1.18%
L1-Load-Accesses:    1868306324  100.00%

L1-Store-Hits:         182207631   97.07%
L1-Store-Misses:         5495905    2.93%
L1-Store-Accesses:     187703536  100.00%

L1-Total-Hits:        2028487999   98.66%
L1-Total-Misses:        27521861    1.34%
L1-Total-Accesses:    2056009860  100.00%

L2 Cache Stats:
L2-Load-Hits:          16061454   72.92%
L2-Load-Misses:         5964502   27.08%
L2-Load-Accesses:      22025956  100.00%

L2-Store-Hits:           2776917   50.53%
L2-Store-Misses:         2718988   49.47%
L2-Store-Accesses:       5495905  100.00%

L2-Total-Hits:          18838371   68.45%
L2-Total-Misses:         8683490   31.55%
L2-Total-Accesses:      27521861  100.00%

