--------
Total Statistics
--------
Total Instructions: 7966076647
Total Cycles: 12277903587
IPC: 0.648814

--------
Single level Tlb hierarchy
--------
  Data Tlb:
    Entries:          64
    Page Size(B):   4096
    Associativity:      4

Latencies:    0  100
Tlb-Sets:   16 - LRU - assoc:   4

Tlb Stats:
Tlb-Load-Hits:        1867741546   99.97%
Tlb-Load-Misses:          564778    0.03%
Tlb-Load-Accesses:    1868306324  100.00%

Tlb-Store-Hits:         187423686   99.85%
Tlb-Store-Misses:          279850    0.15%
Tlb-Store-Accesses:     187703536  100.00%

Tlb-Total-Hits:        2055165232   99.96%
Tlb-Total-Misses:          844628    0.04%
Tlb-Total-Accesses:    2056009860  100.00%



--------
Two level Cache hierarchy
--------
  L1-Data Cache:
    Size(KB):          32
    Block Size(B):     64
    Associativity:      8

  L2-Data Cache:
    Size(KB):        1024
    Block Size(B):     64
    Associativity:      8

Latencies:    1   20  200
L1-Sets:   64 - LRU - assoc:   8
L2-Sets: 2048 - LRU - assoc:   8
Store_allocation: Yes
L2_inclusive: Yes
L2_prefetching: No

L1 Cache Stats:
L1-Load-Hits:        1854396136   99.26%
L1-Load-Misses:        13910188    0.74%
L1-Load-Accesses:    1868306324  100.00%

L1-Store-Hits:         184615330   98.35%
L1-Store-Misses:         3088206    1.65%
L1-Store-Accesses:     187703536  100.00%

L1-Total-Hits:        2039011466   99.17%
L1-Total-Misses:        16998394    0.83%
L1-Total-Accesses:    2056009860  100.00%

L2 Cache Stats:
L2-Load-Hits:           7834238   56.32%
L2-Load-Misses:         6075950   43.68%
L2-Load-Accesses:      13910188  100.00%

L2-Store-Hits:              7224    0.23%
L2-Store-Misses:         3080982   99.77%
L2-Store-Accesses:       3088206  100.00%

L2-Total-Hits:           7841462   46.13%
L2-Total-Misses:         9156932   53.87%
L2-Total-Accesses:      16998394  100.00%

