--------
Total Statistics
--------
Total Instructions: 7966076647
Total Cycles: 12471553267
IPC: 0.63874

--------
Single level Tlb hierarchy
--------
  Data Tlb:
    Entries:          32
    Page Size(B):   4096
    Associativity:      4

Latencies:    0  100
Tlb-Sets:    8 - LRU - assoc:   4

Tlb Stats:
Tlb-Load-Hits:        1866958541   99.93%
Tlb-Load-Misses:         1347783    0.07%
Tlb-Load-Accesses:    1868306324  100.00%

Tlb-Store-Hits:         187419090   99.85%
Tlb-Store-Misses:          284446    0.15%
Tlb-Store-Accesses:     187703536  100.00%

Tlb-Total-Hits:        2054377631   99.92%
Tlb-Total-Misses:         1632229    0.08%
Tlb-Total-Accesses:    2056009860  100.00%



--------
Two level Cache hierarchy
--------
  L1-Data Cache:
    Size(KB):          32
    Block Size(B):     64
    Associativity:      8

  L2-Data Cache:
    Size(KB):        1024
    Block Size(B):    128
    Associativity:      8

Latencies:    1   20  200
L1-Sets:   64 - LRU - assoc:   8
L2-Sets: 1024 - LRU - assoc:   8
Store_allocation: Yes
L2_inclusive: Yes
L2_prefetching: No

L1 Cache Stats:
L1-Load-Hits:        1846331034   98.82%
L1-Load-Misses:        21975290    1.18%
L1-Load-Accesses:    1868306324  100.00%

L1-Store-Hits:         182208733   97.07%
L1-Store-Misses:         5494803    2.93%
L1-Store-Accesses:     187703536  100.00%

L1-Total-Hits:        2028539767   98.66%
L1-Total-Misses:        27470093    1.34%
L1-Total-Accesses:    2056009860  100.00%

L2 Cache Stats:
L2-Load-Hits:          16010194   72.86%
L2-Load-Misses:         5965096   27.14%
L2-Load-Accesses:      21975290  100.00%

L2-Store-Hits:           2775689   50.51%
L2-Store-Misses:         2719114   49.49%
L2-Store-Accesses:       5494803  100.00%

L2-Total-Hits:          18785883   68.39%
L2-Total-Misses:         8684210   31.61%
L2-Total-Accesses:      27470093  100.00%

