--------
Total Statistics
--------
Total Instructions: 7966076647
Total Cycles: 12155193047
IPC: 0.655364

--------
Single level Tlb hierarchy
--------
  Data Tlb:
    Entries:          64
    Page Size(B):   4096
    Associativity:      4

Latencies:    0  100
Tlb-Sets:   16 - LRU - assoc:   4

Tlb Stats:
Tlb-Load-Hits:        1867741739   99.97%
Tlb-Load-Misses:          564585    0.03%
Tlb-Load-Accesses:    1868306324  100.00%

Tlb-Store-Hits:         187423682   99.85%
Tlb-Store-Misses:          279854    0.15%
Tlb-Store-Accesses:     187703536  100.00%

Tlb-Total-Hits:        2055165421   99.96%
Tlb-Total-Misses:          844439    0.04%
Tlb-Total-Accesses:    2056009860  100.00%



--------
Two level Cache hierarchy
--------
  L1-Data Cache:
    Size(KB):          32
    Block Size(B):    128
    Associativity:      4

  L2-Data Cache:
    Size(KB):        1024
    Block Size(B):    128
    Associativity:      8

Latencies:    1   20  200
L1-Sets:   64 - LRU - assoc:   4
L2-Sets: 1024 - LRU - assoc:   8
Store_allocation: Yes
L2_inclusive: Yes
L2_prefetching: No

L1 Cache Stats:
L1-Load-Hits:        1855480521   99.31%
L1-Load-Misses:        12825803    0.69%
L1-Load-Accesses:    1868306324  100.00%

L1-Store-Hits:         184954987   98.54%
L1-Store-Misses:         2748549    1.46%
L1-Store-Accesses:     187703536  100.00%

L1-Total-Hits:        2040435508   99.24%
L1-Total-Misses:        15574352    0.76%
L1-Total-Accesses:    2056009860  100.00%

L2 Cache Stats:
L2-Load-Hits:           6858716   53.48%
L2-Load-Misses:         5967087   46.52%
L2-Load-Accesses:      12825803  100.00%

L2-Store-Hits:             29758    1.08%
L2-Store-Misses:         2718791   98.92%
L2-Store-Accesses:       2748549  100.00%

L2-Total-Hits:           6888474   44.23%
L2-Total-Misses:         8685878   55.77%
L2-Total-Accesses:      15574352  100.00%

