--------
Total Statistics
--------
Total Instructions: 7966076647
Total Cycles: 12393381707
IPC: 0.642769

--------
Single level Tlb hierarchy
--------
  Data Tlb:
    Entries:          64
    Page Size(B):   4096
    Associativity:      4

Latencies:    0  100
Tlb-Sets:   16 - LRU - assoc:   4

Tlb Stats:
Tlb-Load-Hits:        1867741518   99.97%
Tlb-Load-Misses:          564806    0.03%
Tlb-Load-Accesses:    1868306324  100.00%

Tlb-Store-Hits:         187423685   99.85%
Tlb-Store-Misses:          279851    0.15%
Tlb-Store-Accesses:     187703536  100.00%

Tlb-Total-Hits:        2055165203   99.96%
Tlb-Total-Misses:          844657    0.04%
Tlb-Total-Accesses:    2056009860  100.00%



--------
Two level Cache hierarchy
--------
  L1-Data Cache:
    Size(KB):          32
    Block Size(B):     64
    Associativity:      8

  L2-Data Cache:
    Size(KB):        1024
    Block Size(B):    128
    Associativity:      8

Latencies:    1   20  200
L1-Sets:   64 - LRU - assoc:   8
L2-Sets: 1024 - LRU - assoc:   8
Store_allocation: Yes
L2_inclusive: Yes
L2_prefetching: Yes ( 16)

L1 Cache Stats:
L1-Load-Hits:        1846298466   98.82%
L1-Load-Misses:        22007858    1.18%
L1-Load-Accesses:    1868306324  100.00%

L1-Store-Hits:         182206419   97.07%
L1-Store-Misses:         5497117    2.93%
L1-Store-Accesses:     187703536  100.00%

L1-Total-Hits:        2028504885   98.66%
L1-Total-Misses:        27504975    1.34%
L1-Total-Accesses:    2056009860  100.00%

L2 Cache Stats:
L2-Load-Hits:          16043258   72.90%
L2-Load-Misses:         5964600   27.10%
L2-Load-Accesses:      22007858  100.00%

L2-Store-Hits:           2778067   50.54%
L2-Store-Misses:         2719050   49.46%
L2-Store-Accesses:       5497117  100.00%

L2-Total-Hits:          18821325   68.43%
L2-Total-Misses:         8683650   31.57%
L2-Total-Accesses:      27504975  100.00%

