--------
Total Statistics
--------
Total Instructions: 7966076647
Total Cycles: 12432963767
IPC: 0.640722

--------
Single level Tlb hierarchy
--------
  Data Tlb:
    Entries:          64
    Page Size(B):   4096
    Associativity:      4

Latencies:    0  100
Tlb-Sets:   16 - LRU - assoc:   4

Tlb Stats:
Tlb-Load-Hits:        1867741916   99.97%
Tlb-Load-Misses:          564408    0.03%
Tlb-Load-Accesses:    1868306324  100.00%

Tlb-Store-Hits:         187423685   99.85%
Tlb-Store-Misses:          279851    0.15%
Tlb-Store-Accesses:     187703536  100.00%

Tlb-Total-Hits:        2055165601   99.96%
Tlb-Total-Misses:          844259    0.04%
Tlb-Total-Accesses:    2056009860  100.00%



--------
Two level Cache hierarchy
--------
  L1-Data Cache:
    Size(KB):          64
    Block Size(B):     32
    Associativity:      4

  L2-Data Cache:
    Size(KB):        1024
    Block Size(B):    128
    Associativity:      8

Latencies:    1   20  200
L1-Sets:  512 - LRU - assoc:   4
L2-Sets: 1024 - LRU - assoc:   8
Store_allocation: Yes
L2_inclusive: Yes
L2_prefetching: No

L1 Cache Stats:
L1-Load-Hits:        1845612334   98.79%
L1-Load-Misses:        22693990    1.21%
L1-Load-Accesses:    1868306324  100.00%

L1-Store-Hits:         180903728   96.38%
L1-Store-Misses:         6799808    3.62%
L1-Store-Accesses:     187703536  100.00%

L1-Total-Hits:        2026516062   98.57%
L1-Total-Misses:        29493798    1.43%
L1-Total-Accesses:    2056009860  100.00%

L2 Cache Stats:
L2-Load-Hits:          16729911   73.72%
L2-Load-Misses:         5964079   26.28%
L2-Load-Accesses:      22693990  100.00%

L2-Store-Hits:           4081010   60.02%
L2-Store-Misses:         2718798   39.98%
L2-Store-Accesses:       6799808  100.00%

L2-Total-Hits:          20810921   70.56%
L2-Total-Misses:         8682877   29.44%
L2-Total-Accesses:      29493798  100.00%

