--------
Total Statistics
--------
Total Instructions: 7966076647
Total Cycles: 13226972127
IPC: 0.60226

--------
Single level Tlb hierarchy
--------
  Data Tlb:
    Entries:          16
    Page Size(B):   4096
    Associativity:      4

Latencies:    0  100
Tlb-Sets:    4 - LRU - assoc:   4

Tlb Stats:
Tlb-Load-Hits:        1859427933   99.52%
Tlb-Load-Misses:         8878391    0.48%
Tlb-Load-Accesses:    1868306324  100.00%

Tlb-Store-Hits:         187399782   99.84%
Tlb-Store-Misses:          303754    0.16%
Tlb-Store-Accesses:     187703536  100.00%

Tlb-Total-Hits:        2046827715   99.55%
Tlb-Total-Misses:         9182145    0.45%
Tlb-Total-Accesses:    2056009860  100.00%



--------
Two level Cache hierarchy
--------
  L1-Data Cache:
    Size(KB):          32
    Block Size(B):     64
    Associativity:      8

  L2-Data Cache:
    Size(KB):        1024
    Block Size(B):    128
    Associativity:      8

Latencies:    1   20  200
L1-Sets:   64 - LRU - assoc:   8
L2-Sets: 1024 - LRU - assoc:   8
Store_allocation: Yes
L2_inclusive: Yes
L2_prefetching: No

L1 Cache Stats:
L1-Load-Hits:        1846304331   98.82%
L1-Load-Misses:        22001993    1.18%
L1-Load-Accesses:    1868306324  100.00%

L1-Store-Hits:         182208413   97.07%
L1-Store-Misses:         5495123    2.93%
L1-Store-Accesses:     187703536  100.00%

L1-Total-Hits:        2028512744   98.66%
L1-Total-Misses:        27497116    1.34%
L1-Total-Accesses:    2056009860  100.00%

L2 Cache Stats:
L2-Load-Hits:          16037260   72.89%
L2-Load-Misses:         5964733   27.11%
L2-Load-Accesses:      22001993  100.00%

L2-Store-Hits:           2776212   50.52%
L2-Store-Misses:         2718911   49.48%
L2-Store-Accesses:       5495123  100.00%

L2-Total-Hits:          18813472   68.42%
L2-Total-Misses:         8683644   31.58%
L2-Total-Accesses:      27497116  100.00%

