--------
Total Statistics
--------
Total Instructions: 7966076647
Total Cycles: 11744604987
IPC: 0.678275

--------
Single level Tlb hierarchy
--------
  Data Tlb:
    Entries:          64
    Page Size(B):   4096
    Associativity:      4

Latencies:    0  100
Tlb-Sets:   16 - LRU - assoc:   4

Tlb Stats:
Tlb-Load-Hits:        1867741944   99.97%
Tlb-Load-Misses:          564380    0.03%
Tlb-Load-Accesses:    1868306324  100.00%

Tlb-Store-Hits:         187423685   99.85%
Tlb-Store-Misses:          279851    0.15%
Tlb-Store-Accesses:     187703536  100.00%

Tlb-Total-Hits:        2055165629   99.96%
Tlb-Total-Misses:          844231    0.04%
Tlb-Total-Accesses:    2056009860  100.00%



--------
Two level Cache hierarchy
--------
  L1-Data Cache:
    Size(KB):          32
    Block Size(B):     64
    Associativity:      8

  L2-Data Cache:
    Size(KB):        2048
    Block Size(B):    256
    Associativity:      8

Latencies:    1   20  200
L1-Sets:   64 - LRU - assoc:   8
L2-Sets: 1024 - LRU - assoc:   8
Store_allocation: Yes
L2_inclusive: Yes
L2_prefetching: No

L1 Cache Stats:
L1-Load-Hits:        1849296672   98.98%
L1-Load-Misses:        19009652    1.02%
L1-Load-Accesses:    1868306324  100.00%

L1-Store-Hits:         182763699   97.37%
L1-Store-Misses:         4939837    2.63%
L1-Store-Accesses:     187703536  100.00%

L1-Total-Hits:        2032060371   98.84%
L1-Total-Misses:        23949489    1.16%
L1-Total-Accesses:    2056009860  100.00%

L2 Cache Stats:
L2-Load-Hits:          15394807   80.98%
L2-Load-Misses:         3614845   19.02%
L2-Load-Accesses:      19009652  100.00%

L2-Store-Hits:           2759154   55.86%
L2-Store-Misses:         2180683   44.14%
L2-Store-Accesses:       4939837  100.00%

L2-Total-Hits:          18153961   75.80%
L2-Total-Misses:         5795528   24.20%
L2-Total-Accesses:      23949489  100.00%

