--------
Total Statistics
--------
Total Instructions: 7966076647
Total Cycles: 12279803827
IPC: 0.648714

--------
Single level Tlb hierarchy
--------
  Data Tlb:
    Entries:          64
    Page Size(B):   4096
    Associativity:      4

Latencies:    0  100
Tlb-Sets:   16 - LRU - assoc:   4

Tlb Stats:
Tlb-Load-Hits:        1867741686   99.97%
Tlb-Load-Misses:          564638    0.03%
Tlb-Load-Accesses:    1868306324  100.00%

Tlb-Store-Hits:         187423664   99.85%
Tlb-Store-Misses:          279872    0.15%
Tlb-Store-Accesses:     187703536  100.00%

Tlb-Total-Hits:        2055165350   99.96%
Tlb-Total-Misses:          844510    0.04%
Tlb-Total-Accesses:    2056009860  100.00%



--------
Two level Cache hierarchy
--------
  L1-Data Cache:
    Size(KB):         128
    Block Size(B):     64
    Associativity:      8

  L2-Data Cache:
    Size(KB):        1024
    Block Size(B):    128
    Associativity:      8

Latencies:    1   20  200
L1-Sets:  256 - LRU - assoc:   8
L2-Sets: 1024 - LRU - assoc:   8
Store_allocation: Yes
L2_inclusive: Yes
L2_prefetching: No

L1 Cache Stats:
L1-Load-Hits:        1851958101   99.12%
L1-Load-Misses:        16348223    0.88%
L1-Load-Accesses:    1868306324  100.00%

L1-Store-Hits:         182231013   97.08%
L1-Store-Misses:         5472523    2.92%
L1-Store-Accesses:     187703536  100.00%

L1-Total-Hits:        2034189114   98.94%
L1-Total-Misses:        21820746    1.06%
L1-Total-Accesses:    2056009860  100.00%

L2 Cache Stats:
L2-Load-Hits:          10383042   63.51%
L2-Load-Misses:         5965181   36.49%
L2-Load-Accesses:      16348223  100.00%

L2-Store-Hits:           2753447   50.31%
L2-Store-Misses:         2719076   49.69%
L2-Store-Accesses:       5472523  100.00%

L2-Total-Hits:          13136489   60.20%
L2-Total-Misses:         8684257   39.80%
L2-Total-Accesses:      21820746  100.00%

