--------
Total Statistics
--------
Total Instructions: 7966076647
Total Cycles: 12105042067
IPC: 0.658079

--------
Single level Tlb hierarchy
--------
  Data Tlb:
    Entries:          64
    Page Size(B):   4096
    Associativity:      4

Latencies:    0  100
Tlb-Sets:   16 - LRU - assoc:   4

Tlb Stats:
Tlb-Load-Hits:        1867723513   99.97%
Tlb-Load-Misses:          582811    0.03%
Tlb-Load-Accesses:    1868306324  100.00%

Tlb-Store-Hits:         187423675   99.85%
Tlb-Store-Misses:          279861    0.15%
Tlb-Store-Accesses:     187703536  100.00%

Tlb-Total-Hits:        2055147188   99.96%
Tlb-Total-Misses:          862672    0.04%
Tlb-Total-Accesses:    2056009860  100.00%



--------
Two level Cache hierarchy
--------
  L1-Data Cache:
    Size(KB):          32
    Block Size(B):     64
    Associativity:      8

  L2-Data Cache:
    Size(KB):        2048
    Block Size(B):    128
    Associativity:     16

Latencies:    1   20  200
L1-Sets:   64 - LRU - assoc:   8
L2-Sets: 1024 - LRU - assoc:  16
Store_allocation: Yes
L2_inclusive: Yes
L2_prefetching: No

L1 Cache Stats:
L1-Load-Hits:        1847921448   98.91%
L1-Load-Misses:        20384876    1.09%
L1-Load-Accesses:    1868306324  100.00%

L1-Store-Hits:         182208744   97.07%
L1-Store-Misses:         5494792    2.93%
L1-Store-Accesses:     187703536  100.00%

L1-Total-Hits:        2030130192   98.74%
L1-Total-Misses:        25879668    1.26%
L1-Total-Accesses:    2056009860  100.00%

L2 Cache Stats:
L2-Load-Hits:          15708310   77.06%
L2-Load-Misses:         4676566   22.94%
L2-Load-Accesses:      20384876  100.00%

L2-Store-Hits:           2775883   50.52%
L2-Store-Misses:         2718909   49.48%
L2-Store-Accesses:       5494792  100.00%

L2-Total-Hits:          18484193   71.42%
L2-Total-Misses:         7395475   28.58%
L2-Total-Accesses:      25879668  100.00%

