--------
Total Statistics
--------
Total Instructions: 7966076647
Total Cycles: 12536777147
IPC: 0.635417

--------
Single level Tlb hierarchy
--------
  Data Tlb:
    Entries:          64
    Page Size(B):   4096
    Associativity:      4

Latencies:    0  100
Tlb-Sets:   16 - LRU - assoc:   4

Tlb Stats:
Tlb-Load-Hits:        1867741192   99.97%
Tlb-Load-Misses:          565132    0.03%
Tlb-Load-Accesses:    1868306324  100.00%

Tlb-Store-Hits:         187423685   99.85%
Tlb-Store-Misses:          279851    0.15%
Tlb-Store-Accesses:     187703536  100.00%

Tlb-Total-Hits:        2055164877   99.96%
Tlb-Total-Misses:          844983    0.04%
Tlb-Total-Accesses:    2056009860  100.00%



--------
Two level Cache hierarchy
--------
  L1-Data Cache:
    Size(KB):          32
    Block Size(B):     64
    Associativity:      8

  L2-Data Cache:
    Size(KB):         256
    Block Size(B):    128
    Associativity:      4

Latencies:    1   20  200
L1-Sets:   64 - LRU - assoc:   8
L2-Sets:  512 - LRU - assoc:   4
Store_allocation: Yes
L2_inclusive: Yes
L2_prefetching: No

L1 Cache Stats:
L1-Load-Hits:        1846040583   98.81%
L1-Load-Misses:        22265741    1.19%
L1-Load-Accesses:    1868306324  100.00%

L1-Store-Hits:         181912920   96.92%
L1-Store-Misses:         5790616    3.08%
L1-Store-Accesses:     187703536  100.00%

L1-Total-Hits:        2027953503   98.64%
L1-Total-Misses:        28056357    1.36%
L1-Total-Accesses:    2056009860  100.00%

L2 Cache Stats:
L2-Load-Hits:          15640124   70.24%
L2-Load-Misses:         6625617   29.76%
L2-Load-Accesses:      22265741  100.00%

L2-Store-Hits:           3070907   53.03%
L2-Store-Misses:         2719709   46.97%
L2-Store-Accesses:       5790616  100.00%

L2-Total-Hits:          18711031   66.69%
L2-Total-Misses:         9345326   33.31%
L2-Total-Accesses:      28056357  100.00%

