--------
Total Statistics
--------
Total Instructions: 7966076647
Total Cycles: 12394037987
IPC: 0.642735

--------
Single level Tlb hierarchy
--------
  Data Tlb:
    Entries:          64
    Page Size(B):   4096
    Associativity:      8

Latencies:    0  100
Tlb-Sets:    8 - LRU - assoc:   8

Tlb Stats:
Tlb-Load-Hits:        1867739196   99.97%
Tlb-Load-Misses:          567128    0.03%
Tlb-Load-Accesses:    1868306324  100.00%

Tlb-Store-Hits:         187423683   99.85%
Tlb-Store-Misses:          279853    0.15%
Tlb-Store-Accesses:     187703536  100.00%

Tlb-Total-Hits:        2055162879   99.96%
Tlb-Total-Misses:          846981    0.04%
Tlb-Total-Accesses:    2056009860  100.00%



--------
Two level Cache hierarchy
--------
  L1-Data Cache:
    Size(KB):          32
    Block Size(B):     64
    Associativity:      8

  L2-Data Cache:
    Size(KB):        1024
    Block Size(B):    128
    Associativity:      8

Latencies:    1   20  200
L1-Sets:   64 - LRU - assoc:   8
L2-Sets: 1024 - LRU - assoc:   8
Store_allocation: Yes
L2_inclusive: Yes
L2_prefetching: No

L1 Cache Stats:
L1-Load-Hits:        1846274133   98.82%
L1-Load-Misses:        22032191    1.18%
L1-Load-Accesses:    1868306324  100.00%

L1-Store-Hits:         182207478   97.07%
L1-Store-Misses:         5496058    2.93%
L1-Store-Accesses:     187703536  100.00%

L1-Total-Hits:        2028481611   98.66%
L1-Total-Misses:        27528249    1.34%
L1-Total-Accesses:    2056009860  100.00%

L2 Cache Stats:
L2-Load-Hits:          16067729   72.93%
L2-Load-Misses:         5964462   27.07%
L2-Load-Accesses:      22032191  100.00%

L2-Store-Hits:           2777078   50.53%
L2-Store-Misses:         2718980   49.47%
L2-Store-Accesses:       5496058  100.00%

L2-Total-Hits:          18844807   68.46%
L2-Total-Misses:         8683442   31.54%
L2-Total-Accesses:      27528249  100.00%

