--------
Total Statistics
--------
Total Instructions: 7966076647
Total Cycles: 12168461327
IPC: 0.654649

--------
Single level Tlb hierarchy
--------
  Data Tlb:
    Entries:          64
    Page Size(B):   4096
    Associativity:      4

Latencies:    0  100
Tlb-Sets:   16 - LRU - assoc:   4

Tlb Stats:
Tlb-Load-Hits:        1867741720   99.97%
Tlb-Load-Misses:          564604    0.03%
Tlb-Load-Accesses:    1868306324  100.00%

Tlb-Store-Hits:         187423686   99.85%
Tlb-Store-Misses:          279850    0.15%
Tlb-Store-Accesses:     187703536  100.00%

Tlb-Total-Hits:        2055165406   99.96%
Tlb-Total-Misses:          844454    0.04%
Tlb-Total-Accesses:    2056009860  100.00%



--------
Two level Cache hierarchy
--------
  L1-Data Cache:
    Size(KB):          16
    Block Size(B):    128
    Associativity:      4

  L2-Data Cache:
    Size(KB):        1024
    Block Size(B):    128
    Associativity:      8

Latencies:    1   20  200
L1-Sets:   32 - LRU - assoc:   4
L2-Sets: 1024 - LRU - assoc:   8
Store_allocation: Yes
L2_inclusive: Yes
L2_prefetching: No

L1 Cache Stats:
L1-Load-Hits:        1854847319   99.28%
L1-Load-Misses:        13459005    0.72%
L1-Load-Accesses:    1868306324  100.00%

L1-Store-Hits:         184927430   98.52%
L1-Store-Misses:         2776106    1.48%
L1-Store-Accesses:     187703536  100.00%

L1-Total-Hits:        2039774749   99.21%
L1-Total-Misses:        16235111    0.79%
L1-Total-Accesses:    2056009860  100.00%

L2 Cache Stats:
L2-Load-Hits:           7491761   55.66%
L2-Load-Misses:         5967244   44.34%
L2-Load-Accesses:      13459005  100.00%

L2-Store-Hits:             57214    2.06%
L2-Store-Misses:         2718892   97.94%
L2-Store-Accesses:       2776106  100.00%

L2-Total-Hits:           7548975   46.50%
L2-Total-Misses:         8686136   53.50%
L2-Total-Accesses:      16235111  100.00%

