--------
Total Statistics
--------
Total Instructions: 7966076647
Total Cycles: 12508086987
IPC: 0.636874

--------
Single level Tlb hierarchy
--------
  Data Tlb:
    Entries:          64
    Page Size(B):   4096
    Associativity:      4

Latencies:    0  100
Tlb-Sets:   16 - LRU - assoc:   4

Tlb Stats:
Tlb-Load-Hits:        1867741483   99.97%
Tlb-Load-Misses:          564841    0.03%
Tlb-Load-Accesses:    1868306324  100.00%

Tlb-Store-Hits:         187423666   99.85%
Tlb-Store-Misses:          279870    0.15%
Tlb-Store-Accesses:     187703536  100.00%

Tlb-Total-Hits:        2055165149   99.96%
Tlb-Total-Misses:          844711    0.04%
Tlb-Total-Accesses:    2056009860  100.00%



--------
Two level Cache hierarchy
--------
  L1-Data Cache:
    Size(KB):          32
    Block Size(B):     32
    Associativity:      4

  L2-Data Cache:
    Size(KB):        1024
    Block Size(B):    128
    Associativity:      8

Latencies:    1   20  200
L1-Sets:  256 - LRU - assoc:   4
L2-Sets: 1024 - LRU - assoc:   8
Store_allocation: Yes
L2_inclusive: Yes
L2_prefetching: No

L1 Cache Stats:
L1-Load-Hits:        1841869291   98.58%
L1-Load-Misses:        26437033    1.42%
L1-Load-Accesses:    1868306324  100.00%

L1-Store-Hits:         180896420   96.37%
L1-Store-Misses:         6807116    3.63%
L1-Store-Accesses:     187703536  100.00%

L1-Total-Hits:        2022765711   98.38%
L1-Total-Misses:        33244149    1.62%
L1-Total-Accesses:    2056009860  100.00%

L2 Cache Stats:
L2-Load-Hits:          20472699   77.44%
L2-Load-Misses:         5964334   22.56%
L2-Load-Accesses:      26437033  100.00%

L2-Store-Hits:           4088218   60.06%
L2-Store-Misses:         2718898   39.94%
L2-Store-Accesses:       6807116  100.00%

L2-Total-Hits:          24560917   73.88%
L2-Total-Misses:         8683232   26.12%
L2-Total-Accesses:      33244149  100.00%

