--------
Total Statistics
--------
Total Instructions: 7966076647
Total Cycles: 12391651107
IPC: 0.642858

--------
Single level Tlb hierarchy
--------
  Data Tlb:
    Entries:          64
    Page Size(B):   4096
    Associativity:     32

Latencies:    0  100
Tlb-Sets:    2 - LRU - assoc:  32

Tlb Stats:
Tlb-Load-Hits:        1867758192   99.97%
Tlb-Load-Misses:          548132    0.03%
Tlb-Load-Accesses:    1868306324  100.00%

Tlb-Store-Hits:         187423686   99.85%
Tlb-Store-Misses:          279850    0.15%
Tlb-Store-Accesses:     187703536  100.00%

Tlb-Total-Hits:        2055181878   99.96%
Tlb-Total-Misses:          827982    0.04%
Tlb-Total-Accesses:    2056009860  100.00%



--------
Two level Cache hierarchy
--------
  L1-Data Cache:
    Size(KB):          32
    Block Size(B):     64
    Associativity:      8

  L2-Data Cache:
    Size(KB):        1024
    Block Size(B):    128
    Associativity:      8

Latencies:    1   20  200
L1-Sets:   64 - LRU - assoc:   8
L2-Sets: 1024 - LRU - assoc:   8
Store_allocation: Yes
L2_inclusive: Yes
L2_prefetching: No

L1 Cache Stats:
L1-Load-Hits:        1846299611   98.82%
L1-Load-Misses:        22006713    1.18%
L1-Load-Accesses:    1868306324  100.00%

L1-Store-Hits:         182206559   97.07%
L1-Store-Misses:         5496977    2.93%
L1-Store-Accesses:     187703536  100.00%

L1-Total-Hits:        2028506170   98.66%
L1-Total-Misses:        27503690    1.34%
L1-Total-Accesses:    2056009860  100.00%

L2 Cache Stats:
L2-Load-Hits:          16042271   72.90%
L2-Load-Misses:         5964442   27.10%
L2-Load-Accesses:      22006713  100.00%

L2-Store-Hits:           2777956   50.54%
L2-Store-Misses:         2719021   49.46%
L2-Store-Accesses:       5496977  100.00%

L2-Total-Hits:          18820227   68.43%
L2-Total-Misses:         8683463   31.57%
L2-Total-Accesses:      27503690  100.00%

