--------
Total Statistics
--------
Total Instructions: 7966076647
Total Cycles: 12393179127
IPC: 0.642779

--------
Single level Tlb hierarchy
--------
  Data Tlb:
    Entries:          64
    Page Size(B):   4096
    Associativity:     64

Latencies:    0  100
Tlb-Sets:    1 - LRU - assoc:  64

Tlb Stats:
Tlb-Load-Hits:        1867737184   99.97%
Tlb-Load-Misses:          569140    0.03%
Tlb-Load-Accesses:    1868306324  100.00%

Tlb-Store-Hits:         187423686   99.85%
Tlb-Store-Misses:          279850    0.15%
Tlb-Store-Accesses:     187703536  100.00%

Tlb-Total-Hits:        2055160870   99.96%
Tlb-Total-Misses:          848990    0.04%
Tlb-Total-Accesses:    2056009860  100.00%



--------
Two level Cache hierarchy
--------
  L1-Data Cache:
    Size(KB):          32
    Block Size(B):     64
    Associativity:      8

  L2-Data Cache:
    Size(KB):        1024
    Block Size(B):    128
    Associativity:      8

Latencies:    1   20  200
L1-Sets:   64 - LRU - assoc:   8
L2-Sets: 1024 - LRU - assoc:   8
Store_allocation: Yes
L2_inclusive: Yes
L2_prefetching: No

L1 Cache Stats:
L1-Load-Hits:        1846331744   98.82%
L1-Load-Misses:        21974580    1.18%
L1-Load-Accesses:    1868306324  100.00%

L1-Store-Hits:         182209075   97.07%
L1-Store-Misses:         5494461    2.93%
L1-Store-Accesses:     187703536  100.00%

L1-Total-Hits:        2028540819   98.66%
L1-Total-Misses:        27469041    1.34%
L1-Total-Accesses:    2056009860  100.00%

L2 Cache Stats:
L2-Load-Hits:          16009310   72.85%
L2-Load-Misses:         5965270   27.15%
L2-Load-Accesses:      21974580  100.00%

L2-Store-Hits:           2775667   50.52%
L2-Store-Misses:         2718794   49.48%
L2-Store-Accesses:       5494461  100.00%

L2-Total-Hits:          18784977   68.39%
L2-Total-Misses:         8684064   31.61%
L2-Total-Accesses:      27469041  100.00%

