--------
Total Statistics
--------
Total Instructions: 7966076647
Total Cycles: 12344836887
IPC: 0.645296

--------
Single level Tlb hierarchy
--------
  Data Tlb:
    Entries:          64
    Page Size(B):   4096
    Associativity:      4

Latencies:    0  100
Tlb-Sets:   16 - LRU - assoc:   4

Tlb Stats:
Tlb-Load-Hits:        1867741907   99.97%
Tlb-Load-Misses:          564417    0.03%
Tlb-Load-Accesses:    1868306324  100.00%

Tlb-Store-Hits:         187423669   99.85%
Tlb-Store-Misses:          279867    0.15%
Tlb-Store-Accesses:     187703536  100.00%

Tlb-Total-Hits:        2055165576   99.96%
Tlb-Total-Misses:          844284    0.04%
Tlb-Total-Accesses:    2056009860  100.00%



--------
Two level Cache hierarchy
--------
  L1-Data Cache:
    Size(KB):          64
    Block Size(B):     64
    Associativity:      8

  L2-Data Cache:
    Size(KB):        1024
    Block Size(B):    128
    Associativity:      8

Latencies:    1   20  200
L1-Sets:  128 - LRU - assoc:   8
L2-Sets: 1024 - LRU - assoc:   8
Store_allocation: Yes
L2_inclusive: Yes
L2_prefetching: No

L1 Cache Stats:
L1-Load-Hits:        1848712528   98.95%
L1-Load-Misses:        19593796    1.05%
L1-Load-Accesses:    1868306324  100.00%

L1-Store-Hits:         182223553   97.08%
L1-Store-Misses:         5479983    2.92%
L1-Store-Accesses:     187703536  100.00%

L1-Total-Hits:        2030936081   98.78%
L1-Total-Misses:        25073779    1.22%
L1-Total-Accesses:    2056009860  100.00%

L2 Cache Stats:
L2-Load-Hits:          13628495   69.56%
L2-Load-Misses:         5965301   30.44%
L2-Load-Accesses:      19593796  100.00%

L2-Store-Hits:           2761052   50.38%
L2-Store-Misses:         2718931   49.62%
L2-Store-Accesses:       5479983  100.00%

L2-Total-Hits:          16389547   65.37%
L2-Total-Misses:         8684232   34.63%
L2-Total-Accesses:      25073779  100.00%

