--------
Total Statistics
--------
Total Instructions: 7966076647
Total Cycles: 12390866467
IPC: 0.642899

--------
Single level Tlb hierarchy
--------
  Data Tlb:
    Entries:         128
    Page Size(B):   4096
    Associativity:      4

Latencies:    0  100
Tlb-Sets:   32 - LRU - assoc:   4

Tlb Stats:
Tlb-Load-Hits:        1867770144   99.97%
Tlb-Load-Misses:          536180    0.03%
Tlb-Load-Accesses:    1868306324  100.00%

Tlb-Store-Hits:         187423685   99.85%
Tlb-Store-Misses:          279851    0.15%
Tlb-Store-Accesses:     187703536  100.00%

Tlb-Total-Hits:        2055193829   99.96%
Tlb-Total-Misses:          816031    0.04%
Tlb-Total-Accesses:    2056009860  100.00%



--------
Two level Cache hierarchy
--------
  L1-Data Cache:
    Size(KB):          32
    Block Size(B):     64
    Associativity:      8

  L2-Data Cache:
    Size(KB):        1024
    Block Size(B):    128
    Associativity:      8

Latencies:    1   20  200
L1-Sets:   64 - LRU - assoc:   8
L2-Sets: 1024 - LRU - assoc:   8
Store_allocation: Yes
L2_inclusive: Yes
L2_prefetching: No

L1 Cache Stats:
L1-Load-Hits:        1846276893   98.82%
L1-Load-Misses:        22029431    1.18%
L1-Load-Accesses:    1868306324  100.00%

L1-Store-Hits:         182207594   97.07%
L1-Store-Misses:         5495942    2.93%
L1-Store-Accesses:     187703536  100.00%

L1-Total-Hits:        2028484487   98.66%
L1-Total-Misses:        27525373    1.34%
L1-Total-Accesses:    2056009860  100.00%

L2 Cache Stats:
L2-Load-Hits:          16065046   72.93%
L2-Load-Misses:         5964385   27.07%
L2-Load-Accesses:      22029431  100.00%

L2-Store-Hits:           2776980   50.53%
L2-Store-Misses:         2718962   49.47%
L2-Store-Accesses:       5495942  100.00%

L2-Total-Hits:          18842026   68.45%
L2-Total-Misses:         8683347   31.55%
L2-Total-Accesses:      27525373  100.00%

