--------
Total Statistics
--------
Total Instructions: 7966076647
Total Cycles: 12559404427
IPC: 0.634272

--------
Single level Tlb hierarchy
--------
  Data Tlb:
    Entries:          64
    Page Size(B):   4096
    Associativity:      4

Latencies:    0  100
Tlb-Sets:   16 - LRU - assoc:   4

Tlb Stats:
Tlb-Load-Hits:        1867741987   99.97%
Tlb-Load-Misses:          564337    0.03%
Tlb-Load-Accesses:    1868306324  100.00%

Tlb-Store-Hits:         187423686   99.85%
Tlb-Store-Misses:          279850    0.15%
Tlb-Store-Accesses:     187703536  100.00%

Tlb-Total-Hits:        2055165673   99.96%
Tlb-Total-Misses:          844187    0.04%
Tlb-Total-Accesses:    2056009860  100.00%



--------
Two level Cache hierarchy
--------
  L1-Data Cache:
    Size(KB):          16
    Block Size(B):     32
    Associativity:      4

  L2-Data Cache:
    Size(KB):        1024
    Block Size(B):    128
    Associativity:      8

Latencies:    1   20  200
L1-Sets:  128 - LRU - assoc:   4
L2-Sets: 1024 - LRU - assoc:   8
Store_allocation: Yes
L2_inclusive: Yes
L2_prefetching: No

L1 Cache Stats:
L1-Load-Hits:        1839304034   98.45%
L1-Load-Misses:        29002290    1.55%
L1-Load-Accesses:    1868306324  100.00%

L1-Store-Hits:         180894055   96.37%
L1-Store-Misses:         6809481    3.63%
L1-Store-Accesses:     187703536  100.00%

L1-Total-Hits:        2020198089   98.26%
L1-Total-Misses:        35811771    1.74%
L1-Total-Accesses:    2056009860  100.00%

L2 Cache Stats:
L2-Load-Hits:          23037856   79.43%
L2-Load-Misses:         5964434   20.57%
L2-Load-Accesses:      29002290  100.00%

L2-Store-Hits:           4090596   60.07%
L2-Store-Misses:         2718885   39.93%
L2-Store-Accesses:       6809481  100.00%

L2-Total-Hits:          27128452   75.75%
L2-Total-Misses:         8683319   24.25%
L2-Total-Accesses:      35811771  100.00%

