--------
Total Statistics
--------
Total Instructions: 7966076647
Total Cycles: 11916165847
IPC: 0.66851

--------
Single level Tlb hierarchy
--------
  Data Tlb:
    Entries:          64
    Page Size(B):   4096
    Associativity:      4

Latencies:    0  100
Tlb-Sets:   16 - LRU - assoc:   4

Tlb Stats:
Tlb-Load-Hits:        1867741791   99.97%
Tlb-Load-Misses:          564533    0.03%
Tlb-Load-Accesses:    1868306324  100.00%

Tlb-Store-Hits:         187423674   99.85%
Tlb-Store-Misses:          279862    0.15%
Tlb-Store-Accesses:     187703536  100.00%

Tlb-Total-Hits:        2055165465   99.96%
Tlb-Total-Misses:          844395    0.04%
Tlb-Total-Accesses:    2056009860  100.00%



--------
Two level Cache hierarchy
--------
  L1-Data Cache:
    Size(KB):          32
    Block Size(B):     64
    Associativity:      8

  L2-Data Cache:
    Size(KB):        1024
    Block Size(B):    256
    Associativity:      8

Latencies:    1   20  200
L1-Sets:   64 - LRU - assoc:   8
L2-Sets:  512 - LRU - assoc:   8
Store_allocation: Yes
L2_inclusive: Yes
L2_prefetching: No

L1 Cache Stats:
L1-Load-Hits:        1848329905   98.93%
L1-Load-Misses:        19976419    1.07%
L1-Load-Accesses:    1868306324  100.00%

L1-Store-Hits:         182722413   97.35%
L1-Store-Misses:         4981123    2.65%
L1-Store-Accesses:     187703536  100.00%

L1-Total-Hits:        2031052318   98.79%
L1-Total-Misses:        24957542    1.21%
L1-Total-Accesses:    2056009860  100.00%

L2 Cache Stats:
L2-Load-Hits:          15605930   78.12%
L2-Load-Misses:         4370489   21.88%
L2-Load-Accesses:      19976419  100.00%

L2-Store-Hits:           2799167   56.20%
L2-Store-Misses:         2181956   43.80%
L2-Store-Accesses:       4981123  100.00%

L2-Total-Hits:          18405097   73.75%
L2-Total-Misses:         6552445   26.25%
L2-Total-Accesses:      24957542  100.00%

