--------
Total Statistics
--------
Total Instructions: 7966076647
Total Cycles: 12393564007
IPC: 0.642759

--------
Single level Tlb hierarchy
--------
  Data Tlb:
    Entries:          64
    Page Size(B):   4096
    Associativity:      4

Latencies:    0  100
Tlb-Sets:   16 - LRU - assoc:   4

Tlb Stats:
Tlb-Load-Hits:        1867741828   99.97%
Tlb-Load-Misses:          564496    0.03%
Tlb-Load-Accesses:    1868306324  100.00%

Tlb-Store-Hits:         187423676   99.85%
Tlb-Store-Misses:          279860    0.15%
Tlb-Store-Accesses:     187703536  100.00%

Tlb-Total-Hits:        2055165504   99.96%
Tlb-Total-Misses:          844356    0.04%
Tlb-Total-Accesses:    2056009860  100.00%



--------
Two level Cache hierarchy
--------
  L1-Data Cache:
    Size(KB):          32
    Block Size(B):     64
    Associativity:      8

  L2-Data Cache:
    Size(KB):        1024
    Block Size(B):    128
    Associativity:      8

Latencies:    1   20  200
L1-Sets:   64 - LRU - assoc:   8
L2-Sets: 1024 - LRU - assoc:   8
Store_allocation: Yes
L2_inclusive: Yes
L2_prefetching: Yes (  4)

L1 Cache Stats:
L1-Load-Hits:        1846280170   98.82%
L1-Load-Misses:        22026154    1.18%
L1-Load-Accesses:    1868306324  100.00%

L1-Store-Hits:         182207605   97.07%
L1-Store-Misses:         5495931    2.93%
L1-Store-Accesses:     187703536  100.00%

L1-Total-Hits:        2028487775   98.66%
L1-Total-Misses:        27522085    1.34%
L1-Total-Accesses:    2056009860  100.00%

L2 Cache Stats:
L2-Load-Hits:          16062117   72.92%
L2-Load-Misses:         5964037   27.08%
L2-Load-Accesses:      22026154  100.00%

L2-Store-Hits:           2776967   50.53%
L2-Store-Misses:         2718964   49.47%
L2-Store-Accesses:       5495931  100.00%

L2-Total-Hits:          18839084   68.45%
L2-Total-Misses:         8683001   31.55%
L2-Total-Accesses:      27522085  100.00%

