--------
Total Statistics
--------
Total Instructions: 7966076647
Total Cycles: 12393381067
IPC: 0.642769

--------
Single level Tlb hierarchy
--------
  Data Tlb:
    Entries:          64
    Page Size(B):   4096
    Associativity:      4

Latencies:    0  100
Tlb-Sets:   16 - LRU - assoc:   4

Tlb Stats:
Tlb-Load-Hits:        1867735496   99.97%
Tlb-Load-Misses:          570828    0.03%
Tlb-Load-Accesses:    1868306324  100.00%

Tlb-Store-Hits:         187423663   99.85%
Tlb-Store-Misses:          279873    0.15%
Tlb-Store-Accesses:     187703536  100.00%

Tlb-Total-Hits:        2055159159   99.96%
Tlb-Total-Misses:          850701    0.04%
Tlb-Total-Accesses:    2056009860  100.00%



--------
Two level Cache hierarchy
--------
  L1-Data Cache:
    Size(KB):          32
    Block Size(B):     64
    Associativity:      8

  L2-Data Cache:
    Size(KB):        1024
    Block Size(B):    128
    Associativity:      8

Latencies:    1   20  200
L1-Sets:   64 - LRU - assoc:   8
L2-Sets: 1024 - LRU - assoc:   8
Store_allocation: Yes
L2_inclusive: Yes
L2_prefetching: No

L1 Cache Stats:
L1-Load-Hits:        1846332197   98.82%
L1-Load-Misses:        21974127    1.18%
L1-Load-Accesses:    1868306324  100.00%

L1-Store-Hits:         182208580   97.07%
L1-Store-Misses:         5494956    2.93%
L1-Store-Accesses:     187703536  100.00%

L1-Total-Hits:        2028540777   98.66%
L1-Total-Misses:        27469083    1.34%
L1-Total-Accesses:    2056009860  100.00%

L2 Cache Stats:
L2-Load-Hits:          16009006   72.85%
L2-Load-Misses:         5965121   27.15%
L2-Load-Accesses:      21974127  100.00%

L2-Store-Hits:           2775863   50.52%
L2-Store-Misses:         2719093   49.48%
L2-Store-Accesses:       5494956  100.00%

L2-Total-Hits:          18784869   68.39%
L2-Total-Misses:         8684214   31.61%
L2-Total-Accesses:      27469083  100.00%

