--------
Total Statistics
--------
Total Instructions: 7966076647
Total Cycles: 12104861227
IPC: 0.658089

--------
Single level Tlb hierarchy
--------
  Data Tlb:
    Entries:          64
    Page Size(B):   4096
    Associativity:      4

Latencies:    0  100
Tlb-Sets:   16 - LRU - assoc:   4

Tlb Stats:
Tlb-Load-Hits:        1867741662   99.97%
Tlb-Load-Misses:          564662    0.03%
Tlb-Load-Accesses:    1868306324  100.00%

Tlb-Store-Hits:         187423686   99.85%
Tlb-Store-Misses:          279850    0.15%
Tlb-Store-Accesses:     187703536  100.00%

Tlb-Total-Hits:        2055165348   99.96%
Tlb-Total-Misses:          844512    0.04%
Tlb-Total-Accesses:    2056009860  100.00%



--------
Two level Cache hierarchy
--------
  L1-Data Cache:
    Size(KB):          64
    Block Size(B):    128
    Associativity:      4

  L2-Data Cache:
    Size(KB):        1024
    Block Size(B):    128
    Associativity:      8

Latencies:    1   20  200
L1-Sets:  128 - LRU - assoc:   4
L2-Sets: 1024 - LRU - assoc:   8
Store_allocation: Yes
L2_inclusive: Yes
L2_prefetching: No

L1 Cache Stats:
L1-Load-Hits:        1857987479   99.45%
L1-Load-Misses:        10318845    0.55%
L1-Load-Accesses:    1868306324  100.00%

L1-Store-Hits:         184978605   98.55%
L1-Store-Misses:         2724931    1.45%
L1-Store-Accesses:     187703536  100.00%

L1-Total-Hits:        2042966084   99.37%
L1-Total-Misses:        13043776    0.63%
L1-Total-Accesses:    2056009860  100.00%

L2 Cache Stats:
L2-Load-Hits:           4350829   42.16%
L2-Load-Misses:         5968016   57.84%
L2-Load-Accesses:      10318845  100.00%

L2-Store-Hits:              5707    0.21%
L2-Store-Misses:         2719224   99.79%
L2-Store-Accesses:       2724931  100.00%

L2-Total-Hits:           4356536   33.40%
L2-Total-Misses:         8687240   66.60%
L2-Total-Accesses:      13043776  100.00%

