--------
Total Statistics
--------
Total Instructions: 7966076647
Total Cycles: 12387373987
IPC: 0.64308

--------
Single level Tlb hierarchy
--------
  Data Tlb:
    Entries:         256
    Page Size(B):   4096
    Associativity:      4

Latencies:    0  100
Tlb-Sets:   64 - LRU - assoc:   4

Tlb Stats:
Tlb-Load-Hits:        1867798897   99.97%
Tlb-Load-Misses:          507427    0.03%
Tlb-Load-Accesses:    1868306324  100.00%

Tlb-Store-Hits:         187423690   99.85%
Tlb-Store-Misses:          279846    0.15%
Tlb-Store-Accesses:     187703536  100.00%

Tlb-Total-Hits:        2055222587   99.96%
Tlb-Total-Misses:          787273    0.04%
Tlb-Total-Accesses:    2056009860  100.00%



--------
Two level Cache hierarchy
--------
  L1-Data Cache:
    Size(KB):          32
    Block Size(B):     64
    Associativity:      8

  L2-Data Cache:
    Size(KB):        1024
    Block Size(B):    128
    Associativity:      8

Latencies:    1   20  200
L1-Sets:   64 - LRU - assoc:   8
L2-Sets: 1024 - LRU - assoc:   8
Store_allocation: Yes
L2_inclusive: Yes
L2_prefetching: No

L1 Cache Stats:
L1-Load-Hits:        1846309923   98.82%
L1-Load-Misses:        21996401    1.18%
L1-Load-Accesses:    1868306324  100.00%

L1-Store-Hits:         182208268   97.07%
L1-Store-Misses:         5495268    2.93%
L1-Store-Accesses:     187703536  100.00%

L1-Total-Hits:        2028518191   98.66%
L1-Total-Misses:        27491669    1.34%
L1-Total-Accesses:    2056009860  100.00%

L2 Cache Stats:
L2-Load-Hits:          16031697   72.88%
L2-Load-Misses:         5964704   27.12%
L2-Load-Accesses:      21996401  100.00%

L2-Store-Hits:           2776338   50.52%
L2-Store-Misses:         2718930   49.48%
L2-Store-Accesses:       5495268  100.00%

L2-Total-Hits:          18808035   68.41%
L2-Total-Misses:         8683634   31.59%
L2-Total-Accesses:      27491669  100.00%

