--------
Total Statistics
--------
Total Instructions: 7966076647
Total Cycles: 12103374427
IPC: 0.65817

--------
Single level Tlb hierarchy
--------
  Data Tlb:
    Entries:          64
    Page Size(B):   4096
    Associativity:      4

Latencies:    0  100
Tlb-Sets:   16 - LRU - assoc:   4

Tlb Stats:
Tlb-Load-Hits:        1867741421   99.97%
Tlb-Load-Misses:          564903    0.03%
Tlb-Load-Accesses:    1868306324  100.00%

Tlb-Store-Hits:         187423686   99.85%
Tlb-Store-Misses:          279850    0.15%
Tlb-Store-Accesses:     187703536  100.00%

Tlb-Total-Hits:        2055165107   99.96%
Tlb-Total-Misses:          844753    0.04%
Tlb-Total-Accesses:    2056009860  100.00%



--------
Two level Cache hierarchy
--------
  L1-Data Cache:
    Size(KB):          32
    Block Size(B):     64
    Associativity:      8

  L2-Data Cache:
    Size(KB):        2048
    Block Size(B):    128
    Associativity:      8

Latencies:    1   20  200
L1-Sets:   64 - LRU - assoc:   8
L2-Sets: 2048 - LRU - assoc:   8
Store_allocation: Yes
L2_inclusive: Yes
L2_prefetching: No

L1 Cache Stats:
L1-Load-Hits:        1847951309   98.91%
L1-Load-Misses:        20355015    1.09%
L1-Load-Accesses:    1868306324  100.00%

L1-Store-Hits:         182209780   97.07%
L1-Store-Misses:         5493756    2.93%
L1-Store-Accesses:     187703536  100.00%

L1-Total-Hits:        2030161089   98.74%
L1-Total-Misses:        25848771    1.26%
L1-Total-Accesses:    2056009860  100.00%

L2 Cache Stats:
L2-Load-Hits:          15674619   77.01%
L2-Load-Misses:         4680396   22.99%
L2-Load-Accesses:      20355015  100.00%

L2-Store-Hits:           2774966   50.51%
L2-Store-Misses:         2718790   49.49%
L2-Store-Accesses:       5493756  100.00%

L2-Total-Hits:          18449585   71.38%
L2-Total-Misses:         7399186   28.62%
L2-Total-Accesses:      25848771  100.00%

