--------
Total Statistics
--------
Total Instructions: 7966076647
Total Cycles: 12002369487
IPC: 0.663709

--------
Single level Tlb hierarchy
--------
  Data Tlb:
    Entries:          64
    Page Size(B):   4096
    Associativity:      4

Latencies:    0  100
Tlb-Sets:   16 - LRU - assoc:   4

Tlb Stats:
Tlb-Load-Hits:        1867741097   99.97%
Tlb-Load-Misses:          565227    0.03%
Tlb-Load-Accesses:    1868306324  100.00%

Tlb-Store-Hits:         187423685   99.85%
Tlb-Store-Misses:          279851    0.15%
Tlb-Store-Accesses:     187703536  100.00%

Tlb-Total-Hits:        2055164782   99.96%
Tlb-Total-Misses:          845078    0.04%
Tlb-Total-Accesses:    2056009860  100.00%



--------
Two level Cache hierarchy
--------
  L1-Data Cache:
    Size(KB):          32
    Block Size(B):     64
    Associativity:      8

  L2-Data Cache:
    Size(KB):         512
    Block Size(B):    256
    Associativity:      8

Latencies:    1   20  200
L1-Sets:   64 - LRU - assoc:   8
L2-Sets:  256 - LRU - assoc:   8
Store_allocation: Yes
L2_inclusive: Yes
L2_prefetching: No

L1 Cache Stats:
L1-Load-Hits:        1848146786   98.92%
L1-Load-Misses:        20159538    1.08%
L1-Load-Accesses:    1868306324  100.00%

L1-Store-Hits:         182560295   97.26%
L1-Store-Misses:         5143241    2.74%
L1-Store-Accesses:     187703536  100.00%

L1-Total-Hits:        2030707081   98.77%
L1-Total-Misses:        25302779    1.23%
L1-Total-Accesses:    2056009860  100.00%

L2 Cache Stats:
L2-Load-Hits:          15393586   76.36%
L2-Load-Misses:         4765952   23.64%
L2-Load-Accesses:      20159538  100.00%

L2-Store-Hits:           2960595   57.56%
L2-Store-Misses:         2182646   42.44%
L2-Store-Accesses:       5143241  100.00%

L2-Total-Hits:          18354181   72.54%
L2-Total-Misses:         6948598   27.46%
L2-Total-Accesses:      25302779  100.00%

