--------
Total Statistics
--------
Total Instructions: 7966076647
Total Cycles: 12393269187
IPC: 0.642774

--------
Single level Tlb hierarchy
--------
  Data Tlb:
    Entries:          64
    Page Size(B):   4096
    Associativity:      4

Latencies:    0  100
Tlb-Sets:   16 - LRU - assoc:   4

Tlb Stats:
Tlb-Load-Hits:        1867742060   99.97%
Tlb-Load-Misses:          564264    0.03%
Tlb-Load-Accesses:    1868306324  100.00%

Tlb-Store-Hits:         187423686   99.85%
Tlb-Store-Misses:          279850    0.15%
Tlb-Store-Accesses:     187703536  100.00%

Tlb-Total-Hits:        2055165746   99.96%
Tlb-Total-Misses:          844114    0.04%
Tlb-Total-Accesses:    2056009860  100.00%



--------
Two level Cache hierarchy
--------
  L1-Data Cache:
    Size(KB):          32
    Block Size(B):     64
    Associativity:      8

  L2-Data Cache:
    Size(KB):        1024
    Block Size(B):    128
    Associativity:      8

Latencies:    1   20  200
L1-Sets:   64 - LRU - assoc:   8
L2-Sets: 1024 - LRU - assoc:   8
Store_allocation: Yes
L2_inclusive: Yes
L2_prefetching: Yes (  8)

L1 Cache Stats:
L1-Load-Hits:        1846301805   98.82%
L1-Load-Misses:        22004519    1.18%
L1-Load-Accesses:    1868306324  100.00%

L1-Store-Hits:         182206451   97.07%
L1-Store-Misses:         5497085    2.93%
L1-Store-Accesses:     187703536  100.00%

L1-Total-Hits:        2028508256   98.66%
L1-Total-Misses:        27501604    1.34%
L1-Total-Accesses:    2056009860  100.00%

L2 Cache Stats:
L2-Load-Hits:          16039868   72.89%
L2-Load-Misses:         5964651   27.11%
L2-Load-Accesses:      22004519  100.00%

L2-Store-Hits:           2778040   50.54%
L2-Store-Misses:         2719045   49.46%
L2-Store-Accesses:       5497085  100.00%

L2-Total-Hits:          18817908   68.42%
L2-Total-Misses:         8683696   31.58%
L2-Total-Accesses:      27501604  100.00%

