--------
Total Statistics
--------
Total Instructions: 7966076647
Total Cycles: 12173994147
IPC: 0.654352

--------
Single level Tlb hierarchy
--------
  Data Tlb:
    Entries:          64
    Page Size(B):   4096
    Associativity:      4

Latencies:    0  100
Tlb-Sets:   16 - LRU - assoc:   4

Tlb Stats:
Tlb-Load-Hits:        1867742226   99.97%
Tlb-Load-Misses:          564098    0.03%
Tlb-Load-Accesses:    1868306324  100.00%

Tlb-Store-Hits:         187423676   99.85%
Tlb-Store-Misses:          279860    0.15%
Tlb-Store-Accesses:     187703536  100.00%

Tlb-Total-Hits:        2055165902   99.96%
Tlb-Total-Misses:          843958    0.04%
Tlb-Total-Accesses:    2056009860  100.00%



--------
Two level Cache hierarchy
--------
  L1-Data Cache:
    Size(KB):          32
    Block Size(B):     64
    Associativity:      8

  L2-Data Cache:
    Size(KB):        2048
    Block Size(B):     64
    Associativity:      8

Latencies:    1   20  200
L1-Sets:   64 - LRU - assoc:   8
L2-Sets: 4096 - LRU - assoc:   8
Store_allocation: Yes
L2_inclusive: Yes
L2_prefetching: No

L1 Cache Stats:
L1-Load-Hits:        1854393883   99.26%
L1-Load-Misses:        13912441    0.74%
L1-Load-Accesses:    1868306324  100.00%

L1-Store-Hits:         184615715   98.35%
L1-Store-Misses:         3087821    1.65%
L1-Store-Accesses:     187703536  100.00%

L1-Total-Hits:        2039009598   99.17%
L1-Total-Misses:        17000262    0.83%
L1-Total-Accesses:    2056009860  100.00%

L2 Cache Stats:
L2-Load-Hits:           8355411   60.06%
L2-Load-Misses:         5557030   39.94%
L2-Load-Accesses:      13912441  100.00%

L2-Store-Hits:              7318    0.24%
L2-Store-Misses:         3080503   99.76%
L2-Store-Accesses:       3087821  100.00%

L2-Total-Hits:           8362729   49.19%
L2-Total-Misses:         8637533   50.81%
L2-Total-Accesses:      17000262  100.00%

