--------
Total Statistics
--------
Total Instructions: 7966076647
Total Cycles: 12468698267
IPC: 0.638886

--------
Single level Tlb hierarchy
--------
  Data Tlb:
    Entries:          64
    Page Size(B):   4096
    Associativity:      2

Latencies:    0  100
Tlb-Sets:   32 - LRU - assoc:   2

Tlb Stats:
Tlb-Load-Hits:        1866990130   99.93%
Tlb-Load-Misses:         1316194    0.07%
Tlb-Load-Accesses:    1868306324  100.00%

Tlb-Store-Hits:         187413854   99.85%
Tlb-Store-Misses:          289682    0.15%
Tlb-Store-Accesses:     187703536  100.00%

Tlb-Total-Hits:        2054403984   99.92%
Tlb-Total-Misses:         1605876    0.08%
Tlb-Total-Accesses:    2056009860  100.00%



--------
Two level Cache hierarchy
--------
  L1-Data Cache:
    Size(KB):          32
    Block Size(B):     64
    Associativity:      8

  L2-Data Cache:
    Size(KB):        1024
    Block Size(B):    128
    Associativity:      8

Latencies:    1   20  200
L1-Sets:   64 - LRU - assoc:   8
L2-Sets: 1024 - LRU - assoc:   8
Store_allocation: Yes
L2_inclusive: Yes
L2_prefetching: No

L1 Cache Stats:
L1-Load-Hits:        1846333859   98.82%
L1-Load-Misses:        21972465    1.18%
L1-Load-Accesses:    1868306324  100.00%

L1-Store-Hits:         182208743   97.07%
L1-Store-Misses:         5494793    2.93%
L1-Store-Accesses:     187703536  100.00%

L1-Total-Hits:        2028542602   98.66%
L1-Total-Misses:        27467258    1.34%
L1-Total-Accesses:    2056009860  100.00%

L2 Cache Stats:
L2-Load-Hits:          16008037   72.85%
L2-Load-Misses:         5964428   27.15%
L2-Load-Accesses:      21972465  100.00%

L2-Store-Hits:           2775826   50.52%
L2-Store-Misses:         2718967   49.48%
L2-Store-Accesses:       5494793  100.00%

L2-Total-Hits:          18783863   68.39%
L2-Total-Misses:         8683395   31.61%
L2-Total-Accesses:      27467258  100.00%

