--------
Total Statistics
--------
Total Instructions: 7966076647
Total Cycles: 12413162827
IPC: 0.641744

--------
Single level Tlb hierarchy
--------
  Data Tlb:
    Entries:          64
    Page Size(B):   4096
    Associativity:      4

Latencies:    0  100
Tlb-Sets:   16 - LRU - assoc:   4

Tlb Stats:
Tlb-Load-Hits:        1867741614   99.97%
Tlb-Load-Misses:          564710    0.03%
Tlb-Load-Accesses:    1868306324  100.00%

Tlb-Store-Hits:         187423686   99.85%
Tlb-Store-Misses:          279850    0.15%
Tlb-Store-Accesses:     187703536  100.00%

Tlb-Total-Hits:        2055165300   99.96%
Tlb-Total-Misses:          844560    0.04%
Tlb-Total-Accesses:    2056009860  100.00%



--------
Two level Cache hierarchy
--------
  L1-Data Cache:
    Size(KB):          16
    Block Size(B):     64
    Associativity:      4

  L2-Data Cache:
    Size(KB):        1024
    Block Size(B):    128
    Associativity:      8

Latencies:    1   20  200
L1-Sets:   64 - LRU - assoc:   4
L2-Sets: 1024 - LRU - assoc:   8
Store_allocation: Yes
L2_inclusive: Yes
L2_prefetching: No

L1 Cache Stats:
L1-Load-Hits:        1845342519   98.77%
L1-Load-Misses:        22963805    1.23%
L1-Load-Accesses:    1868306324  100.00%

L1-Store-Hits:         182170015   97.05%
L1-Store-Misses:         5533521    2.95%
L1-Store-Accesses:     187703536  100.00%

L1-Total-Hits:        2027512534   98.61%
L1-Total-Misses:        28497326    1.39%
L1-Total-Accesses:    2056009860  100.00%

L2 Cache Stats:
L2-Load-Hits:          16999321   74.03%
L2-Load-Misses:         5964484   25.97%
L2-Load-Accesses:      22963805  100.00%

L2-Store-Hits:           2814636   50.87%
L2-Store-Misses:         2718885   49.13%
L2-Store-Accesses:       5533521  100.00%

L2-Total-Hits:          19813957   69.53%
L2-Total-Misses:         8683369   30.47%
L2-Total-Accesses:      28497326  100.00%

