--------
Total Statistics
--------
Total Instructions: 7966076647
Total Cycles: 12392797027
IPC: 0.642799

--------
Single level Tlb hierarchy
--------
  Data Tlb:
    Entries:          64
    Page Size(B):   4096
    Associativity:      4

Latencies:    0  100
Tlb-Sets:   16 - LRU - assoc:   4

Tlb Stats:
Tlb-Load-Hits:        1867741503   99.97%
Tlb-Load-Misses:          564821    0.03%
Tlb-Load-Accesses:    1868306324  100.00%

Tlb-Store-Hits:         187423686   99.85%
Tlb-Store-Misses:          279850    0.15%
Tlb-Store-Accesses:     187703536  100.00%

Tlb-Total-Hits:        2055165189   99.96%
Tlb-Total-Misses:          844671    0.04%
Tlb-Total-Accesses:    2056009860  100.00%



--------
Two level Cache hierarchy
--------
  L1-Data Cache:
    Size(KB):          32
    Block Size(B):     64
    Associativity:      8

  L2-Data Cache:
    Size(KB):        1024
    Block Size(B):    128
    Associativity:      8

Latencies:    1   20  200
L1-Sets:   64 - LRU - assoc:   8
L2-Sets: 1024 - LRU - assoc:   8
Store_allocation: Yes
L2_inclusive: Yes
L2_prefetching: Yes ( 64)

L1 Cache Stats:
L1-Load-Hits:        1846330824   98.82%
L1-Load-Misses:        21975500    1.18%
L1-Load-Accesses:    1868306324  100.00%

L1-Store-Hits:         182208395   97.07%
L1-Store-Misses:         5495141    2.93%
L1-Store-Accesses:     187703536  100.00%

L1-Total-Hits:        2028539219   98.66%
L1-Total-Misses:        27470641    1.34%
L1-Total-Accesses:    2056009860  100.00%

L2 Cache Stats:
L2-Load-Hits:          16010435   72.86%
L2-Load-Misses:         5965065   27.14%
L2-Load-Accesses:      21975500  100.00%

L2-Store-Hits:           2776053   50.52%
L2-Store-Misses:         2719088   49.48%
L2-Store-Accesses:       5495141  100.00%

L2-Total-Hits:          18786488   68.39%
L2-Total-Misses:         8684153   31.61%
L2-Total-Accesses:      27470641  100.00%

