--------
Total Statistics
--------
Total Instructions: 31246957442
Total Cycles: 49549110132
IPC: 0.630626

--------
Single level Tlb hierarchy
--------
  Data Tlb:
    Entries:          64
    Page Size(B):   4096
    Associativity:      4

Latencies:    0  100
Tlb-Sets:   16 - LRU - assoc:   4

Tlb Stats:
Tlb-Load-Hits:        9377726746   99.87%
Tlb-Load-Misses:        12012001    0.13%
Tlb-Load-Accesses:    9389738747  100.00%

Tlb-Store-Hits:        4904511931   99.93%
Tlb-Store-Misses:         3662672    0.07%
Tlb-Store-Accesses:    4908174603  100.00%

Tlb-Total-Hits:       14282238677   99.89%
Tlb-Total-Misses:        15674673    0.11%
Tlb-Total-Accesses:   14297913350  100.00%



--------
Two level Cache hierarchy
--------
  L1-Data Cache:
    Size(KB):         128
    Block Size(B):     64
    Associativity:      8

  L2-Data Cache:
    Size(KB):        1024
    Block Size(B):    128
    Associativity:      8

Latencies:    1   20  200
L1-Sets:  256 - LRU - assoc:   8
L2-Sets: 1024 - LRU - assoc:   8
Store_allocation: Yes
L2_inclusive: Yes
L2_prefetching: No

L1 Cache Stats:
L1-Load-Hits:        9360669547   99.69%
L1-Load-Misses:        29069200    0.31%
L1-Load-Accesses:    9389738747  100.00%

L1-Store-Hits:        4899592501   99.83%
L1-Store-Misses:         8582102    0.17%
L1-Store-Accesses:    4908174603  100.00%

L1-Total-Hits:       14260262048   99.74%
L1-Total-Misses:        37651302    0.26%
L1-Total-Accesses:   14297913350  100.00%

L2 Cache Stats:
L2-Load-Hits:          22923526   78.86%
L2-Load-Misses:         6145674   21.14%
L2-Load-Accesses:      29069200  100.00%

L2-Store-Hits:           6309046   73.51%
L2-Store-Misses:         2273056   26.49%
L2-Store-Accesses:       8582102  100.00%

L2-Total-Hits:          29232572   77.64%
L2-Total-Misses:         8418730   22.36%
L2-Total-Accesses:      37651302  100.00%

