--------
Total Statistics
--------
Total Instructions: 31246957442
Total Cycles: 49512339072
IPC: 0.631094

--------
Single level Tlb hierarchy
--------
  Data Tlb:
    Entries:          64
    Page Size(B):   4096
    Associativity:      4

Latencies:    0  100
Tlb-Sets:   16 - LRU - assoc:   4

Tlb Stats:
Tlb-Load-Hits:        9377584472   99.87%
Tlb-Load-Misses:        12154275    0.13%
Tlb-Load-Accesses:    9389738747  100.00%

Tlb-Store-Hits:        4904524805   99.93%
Tlb-Store-Misses:         3649798    0.07%
Tlb-Store-Accesses:    4908174603  100.00%

Tlb-Total-Hits:       14282109277   99.89%
Tlb-Total-Misses:        15804073    0.11%
Tlb-Total-Accesses:   14297913350  100.00%



--------
Two level Cache hierarchy
--------
  L1-Data Cache:
    Size(KB):          32
    Block Size(B):     64
    Associativity:      8

  L2-Data Cache:
    Size(KB):        2048
    Block Size(B):    128
    Associativity:     16

Latencies:    1   20  200
L1-Sets:   64 - LRU - assoc:   8
L2-Sets: 1024 - LRU - assoc:  16
Store_allocation: Yes
L2_inclusive: Yes
L2_prefetching: No

L1 Cache Stats:
L1-Load-Hits:        9341697826   99.49%
L1-Load-Misses:        48040921    0.51%
L1-Load-Accesses:    9389738747  100.00%

L1-Store-Hits:        4898543545   99.80%
L1-Store-Misses:         9631058    0.20%
L1-Store-Accesses:    4908174603  100.00%

L1-Total-Hits:       14240241371   99.60%
L1-Total-Misses:        57671979    0.40%
L1-Total-Accesses:   14297913350  100.00%

L2 Cache Stats:
L2-Load-Hits:          43669231   90.90%
L2-Load-Misses:         4371690    9.10%
L2-Load-Accesses:      48040921  100.00%

L2-Store-Hits:           7834641   81.35%
L2-Store-Misses:         1796417   18.65%
L2-Store-Accesses:       9631058  100.00%

L2-Total-Hits:          51503872   89.30%
L2-Total-Misses:         6168107   10.70%
L2-Total-Accesses:      57671979  100.00%

