--------
Total Statistics
--------
Total Instructions: 31246957442
Total Cycles: 50131486712
IPC: 0.6233

--------
Single level Tlb hierarchy
--------
  Data Tlb:
    Entries:          64
    Page Size(B):   4096
    Associativity:      4

Latencies:    0  100
Tlb-Sets:   16 - LRU - assoc:   4

Tlb Stats:
Tlb-Load-Hits:        9376832620   99.86%
Tlb-Load-Misses:        12906127    0.14%
Tlb-Load-Accesses:    9389738747  100.00%

Tlb-Store-Hits:        4904053429   99.92%
Tlb-Store-Misses:         4121174    0.08%
Tlb-Store-Accesses:    4908174603  100.00%

Tlb-Total-Hits:       14280886049   99.88%
Tlb-Total-Misses:        17027301    0.12%
Tlb-Total-Accesses:   14297913350  100.00%



--------
Two level Cache hierarchy
--------
  L1-Data Cache:
    Size(KB):          32
    Block Size(B):     64
    Associativity:      8

  L2-Data Cache:
    Size(KB):        1024
    Block Size(B):    128
    Associativity:      8

Latencies:    1   20  200
L1-Sets:   64 - LRU - assoc:   8
L2-Sets: 1024 - LRU - assoc:   8
Store_allocation: Yes
L2_inclusive: Yes
L2_prefetching: Yes ( 16)

L1 Cache Stats:
L1-Load-Hits:        9339615028   99.47%
L1-Load-Misses:        50123719    0.53%
L1-Load-Accesses:    9389738747  100.00%

L1-Store-Hits:        4897948051   99.79%
L1-Store-Misses:        10226552    0.21%
L1-Store-Accesses:    4908174603  100.00%

L1-Total-Hits:       14237563079   99.58%
L1-Total-Misses:        60350271    0.42%
L1-Total-Accesses:   14297913350  100.00%

L2 Cache Stats:
L2-Load-Hits:          44007961   87.80%
L2-Load-Misses:         6115758   12.20%
L2-Load-Accesses:      50123719  100.00%

L2-Store-Hits:           7957908   77.82%
L2-Store-Misses:         2268644   22.18%
L2-Store-Accesses:      10226552  100.00%

L2-Total-Hits:          51965869   86.11%
L2-Total-Misses:         8384402   13.89%
L2-Total-Accesses:      60350271  100.00%

