--------
Total Statistics
--------
Total Instructions: 31246957442
Total Cycles: 85356800892
IPC: 0.366075

--------
Single level Tlb hierarchy
--------
  Data Tlb:
    Entries:          64
    Page Size(B):   4096
    Associativity:      2

Latencies:    0  100
Tlb-Sets:   32 - LRU - assoc:   2

Tlb Stats:
Tlb-Load-Hits:        9043052235   96.31%
Tlb-Load-Misses:       346686512    3.69%
Tlb-Load-Accesses:    9389738747  100.00%

Tlb-Store-Hits:        4885578138   99.54%
Tlb-Store-Misses:        22596465    0.46%
Tlb-Store-Accesses:    4908174603  100.00%

Tlb-Total-Hits:       13928630373   97.42%
Tlb-Total-Misses:       369282977    2.58%
Tlb-Total-Accesses:   14297913350  100.00%



--------
Two level Cache hierarchy
--------
  L1-Data Cache:
    Size(KB):          32
    Block Size(B):     64
    Associativity:      8

  L2-Data Cache:
    Size(KB):        1024
    Block Size(B):    128
    Associativity:      8

Latencies:    1   20  200
L1-Sets:   64 - LRU - assoc:   8
L2-Sets: 1024 - LRU - assoc:   8
Store_allocation: Yes
L2_inclusive: Yes
L2_prefetching: No

L1 Cache Stats:
L1-Load-Hits:        9339631654   99.47%
L1-Load-Misses:        50107093    0.53%
L1-Load-Accesses:    9389738747  100.00%

L1-Store-Hits:        4897938976   99.79%
L1-Store-Misses:        10235627    0.21%
L1-Store-Accesses:    4908174603  100.00%

L1-Total-Hits:       14237570630   99.58%
L1-Total-Misses:        60342720    0.42%
L1-Total-Accesses:   14297913350  100.00%

L2 Cache Stats:
L2-Load-Hits:          43991943   87.80%
L2-Load-Misses:         6115150   12.20%
L2-Load-Accesses:      50107093  100.00%

L2-Store-Hits:           7966887   77.83%
L2-Store-Misses:         2268740   22.17%
L2-Store-Accesses:      10235627  100.00%

L2-Total-Hits:          51958830   86.11%
L2-Total-Misses:         8383890   13.89%
L2-Total-Accesses:      60342720  100.00%

