--------
Total Statistics
--------
Total Instructions: 31246957442
Total Cycles: 49934206772
IPC: 0.625763

--------
Single level Tlb hierarchy
--------
  Data Tlb:
    Entries:          64
    Page Size(B):   4096
    Associativity:     16

Latencies:    0  100
Tlb-Sets:    4 - LRU - assoc:  16

Tlb Stats:
Tlb-Load-Hits:        9378128307   99.88%
Tlb-Load-Misses:        11610440    0.12%
Tlb-Load-Accesses:    9389738747  100.00%

Tlb-Store-Hits:        4904727913   99.93%
Tlb-Store-Misses:         3446690    0.07%
Tlb-Store-Accesses:    4908174603  100.00%

Tlb-Total-Hits:       14282856220   99.89%
Tlb-Total-Misses:        15057130    0.11%
Tlb-Total-Accesses:   14297913350  100.00%



--------
Two level Cache hierarchy
--------
  L1-Data Cache:
    Size(KB):          32
    Block Size(B):     64
    Associativity:      8

  L2-Data Cache:
    Size(KB):        1024
    Block Size(B):    128
    Associativity:      8

Latencies:    1   20  200
L1-Sets:   64 - LRU - assoc:   8
L2-Sets: 1024 - LRU - assoc:   8
Store_allocation: Yes
L2_inclusive: Yes
L2_prefetching: No

L1 Cache Stats:
L1-Load-Hits:        9339658535   99.47%
L1-Load-Misses:        50080212    0.53%
L1-Load-Accesses:    9389738747  100.00%

L1-Store-Hits:        4897961516   99.79%
L1-Store-Misses:        10213087    0.21%
L1-Store-Accesses:    4908174603  100.00%

L1-Total-Hits:       14237620051   99.58%
L1-Total-Misses:        60293299    0.42%
L1-Total-Accesses:   14297913350  100.00%

L2 Cache Stats:
L2-Load-Hits:          43961997   87.78%
L2-Load-Misses:         6118215   12.22%
L2-Load-Accesses:      50080212  100.00%

L2-Store-Hits:           7942517   77.77%
L2-Store-Misses:         2270570   22.23%
L2-Store-Accesses:      10213087  100.00%

L2-Total-Hits:          51904514   86.09%
L2-Total-Misses:         8388785   13.91%
L2-Total-Accesses:      60293299  100.00%

