--------
Total Statistics
--------
Total Instructions: 31246957503
Total Cycles: 49995528499
IPC: 0.624995

--------
Single level Tlb hierarchy
--------
  Data Tlb:
    Entries:          64
    Page Size(B):   4096
    Associativity:      4

Latencies:    0  100
Tlb-Sets:   16 - LRU - assoc:   4

Tlb Stats:
Tlb-Load-Hits:        9377733317   99.87%
Tlb-Load-Misses:        12005451    0.13%
Tlb-Load-Accesses:    9389738768  100.00%

Tlb-Store-Hits:        4904521486   99.93%
Tlb-Store-Misses:         3653122    0.07%
Tlb-Store-Accesses:    4908174608  100.00%

Tlb-Total-Hits:       14282254803   99.89%
Tlb-Total-Misses:        15658573    0.11%
Tlb-Total-Accesses:   14297913376  100.00%



--------
Two level Cache hierarchy
--------
  L1-Data Cache:
    Size(KB):          32
    Block Size(B):     64
    Associativity:      8

  L2-Data Cache:
    Size(KB):        1024
    Block Size(B):    128
    Associativity:      8

Latencies:    1   20  200
L1-Sets:   64 - LRU - assoc:   8
L2-Sets: 1024 - LRU - assoc:   8
Store_allocation: Yes
L2_inclusive: Yes
L2_prefetching: Yes ( 64)

L1 Cache Stats:
L1-Load-Hits:        9339614909   99.47%
L1-Load-Misses:        50123859    0.53%
L1-Load-Accesses:    9389738768  100.00%

L1-Store-Hits:        4897940421   99.79%
L1-Store-Misses:        10234187    0.21%
L1-Store-Accesses:    4908174608  100.00%

L1-Total-Hits:       14237555330   99.58%
L1-Total-Misses:        60358046    0.42%
L1-Total-Accesses:   14297913376  100.00%

L2 Cache Stats:
L2-Load-Hits:          44005137   87.79%
L2-Load-Misses:         6118722   12.21%
L2-Load-Accesses:      50123859  100.00%

L2-Store-Hits:           7964712   77.82%
L2-Store-Misses:         2269475   22.18%
L2-Store-Accesses:      10234187  100.00%

L2-Total-Hits:          51969849   86.10%
L2-Total-Misses:         8388197   13.90%
L2-Total-Accesses:      60358046  100.00%

