--------
Total Statistics
--------
Total Instructions: 31246957442
Total Cycles: 50672263372
IPC: 0.616648

--------
Single level Tlb hierarchy
--------
  Data Tlb:
    Entries:          64
    Page Size(B):   4096
    Associativity:      4

Latencies:    0  100
Tlb-Sets:   16 - LRU - assoc:   4

Tlb Stats:
Tlb-Load-Hits:        9369238632   99.78%
Tlb-Load-Misses:        20500115    0.22%
Tlb-Load-Accesses:    9389738747  100.00%

Tlb-Store-Hits:        4901375359   99.86%
Tlb-Store-Misses:         6799244    0.14%
Tlb-Store-Accesses:    4908174603  100.00%

Tlb-Total-Hits:       14270613991   99.81%
Tlb-Total-Misses:        27299359    0.19%
Tlb-Total-Accesses:   14297913350  100.00%



--------
Two level Cache hierarchy
--------
  L1-Data Cache:
    Size(KB):          32
    Block Size(B):     64
    Associativity:      8

  L2-Data Cache:
    Size(KB):        2048
    Block Size(B):    128
    Associativity:      8

Latencies:    1   20  200
L1-Sets:   64 - LRU - assoc:   8
L2-Sets: 2048 - LRU - assoc:   8
Store_allocation: Yes
L2_inclusive: Yes
L2_prefetching: No

L1 Cache Stats:
L1-Load-Hits:        9341645987   99.49%
L1-Load-Misses:        48092760    0.51%
L1-Load-Accesses:    9389738747  100.00%

L1-Store-Hits:        4898528879   99.80%
L1-Store-Misses:         9645724    0.20%
L1-Store-Accesses:    4908174603  100.00%

L1-Total-Hits:       14240174866   99.60%
L1-Total-Misses:        57738484    0.40%
L1-Total-Accesses:   14297913350  100.00%

L2 Cache Stats:
L2-Load-Hits:          43676572   90.82%
L2-Load-Misses:         4416188    9.18%
L2-Load-Accesses:      48092760  100.00%

L2-Store-Hits:           7848477   81.37%
L2-Store-Misses:         1797247   18.63%
L2-Store-Accesses:       9645724  100.00%

L2-Total-Hits:          51525049   89.24%
L2-Total-Misses:         6213435   10.76%
L2-Total-Accesses:      57738484  100.00%

