--------
Total Statistics
--------
Total Instructions: 31246957442
Total Cycles: 49932540872
IPC: 0.625783

--------
Single level Tlb hierarchy
--------
  Data Tlb:
    Entries:          64
    Page Size(B):   4096
    Associativity:      4

Latencies:    0  100
Tlb-Sets:   16 - LRU - assoc:   4

Tlb Stats:
Tlb-Load-Hits:        9371428607   99.80%
Tlb-Load-Misses:        18310140    0.20%
Tlb-Load-Accesses:    9389738747  100.00%

Tlb-Store-Hits:        4902853640   99.89%
Tlb-Store-Misses:         5320963    0.11%
Tlb-Store-Accesses:    4908174603  100.00%

Tlb-Total-Hits:       14274282247   99.83%
Tlb-Total-Misses:        23631103    0.17%
Tlb-Total-Accesses:   14297913350  100.00%



--------
Two level Cache hierarchy
--------
  L1-Data Cache:
    Size(KB):          32
    Block Size(B):     64
    Associativity:      8

  L2-Data Cache:
    Size(KB):        2048
    Block Size(B):    256
    Associativity:      8

Latencies:    1   20  200
L1-Sets:   64 - LRU - assoc:   8
L2-Sets: 1024 - LRU - assoc:   8
Store_allocation: Yes
L2_inclusive: Yes
L2_prefetching: No

L1 Cache Stats:
L1-Load-Hits:        9342562958   99.50%
L1-Load-Misses:        47175789    0.50%
L1-Load-Accesses:    9389738747  100.00%

L1-Store-Hits:        4899432143   99.82%
L1-Store-Misses:         8742460    0.18%
L1-Store-Accesses:    4908174603  100.00%

L1-Total-Hits:       14241995101   99.61%
L1-Total-Misses:        55918249    0.39%
L1-Total-Accesses:   14297913350  100.00%

L2 Cache Stats:
L2-Load-Hits:          43676992   92.58%
L2-Load-Misses:         3498797    7.42%
L2-Load-Accesses:      47175789  100.00%

L2-Store-Hits:           7710283   88.19%
L2-Store-Misses:         1032177   11.81%
L2-Store-Accesses:       8742460  100.00%

L2-Total-Hits:          51387275   91.90%
L2-Total-Misses:         4530974    8.10%
L2-Total-Accesses:      55918249  100.00%

