--------
Total Statistics
--------
Total Instructions: 31246957442
Total Cycles: 51452889752
IPC: 0.607293

--------
Single level Tlb hierarchy
--------
  Data Tlb:
    Entries:          64
    Page Size(B):   4096
    Associativity:      4

Latencies:    0  100
Tlb-Sets:   16 - LRU - assoc:   4

Tlb Stats:
Tlb-Load-Hits:        9372657551   99.82%
Tlb-Load-Misses:        17081196    0.18%
Tlb-Load-Accesses:    9389738747  100.00%

Tlb-Store-Hits:        4902077338   99.88%
Tlb-Store-Misses:         6097265    0.12%
Tlb-Store-Accesses:    4908174603  100.00%

Tlb-Total-Hits:       14274734889   99.84%
Tlb-Total-Misses:        23178461    0.16%
Tlb-Total-Accesses:   14297913350  100.00%



--------
Two level Cache hierarchy
--------
  L1-Data Cache:
    Size(KB):          32
    Block Size(B):     64
    Associativity:      8

  L2-Data Cache:
    Size(KB):         512
    Block Size(B):    128
    Associativity:      8

Latencies:    1   20  200
L1-Sets:   64 - LRU - assoc:   8
L2-Sets:  512 - LRU - assoc:   8
Store_allocation: Yes
L2_inclusive: Yes
L2_prefetching: No

L1 Cache Stats:
L1-Load-Hits:        9336677488   99.43%
L1-Load-Misses:        53061259    0.57%
L1-Load-Accesses:    9389738747  100.00%

L1-Store-Hits:        4897522569   99.78%
L1-Store-Misses:        10652034    0.22%
L1-Store-Accesses:    4908174603  100.00%

L1-Total-Hits:       14234200057   99.55%
L1-Total-Misses:        63713293    0.45%
L1-Total-Accesses:   14297913350  100.00%

L2 Cache Stats:
L2-Load-Hits:          44030563   82.98%
L2-Load-Misses:         9030696   17.02%
L2-Load-Accesses:      53061259  100.00%

L2-Store-Hits:           8103195   76.07%
L2-Store-Misses:         2548839   23.93%
L2-Store-Accesses:      10652034  100.00%

L2-Total-Hits:          52133758   81.83%
L2-Total-Misses:        11579535   18.17%
L2-Total-Accesses:      63713293  100.00%

