--------
Total Statistics
--------
Total Instructions: 31246957442
Total Cycles: 52001822232
IPC: 0.600882

--------
Single level Tlb hierarchy
--------
  Data Tlb:
    Entries:          64
    Page Size(B):   4096
    Associativity:      4

Latencies:    0  100
Tlb-Sets:   16 - LRU - assoc:   4

Tlb Stats:
Tlb-Load-Hits:        9360130755   99.68%
Tlb-Load-Misses:        29607992    0.32%
Tlb-Load-Accesses:    9389738747  100.00%

Tlb-Store-Hits:        4899159673   99.82%
Tlb-Store-Misses:         9014930    0.18%
Tlb-Store-Accesses:    4908174603  100.00%

Tlb-Total-Hits:       14259290428   99.73%
Tlb-Total-Misses:        38622922    0.27%
Tlb-Total-Accesses:   14297913350  100.00%



--------
Two level Cache hierarchy
--------
  L1-Data Cache:
    Size(KB):          64
    Block Size(B):     64
    Associativity:      4

  L2-Data Cache:
    Size(KB):        1024
    Block Size(B):    128
    Associativity:      8

Latencies:    1   20  200
L1-Sets:  256 - LRU - assoc:   4
L2-Sets: 1024 - LRU - assoc:   8
Store_allocation: Yes
L2_inclusive: Yes
L2_prefetching: No

L1 Cache Stats:
L1-Load-Hits:        9353161465   99.61%
L1-Load-Misses:        36577282    0.39%
L1-Load-Accesses:    9389738747  100.00%

L1-Store-Hits:        4898983393   99.81%
L1-Store-Misses:         9191210    0.19%
L1-Store-Accesses:    4908174603  100.00%

L1-Total-Hits:       14252144858   99.68%
L1-Total-Misses:        45768492    0.32%
L1-Total-Accesses:   14297913350  100.00%

L2 Cache Stats:
L2-Load-Hits:          30451566   83.25%
L2-Load-Misses:         6125716   16.75%
L2-Load-Accesses:      36577282  100.00%

L2-Store-Hits:           6920479   75.29%
L2-Store-Misses:         2270731   24.71%
L2-Store-Accesses:       9191210  100.00%

L2-Total-Hits:          37372045   81.65%
L2-Total-Misses:         8396447   18.35%
L2-Total-Accesses:      45768492  100.00%

