--------
Total Statistics
--------
Total Instructions: 31246957442
Total Cycles: 52475842972
IPC: 0.595454

--------
Single level Tlb hierarchy
--------
  Data Tlb:
    Entries:          64
    Page Size(B):   4096
    Associativity:      4

Latencies:    0  100
Tlb-Sets:   16 - LRU - assoc:   4

Tlb Stats:
Tlb-Load-Hits:        9358370987   99.67%
Tlb-Load-Misses:        31367760    0.33%
Tlb-Load-Accesses:    9389738747  100.00%

Tlb-Store-Hits:        4899063252   99.81%
Tlb-Store-Misses:         9111351    0.19%
Tlb-Store-Accesses:    4908174603  100.00%

Tlb-Total-Hits:       14257434239   99.72%
Tlb-Total-Misses:        40479111    0.28%
Tlb-Total-Accesses:   14297913350  100.00%



--------
Two level Cache hierarchy
--------
  L1-Data Cache:
    Size(KB):          32
    Block Size(B):     64
    Associativity:      8

  L2-Data Cache:
    Size(KB):        1024
    Block Size(B):    128
    Associativity:      8

Latencies:    1   20  200
L1-Sets:   64 - LRU - assoc:   8
L2-Sets: 1024 - LRU - assoc:   8
Store_allocation: Yes
L2_inclusive: Yes
L2_prefetching: Yes (  2)

L1 Cache Stats:
L1-Load-Hits:        9339655764   99.47%
L1-Load-Misses:        50082983    0.53%
L1-Load-Accesses:    9389738747  100.00%

L1-Store-Hits:        4897933422   99.79%
L1-Store-Misses:        10241181    0.21%
L1-Store-Accesses:    4908174603  100.00%

L1-Total-Hits:       14237589186   99.58%
L1-Total-Misses:        60324164    0.42%
L1-Total-Accesses:   14297913350  100.00%

L2 Cache Stats:
L2-Load-Hits:          43968291   87.79%
L2-Load-Misses:         6114692   12.21%
L2-Load-Accesses:      50082983  100.00%

L2-Store-Hits:           7972984   77.85%
L2-Store-Misses:         2268197   22.15%
L2-Store-Accesses:      10241181  100.00%

L2-Total-Hits:          51941275   86.10%
L2-Total-Misses:         8382889   13.90%
L2-Total-Accesses:      60324164  100.00%

