--------
Total Statistics
--------
Total Instructions: 31246957442
Total Cycles: 50106693212
IPC: 0.623608

--------
Single level Tlb hierarchy
--------
  Data Tlb:
    Entries:          64
    Page Size(B):   4096
    Associativity:      4

Latencies:    0  100
Tlb-Sets:   16 - LRU - assoc:   4

Tlb Stats:
Tlb-Load-Hits:        9376944929   99.86%
Tlb-Load-Misses:        12793818    0.14%
Tlb-Load-Accesses:    9389738747  100.00%

Tlb-Store-Hits:        4904199021   99.92%
Tlb-Store-Misses:         3975582    0.08%
Tlb-Store-Accesses:    4908174603  100.00%

Tlb-Total-Hits:       14281143950   99.88%
Tlb-Total-Misses:        16769400    0.12%
Tlb-Total-Accesses:   14297913350  100.00%



--------
Two level Cache hierarchy
--------
  L1-Data Cache:
    Size(KB):          64
    Block Size(B):     32
    Associativity:      4

  L2-Data Cache:
    Size(KB):        1024
    Block Size(B):    128
    Associativity:      8

Latencies:    1   20  200
L1-Sets:  512 - LRU - assoc:   4
L2-Sets: 1024 - LRU - assoc:   8
Store_allocation: Yes
L2_inclusive: Yes
L2_prefetching: No

L1 Cache Stats:
L1-Load-Hits:        9342962103   99.50%
L1-Load-Misses:        46776644    0.50%
L1-Load-Accesses:    9389738747  100.00%

L1-Store-Hits:        4894611666   99.72%
L1-Store-Misses:        13562937    0.28%
L1-Store-Accesses:    4908174603  100.00%

L1-Total-Hits:       14237573769   99.58%
L1-Total-Misses:        60339581    0.42%
L1-Total-Accesses:   14297913350  100.00%

L2 Cache Stats:
L2-Load-Hits:          40654971   86.91%
L2-Load-Misses:         6121673   13.09%
L2-Load-Accesses:      46776644  100.00%

L2-Store-Hits:          11294156   83.27%
L2-Store-Misses:         2268781   16.73%
L2-Store-Accesses:      13562937  100.00%

L2-Total-Hits:          51949127   86.09%
L2-Total-Misses:         8390454   13.91%
L2-Total-Accesses:      60339581  100.00%

