--------
Total Statistics
--------
Total Instructions: 31246957442
Total Cycles: 49929881312
IPC: 0.625817

--------
Single level Tlb hierarchy
--------
  Data Tlb:
    Entries:          64
    Page Size(B):   4096
    Associativity:     32

Latencies:    0  100
Tlb-Sets:    2 - LRU - assoc:  32

Tlb Stats:
Tlb-Load-Hits:        9378150398   99.88%
Tlb-Load-Misses:        11588349    0.12%
Tlb-Load-Accesses:    9389738747  100.00%

Tlb-Store-Hits:        4904745126   99.93%
Tlb-Store-Misses:         3429477    0.07%
Tlb-Store-Accesses:    4908174603  100.00%

Tlb-Total-Hits:       14282895524   99.89%
Tlb-Total-Misses:        15017826    0.11%
Tlb-Total-Accesses:   14297913350  100.00%



--------
Two level Cache hierarchy
--------
  L1-Data Cache:
    Size(KB):          32
    Block Size(B):     64
    Associativity:      8

  L2-Data Cache:
    Size(KB):        1024
    Block Size(B):    128
    Associativity:      8

Latencies:    1   20  200
L1-Sets:   64 - LRU - assoc:   8
L2-Sets: 1024 - LRU - assoc:   8
Store_allocation: Yes
L2_inclusive: Yes
L2_prefetching: No

L1 Cache Stats:
L1-Load-Hits:        9339679140   99.47%
L1-Load-Misses:        50059607    0.53%
L1-Load-Accesses:    9389738747  100.00%

L1-Store-Hits:        4897964604   99.79%
L1-Store-Misses:        10209999    0.21%
L1-Store-Accesses:    4908174603  100.00%

L1-Total-Hits:       14237643744   99.58%
L1-Total-Misses:        60269606    0.42%
L1-Total-Accesses:   14297913350  100.00%

L2 Cache Stats:
L2-Load-Hits:          43939744   87.77%
L2-Load-Misses:         6119863   12.23%
L2-Load-Accesses:      50059607  100.00%

L2-Store-Hits:           7940683   77.77%
L2-Store-Misses:         2269316   22.23%
L2-Store-Accesses:      10209999  100.00%

L2-Total-Hits:          51880427   86.08%
L2-Total-Misses:         8389179   13.92%
L2-Total-Accesses:      60269606  100.00%

