--------
Total Statistics
--------
Total Instructions: 31246957442
Total Cycles: 50234914952
IPC: 0.622017

--------
Single level Tlb hierarchy
--------
  Data Tlb:
    Entries:          64
    Page Size(B):   4096
    Associativity:      4

Latencies:    0  100
Tlb-Sets:   16 - LRU - assoc:   4

Tlb Stats:
Tlb-Load-Hits:        9375946829   99.85%
Tlb-Load-Misses:        13791918    0.15%
Tlb-Load-Accesses:    9389738747  100.00%

Tlb-Store-Hits:        4903905884   99.91%
Tlb-Store-Misses:         4268719    0.09%
Tlb-Store-Accesses:    4908174603  100.00%

Tlb-Total-Hits:       14279852713   99.87%
Tlb-Total-Misses:        18060637    0.13%
Tlb-Total-Accesses:   14297913350  100.00%



--------
Two level Cache hierarchy
--------
  L1-Data Cache:
    Size(KB):          32
    Block Size(B):     64
    Associativity:      8

  L2-Data Cache:
    Size(KB):        1024
    Block Size(B):    128
    Associativity:      8

Latencies:    1   20  200
L1-Sets:   64 - LRU - assoc:   8
L2-Sets: 1024 - LRU - assoc:   8
Store_allocation: Yes
L2_inclusive: Yes
L2_prefetching: No

L1 Cache Stats:
L1-Load-Hits:        9339647449   99.47%
L1-Load-Misses:        50091298    0.53%
L1-Load-Accesses:    9389738747  100.00%

L1-Store-Hits:        4897948368   99.79%
L1-Store-Misses:        10226235    0.21%
L1-Store-Accesses:    4908174603  100.00%

L1-Total-Hits:       14237595817   99.58%
L1-Total-Misses:        60317533    0.42%
L1-Total-Accesses:   14297913350  100.00%

L2 Cache Stats:
L2-Load-Hits:          43971268   87.78%
L2-Load-Misses:         6120030   12.22%
L2-Load-Accesses:      50091298  100.00%

L2-Store-Hits:           7958116   77.82%
L2-Store-Misses:         2268119   22.18%
L2-Store-Accesses:      10226235  100.00%

L2-Total-Hits:          51929384   86.09%
L2-Total-Misses:         8388149   13.91%
L2-Total-Accesses:      60317533  100.00%

