--------
Total Statistics
--------
Total Instructions: 31246957442
Total Cycles: 52991695872
IPC: 0.589658

--------
Single level Tlb hierarchy
--------
  Data Tlb:
    Entries:          64
    Page Size(B):   4096
    Associativity:      4

Latencies:    0  100
Tlb-Sets:   16 - LRU - assoc:   4

Tlb Stats:
Tlb-Load-Hits:        9368541487   99.77%
Tlb-Load-Misses:        21197260    0.23%
Tlb-Load-Accesses:    9389738747  100.00%

Tlb-Store-Hits:        4902374022   99.88%
Tlb-Store-Misses:         5800581    0.12%
Tlb-Store-Accesses:    4908174603  100.00%

Tlb-Total-Hits:       14270915509   99.81%
Tlb-Total-Misses:        26997841    0.19%
Tlb-Total-Accesses:   14297913350  100.00%



--------
Two level Cache hierarchy
--------
  L1-Data Cache:
    Size(KB):          32
    Block Size(B):     64
    Associativity:      8

  L2-Data Cache:
    Size(KB):         256
    Block Size(B):    128
    Associativity:      4

Latencies:    1   20  200
L1-Sets:   64 - LRU - assoc:   8
L2-Sets:  512 - LRU - assoc:   4
Store_allocation: Yes
L2_inclusive: Yes
L2_prefetching: No

L1 Cache Stats:
L1-Load-Hits:        9332301116   99.39%
L1-Load-Misses:        57437631    0.61%
L1-Load-Accesses:    9389738747  100.00%

L1-Store-Hits:        4896667975   99.77%
L1-Store-Misses:        11506628    0.23%
L1-Store-Accesses:    4908174603  100.00%

L1-Total-Hits:       14228969091   99.52%
L1-Total-Misses:        68944259    0.48%
L1-Total-Accesses:   14297913350  100.00%

L2 Cache Stats:
L2-Load-Hits:          43711119   76.10%
L2-Load-Misses:        13726512   23.90%
L2-Load-Accesses:      57437631  100.00%

L2-Store-Hits:           8392361   72.94%
L2-Store-Misses:         3114267   27.06%
L2-Store-Accesses:      11506628  100.00%

L2-Total-Hits:          52103480   75.57%
L2-Total-Misses:        16840779   24.43%
L2-Total-Accesses:      68944259  100.00%

