--------
Total Statistics
--------
Total Instructions: 31246957442
Total Cycles: 50115926872
IPC: 0.623494

--------
Single level Tlb hierarchy
--------
  Data Tlb:
    Entries:          64
    Page Size(B):   4096
    Associativity:      4

Latencies:    0  100
Tlb-Sets:   16 - LRU - assoc:   4

Tlb Stats:
Tlb-Load-Hits:        9376855231   99.86%
Tlb-Load-Misses:        12883516    0.14%
Tlb-Load-Accesses:    9389738747  100.00%

Tlb-Store-Hits:        4904191739   99.92%
Tlb-Store-Misses:         3982864    0.08%
Tlb-Store-Accesses:    4908174603  100.00%

Tlb-Total-Hits:       14281046970   99.88%
Tlb-Total-Misses:        16866380    0.12%
Tlb-Total-Accesses:   14297913350  100.00%



--------
Two level Cache hierarchy
--------
  L1-Data Cache:
    Size(KB):          32
    Block Size(B):     64
    Associativity:      8

  L2-Data Cache:
    Size(KB):        1024
    Block Size(B):    128
    Associativity:      8

Latencies:    1   20  200
L1-Sets:   64 - LRU - assoc:   8
L2-Sets: 1024 - LRU - assoc:   8
Store_allocation: Yes
L2_inclusive: Yes
L2_prefetching: Yes (  1)

L1 Cache Stats:
L1-Load-Hits:        9339626248   99.47%
L1-Load-Misses:        50112499    0.53%
L1-Load-Accesses:    9389738747  100.00%

L1-Store-Hits:        4897934208   99.79%
L1-Store-Misses:        10240395    0.21%
L1-Store-Accesses:    4908174603  100.00%

L1-Total-Hits:       14237560456   99.58%
L1-Total-Misses:        60352894    0.42%
L1-Total-Accesses:   14297913350  100.00%

L2 Cache Stats:
L2-Load-Hits:          43995551   87.79%
L2-Load-Misses:         6116948   12.21%
L2-Load-Accesses:      50112499  100.00%

L2-Store-Hits:           7970542   77.83%
L2-Store-Misses:         2269853   22.17%
L2-Store-Accesses:      10240395  100.00%

L2-Total-Hits:          51966093   86.10%
L2-Total-Misses:         8386801   13.90%
L2-Total-Accesses:      60352894  100.00%

