--------
Total Statistics
--------
Total Instructions: 31246957442
Total Cycles: 50867525092
IPC: 0.614281

--------
Single level Tlb hierarchy
--------
  Data Tlb:
    Entries:          64
    Page Size(B):   4096
    Associativity:      4

Latencies:    0  100
Tlb-Sets:   16 - LRU - assoc:   4

Tlb Stats:
Tlb-Load-Hits:        9377850017   99.87%
Tlb-Load-Misses:        11888730    0.13%
Tlb-Load-Accesses:    9389738747  100.00%

Tlb-Store-Hits:        4904535959   99.93%
Tlb-Store-Misses:         3638644    0.07%
Tlb-Store-Accesses:    4908174603  100.00%

Tlb-Total-Hits:       14282385976   99.89%
Tlb-Total-Misses:        15527374    0.11%
Tlb-Total-Accesses:   14297913350  100.00%



--------
Two level Cache hierarchy
--------
  L1-Data Cache:
    Size(KB):          16
    Block Size(B):     32
    Associativity:      4

  L2-Data Cache:
    Size(KB):        1024
    Block Size(B):    128
    Associativity:      8

Latencies:    1   20  200
L1-Sets:  128 - LRU - assoc:   4
L2-Sets: 1024 - LRU - assoc:   8
Store_allocation: Yes
L2_inclusive: Yes
L2_prefetching: No

L1 Cache Stats:
L1-Load-Hits:        9302755058   99.07%
L1-Load-Misses:        86983689    0.93%
L1-Load-Accesses:    9389738747  100.00%

L1-Store-Hits:        4890441557   99.64%
L1-Store-Misses:        17733046    0.36%
L1-Store-Accesses:    4908174603  100.00%

L1-Total-Hits:       14193196615   99.27%
L1-Total-Misses:       104716735    0.73%
L1-Total-Accesses:   14297913350  100.00%

L2 Cache Stats:
L2-Load-Hits:          80872075   92.97%
L2-Load-Misses:         6111614    7.03%
L2-Load-Accesses:      86983689  100.00%

L2-Store-Hits:          15466749   87.22%
L2-Store-Misses:         2266297   12.78%
L2-Store-Accesses:      17733046  100.00%

L2-Total-Hits:          96338824   92.00%
L2-Total-Misses:         8377911    8.00%
L2-Total-Accesses:     104716735  100.00%

