--------
Total Statistics
--------
Total Instructions: 31246957442
Total Cycles: 59412618052
IPC: 0.525931

--------
Single level Tlb hierarchy
--------
  Data Tlb:
    Entries:          64
    Page Size(B):   4096
    Associativity:      4

Latencies:    0  100
Tlb-Sets:   16 - LRU - assoc:   4

Tlb Stats:
Tlb-Load-Hits:        9321523001   99.27%
Tlb-Load-Misses:        68215746    0.73%
Tlb-Load-Accesses:    9389738747  100.00%

Tlb-Store-Hits:        4866559694   99.15%
Tlb-Store-Misses:        41614909    0.85%
Tlb-Store-Accesses:    4908174603  100.00%

Tlb-Total-Hits:       14188082695   99.23%
Tlb-Total-Misses:       109830655    0.77%
Tlb-Total-Accesses:   14297913350  100.00%



--------
Two level Cache hierarchy
--------
  L1-Data Cache:
    Size(KB):          32
    Block Size(B):     64
    Associativity:      8

  L2-Data Cache:
    Size(KB):        1024
    Block Size(B):    128
    Associativity:      8

Latencies:    1   20  200
L1-Sets:   64 - LRU - assoc:   8
L2-Sets: 1024 - LRU - assoc:   8
Store_allocation: Yes
L2_inclusive: Yes
L2_prefetching: No

L1 Cache Stats:
L1-Load-Hits:        9339653715   99.47%
L1-Load-Misses:        50085032    0.53%
L1-Load-Accesses:    9389738747  100.00%

L1-Store-Hits:        4897936877   99.79%
L1-Store-Misses:        10237726    0.21%
L1-Store-Accesses:    4908174603  100.00%

L1-Total-Hits:       14237590592   99.58%
L1-Total-Misses:        60322758    0.42%
L1-Total-Accesses:   14297913350  100.00%

L2 Cache Stats:
L2-Load-Hits:          43964636   87.78%
L2-Load-Misses:         6120396   12.22%
L2-Load-Accesses:      50085032  100.00%

L2-Store-Hits:           7966989   77.82%
L2-Store-Misses:         2270737   22.18%
L2-Store-Accesses:      10237726  100.00%

L2-Total-Hits:          51931625   86.09%
L2-Total-Misses:         8391133   13.91%
L2-Total-Accesses:      60322758  100.00%

