--------
Total Statistics
--------
Total Instructions: 31246957442
Total Cycles: 111747229972
IPC: 0.279622

--------
Single level Tlb hierarchy
--------
  Data Tlb:
    Entries:          16
    Page Size(B):   4096
    Associativity:      4

Latencies:    0  100
Tlb-Sets:    4 - LRU - assoc:   4

Tlb Stats:
Tlb-Load-Hits:        8916967658   94.97%
Tlb-Load-Misses:       472771089    5.03%
Tlb-Load-Accesses:    9389738747  100.00%

Tlb-Store-Hits:        4747780776   96.73%
Tlb-Store-Misses:       160393827    3.27%
Tlb-Store-Accesses:    4908174603  100.00%

Tlb-Total-Hits:       13664748434   95.57%
Tlb-Total-Misses:       633164916    4.43%
Tlb-Total-Accesses:   14297913350  100.00%



--------
Two level Cache hierarchy
--------
  L1-Data Cache:
    Size(KB):          32
    Block Size(B):     64
    Associativity:      8

  L2-Data Cache:
    Size(KB):        1024
    Block Size(B):    128
    Associativity:      8

Latencies:    1   20  200
L1-Sets:   64 - LRU - assoc:   8
L2-Sets: 1024 - LRU - assoc:   8
Store_allocation: Yes
L2_inclusive: Yes
L2_prefetching: No

L1 Cache Stats:
L1-Load-Hits:        9339624289   99.47%
L1-Load-Misses:        50114458    0.53%
L1-Load-Accesses:    9389738747  100.00%

L1-Store-Hits:        4897942512   99.79%
L1-Store-Misses:        10232091    0.21%
L1-Store-Accesses:    4908174603  100.00%

L1-Total-Hits:       14237566801   99.58%
L1-Total-Misses:        60346549    0.42%
L1-Total-Accesses:   14297913350  100.00%

L2 Cache Stats:
L2-Load-Hits:          43989545   87.78%
L2-Load-Misses:         6124913   12.22%
L2-Load-Accesses:      50114458  100.00%

L2-Store-Hits:           7962321   77.82%
L2-Store-Misses:         2269770   22.18%
L2-Store-Accesses:      10232091  100.00%

L2-Total-Hits:          51951866   86.09%
L2-Total-Misses:         8394683   13.91%
L2-Total-Accesses:      60346549  100.00%

