--------
Total Statistics
--------
Total Instructions: 31246957442
Total Cycles: 50017875392
IPC: 0.624716

--------
Single level Tlb hierarchy
--------
  Data Tlb:
    Entries:          64
    Page Size(B):   4096
    Associativity:      4

Latencies:    0  100
Tlb-Sets:   16 - LRU - assoc:   4

Tlb Stats:
Tlb-Load-Hits:        9377359785   99.87%
Tlb-Load-Misses:        12378962    0.13%
Tlb-Load-Accesses:    9389738747  100.00%

Tlb-Store-Hits:        4904438159   99.92%
Tlb-Store-Misses:         3736444    0.08%
Tlb-Store-Accesses:    4908174603  100.00%

Tlb-Total-Hits:       14281797944   99.89%
Tlb-Total-Misses:        16115406    0.11%
Tlb-Total-Accesses:   14297913350  100.00%



--------
Two level Cache hierarchy
--------
  L1-Data Cache:
    Size(KB):          32
    Block Size(B):     64
    Associativity:      8

  L2-Data Cache:
    Size(KB):        1024
    Block Size(B):    128
    Associativity:     16

Latencies:    1   20  200
L1-Sets:   64 - LRU - assoc:   8
L2-Sets:  512 - LRU - assoc:  16
Store_allocation: Yes
L2_inclusive: Yes
L2_prefetching: No

L1 Cache Stats:
L1-Load-Hits:        9339771047   99.47%
L1-Load-Misses:        49967700    0.53%
L1-Load-Accesses:    9389738747  100.00%

L1-Store-Hits:        4897945823   99.79%
L1-Store-Misses:        10228780    0.21%
L1-Store-Accesses:    4908174603  100.00%

L1-Total-Hits:       14237716870   99.58%
L1-Total-Misses:        60196480    0.42%
L1-Total-Accesses:   14297913350  100.00%

L2 Cache Stats:
L2-Load-Hits:          43953261   87.96%
L2-Load-Misses:         6014439   12.04%
L2-Load-Accesses:      49967700  100.00%

L2-Store-Hits:           7955547   77.78%
L2-Store-Misses:         2273233   22.22%
L2-Store-Accesses:      10228780  100.00%

L2-Total-Hits:          51908808   86.23%
L2-Total-Misses:         8287672   13.77%
L2-Total-Accesses:      60196480  100.00%

