--------
Total Statistics
--------
Total Instructions: 31246957442
Total Cycles: 49996645872
IPC: 0.624981

--------
Single level Tlb hierarchy
--------
  Data Tlb:
    Entries:          64
    Page Size(B):   4096
    Associativity:      4

Latencies:    0  100
Tlb-Sets:   16 - LRU - assoc:   4

Tlb Stats:
Tlb-Load-Hits:        9377700835   99.87%
Tlb-Load-Misses:        12037912    0.13%
Tlb-Load-Accesses:    9389738747  100.00%

Tlb-Store-Hits:        4904517843   99.93%
Tlb-Store-Misses:         3656760    0.07%
Tlb-Store-Accesses:    4908174603  100.00%

Tlb-Total-Hits:       14282218678   99.89%
Tlb-Total-Misses:        15694672    0.11%
Tlb-Total-Accesses:   14297913350  100.00%



--------
Two level Cache hierarchy
--------
  L1-Data Cache:
    Size(KB):          32
    Block Size(B):     64
    Associativity:      8

  L2-Data Cache:
    Size(KB):        1024
    Block Size(B):    128
    Associativity:      8

Latencies:    1   20  200
L1-Sets:   64 - LRU - assoc:   8
L2-Sets: 1024 - LRU - assoc:   8
Store_allocation: Yes
L2_inclusive: Yes
L2_prefetching: No

L1 Cache Stats:
L1-Load-Hits:        9339677119   99.47%
L1-Load-Misses:        50061628    0.53%
L1-Load-Accesses:    9389738747  100.00%

L1-Store-Hits:        4897966677   99.79%
L1-Store-Misses:        10207926    0.21%
L1-Store-Accesses:    4908174603  100.00%

L1-Total-Hits:       14237643796   99.58%
L1-Total-Misses:        60269554    0.42%
L1-Total-Accesses:   14297913350  100.00%

L2 Cache Stats:
L2-Load-Hits:          43945892   87.78%
L2-Load-Misses:         6115736   12.22%
L2-Load-Accesses:      50061628  100.00%

L2-Store-Hits:           7939078   77.77%
L2-Store-Misses:         2268848   22.23%
L2-Store-Accesses:      10207926  100.00%

L2-Total-Hits:          51884970   86.09%
L2-Total-Misses:         8384584   13.91%
L2-Total-Accesses:      60269554  100.00%

