--------
Total Statistics
--------
Total Instructions: 31246957442
Total Cycles: 52577033152
IPC: 0.594308

--------
Single level Tlb hierarchy
--------
  Data Tlb:
    Entries:          64
    Page Size(B):   4096
    Associativity:      4

Latencies:    0  100
Tlb-Sets:   16 - LRU - assoc:   4

Tlb Stats:
Tlb-Load-Hits:        9357257044   99.65%
Tlb-Load-Misses:        32481703    0.35%
Tlb-Load-Accesses:    9389738747  100.00%

Tlb-Store-Hits:        4899165864   99.82%
Tlb-Store-Misses:         9008739    0.18%
Tlb-Store-Accesses:    4908174603  100.00%

Tlb-Total-Hits:       14256422908   99.71%
Tlb-Total-Misses:        41490442    0.29%
Tlb-Total-Accesses:   14297913350  100.00%



--------
Two level Cache hierarchy
--------
  L1-Data Cache:
    Size(KB):          32
    Block Size(B):     64
    Associativity:      8

  L2-Data Cache:
    Size(KB):        1024
    Block Size(B):    128
    Associativity:      8

Latencies:    1   20  200
L1-Sets:   64 - LRU - assoc:   8
L2-Sets: 1024 - LRU - assoc:   8
Store_allocation: Yes
L2_inclusive: Yes
L2_prefetching: Yes (  8)

L1 Cache Stats:
L1-Load-Hits:        9339659372   99.47%
L1-Load-Misses:        50079375    0.53%
L1-Load-Accesses:    9389738747  100.00%

L1-Store-Hits:        4897950860   99.79%
L1-Store-Misses:        10223743    0.21%
L1-Store-Accesses:    4908174603  100.00%

L1-Total-Hits:       14237610232   99.58%
L1-Total-Misses:        60303118    0.42%
L1-Total-Accesses:   14297913350  100.00%

L2 Cache Stats:
L2-Load-Hits:          43962815   87.79%
L2-Load-Misses:         6116560   12.21%
L2-Load-Accesses:      50079375  100.00%

L2-Store-Hits:           7955024   77.81%
L2-Store-Misses:         2268719   22.19%
L2-Store-Accesses:      10223743  100.00%

L2-Total-Hits:          51917839   86.09%
L2-Total-Misses:         8385279   13.91%
L2-Total-Accesses:      60303118  100.00%

