--------
Total Statistics
--------
Total Instructions: 31246957442
Total Cycles: 51576157232
IPC: 0.605841

--------
Single level Tlb hierarchy
--------
  Data Tlb:
    Entries:          64
    Page Size(B):   4096
    Associativity:      4

Latencies:    0  100
Tlb-Sets:   16 - LRU - assoc:   4

Tlb Stats:
Tlb-Load-Hits:        9376225541   99.86%
Tlb-Load-Misses:        13513206    0.14%
Tlb-Load-Accesses:    9389738747  100.00%

Tlb-Store-Hits:        4903920906   99.91%
Tlb-Store-Misses:         4253697    0.09%
Tlb-Store-Accesses:    4908174603  100.00%

Tlb-Total-Hits:       14280146447   99.88%
Tlb-Total-Misses:        17766903    0.12%
Tlb-Total-Accesses:   14297913350  100.00%



--------
Two level Cache hierarchy
--------
  L1-Data Cache:
    Size(KB):          32
    Block Size(B):     64
    Associativity:      8

  L2-Data Cache:
    Size(KB):         512
    Block Size(B):     64
    Associativity:      8

Latencies:    1   20  200
L1-Sets:   64 - LRU - assoc:   8
L2-Sets: 1024 - LRU - assoc:   8
Store_allocation: Yes
L2_inclusive: Yes
L2_prefetching: No

L1 Cache Stats:
L1-Load-Hits:        9346912235   99.54%
L1-Load-Misses:        42826512    0.46%
L1-Load-Accesses:    9389738747  100.00%

L1-Store-Hits:        4900703578   99.85%
L1-Store-Misses:         7471025    0.15%
L1-Store-Accesses:    4908174603  100.00%

L1-Total-Hits:       14247615813   99.65%
L1-Total-Misses:        50297537    0.35%
L1-Total-Accesses:   14297913350  100.00%

L2 Cache Stats:
L2-Load-Hits:          31333090   73.16%
L2-Load-Misses:        11493422   26.84%
L2-Load-Accesses:      42826512  100.00%

L2-Store-Hits:           2721220   36.42%
L2-Store-Misses:         4749805   63.58%
L2-Store-Accesses:       7471025  100.00%

L2-Total-Hits:          34054310   67.71%
L2-Total-Misses:        16243227   32.29%
L2-Total-Accesses:      50297537  100.00%

