--------
Total Statistics
--------
Total Instructions: 31246957442
Total Cycles: 51793605672
IPC: 0.603298

--------
Single level Tlb hierarchy
--------
  Data Tlb:
    Entries:          64
    Page Size(B):   4096
    Associativity:      8

Latencies:    0  100
Tlb-Sets:    8 - LRU - assoc:   8

Tlb Stats:
Tlb-Load-Hits:        9365966979   99.75%
Tlb-Load-Misses:        23771768    0.25%
Tlb-Load-Accesses:    9389738747  100.00%

Tlb-Store-Hits:        4898290616   99.80%
Tlb-Store-Misses:         9883987    0.20%
Tlb-Store-Accesses:    4908174603  100.00%

Tlb-Total-Hits:       14264257595   99.76%
Tlb-Total-Misses:        33655755    0.24%
Tlb-Total-Accesses:   14297913350  100.00%



--------
Two level Cache hierarchy
--------
  L1-Data Cache:
    Size(KB):          32
    Block Size(B):     64
    Associativity:      8

  L2-Data Cache:
    Size(KB):        1024
    Block Size(B):    128
    Associativity:      8

Latencies:    1   20  200
L1-Sets:   64 - LRU - assoc:   8
L2-Sets: 1024 - LRU - assoc:   8
Store_allocation: Yes
L2_inclusive: Yes
L2_prefetching: No

L1 Cache Stats:
L1-Load-Hits:        9339660243   99.47%
L1-Load-Misses:        50078504    0.53%
L1-Load-Accesses:    9389738747  100.00%

L1-Store-Hits:        4897944148   99.79%
L1-Store-Misses:        10230455    0.21%
L1-Store-Accesses:    4908174603  100.00%

L1-Total-Hits:       14237604391   99.58%
L1-Total-Misses:        60308959    0.42%
L1-Total-Accesses:   14297913350  100.00%

L2 Cache Stats:
L2-Load-Hits:          43962471   87.79%
L2-Load-Misses:         6116033   12.21%
L2-Load-Accesses:      50078504  100.00%

L2-Store-Hits:           7961587   77.82%
L2-Store-Misses:         2268868   22.18%
L2-Store-Accesses:      10230455  100.00%

L2-Total-Hits:          51924058   86.10%
L2-Total-Misses:         8384901   13.90%
L2-Total-Accesses:      60308959  100.00%

