--------
Total Statistics
--------
Total Instructions: 31246957442
Total Cycles: 50656948332
IPC: 0.616835

--------
Single level Tlb hierarchy
--------
  Data Tlb:
    Entries:          64
    Page Size(B):   4096
    Associativity:      4

Latencies:    0  100
Tlb-Sets:   16 - LRU - assoc:   4

Tlb Stats:
Tlb-Load-Hits:        9375527480   99.85%
Tlb-Load-Misses:        14211267    0.15%
Tlb-Load-Accesses:    9389738747  100.00%

Tlb-Store-Hits:        4903445076   99.90%
Tlb-Store-Misses:         4729527    0.10%
Tlb-Store-Accesses:    4908174603  100.00%

Tlb-Total-Hits:       14278972556   99.87%
Tlb-Total-Misses:        18940794    0.13%
Tlb-Total-Accesses:   14297913350  100.00%



--------
Two level Cache hierarchy
--------
  L1-Data Cache:
    Size(KB):          32
    Block Size(B):     64
    Associativity:      8

  L2-Data Cache:
    Size(KB):         512
    Block Size(B):    256
    Associativity:      8

Latencies:    1   20  200
L1-Sets:   64 - LRU - assoc:   8
L2-Sets:  256 - LRU - assoc:   8
Store_allocation: Yes
L2_inclusive: Yes
L2_prefetching: No

L1 Cache Stats:
L1-Load-Hits:        9337043452   99.44%
L1-Load-Misses:        52695295    0.56%
L1-Load-Accesses:    9389738747  100.00%

L1-Store-Hits:        4898458181   99.80%
L1-Store-Misses:         9716422    0.20%
L1-Store-Accesses:    4908174603  100.00%

L1-Total-Hits:       14235501633   99.56%
L1-Total-Misses:        62411717    0.44%
L1-Total-Accesses:   14297913350  100.00%

L2 Cache Stats:
L2-Load-Hits:          44458327   84.37%
L2-Load-Misses:         8236968   15.63%
L2-Load-Accesses:      52695295  100.00%

L2-Store-Hits:           8104571   83.41%
L2-Store-Misses:         1611851   16.59%
L2-Store-Accesses:       9716422  100.00%

L2-Total-Hits:          52562898   84.22%
L2-Total-Misses:         9848819   15.78%
L2-Total-Accesses:      62411717  100.00%

