--------
Total Statistics
--------
Total Instructions: 31246957503
Total Cycles: 50118925659
IPC: 0.623456

--------
Single level Tlb hierarchy
--------
  Data Tlb:
    Entries:          64
    Page Size(B):   4096
    Associativity:      4

Latencies:    0  100
Tlb-Sets:   16 - LRU - assoc:   4

Tlb Stats:
Tlb-Load-Hits:        9374815000   99.84%
Tlb-Load-Misses:        14923768    0.16%
Tlb-Load-Accesses:    9389738768  100.00%

Tlb-Store-Hits:        4903227273   99.90%
Tlb-Store-Misses:         4947335    0.10%
Tlb-Store-Accesses:    4908174608  100.00%

Tlb-Total-Hits:       14278042273   99.86%
Tlb-Total-Misses:        19871103    0.14%
Tlb-Total-Accesses:   14297913376  100.00%



--------
Two level Cache hierarchy
--------
  L1-Data Cache:
    Size(KB):          64
    Block Size(B):     64
    Associativity:      8

  L2-Data Cache:
    Size(KB):        1024
    Block Size(B):    128
    Associativity:      8

Latencies:    1   20  200
L1-Sets:  128 - LRU - assoc:   8
L2-Sets: 1024 - LRU - assoc:   8
Store_allocation: Yes
L2_inclusive: Yes
L2_prefetching: No

L1 Cache Stats:
L1-Load-Hits:        9353645662   99.62%
L1-Load-Misses:        36093106    0.38%
L1-Load-Accesses:    9389738768  100.00%

L1-Store-Hits:        4898877200   99.81%
L1-Store-Misses:         9297408    0.19%
L1-Store-Accesses:    4908174608  100.00%

L1-Total-Hits:       14252522862   99.68%
L1-Total-Misses:        45390514    0.32%
L1-Total-Accesses:   14297913376  100.00%

L2 Cache Stats:
L2-Load-Hits:          29968125   83.03%
L2-Load-Misses:         6124981   16.97%
L2-Load-Accesses:      36093106  100.00%

L2-Store-Hits:           7026718   75.58%
L2-Store-Misses:         2270690   24.42%
L2-Store-Accesses:       9297408  100.00%

L2-Total-Hits:          36994843   81.50%
L2-Total-Misses:         8395671   18.50%
L2-Total-Accesses:      45390514  100.00%

