--------
Total Statistics
--------
Total Instructions: 31246957442
Total Cycles: 172300837672
IPC: 0.181351

--------
Single level Tlb hierarchy
--------
  Data Tlb:
    Entries:           8
    Page Size(B):   4096
    Associativity:      4

Latencies:    0  100
Tlb-Sets:    2 - LRU - assoc:   4

Tlb Stats:
Tlb-Load-Hits:        8419206157   89.66%
Tlb-Load-Misses:       970532590   10.34%
Tlb-Load-Accesses:    9389738747  100.00%

Tlb-Store-Hits:        4639981463   94.54%
Tlb-Store-Misses:       268193140    5.46%
Tlb-Store-Accesses:    4908174603  100.00%

Tlb-Total-Hits:       13059187620   91.34%
Tlb-Total-Misses:      1238725730    8.66%
Tlb-Total-Accesses:   14297913350  100.00%



--------
Two level Cache hierarchy
--------
  L1-Data Cache:
    Size(KB):          32
    Block Size(B):     64
    Associativity:      8

  L2-Data Cache:
    Size(KB):        1024
    Block Size(B):    128
    Associativity:      8

Latencies:    1   20  200
L1-Sets:   64 - LRU - assoc:   8
L2-Sets: 1024 - LRU - assoc:   8
Store_allocation: Yes
L2_inclusive: Yes
L2_prefetching: No

L1 Cache Stats:
L1-Load-Hits:        9339630519   99.47%
L1-Load-Misses:        50108228    0.53%
L1-Load-Accesses:    9389738747  100.00%

L1-Store-Hits:        4897968057   99.79%
L1-Store-Misses:        10206546    0.21%
L1-Store-Accesses:    4908174603  100.00%

L1-Total-Hits:       14237598576   99.58%
L1-Total-Misses:        60314774    0.42%
L1-Total-Accesses:   14297913350  100.00%

L2 Cache Stats:
L2-Load-Hits:          43991342   87.79%
L2-Load-Misses:         6116886   12.21%
L2-Load-Accesses:      50108228  100.00%

L2-Store-Hits:           7937940   77.77%
L2-Store-Misses:         2268606   22.23%
L2-Store-Accesses:      10206546  100.00%

L2-Total-Hits:          51929282   86.10%
L2-Total-Misses:         8385492   13.90%
L2-Total-Accesses:      60314774  100.00%

