--------
Total Statistics
--------
Total Instructions: 31246957442
Total Cycles: 50846919052
IPC: 0.61453

--------
Single level Tlb hierarchy
--------
  Data Tlb:
    Entries:          64
    Page Size(B):   4096
    Associativity:      4

Latencies:    0  100
Tlb-Sets:   16 - LRU - assoc:   4

Tlb Stats:
Tlb-Load-Hits:        9377205064   99.87%
Tlb-Load-Misses:        12533683    0.13%
Tlb-Load-Accesses:    9389738747  100.00%

Tlb-Store-Hits:        4904450518   99.92%
Tlb-Store-Misses:         3724085    0.08%
Tlb-Store-Accesses:    4908174603  100.00%

Tlb-Total-Hits:       14281655582   99.89%
Tlb-Total-Misses:        16257768    0.11%
Tlb-Total-Accesses:   14297913350  100.00%



--------
Two level Cache hierarchy
--------
  L1-Data Cache:
    Size(KB):          32
    Block Size(B):     64
    Associativity:      8

  L2-Data Cache:
    Size(KB):         512
    Block Size(B):    128
    Associativity:      4

Latencies:    1   20  200
L1-Sets:   64 - LRU - assoc:   8
L2-Sets: 1024 - LRU - assoc:   4
Store_allocation: Yes
L2_inclusive: Yes
L2_prefetching: No

L1 Cache Stats:
L1-Load-Hits:        9336352963   99.43%
L1-Load-Misses:        53385784    0.57%
L1-Load-Accesses:    9389738747  100.00%

L1-Store-Hits:        4897407974   99.78%
L1-Store-Misses:        10766629    0.22%
L1-Store-Accesses:    4908174603  100.00%

L1-Total-Hits:       14233760937   99.55%
L1-Total-Misses:        64152413    0.45%
L1-Total-Accesses:   14297913350  100.00%

L2 Cache Stats:
L2-Load-Hits:          44035142   82.48%
L2-Load-Misses:         9350642   17.52%
L2-Load-Accesses:      53385784  100.00%

L2-Store-Hits:           8151155   75.71%
L2-Store-Misses:         2615474   24.29%
L2-Store-Accesses:      10766629  100.00%

L2-Total-Hits:          52186297   81.35%
L2-Total-Misses:        11966116   18.65%
L2-Total-Accesses:      64152413  100.00%

