--------
Total Statistics
--------
Total Instructions: 31246957442
Total Cycles: 54776280492
IPC: 0.570447

--------
Single level Tlb hierarchy
--------
  Data Tlb:
    Entries:          32
    Page Size(B):   4096
    Associativity:      4

Latencies:    0  100
Tlb-Sets:    8 - LRU - assoc:   4

Tlb Stats:
Tlb-Load-Hits:        9346423205   99.54%
Tlb-Load-Misses:        43315542    0.46%
Tlb-Load-Accesses:    9389738747  100.00%

Tlb-Store-Hits:        4888018830   99.59%
Tlb-Store-Misses:        20155773    0.41%
Tlb-Store-Accesses:    4908174603  100.00%

Tlb-Total-Hits:       14234442035   99.56%
Tlb-Total-Misses:        63471315    0.44%
Tlb-Total-Accesses:   14297913350  100.00%



--------
Two level Cache hierarchy
--------
  L1-Data Cache:
    Size(KB):          32
    Block Size(B):     64
    Associativity:      8

  L2-Data Cache:
    Size(KB):        1024
    Block Size(B):    128
    Associativity:      8

Latencies:    1   20  200
L1-Sets:   64 - LRU - assoc:   8
L2-Sets: 1024 - LRU - assoc:   8
Store_allocation: Yes
L2_inclusive: Yes
L2_prefetching: No

L1 Cache Stats:
L1-Load-Hits:        9339636197   99.47%
L1-Load-Misses:        50102550    0.53%
L1-Load-Accesses:    9389738747  100.00%

L1-Store-Hits:        4897934743   99.79%
L1-Store-Misses:        10239860    0.21%
L1-Store-Accesses:    4908174603  100.00%

L1-Total-Hits:       14237570940   99.58%
L1-Total-Misses:        60342410    0.42%
L1-Total-Accesses:   14297913350  100.00%

L2 Cache Stats:
L2-Load-Hits:          43984167   87.79%
L2-Load-Misses:         6118383   12.21%
L2-Load-Accesses:      50102550  100.00%

L2-Store-Hits:           7971093   77.84%
L2-Store-Misses:         2268767   22.16%
L2-Store-Accesses:      10239860  100.00%

L2-Total-Hits:          51955260   86.10%
L2-Total-Misses:         8387150   13.90%
L2-Total-Accesses:      60342410  100.00%

