--------
Total Statistics
--------
Total Instructions: 31246957442
Total Cycles: 50463747492
IPC: 0.619196

--------
Single level Tlb hierarchy
--------
  Data Tlb:
    Entries:          64
    Page Size(B):   4096
    Associativity:      4

Latencies:    0  100
Tlb-Sets:   16 - LRU - assoc:   4

Tlb Stats:
Tlb-Load-Hits:        9377634238   99.87%
Tlb-Load-Misses:        12104509    0.13%
Tlb-Load-Accesses:    9389738747  100.00%

Tlb-Store-Hits:        4904523361   99.93%
Tlb-Store-Misses:         3651242    0.07%
Tlb-Store-Accesses:    4908174603  100.00%

Tlb-Total-Hits:       14282157599   99.89%
Tlb-Total-Misses:        15755751    0.11%
Tlb-Total-Accesses:   14297913350  100.00%



--------
Two level Cache hierarchy
--------
  L1-Data Cache:
    Size(KB):          16
    Block Size(B):    128
    Associativity:      4

  L2-Data Cache:
    Size(KB):        1024
    Block Size(B):    128
    Associativity:      8

Latencies:    1   20  200
L1-Sets:   32 - LRU - assoc:   4
L2-Sets: 1024 - LRU - assoc:   8
Store_allocation: Yes
L2_inclusive: Yes
L2_prefetching: No

L1 Cache Stats:
L1-Load-Hits:        9322401976   99.28%
L1-Load-Misses:        67336771    0.72%
L1-Load-Accesses:    9389738747  100.00%

L1-Store-Hits:        4892157774   99.67%
L1-Store-Misses:        16016829    0.33%
L1-Store-Accesses:    4908174603  100.00%

L1-Total-Hits:       14214559750   99.42%
L1-Total-Misses:        83353600    0.58%
L1-Total-Accesses:   14297913350  100.00%

L2 Cache Stats:
L2-Load-Hits:          61223089   90.92%
L2-Load-Misses:         6113682    9.08%
L2-Load-Accesses:      67336771  100.00%

L2-Store-Hits:          13749363   85.84%
L2-Store-Misses:         2267466   14.16%
L2-Store-Accesses:      16016829  100.00%

L2-Total-Hits:          74972452   89.95%
L2-Total-Misses:         8381148   10.05%
L2-Total-Accesses:      83353600  100.00%

