--------
Total Statistics
--------
Total Instructions: 31246957442
Total Cycles: 51471350692
IPC: 0.607075

--------
Single level Tlb hierarchy
--------
  Data Tlb:
    Entries:          64
    Page Size(B):   4096
    Associativity:      4

Latencies:    0  100
Tlb-Sets:   16 - LRU - assoc:   4

Tlb Stats:
Tlb-Load-Hits:        9367623090   99.76%
Tlb-Load-Misses:        22115657    0.24%
Tlb-Load-Accesses:    9389738747  100.00%

Tlb-Store-Hits:        4899853476   99.83%
Tlb-Store-Misses:         8321127    0.17%
Tlb-Store-Accesses:    4908174603  100.00%

Tlb-Total-Hits:       14267476566   99.79%
Tlb-Total-Misses:        30436784    0.21%
Tlb-Total-Accesses:   14297913350  100.00%



--------
Two level Cache hierarchy
--------
  L1-Data Cache:
    Size(KB):          32
    Block Size(B):     64
    Associativity:      8

  L2-Data Cache:
    Size(KB):        1024
    Block Size(B):    128
    Associativity:      8

Latencies:    1   20  200
L1-Sets:   64 - LRU - assoc:   8
L2-Sets: 1024 - LRU - assoc:   8
Store_allocation: Yes
L2_inclusive: Yes
L2_prefetching: Yes ( 32)

L1 Cache Stats:
L1-Load-Hits:        9339684301   99.47%
L1-Load-Misses:        50054446    0.53%
L1-Load-Accesses:    9389738747  100.00%

L1-Store-Hits:        4897982374   99.79%
L1-Store-Misses:        10192229    0.21%
L1-Store-Accesses:    4908174603  100.00%

L1-Total-Hits:       14237666675   99.58%
L1-Total-Misses:        60246675    0.42%
L1-Total-Accesses:   14297913350  100.00%

L2 Cache Stats:
L2-Load-Hits:          43934226   87.77%
L2-Load-Misses:         6120220   12.23%
L2-Load-Accesses:      50054446  100.00%

L2-Store-Hits:           7923109   77.74%
L2-Store-Misses:         2269120   22.26%
L2-Store-Accesses:      10192229  100.00%

L2-Total-Hits:          51857335   86.08%
L2-Total-Misses:         8389340   13.92%
L2-Total-Accesses:      60246675  100.00%

