--------
Total Statistics
--------
Total Instructions: 31246957442
Total Cycles: 50900712852
IPC: 0.613881

--------
Single level Tlb hierarchy
--------
  Data Tlb:
    Entries:          64
    Page Size(B):   4096
    Associativity:      4

Latencies:    0  100
Tlb-Sets:   16 - LRU - assoc:   4

Tlb Stats:
Tlb-Load-Hits:        9375907890   99.85%
Tlb-Load-Misses:        13830857    0.15%
Tlb-Load-Accesses:    9389738747  100.00%

Tlb-Store-Hits:        4903632056   99.91%
Tlb-Store-Misses:         4542547    0.09%
Tlb-Store-Accesses:    4908174603  100.00%

Tlb-Total-Hits:       14279539946   99.87%
Tlb-Total-Misses:        18373404    0.13%
Tlb-Total-Accesses:   14297913350  100.00%



--------
Two level Cache hierarchy
--------
  L1-Data Cache:
    Size(KB):          16
    Block Size(B):     64
    Associativity:      4

  L2-Data Cache:
    Size(KB):        1024
    Block Size(B):    128
    Associativity:      8

Latencies:    1   20  200
L1-Sets:   64 - LRU - assoc:   4
L2-Sets: 1024 - LRU - assoc:   8
Store_allocation: Yes
L2_inclusive: Yes
L2_prefetching: No

L1 Cache Stats:
L1-Load-Hits:        9311597428   99.17%
L1-Load-Misses:        78141319    0.83%
L1-Load-Accesses:    9389738747  100.00%

L1-Store-Hits:        4894176039   99.71%
L1-Store-Misses:        13998564    0.29%
L1-Store-Accesses:    4908174603  100.00%

L1-Total-Hits:       14205773467   99.36%
L1-Total-Misses:        92139883    0.64%
L1-Total-Accesses:   14297913350  100.00%

L2 Cache Stats:
L2-Load-Hits:          72030132   92.18%
L2-Load-Misses:         6111187    7.82%
L2-Load-Accesses:      78141319  100.00%

L2-Store-Hits:          11731231   83.80%
L2-Store-Misses:         2267333   16.20%
L2-Store-Accesses:      13998564  100.00%

L2-Total-Hits:          83761363   90.91%
L2-Total-Misses:         8378520    9.09%
L2-Total-Accesses:      92139883  100.00%

