--------
Total Statistics
--------
Total Instructions: 31246957442
Total Cycles: 49468895292
IPC: 0.631649

--------
Single level Tlb hierarchy
--------
  Data Tlb:
    Entries:         128
    Page Size(B):   4096
    Associativity:      4

Latencies:    0  100
Tlb-Sets:   32 - LRU - assoc:   4

Tlb Stats:
Tlb-Load-Hits:        9382347647   99.92%
Tlb-Load-Misses:         7391100    0.08%
Tlb-Load-Accesses:    9389738747  100.00%

Tlb-Store-Hits:        4905157335   99.94%
Tlb-Store-Misses:         3017268    0.06%
Tlb-Store-Accesses:    4908174603  100.00%

Tlb-Total-Hits:       14287504982   99.93%
Tlb-Total-Misses:        10408368    0.07%
Tlb-Total-Accesses:   14297913350  100.00%



--------
Two level Cache hierarchy
--------
  L1-Data Cache:
    Size(KB):          32
    Block Size(B):     64
    Associativity:      8

  L2-Data Cache:
    Size(KB):        1024
    Block Size(B):    128
    Associativity:      8

Latencies:    1   20  200
L1-Sets:   64 - LRU - assoc:   8
L2-Sets: 1024 - LRU - assoc:   8
Store_allocation: Yes
L2_inclusive: Yes
L2_prefetching: No

L1 Cache Stats:
L1-Load-Hits:        9339652475   99.47%
L1-Load-Misses:        50086272    0.53%
L1-Load-Accesses:    9389738747  100.00%

L1-Store-Hits:        4897949970   99.79%
L1-Store-Misses:        10224633    0.21%
L1-Store-Accesses:    4908174603  100.00%

L1-Total-Hits:       14237602445   99.58%
L1-Total-Misses:        60310905    0.42%
L1-Total-Accesses:   14297913350  100.00%

L2 Cache Stats:
L2-Load-Hits:          43971083   87.79%
L2-Load-Misses:         6115189   12.21%
L2-Load-Accesses:      50086272  100.00%

L2-Store-Hits:           7954974   77.80%
L2-Store-Misses:         2269659   22.20%
L2-Store-Accesses:      10224633  100.00%

L2-Total-Hits:          51926057   86.10%
L2-Total-Misses:         8384848   13.90%
L2-Total-Accesses:      60310905  100.00%

