--------
Total Statistics
--------
Total Instructions: 31246957442
Total Cycles: 50771641152
IPC: 0.615441

--------
Single level Tlb hierarchy
--------
  Data Tlb:
    Entries:          64
    Page Size(B):   4096
    Associativity:      4

Latencies:    0  100
Tlb-Sets:   16 - LRU - assoc:   4

Tlb Stats:
Tlb-Load-Hits:        9376824889   99.86%
Tlb-Load-Misses:        12913858    0.14%
Tlb-Load-Accesses:    9389738747  100.00%

Tlb-Store-Hits:        4904082613   99.92%
Tlb-Store-Misses:         4091990    0.08%
Tlb-Store-Accesses:    4908174603  100.00%

Tlb-Total-Hits:       14280907502   99.88%
Tlb-Total-Misses:        17005848    0.12%
Tlb-Total-Accesses:   14297913350  100.00%



--------
Two level Cache hierarchy
--------
  L1-Data Cache:
    Size(KB):          32
    Block Size(B):     64
    Associativity:      8

  L2-Data Cache:
    Size(KB):        1024
    Block Size(B):     64
    Associativity:      8

Latencies:    1   20  200
L1-Sets:   64 - LRU - assoc:   8
L2-Sets: 2048 - LRU - assoc:   8
Store_allocation: Yes
L2_inclusive: Yes
L2_prefetching: No

L1 Cache Stats:
L1-Load-Hits:        9346942626   99.54%
L1-Load-Misses:        42796121    0.46%
L1-Load-Accesses:    9389738747  100.00%

L1-Store-Hits:        4900719586   99.85%
L1-Store-Misses:         7455017    0.15%
L1-Store-Accesses:    4908174603  100.00%

L1-Total-Hits:       14247662212   99.65%
L1-Total-Misses:        50251138    0.35%
L1-Total-Accesses:   14297913350  100.00%

L2 Cache Stats:
L2-Load-Hits:          34424283   80.44%
L2-Load-Misses:         8371838   19.56%
L2-Load-Accesses:      42796121  100.00%

L2-Store-Hits:           3221041   43.21%
L2-Store-Misses:         4233976   56.79%
L2-Store-Accesses:       7455017  100.00%

L2-Total-Hits:          37645324   74.91%
L2-Total-Misses:        12605814   25.09%
L2-Total-Accesses:      50251138  100.00%

