--------
Total Statistics
--------
Total Instructions: 6899720173
Total Cycles: 9658457962
IPC: 0.714371

--------
Single level Tlb hierarchy
--------
  Data Tlb:
    Entries:          64
    Page Size(B):   4096
    Associativity:      4

Latencies:    0  100
Tlb-Sets:   16 - LRU - assoc:   4

Tlb Stats:
Tlb-Load-Hits:        1840011680   99.97%
Tlb-Load-Misses:          566362    0.03%
Tlb-Load-Accesses:    1840578042  100.00%

Tlb-Store-Hits:         682037165   99.99%
Tlb-Store-Misses:           56222    0.01%
Tlb-Store-Accesses:     682093387  100.00%

Tlb-Total-Hits:        2522048845   99.98%
Tlb-Total-Misses:          622584    0.02%
Tlb-Total-Accesses:    2522671429  100.00%



--------
Two level Cache hierarchy
--------
  L1-Data Cache:
    Size(KB):          32
    Block Size(B):     64
    Associativity:      8

  L2-Data Cache:
    Size(KB):        2048
    Block Size(B):    256
    Associativity:      8

Latencies:    1   20  200
L1-Sets:   64 - LRU - assoc:   8
L2-Sets: 1024 - LRU - assoc:   8
Store_allocation: Yes
L2_inclusive: Yes
L2_prefetching: No

L1 Cache Stats:
L1-Load-Hits:        1837419343   99.83%
L1-Load-Misses:         3158699    0.17%
L1-Load-Accesses:    1840578042  100.00%

L1-Store-Hits:         681561398   99.92%
L1-Store-Misses:          531989    0.08%
L1-Store-Accesses:     682093387  100.00%

L1-Total-Hits:        2518980741   99.85%
L1-Total-Misses:         3690688    0.15%
L1-Total-Accesses:    2522671429  100.00%

L2 Cache Stats:
L2-Load-Hits:           2756100   87.25%
L2-Load-Misses:          402599   12.75%
L2-Load-Accesses:       3158699  100.00%

L2-Store-Hits:            434617   81.70%
L2-Store-Misses:           97372   18.30%
L2-Store-Accesses:        531989  100.00%

L2-Total-Hits:           3190717   86.45%
L2-Total-Misses:          499971   13.55%
L2-Total-Accesses:       3690688  100.00%

