--------
Total Statistics
--------
Total Instructions: 6899720173
Total Cycles: 9760758962
IPC: 0.706884

--------
Single level Tlb hierarchy
--------
  Data Tlb:
    Entries:          64
    Page Size(B):   4096
    Associativity:      4

Latencies:    0  100
Tlb-Sets:   16 - LRU - assoc:   4

Tlb Stats:
Tlb-Load-Hits:        1840008341   99.97%
Tlb-Load-Misses:          569701    0.03%
Tlb-Load-Accesses:    1840578042  100.00%

Tlb-Store-Hits:         682040444   99.99%
Tlb-Store-Misses:           52943    0.01%
Tlb-Store-Accesses:     682093387  100.00%

Tlb-Total-Hits:        2522048785   99.98%
Tlb-Total-Misses:          622644    0.02%
Tlb-Total-Accesses:    2522671429  100.00%



--------
Two level Cache hierarchy
--------
  L1-Data Cache:
    Size(KB):          32
    Block Size(B):     64
    Associativity:      8

  L2-Data Cache:
    Size(KB):        1024
    Block Size(B):    128
    Associativity:      8

Latencies:    1   20  200
L1-Sets:   64 - LRU - assoc:   8
L2-Sets: 1024 - LRU - assoc:   8
Store_allocation: Yes
L2_inclusive: Yes
L2_prefetching: Yes ( 64)

L1 Cache Stats:
L1-Load-Hits:        1837036495   99.81%
L1-Load-Misses:         3541547    0.19%
L1-Load-Accesses:    1840578042  100.00%

L1-Store-Hits:         681484706   99.91%
L1-Store-Misses:          608681    0.09%
L1-Store-Accesses:     682093387  100.00%

L1-Total-Hits:        2518521201   99.84%
L1-Total-Misses:         4150228    0.16%
L1-Total-Accesses:    2522671429  100.00%

L2 Cache Stats:
L2-Load-Hits:           2771246   78.25%
L2-Load-Misses:          770301   21.75%
L2-Load-Accesses:       3541547  100.00%

L2-Store-Hits:            413490   67.93%
L2-Store-Misses:          195191   32.07%
L2-Store-Accesses:        608681  100.00%

L2-Total-Hits:           3184736   76.74%
L2-Total-Misses:          965492   23.26%
L2-Total-Accesses:       4150228  100.00%

