--------
Total Statistics
--------
Total Instructions: 6899720173
Total Cycles: 9904737562
IPC: 0.696608

--------
Single level Tlb hierarchy
--------
  Data Tlb:
    Entries:          64
    Page Size(B):   4096
    Associativity:      4

Latencies:    0  100
Tlb-Sets:   16 - LRU - assoc:   4

Tlb Stats:
Tlb-Load-Hits:        1840016133   99.97%
Tlb-Load-Misses:          561909    0.03%
Tlb-Load-Accesses:    1840578042  100.00%

Tlb-Store-Hits:         682040253   99.99%
Tlb-Store-Misses:           53134    0.01%
Tlb-Store-Accesses:     682093387  100.00%

Tlb-Total-Hits:        2522056386   99.98%
Tlb-Total-Misses:          615043    0.02%
Tlb-Total-Accesses:    2522671429  100.00%



--------
Two level Cache hierarchy
--------
  L1-Data Cache:
    Size(KB):          32
    Block Size(B):     64
    Associativity:      8

  L2-Data Cache:
    Size(KB):        1024
    Block Size(B):     64
    Associativity:      8

Latencies:    1   20  200
L1-Sets:   64 - LRU - assoc:   8
L2-Sets: 2048 - LRU - assoc:   8
Store_allocation: Yes
L2_inclusive: Yes
L2_prefetching: No

L1 Cache Stats:
L1-Load-Hits:        1837959196   99.86%
L1-Load-Misses:         2618846    0.14%
L1-Load-Accesses:    1840578042  100.00%

L1-Store-Hits:         681676660   99.94%
L1-Store-Misses:          416727    0.06%
L1-Store-Accesses:     682093387  100.00%

L1-Total-Hits:        2519635856   99.88%
L1-Total-Misses:         3035573    0.12%
L1-Total-Accesses:    2522671429  100.00%

L2 Cache Stats:
L2-Load-Hits:           1208490   46.15%
L2-Load-Misses:         1410356   53.85%
L2-Load-Accesses:       2618846  100.00%

L2-Store-Hits:             26432    6.34%
L2-Store-Misses:          390295   93.66%
L2-Store-Accesses:        416727  100.00%

L2-Total-Hits:           1234922   40.68%
L2-Total-Misses:         1800651   59.32%
L2-Total-Accesses:       3035573  100.00%

