--------
Total Statistics
--------
Total Instructions: 6899720173
Total Cycles: 9718967482
IPC: 0.709923

--------
Single level Tlb hierarchy
--------
  Data Tlb:
    Entries:         256
    Page Size(B):   4096
    Associativity:      4

Latencies:    0  100
Tlb-Sets:   64 - LRU - assoc:   4

Tlb Stats:
Tlb-Load-Hits:        1840392487   99.99%
Tlb-Load-Misses:          185555    0.01%
Tlb-Load-Accesses:    1840578042  100.00%

Tlb-Store-Hits:         682082981  100.00%
Tlb-Store-Misses:           10406    0.00%
Tlb-Store-Accesses:     682093387  100.00%

Tlb-Total-Hits:        2522475468   99.99%
Tlb-Total-Misses:          195961    0.01%
Tlb-Total-Accesses:    2522671429  100.00%



--------
Two level Cache hierarchy
--------
  L1-Data Cache:
    Size(KB):          32
    Block Size(B):     64
    Associativity:      8

  L2-Data Cache:
    Size(KB):        1024
    Block Size(B):    128
    Associativity:      8

Latencies:    1   20  200
L1-Sets:   64 - LRU - assoc:   8
L2-Sets: 1024 - LRU - assoc:   8
Store_allocation: Yes
L2_inclusive: Yes
L2_prefetching: No

L1 Cache Stats:
L1-Load-Hits:        1837022222   99.81%
L1-Load-Misses:         3555820    0.19%
L1-Load-Accesses:    1840578042  100.00%

L1-Store-Hits:         681462368   99.91%
L1-Store-Misses:          631019    0.09%
L1-Store-Accesses:     682093387  100.00%

L1-Total-Hits:        2518484590   99.83%
L1-Total-Misses:         4186839    0.17%
L1-Total-Accesses:    2522671429  100.00%

L2 Cache Stats:
L2-Load-Hits:           2784752   78.32%
L2-Load-Misses:          771068   21.68%
L2-Load-Accesses:       3555820  100.00%

L2-Store-Hits:            435872   69.07%
L2-Store-Misses:          195147   30.93%
L2-Store-Accesses:        631019  100.00%

L2-Total-Hits:           3220624   76.92%
L2-Total-Misses:          966215   23.08%
L2-Total-Accesses:       4186839  100.00%

