--------
Total Statistics
--------
Total Instructions: 6899720173
Total Cycles: 9759399322
IPC: 0.706982

--------
Single level Tlb hierarchy
--------
  Data Tlb:
    Entries:          64
    Page Size(B):   4096
    Associativity:      4

Latencies:    0  100
Tlb-Sets:   16 - LRU - assoc:   4

Tlb Stats:
Tlb-Load-Hits:        1840026492   99.97%
Tlb-Load-Misses:          551550    0.03%
Tlb-Load-Accesses:    1840578042  100.00%

Tlb-Store-Hits:         682041150   99.99%
Tlb-Store-Misses:           52237    0.01%
Tlb-Store-Accesses:     682093387  100.00%

Tlb-Total-Hits:        2522067642   99.98%
Tlb-Total-Misses:          603787    0.02%
Tlb-Total-Accesses:    2522671429  100.00%



--------
Two level Cache hierarchy
--------
  L1-Data Cache:
    Size(KB):          32
    Block Size(B):     64
    Associativity:      8

  L2-Data Cache:
    Size(KB):        1024
    Block Size(B):    128
    Associativity:      8

Latencies:    1   20  200
L1-Sets:   64 - LRU - assoc:   8
L2-Sets: 1024 - LRU - assoc:   8
Store_allocation: Yes
L2_inclusive: Yes
L2_prefetching: Yes ( 16)

L1 Cache Stats:
L1-Load-Hits:        1837035650   99.81%
L1-Load-Misses:         3542392    0.19%
L1-Load-Accesses:    1840578042  100.00%

L1-Store-Hits:         681461388   99.91%
L1-Store-Misses:          631999    0.09%
L1-Store-Accesses:     682093387  100.00%

L1-Total-Hits:        2518497038   99.83%
L1-Total-Misses:         4174391    0.17%
L1-Total-Accesses:    2522671429  100.00%

L2 Cache Stats:
L2-Load-Hits:           2771900   78.25%
L2-Load-Misses:          770492   21.75%
L2-Load-Accesses:       3542392  100.00%

L2-Store-Hits:            436785   69.11%
L2-Store-Misses:          195214   30.89%
L2-Store-Accesses:        631999  100.00%

L2-Total-Hits:           3208685   76.87%
L2-Total-Misses:          965706   23.13%
L2-Total-Accesses:       4174391  100.00%

