--------
Total Statistics
--------
Total Instructions: 6899720173
Total Cycles: 9760569182
IPC: 0.706897

--------
Single level Tlb hierarchy
--------
  Data Tlb:
    Entries:          64
    Page Size(B):   4096
    Associativity:      4

Latencies:    0  100
Tlb-Sets:   16 - LRU - assoc:   4

Tlb Stats:
Tlb-Load-Hits:        1840021938   99.97%
Tlb-Load-Misses:          556104    0.03%
Tlb-Load-Accesses:    1840578042  100.00%

Tlb-Store-Hits:         682040846   99.99%
Tlb-Store-Misses:           52541    0.01%
Tlb-Store-Accesses:     682093387  100.00%

Tlb-Total-Hits:        2522062784   99.98%
Tlb-Total-Misses:          608645    0.02%
Tlb-Total-Accesses:    2522671429  100.00%



--------
Two level Cache hierarchy
--------
  L1-Data Cache:
    Size(KB):          32
    Block Size(B):     64
    Associativity:      8

  L2-Data Cache:
    Size(KB):        1024
    Block Size(B):    128
    Associativity:      8

Latencies:    1   20  200
L1-Sets:   64 - LRU - assoc:   8
L2-Sets: 1024 - LRU - assoc:   8
Store_allocation: Yes
L2_inclusive: Yes
L2_prefetching: No

L1 Cache Stats:
L1-Load-Hits:        1837006649   99.81%
L1-Load-Misses:         3571393    0.19%
L1-Load-Accesses:    1840578042  100.00%

L1-Store-Hits:         681460806   99.91%
L1-Store-Misses:          632581    0.09%
L1-Store-Accesses:     682093387  100.00%

L1-Total-Hits:        2518467455   99.83%
L1-Total-Misses:         4203974    0.17%
L1-Total-Accesses:    2522671429  100.00%

L2 Cache Stats:
L2-Load-Hits:           2800349   78.41%
L2-Load-Misses:          771044   21.59%
L2-Load-Accesses:       3571393  100.00%

L2-Store-Hits:            437457   69.15%
L2-Store-Misses:          195124   30.85%
L2-Store-Accesses:        632581  100.00%

L2-Total-Hits:           3237806   77.02%
L2-Total-Misses:          966168   22.98%
L2-Total-Accesses:       4203974  100.00%

