--------
Total Statistics
--------
Total Instructions: 6899720173
Total Cycles: 9730254342
IPC: 0.7091

--------
Single level Tlb hierarchy
--------
  Data Tlb:
    Entries:         128
    Page Size(B):   4096
    Associativity:      4

Latencies:    0  100
Tlb-Sets:   32 - LRU - assoc:   4

Tlb Stats:
Tlb-Load-Hits:        1840287888   99.98%
Tlb-Load-Misses:          290154    0.02%
Tlb-Load-Accesses:    1840578042  100.00%

Tlb-Store-Hits:         682072995  100.00%
Tlb-Store-Misses:           20392    0.00%
Tlb-Store-Accesses:     682093387  100.00%

Tlb-Total-Hits:        2522360883   99.99%
Tlb-Total-Misses:          310546    0.01%
Tlb-Total-Accesses:    2522671429  100.00%



--------
Two level Cache hierarchy
--------
  L1-Data Cache:
    Size(KB):          32
    Block Size(B):     64
    Associativity:      8

  L2-Data Cache:
    Size(KB):        1024
    Block Size(B):    128
    Associativity:      8

Latencies:    1   20  200
L1-Sets:   64 - LRU - assoc:   8
L2-Sets: 1024 - LRU - assoc:   8
Store_allocation: Yes
L2_inclusive: Yes
L2_prefetching: No

L1 Cache Stats:
L1-Load-Hits:        1837034527   99.81%
L1-Load-Misses:         3543515    0.19%
L1-Load-Accesses:    1840578042  100.00%

L1-Store-Hits:         681461395   99.91%
L1-Store-Misses:          631992    0.09%
L1-Store-Accesses:     682093387  100.00%

L1-Total-Hits:        2518495922   99.83%
L1-Total-Misses:         4175507    0.17%
L1-Total-Accesses:    2522671429  100.00%

L2 Cache Stats:
L2-Load-Hits:           2772244   78.23%
L2-Load-Misses:          771271   21.77%
L2-Load-Accesses:       3543515  100.00%

L2-Store-Hits:            436773   69.11%
L2-Store-Misses:          195219   30.89%
L2-Store-Accesses:        631992  100.00%

L2-Total-Hits:           3209017   76.85%
L2-Total-Misses:          966490   23.15%
L2-Total-Accesses:       4175507  100.00%

