--------
Total Statistics
--------
Total Instructions: 6899720173
Total Cycles: 9854883742
IPC: 0.700132

--------
Single level Tlb hierarchy
--------
  Data Tlb:
    Entries:          64
    Page Size(B):   4096
    Associativity:      4

Latencies:    0  100
Tlb-Sets:   16 - LRU - assoc:   4

Tlb Stats:
Tlb-Load-Hits:        1840014858   99.97%
Tlb-Load-Misses:          563184    0.03%
Tlb-Load-Accesses:    1840578042  100.00%

Tlb-Store-Hits:         682040030   99.99%
Tlb-Store-Misses:           53357    0.01%
Tlb-Store-Accesses:     682093387  100.00%

Tlb-Total-Hits:        2522054888   99.98%
Tlb-Total-Misses:          616541    0.02%
Tlb-Total-Accesses:    2522671429  100.00%



--------
Two level Cache hierarchy
--------
  L1-Data Cache:
    Size(KB):          32
    Block Size(B):     64
    Associativity:      8

  L2-Data Cache:
    Size(KB):         256
    Block Size(B):    128
    Associativity:      4

Latencies:    1   20  200
L1-Sets:   64 - LRU - assoc:   8
L2-Sets:  512 - LRU - assoc:   4
Store_allocation: Yes
L2_inclusive: Yes
L2_prefetching: No

L1 Cache Stats:
L1-Load-Hits:        1836574952   99.78%
L1-Load-Misses:         4003090    0.22%
L1-Load-Accesses:    1840578042  100.00%

L1-Store-Hits:         681471285   99.91%
L1-Store-Misses:          622102    0.09%
L1-Store-Accesses:     682093387  100.00%

L1-Total-Hits:        2518046237   99.82%
L1-Total-Misses:         4625192    0.18%
L1-Total-Accesses:    2522671429  100.00%

L2 Cache Stats:
L2-Load-Hits:           2811292   70.23%
L2-Load-Misses:         1191798   29.77%
L2-Load-Accesses:       4003090  100.00%

L2-Store-Hits:            422229   67.87%
L2-Store-Misses:          199873   32.13%
L2-Store-Accesses:        622102  100.00%

L2-Total-Hits:           3233521   69.91%
L2-Total-Misses:         1391671   30.09%
L2-Total-Accesses:       4625192  100.00%

