--------
Total Statistics
--------
Total Instructions: 6899720173
Total Cycles: 9760880562
IPC: 0.706875

--------
Single level Tlb hierarchy
--------
  Data Tlb:
    Entries:          64
    Page Size(B):   4096
    Associativity:      4

Latencies:    0  100
Tlb-Sets:   16 - LRU - assoc:   4

Tlb Stats:
Tlb-Load-Hits:        1840018547   99.97%
Tlb-Load-Misses:          559495    0.03%
Tlb-Load-Accesses:    1840578042  100.00%

Tlb-Store-Hits:         682040940   99.99%
Tlb-Store-Misses:           52447    0.01%
Tlb-Store-Accesses:     682093387  100.00%

Tlb-Total-Hits:        2522059487   99.98%
Tlb-Total-Misses:          611942    0.02%
Tlb-Total-Accesses:    2522671429  100.00%



--------
Two level Cache hierarchy
--------
  L1-Data Cache:
    Size(KB):          32
    Block Size(B):     64
    Associativity:      8

  L2-Data Cache:
    Size(KB):        1024
    Block Size(B):    128
    Associativity:      8

Latencies:    1   20  200
L1-Sets:   64 - LRU - assoc:   8
L2-Sets: 1024 - LRU - assoc:   8
Store_allocation: Yes
L2_inclusive: Yes
L2_prefetching: Yes (  2)

L1 Cache Stats:
L1-Load-Hits:        1837009576   99.81%
L1-Load-Misses:         3568466    0.19%
L1-Load-Accesses:    1840578042  100.00%

L1-Store-Hits:         681462015   99.91%
L1-Store-Misses:          631372    0.09%
L1-Store-Accesses:     682093387  100.00%

L1-Total-Hits:        2518471591   99.83%
L1-Total-Misses:         4199838    0.17%
L1-Total-Accesses:    2522671429  100.00%

L2 Cache Stats:
L2-Load-Hits:           2797017   78.38%
L2-Load-Misses:          771449   21.62%
L2-Load-Accesses:       3568466  100.00%

L2-Store-Hits:            436331   69.11%
L2-Store-Misses:          195041   30.89%
L2-Store-Accesses:        631372  100.00%

L2-Total-Hits:           3233348   76.99%
L2-Total-Misses:          966490   23.01%
L2-Total-Accesses:       4199838  100.00%

