--------
Total Statistics
--------
Total Instructions: 6899720173
Total Cycles: 9804033742
IPC: 0.703763

--------
Single level Tlb hierarchy
--------
  Data Tlb:
    Entries:          64
    Page Size(B):   4096
    Associativity:      2

Latencies:    0  100
Tlb-Sets:   32 - LRU - assoc:   2

Tlb Stats:
Tlb-Load-Hits:        1839657880   99.95%
Tlb-Load-Misses:          920162    0.05%
Tlb-Load-Accesses:    1840578042  100.00%

Tlb-Store-Hits:         681966420   99.98%
Tlb-Store-Misses:          126967    0.02%
Tlb-Store-Accesses:     682093387  100.00%

Tlb-Total-Hits:        2521624300   99.96%
Tlb-Total-Misses:         1047129    0.04%
Tlb-Total-Accesses:    2522671429  100.00%



--------
Two level Cache hierarchy
--------
  L1-Data Cache:
    Size(KB):          32
    Block Size(B):     64
    Associativity:      8

  L2-Data Cache:
    Size(KB):        1024
    Block Size(B):    128
    Associativity:      8

Latencies:    1   20  200
L1-Sets:   64 - LRU - assoc:   8
L2-Sets: 1024 - LRU - assoc:   8
Store_allocation: Yes
L2_inclusive: Yes
L2_prefetching: No

L1 Cache Stats:
L1-Load-Hits:        1837016164   99.81%
L1-Load-Misses:         3561878    0.19%
L1-Load-Accesses:    1840578042  100.00%

L1-Store-Hits:         681470133   99.91%
L1-Store-Misses:          623254    0.09%
L1-Store-Accesses:     682093387  100.00%

L1-Total-Hits:        2518486297   99.83%
L1-Total-Misses:         4185132    0.17%
L1-Total-Accesses:    2522671429  100.00%

L2 Cache Stats:
L2-Load-Hits:           2790772   78.35%
L2-Load-Misses:          771106   21.65%
L2-Load-Accesses:       3561878  100.00%

L2-Store-Hits:            428227   68.71%
L2-Store-Misses:          195027   31.29%
L2-Store-Accesses:        623254  100.00%

L2-Total-Hits:           3218999   76.92%
L2-Total-Misses:          966133   23.08%
L2-Total-Accesses:       4185132  100.00%

