--------
Total Statistics
--------
Total Instructions: 6899720173
Total Cycles: 10448946902
IPC: 0.660327

--------
Single level Tlb hierarchy
--------
  Data Tlb:
    Entries:           8
    Page Size(B):   4096
    Associativity:      4

Latencies:    0  100
Tlb-Sets:    2 - LRU - assoc:   4

Tlb Stats:
Tlb-Load-Hits:        1834033508   99.64%
Tlb-Load-Misses:         6544534    0.36%
Tlb-Load-Accesses:    1840578042  100.00%

Tlb-Store-Hits:         681140579   99.86%
Tlb-Store-Misses:          952808    0.14%
Tlb-Store-Accesses:     682093387  100.00%

Tlb-Total-Hits:        2515174087   99.70%
Tlb-Total-Misses:         7497342    0.30%
Tlb-Total-Accesses:    2522671429  100.00%



--------
Two level Cache hierarchy
--------
  L1-Data Cache:
    Size(KB):          32
    Block Size(B):     64
    Associativity:      8

  L2-Data Cache:
    Size(KB):        1024
    Block Size(B):    128
    Associativity:      8

Latencies:    1   20  200
L1-Sets:   64 - LRU - assoc:   8
L2-Sets: 1024 - LRU - assoc:   8
Store_allocation: Yes
L2_inclusive: Yes
L2_prefetching: No

L1 Cache Stats:
L1-Load-Hits:        1837016647   99.81%
L1-Load-Misses:         3561395    0.19%
L1-Load-Accesses:    1840578042  100.00%

L1-Store-Hits:         681470267   99.91%
L1-Store-Misses:          623120    0.09%
L1-Store-Accesses:     682093387  100.00%

L1-Total-Hits:        2518486914   99.83%
L1-Total-Misses:         4184515    0.17%
L1-Total-Accesses:    2522671429  100.00%

L2 Cache Stats:
L2-Load-Hits:           2790740   78.36%
L2-Load-Misses:          770655   21.64%
L2-Load-Accesses:       3561395  100.00%

L2-Store-Hits:            428121   68.71%
L2-Store-Misses:          194999   31.29%
L2-Store-Accesses:        623120  100.00%

L2-Total-Hits:           3218861   76.92%
L2-Total-Misses:          965654   23.08%
L2-Total-Accesses:       4184515  100.00%

