--------
Total Statistics
--------
Total Instructions: 6899720173
Total Cycles: 9756900402
IPC: 0.707163

--------
Single level Tlb hierarchy
--------
  Data Tlb:
    Entries:          64
    Page Size(B):   4096
    Associativity:      8

Latencies:    0  100
Tlb-Sets:    8 - LRU - assoc:   8

Tlb Stats:
Tlb-Load-Hits:        1840054890   99.97%
Tlb-Load-Misses:          523152    0.03%
Tlb-Load-Accesses:    1840578042  100.00%

Tlb-Store-Hits:         682035430   99.99%
Tlb-Store-Misses:           57957    0.01%
Tlb-Store-Accesses:     682093387  100.00%

Tlb-Total-Hits:        2522090320   99.98%
Tlb-Total-Misses:          581109    0.02%
Tlb-Total-Accesses:    2522671429  100.00%



--------
Two level Cache hierarchy
--------
  L1-Data Cache:
    Size(KB):          32
    Block Size(B):     64
    Associativity:      8

  L2-Data Cache:
    Size(KB):        1024
    Block Size(B):    128
    Associativity:      8

Latencies:    1   20  200
L1-Sets:   64 - LRU - assoc:   8
L2-Sets: 1024 - LRU - assoc:   8
Store_allocation: Yes
L2_inclusive: Yes
L2_prefetching: No

L1 Cache Stats:
L1-Load-Hits:        1837024939   99.81%
L1-Load-Misses:         3553103    0.19%
L1-Load-Accesses:    1840578042  100.00%

L1-Store-Hits:         681484965   99.91%
L1-Store-Misses:          608422    0.09%
L1-Store-Accesses:     682093387  100.00%

L1-Total-Hits:        2518509904   99.84%
L1-Total-Misses:         4161525    0.16%
L1-Total-Accesses:    2522671429  100.00%

L2 Cache Stats:
L2-Load-Hits:           2782366   78.31%
L2-Load-Misses:          770737   21.69%
L2-Load-Accesses:       3553103  100.00%

L2-Store-Hits:            413322   67.93%
L2-Store-Misses:          195100   32.07%
L2-Store-Accesses:        608422  100.00%

L2-Total-Hits:           3195688   76.79%
L2-Total-Misses:          965837   23.21%
L2-Total-Accesses:       4161525  100.00%

