--------
Total Statistics
--------
Total Instructions: 6899720173
Total Cycles: 9760815922
IPC: 0.706879

--------
Single level Tlb hierarchy
--------
  Data Tlb:
    Entries:          64
    Page Size(B):   4096
    Associativity:      4

Latencies:    0  100
Tlb-Sets:   16 - LRU - assoc:   4

Tlb Stats:
Tlb-Load-Hits:        1840019559   99.97%
Tlb-Load-Misses:          558483    0.03%
Tlb-Load-Accesses:    1840578042  100.00%

Tlb-Store-Hits:         682040546   99.99%
Tlb-Store-Misses:           52841    0.01%
Tlb-Store-Accesses:     682093387  100.00%

Tlb-Total-Hits:        2522060105   99.98%
Tlb-Total-Misses:          611324    0.02%
Tlb-Total-Accesses:    2522671429  100.00%



--------
Two level Cache hierarchy
--------
  L1-Data Cache:
    Size(KB):          32
    Block Size(B):     64
    Associativity:      8

  L2-Data Cache:
    Size(KB):        1024
    Block Size(B):    128
    Associativity:      8

Latencies:    1   20  200
L1-Sets:   64 - LRU - assoc:   8
L2-Sets: 1024 - LRU - assoc:   8
Store_allocation: Yes
L2_inclusive: Yes
L2_prefetching: Yes (  1)

L1 Cache Stats:
L1-Load-Hits:        1837009677   99.81%
L1-Load-Misses:         3568365    0.19%
L1-Load-Accesses:    1840578042  100.00%

L1-Store-Hits:         681462046   99.91%
L1-Store-Misses:          631341    0.09%
L1-Store-Accesses:     682093387  100.00%

L1-Total-Hits:        2518471723   99.83%
L1-Total-Misses:         4199706    0.17%
L1-Total-Accesses:    2522671429  100.00%

L2 Cache Stats:
L2-Load-Hits:           2796927   78.38%
L2-Load-Misses:          771438   21.62%
L2-Load-Accesses:       3568365  100.00%

L2-Store-Hits:            436290   69.11%
L2-Store-Misses:          195051   30.89%
L2-Store-Accesses:        631341  100.00%

L2-Total-Hits:           3233217   76.99%
L2-Total-Misses:          966489   23.01%
L2-Total-Accesses:       4199706  100.00%

