--------
Total Statistics
--------
Total Instructions: 6899720173
Total Cycles: 9762509062
IPC: 0.706757

--------
Single level Tlb hierarchy
--------
  Data Tlb:
    Entries:          64
    Page Size(B):   4096
    Associativity:      4

Latencies:    0  100
Tlb-Sets:   16 - LRU - assoc:   4

Tlb Stats:
Tlb-Load-Hits:        1839999557   99.97%
Tlb-Load-Misses:          578485    0.03%
Tlb-Load-Accesses:    1840578042  100.00%

Tlb-Store-Hits:         682038387   99.99%
Tlb-Store-Misses:           55000    0.01%
Tlb-Store-Accesses:     682093387  100.00%

Tlb-Total-Hits:        2522037944   99.97%
Tlb-Total-Misses:          633485    0.03%
Tlb-Total-Accesses:    2522671429  100.00%



--------
Two level Cache hierarchy
--------
  L1-Data Cache:
    Size(KB):          32
    Block Size(B):     64
    Associativity:      8

  L2-Data Cache:
    Size(KB):        1024
    Block Size(B):    128
    Associativity:      8

Latencies:    1   20  200
L1-Sets:   64 - LRU - assoc:   8
L2-Sets: 1024 - LRU - assoc:   8
Store_allocation: Yes
L2_inclusive: Yes
L2_prefetching: Yes (  8)

L1 Cache Stats:
L1-Load-Hits:        1837021957   99.81%
L1-Load-Misses:         3556085    0.19%
L1-Load-Accesses:    1840578042  100.00%

L1-Store-Hits:         681486494   99.91%
L1-Store-Misses:          606893    0.09%
L1-Store-Accesses:     682093387  100.00%

L1-Total-Hits:        2518508451   99.83%
L1-Total-Misses:         4162978    0.17%
L1-Total-Accesses:    2522671429  100.00%

L2 Cache Stats:
L2-Load-Hits:           2783579   78.28%
L2-Load-Misses:          772506   21.72%
L2-Load-Accesses:       3556085  100.00%

L2-Store-Hits:            411852   67.86%
L2-Store-Misses:          195041   32.14%
L2-Store-Accesses:        606893  100.00%

L2-Total-Hits:           3195431   76.76%
L2-Total-Misses:          967547   23.24%
L2-Total-Accesses:       4162978  100.00%

