--------
Total Statistics
--------
Total Instructions: 6899720173
Total Cycles: 9762415522
IPC: 0.706764

--------
Single level Tlb hierarchy
--------
  Data Tlb:
    Entries:          64
    Page Size(B):   4096
    Associativity:      4

Latencies:    0  100
Tlb-Sets:   16 - LRU - assoc:   4

Tlb Stats:
Tlb-Load-Hits:        1840006113   99.97%
Tlb-Load-Misses:          571929    0.03%
Tlb-Load-Accesses:    1840578042  100.00%

Tlb-Store-Hits:         682037955   99.99%
Tlb-Store-Misses:           55432    0.01%
Tlb-Store-Accesses:     682093387  100.00%

Tlb-Total-Hits:        2522044068   99.98%
Tlb-Total-Misses:          627361    0.02%
Tlb-Total-Accesses:    2522671429  100.00%



--------
Two level Cache hierarchy
--------
  L1-Data Cache:
    Size(KB):          32
    Block Size(B):     64
    Associativity:      8

  L2-Data Cache:
    Size(KB):        1024
    Block Size(B):    128
    Associativity:      8

Latencies:    1   20  200
L1-Sets:   64 - LRU - assoc:   8
L2-Sets: 1024 - LRU - assoc:   8
Store_allocation: Yes
L2_inclusive: Yes
L2_prefetching: Yes (  4)

L1 Cache Stats:
L1-Load-Hits:        1837021454   99.81%
L1-Load-Misses:         3556588    0.19%
L1-Load-Accesses:    1840578042  100.00%

L1-Store-Hits:         681459994   99.91%
L1-Store-Misses:          633393    0.09%
L1-Store-Accesses:     682093387  100.00%

L1-Total-Hits:        2518481448   99.83%
L1-Total-Misses:         4189981    0.17%
L1-Total-Accesses:    2522671429  100.00%

L2 Cache Stats:
L2-Load-Hits:           2784251   78.28%
L2-Load-Misses:          772337   21.72%
L2-Load-Accesses:       3556588  100.00%

L2-Store-Hits:            438289   69.20%
L2-Store-Misses:          195104   30.80%
L2-Store-Accesses:        633393  100.00%

L2-Total-Hits:           3222540   76.91%
L2-Total-Misses:          967441   23.09%
L2-Total-Accesses:       4189981  100.00%

