--------
Total Statistics
--------
Total Instructions: 6899720173
Total Cycles: 9976024402
IPC: 0.69163

--------
Single level Tlb hierarchy
--------
  Data Tlb:
    Entries:          64
    Page Size(B):   4096
    Associativity:      1

Latencies:    0  100
Tlb-Sets:   64 - LRU - assoc:   1

Tlb Stats:
Tlb-Load-Hits:        1838143076   99.87%
Tlb-Load-Misses:         2434966    0.13%
Tlb-Load-Accesses:    1840578042  100.00%

Tlb-Store-Hits:         681758204   99.95%
Tlb-Store-Misses:          335183    0.05%
Tlb-Store-Accesses:     682093387  100.00%

Tlb-Total-Hits:        2519901280   99.89%
Tlb-Total-Misses:         2770149    0.11%
Tlb-Total-Accesses:    2522671429  100.00%



--------
Two level Cache hierarchy
--------
  L1-Data Cache:
    Size(KB):          32
    Block Size(B):     64
    Associativity:      8

  L2-Data Cache:
    Size(KB):        1024
    Block Size(B):    128
    Associativity:      8

Latencies:    1   20  200
L1-Sets:   64 - LRU - assoc:   8
L2-Sets: 1024 - LRU - assoc:   8
Store_allocation: Yes
L2_inclusive: Yes
L2_prefetching: No

L1 Cache Stats:
L1-Load-Hits:        1837025204   99.81%
L1-Load-Misses:         3552838    0.19%
L1-Load-Accesses:    1840578042  100.00%

L1-Store-Hits:         681483260   99.91%
L1-Store-Misses:          610127    0.09%
L1-Store-Accesses:     682093387  100.00%

L1-Total-Hits:        2518508464   99.83%
L1-Total-Misses:         4162965    0.17%
L1-Total-Accesses:    2522671429  100.00%

L2 Cache Stats:
L2-Load-Hits:           2781165   78.28%
L2-Load-Misses:          771673   21.72%
L2-Load-Accesses:       3552838  100.00%

L2-Store-Hits:            415007   68.02%
L2-Store-Misses:          195120   31.98%
L2-Store-Accesses:        610127  100.00%

L2-Total-Hits:           3196172   76.78%
L2-Total-Misses:          966793   23.22%
L2-Total-Accesses:       4162965  100.00%

