--------
Total Statistics
--------
Total Instructions: 6899720173
Total Cycles: 9830154102
IPC: 0.701893

--------
Single level Tlb hierarchy
--------
  Data Tlb:
    Entries:          32
    Page Size(B):   4096
    Associativity:      4

Latencies:    0  100
Tlb-Sets:    8 - LRU - assoc:   4

Tlb Stats:
Tlb-Load-Hits:        1839433891   99.94%
Tlb-Load-Misses:         1144151    0.06%
Tlb-Load-Accesses:    1840578042  100.00%

Tlb-Store-Hits:         681921959   99.97%
Tlb-Store-Misses:          171428    0.03%
Tlb-Store-Accesses:     682093387  100.00%

Tlb-Total-Hits:        2521355850   99.95%
Tlb-Total-Misses:         1315579    0.05%
Tlb-Total-Accesses:    2522671429  100.00%



--------
Two level Cache hierarchy
--------
  L1-Data Cache:
    Size(KB):          32
    Block Size(B):     64
    Associativity:      8

  L2-Data Cache:
    Size(KB):        1024
    Block Size(B):    128
    Associativity:      8

Latencies:    1   20  200
L1-Sets:   64 - LRU - assoc:   8
L2-Sets: 1024 - LRU - assoc:   8
Store_allocation: Yes
L2_inclusive: Yes
L2_prefetching: No

L1 Cache Stats:
L1-Load-Hits:        1837043695   99.81%
L1-Load-Misses:         3534347    0.19%
L1-Load-Accesses:    1840578042  100.00%

L1-Store-Hits:         681483704   99.91%
L1-Store-Misses:          609683    0.09%
L1-Store-Accesses:     682093387  100.00%

L1-Total-Hits:        2518527399   99.84%
L1-Total-Misses:         4144030    0.16%
L1-Total-Accesses:    2522671429  100.00%

L2 Cache Stats:
L2-Load-Hits:           2762790   78.17%
L2-Load-Misses:          771557   21.83%
L2-Load-Accesses:       3534347  100.00%

L2-Store-Hits:            414620   68.01%
L2-Store-Misses:          195063   31.99%
L2-Store-Accesses:        609683  100.00%

L2-Total-Hits:           3177410   76.67%
L2-Total-Misses:          966620   23.33%
L2-Total-Accesses:       4144030  100.00%

