--------
Total Statistics
--------
Total Instructions: 6899720173
Total Cycles: 9809034242
IPC: 0.703405

--------
Single level Tlb hierarchy
--------
  Data Tlb:
    Entries:          64
    Page Size(B):   4096
    Associativity:      4

Latencies:    0  100
Tlb-Sets:   16 - LRU - assoc:   4

Tlb Stats:
Tlb-Load-Hits:        1840013633   99.97%
Tlb-Load-Misses:          564409    0.03%
Tlb-Load-Accesses:    1840578042  100.00%

Tlb-Store-Hits:         682040509   99.99%
Tlb-Store-Misses:           52878    0.01%
Tlb-Store-Accesses:     682093387  100.00%

Tlb-Total-Hits:        2522054142   99.98%
Tlb-Total-Misses:          617287    0.02%
Tlb-Total-Accesses:    2522671429  100.00%



--------
Two level Cache hierarchy
--------
  L1-Data Cache:
    Size(KB):          32
    Block Size(B):     64
    Associativity:      8

  L2-Data Cache:
    Size(KB):         512
    Block Size(B):    128
    Associativity:      4

Latencies:    1   20  200
L1-Sets:   64 - LRU - assoc:   8
L2-Sets: 1024 - LRU - assoc:   4
Store_allocation: Yes
L2_inclusive: Yes
L2_prefetching: No

L1 Cache Stats:
L1-Load-Hits:        1836772175   99.79%
L1-Load-Misses:         3805867    0.21%
L1-Load-Accesses:    1840578042  100.00%

L1-Store-Hits:         681452567   99.91%
L1-Store-Misses:          640820    0.09%
L1-Store-Accesses:     682093387  100.00%

L1-Total-Hits:        2518224742   99.82%
L1-Total-Misses:         4446687    0.18%
L1-Total-Accesses:    2522671429  100.00%

L2 Cache Stats:
L2-Load-Hits:           2822875   74.17%
L2-Load-Misses:          982992   25.83%
L2-Load-Accesses:       3805867  100.00%

L2-Store-Hits:            443911   69.27%
L2-Store-Misses:          196909   30.73%
L2-Store-Accesses:        640820  100.00%

L2-Total-Hits:           3266786   73.47%
L2-Total-Misses:         1179901   26.53%
L2-Total-Accesses:       4446687  100.00%

