--------
Total Statistics
--------
Total Instructions: 6899720173
Total Cycles: 9751405682
IPC: 0.707562

--------
Single level Tlb hierarchy
--------
  Data Tlb:
    Entries:          64
    Page Size(B):   4096
    Associativity:     32

Latencies:    0  100
Tlb-Sets:    2 - LRU - assoc:  32

Tlb Stats:
Tlb-Load-Hits:        1840110956   99.97%
Tlb-Load-Misses:          467086    0.03%
Tlb-Load-Accesses:    1840578042  100.00%

Tlb-Store-Hits:         682032888   99.99%
Tlb-Store-Misses:           60499    0.01%
Tlb-Store-Accesses:     682093387  100.00%

Tlb-Total-Hits:        2522143844   99.98%
Tlb-Total-Misses:          527585    0.02%
Tlb-Total-Accesses:    2522671429  100.00%



--------
Two level Cache hierarchy
--------
  L1-Data Cache:
    Size(KB):          32
    Block Size(B):     64
    Associativity:      8

  L2-Data Cache:
    Size(KB):        1024
    Block Size(B):    128
    Associativity:      8

Latencies:    1   20  200
L1-Sets:   64 - LRU - assoc:   8
L2-Sets: 1024 - LRU - assoc:   8
Store_allocation: Yes
L2_inclusive: Yes
L2_prefetching: No

L1 Cache Stats:
L1-Load-Hits:        1837053753   99.81%
L1-Load-Misses:         3524289    0.19%
L1-Load-Accesses:    1840578042  100.00%

L1-Store-Hits:         681463527   99.91%
L1-Store-Misses:          629860    0.09%
L1-Store-Accesses:     682093387  100.00%

L1-Total-Hits:        2518517280   99.84%
L1-Total-Misses:         4154149    0.16%
L1-Total-Accesses:    2522671429  100.00%

L2 Cache Stats:
L2-Load-Hits:           2753544   78.13%
L2-Load-Misses:          770745   21.87%
L2-Load-Accesses:       3524289  100.00%

L2-Store-Hits:            434742   69.02%
L2-Store-Misses:          195118   30.98%
L2-Store-Accesses:        629860  100.00%

L2-Total-Hits:           3188286   76.75%
L2-Total-Misses:          965863   23.25%
L2-Total-Accesses:       4154149  100.00%

