--------
Total Statistics
--------
Total Instructions: 6899720173
Total Cycles: 9763261742
IPC: 0.706702

--------
Single level Tlb hierarchy
--------
  Data Tlb:
    Entries:          64
    Page Size(B):   4096
    Associativity:      4

Latencies:    0  100
Tlb-Sets:   16 - LRU - assoc:   4

Tlb Stats:
Tlb-Load-Hits:        1839994357   99.97%
Tlb-Load-Misses:          583685    0.03%
Tlb-Load-Accesses:    1840578042  100.00%

Tlb-Store-Hits:         682036332   99.99%
Tlb-Store-Misses:           57055    0.01%
Tlb-Store-Accesses:     682093387  100.00%

Tlb-Total-Hits:        2522030689   99.97%
Tlb-Total-Misses:          640740    0.03%
Tlb-Total-Accesses:    2522671429  100.00%



--------
Two level Cache hierarchy
--------
  L1-Data Cache:
    Size(KB):          32
    Block Size(B):     64
    Associativity:      8

  L2-Data Cache:
    Size(KB):        1024
    Block Size(B):    128
    Associativity:      8

Latencies:    1   20  200
L1-Sets:   64 - LRU - assoc:   8
L2-Sets: 1024 - LRU - assoc:   8
Store_allocation: Yes
L2_inclusive: Yes
L2_prefetching: No

L1 Cache Stats:
L1-Load-Hits:        1837040091   99.81%
L1-Load-Misses:         3537951    0.19%
L1-Load-Accesses:    1840578042  100.00%

L1-Store-Hits:         681462191   99.91%
L1-Store-Misses:          631196    0.09%
L1-Store-Accesses:     682093387  100.00%

L1-Total-Hits:        2518502282   99.83%
L1-Total-Misses:         4169147    0.17%
L1-Total-Accesses:    2522671429  100.00%

L2 Cache Stats:
L2-Load-Hits:           2766046   78.18%
L2-Load-Misses:          771905   21.82%
L2-Load-Accesses:       3537951  100.00%

L2-Store-Hits:            436035   69.08%
L2-Store-Misses:          195161   30.92%
L2-Store-Accesses:        631196  100.00%

L2-Total-Hits:           3202081   76.80%
L2-Total-Misses:          967066   23.20%
L2-Total-Accesses:       4169147  100.00%

