--------
Total Statistics
--------
Total Instructions: 6899720173
Total Cycles: 9749850442
IPC: 0.707674

--------
Single level Tlb hierarchy
--------
  Data Tlb:
    Entries:          64
    Page Size(B):   4096
    Associativity:     64

Latencies:    0  100
Tlb-Sets:    1 - LRU - assoc:  64

Tlb Stats:
Tlb-Load-Hits:        1840120531   99.98%
Tlb-Load-Misses:          457511    0.02%
Tlb-Load-Accesses:    1840578042  100.00%

Tlb-Store-Hits:         682042975   99.99%
Tlb-Store-Misses:           50412    0.01%
Tlb-Store-Accesses:     682093387  100.00%

Tlb-Total-Hits:        2522163506   99.98%
Tlb-Total-Misses:          507923    0.02%
Tlb-Total-Accesses:    2522671429  100.00%



--------
Two level Cache hierarchy
--------
  L1-Data Cache:
    Size(KB):          32
    Block Size(B):     64
    Associativity:      8

  L2-Data Cache:
    Size(KB):        1024
    Block Size(B):    128
    Associativity:      8

Latencies:    1   20  200
L1-Sets:   64 - LRU - assoc:   8
L2-Sets: 1024 - LRU - assoc:   8
Store_allocation: Yes
L2_inclusive: Yes
L2_prefetching: No

L1 Cache Stats:
L1-Load-Hits:        1837019332   99.81%
L1-Load-Misses:         3558710    0.19%
L1-Load-Accesses:    1840578042  100.00%

L1-Store-Hits:         681483410   99.91%
L1-Store-Misses:          609977    0.09%
L1-Store-Accesses:     682093387  100.00%

L1-Total-Hits:        2518502742   99.83%
L1-Total-Misses:         4168687    0.17%
L1-Total-Accesses:    2522671429  100.00%

L2 Cache Stats:
L2-Load-Hits:           2787401   78.33%
L2-Load-Misses:          771309   21.67%
L2-Load-Accesses:       3558710  100.00%

L2-Store-Hits:            414822   68.01%
L2-Store-Misses:          195155   31.99%
L2-Store-Accesses:        609977  100.00%

L2-Total-Hits:           3202223   76.82%
L2-Total-Misses:          966464   23.18%
L2-Total-Accesses:       4168687  100.00%

