--------
Total Statistics
--------
Total Instructions: 6899720173
Total Cycles: 9761597942
IPC: 0.706823

--------
Single level Tlb hierarchy
--------
  Data Tlb:
    Entries:          64
    Page Size(B):   4096
    Associativity:      4

Latencies:    0  100
Tlb-Sets:   16 - LRU - assoc:   4

Tlb Stats:
Tlb-Load-Hits:        1840008407   99.97%
Tlb-Load-Misses:          569635    0.03%
Tlb-Load-Accesses:    1840578042  100.00%

Tlb-Store-Hits:         682039903   99.99%
Tlb-Store-Misses:           53484    0.01%
Tlb-Store-Accesses:     682093387  100.00%

Tlb-Total-Hits:        2522048310   99.98%
Tlb-Total-Misses:          623119    0.02%
Tlb-Total-Accesses:    2522671429  100.00%



--------
Two level Cache hierarchy
--------
  L1-Data Cache:
    Size(KB):          32
    Block Size(B):     64
    Associativity:      8

  L2-Data Cache:
    Size(KB):        1024
    Block Size(B):    128
    Associativity:      8

Latencies:    1   20  200
L1-Sets:   64 - LRU - assoc:   8
L2-Sets: 1024 - LRU - assoc:   8
Store_allocation: Yes
L2_inclusive: Yes
L2_prefetching: Yes ( 32)

L1 Cache Stats:
L1-Load-Hits:        1837022101   99.81%
L1-Load-Misses:         3555941    0.19%
L1-Load-Accesses:    1840578042  100.00%

L1-Store-Hits:         681469456   99.91%
L1-Store-Misses:          623931    0.09%
L1-Store-Accesses:     682093387  100.00%

L1-Total-Hits:        2518491557   99.83%
L1-Total-Misses:         4179872    0.17%
L1-Total-Accesses:    2522671429  100.00%

L2 Cache Stats:
L2-Load-Hits:           2784584   78.31%
L2-Load-Misses:          771357   21.69%
L2-Load-Accesses:       3555941  100.00%

L2-Store-Hits:            428803   68.73%
L2-Store-Misses:          195128   31.27%
L2-Store-Accesses:        623931  100.00%

L2-Total-Hits:           3213387   76.88%
L2-Total-Misses:          966485   23.12%
L2-Total-Accesses:       4179872  100.00%

