--------
Total Statistics
--------
Total Instructions: 19324572311
Total Cycles: 71562753534
IPC: 0.270037

--------
Single level Tlb hierarchy
--------
  Data Tlb:
    Entries:          64
    Page Size(B):   4096
    Associativity:      4

Latencies:    0  100
Tlb-Sets:   16 - LRU - assoc:   4

Tlb Stats:
Tlb-Load-Hits:        8634607744   99.62%
Tlb-Load-Misses:        33362633    0.38%
Tlb-Load-Accesses:    8667970377  100.00%

Tlb-Store-Hits:         298294812   99.95%
Tlb-Store-Misses:          145034    0.05%
Tlb-Store-Accesses:     298439846  100.00%

Tlb-Total-Hits:        8932902556   99.63%
Tlb-Total-Misses:        33507667    0.37%
Tlb-Total-Accesses:    8966410223  100.00%



--------
Two level Cache hierarchy
--------
  L1-Data Cache:
    Size(KB):          32
    Block Size(B):     64
    Associativity:      8

  L2-Data Cache:
    Size(KB):        1024
    Block Size(B):    128
    Associativity:      8

Latencies:    1   20  200
L1-Sets:   64 - LRU - assoc:   8
L2-Sets: 1024 - LRU - assoc:   8
Store_allocation: Yes
L2_inclusive: Yes
L2_prefetching: Yes ( 32)

L1 Cache Stats:
L1-Load-Hits:        8208527906   94.70%
L1-Load-Misses:       459442471    5.30%
L1-Load-Accesses:    8667970377  100.00%

L1-Store-Hits:         296466772   99.34%
L1-Store-Misses:         1973074    0.66%
L1-Store-Accesses:     298439846  100.00%

L1-Total-Hits:        8504994678   94.85%
L1-Total-Misses:       461415545    5.15%
L1-Total-Accesses:    8966410223  100.00%

L2 Cache Stats:
L2-Load-Hits:         306448481   66.70%
L2-Load-Misses:       152993990   33.30%
L2-Load-Accesses:     459442471  100.00%

L2-Store-Hits:           1503597   76.21%
L2-Store-Misses:          469477   23.79%
L2-Store-Accesses:       1973074  100.00%

L2-Total-Hits:         307952078   66.74%
L2-Total-Misses:       153463467   33.26%
L2-Total-Accesses:     461415545  100.00%

