--------
Total Statistics
--------
Total Instructions: 19324572311
Total Cycles: 71491015094
IPC: 0.270308

--------
Single level Tlb hierarchy
--------
  Data Tlb:
    Entries:          64
    Page Size(B):   4096
    Associativity:      4

Latencies:    0  100
Tlb-Sets:   16 - LRU - assoc:   4

Tlb Stats:
Tlb-Load-Hits:        8634591460   99.61%
Tlb-Load-Misses:        33378917    0.39%
Tlb-Load-Accesses:    8667970377  100.00%

Tlb-Store-Hits:         298302560   99.95%
Tlb-Store-Misses:          137286    0.05%
Tlb-Store-Accesses:     298439846  100.00%

Tlb-Total-Hits:        8932894020   99.63%
Tlb-Total-Misses:        33516203    0.37%
Tlb-Total-Accesses:    8966410223  100.00%



--------
Two level Cache hierarchy
--------
  L1-Data Cache:
    Size(KB):          32
    Block Size(B):     64
    Associativity:      8

  L2-Data Cache:
    Size(KB):        1024
    Block Size(B):    128
    Associativity:      8

Latencies:    1   20  200
L1-Sets:   64 - LRU - assoc:   8
L2-Sets: 1024 - LRU - assoc:   8
Store_allocation: Yes
L2_inclusive: Yes
L2_prefetching: No

L1 Cache Stats:
L1-Load-Hits:        8212392035   94.74%
L1-Load-Misses:       455578342    5.26%
L1-Load-Accesses:    8667970377  100.00%

L1-Store-Hits:         296469595   99.34%
L1-Store-Misses:         1970251    0.66%
L1-Store-Accesses:     298439846  100.00%

L1-Total-Hits:        8508861630   94.90%
L1-Total-Misses:       457548593    5.10%
L1-Total-Accesses:    8966410223  100.00%

L2 Cache Stats:
L2-Load-Hits:         302561340   66.41%
L2-Load-Misses:       153017002   33.59%
L2-Load-Accesses:     455578342  100.00%

L2-Store-Hits:           1500051   76.14%
L2-Store-Misses:          470200   23.86%
L2-Store-Accesses:       1970251  100.00%

L2-Total-Hits:         304061391   66.45%
L2-Total-Misses:       153487202   33.55%
L2-Total-Accesses:     457548593  100.00%

