--------
Total Statistics
--------
Total Instructions: 19324572311
Total Cycles: 70664147714
IPC: 0.273471

--------
Single level Tlb hierarchy
--------
  Data Tlb:
    Entries:          64
    Page Size(B):   4096
    Associativity:      4

Latencies:    0  100
Tlb-Sets:   16 - LRU - assoc:   4

Tlb Stats:
Tlb-Load-Hits:        8634606793   99.62%
Tlb-Load-Misses:        33363584    0.38%
Tlb-Load-Accesses:    8667970377  100.00%

Tlb-Store-Hits:         298294310   99.95%
Tlb-Store-Misses:          145536    0.05%
Tlb-Store-Accesses:     298439846  100.00%

Tlb-Total-Hits:        8932901103   99.63%
Tlb-Total-Misses:        33509120    0.37%
Tlb-Total-Accesses:    8966410223  100.00%



--------
Two level Cache hierarchy
--------
  L1-Data Cache:
    Size(KB):          32
    Block Size(B):     64
    Associativity:      8

  L2-Data Cache:
    Size(KB):        2048
    Block Size(B):    128
    Associativity:     16

Latencies:    1   20  200
L1-Sets:   64 - LRU - assoc:   8
L2-Sets: 1024 - LRU - assoc:  16
Store_allocation: Yes
L2_inclusive: Yes
L2_prefetching: No

L1 Cache Stats:
L1-Load-Hits:        8213125659   94.75%
L1-Load-Misses:       454844718    5.25%
L1-Load-Accesses:    8667970377  100.00%

L1-Store-Hits:         296515705   99.36%
L1-Store-Misses:         1924141    0.64%
L1-Store-Accesses:     298439846  100.00%

L1-Total-Hits:        8509641364   94.91%
L1-Total-Misses:       456768859    5.09%
L1-Total-Accesses:    8966410223  100.00%

L2 Cache Stats:
L2-Load-Hits:         305838863   67.24%
L2-Load-Misses:       149005855   32.76%
L2-Load-Accesses:     454844718  100.00%

L2-Store-Hits:           1495616   77.73%
L2-Store-Misses:          428525   22.27%
L2-Store-Accesses:       1924141  100.00%

L2-Total-Hits:         307334479   67.28%
L2-Total-Misses:       149434380   32.72%
L2-Total-Accesses:     456768859  100.00%

