--------
Total Statistics
--------
Total Instructions: 19324572311
Total Cycles: 57950091454
IPC: 0.333469

--------
Single level Tlb hierarchy
--------
  Data Tlb:
    Entries:          64
    Page Size(B):   4096
    Associativity:      4

Latencies:    0  100
Tlb-Sets:   16 - LRU - assoc:   4

Tlb Stats:
Tlb-Load-Hits:        8634591310   99.61%
Tlb-Load-Misses:        33379067    0.39%
Tlb-Load-Accesses:    8667970377  100.00%

Tlb-Store-Hits:         298294862   99.95%
Tlb-Store-Misses:          144984    0.05%
Tlb-Store-Accesses:     298439846  100.00%

Tlb-Total-Hits:        8932886172   99.63%
Tlb-Total-Misses:        33524051    0.37%
Tlb-Total-Accesses:    8966410223  100.00%



--------
Two level Cache hierarchy
--------
  L1-Data Cache:
    Size(KB):          32
    Block Size(B):     64
    Associativity:      8

  L2-Data Cache:
    Size(KB):         512
    Block Size(B):    256
    Associativity:      8

Latencies:    1   20  200
L1-Sets:   64 - LRU - assoc:   8
L2-Sets:  256 - LRU - assoc:   8
Store_allocation: Yes
L2_inclusive: Yes
L2_prefetching: No

L1 Cache Stats:
L1-Load-Hits:        8271728452   95.43%
L1-Load-Misses:       396241925    4.57%
L1-Load-Accesses:    8667970377  100.00%

L1-Store-Hits:         296913750   99.49%
L1-Store-Misses:         1526096    0.51%
L1-Store-Accesses:     298439846  100.00%

L1-Total-Hits:        8568642202   95.56%
L1-Total-Misses:       397768021    4.44%
L1-Total-Accesses:    8966410223  100.00%

L2 Cache Stats:
L2-Load-Hits:         304732627   76.91%
L2-Load-Misses:        91509298   23.09%
L2-Load-Accesses:     396241925  100.00%

L2-Store-Hits:           1278677   83.79%
L2-Store-Misses:          247419   16.21%
L2-Store-Accesses:       1526096  100.00%

L2-Total-Hits:         306011304   76.93%
L2-Total-Misses:        91756717   23.07%
L2-Total-Accesses:     397768021  100.00%

