--------
Total Statistics
--------
Total Instructions: 19324572311
Total Cycles: 56664317254
IPC: 0.341036

--------
Single level Tlb hierarchy
--------
  Data Tlb:
    Entries:          64
    Page Size(B):   4096
    Associativity:      4

Latencies:    0  100
Tlb-Sets:   16 - LRU - assoc:   4

Tlb Stats:
Tlb-Load-Hits:        8634552783   99.61%
Tlb-Load-Misses:        33417594    0.39%
Tlb-Load-Accesses:    8667970377  100.00%

Tlb-Store-Hits:         298297259   99.95%
Tlb-Store-Misses:          142587    0.05%
Tlb-Store-Accesses:     298439846  100.00%

Tlb-Total-Hits:        8932850042   99.63%
Tlb-Total-Misses:        33560181    0.37%
Tlb-Total-Accesses:    8966410223  100.00%



--------
Two level Cache hierarchy
--------
  L1-Data Cache:
    Size(KB):          32
    Block Size(B):     64
    Associativity:      8

  L2-Data Cache:
    Size(KB):        2048
    Block Size(B):    256
    Associativity:      8

Latencies:    1   20  200
L1-Sets:   64 - LRU - assoc:   8
L2-Sets: 1024 - LRU - assoc:   8
Store_allocation: Yes
L2_inclusive: Yes
L2_prefetching: No

L1 Cache Stats:
L1-Load-Hits:        8279037876   95.51%
L1-Load-Misses:       388932501    4.49%
L1-Load-Accesses:    8667970377  100.00%

L1-Store-Hits:         293923136   98.49%
L1-Store-Misses:         4516710    1.51%
L1-Store-Accesses:     298439846  100.00%

L1-Total-Hits:        8572961012   95.61%
L1-Total-Misses:       393449211    4.39%
L1-Total-Accesses:    8966410223  100.00%

L2 Cache Stats:
L2-Load-Hits:         303406631   78.01%
L2-Load-Misses:        85525870   21.99%
L2-Load-Accesses:     388932501  100.00%

L2-Store-Hits:           4300918   95.22%
L2-Store-Misses:          215792    4.78%
L2-Store-Accesses:       4516710  100.00%

L2-Total-Hits:         307707549   78.21%
L2-Total-Misses:        85741662   21.79%
L2-Total-Accesses:     393449211  100.00%

