--------
Total Statistics
--------
Total Instructions: 19324572311
Total Cycles: 71577482534
IPC: 0.269981

--------
Single level Tlb hierarchy
--------
  Data Tlb:
    Entries:          64
    Page Size(B):   4096
    Associativity:      4

Latencies:    0  100
Tlb-Sets:   16 - LRU - assoc:   4

Tlb Stats:
Tlb-Load-Hits:        8634554085   99.61%
Tlb-Load-Misses:        33416292    0.39%
Tlb-Load-Accesses:    8667970377  100.00%

Tlb-Store-Hits:         298284984   99.95%
Tlb-Store-Misses:          154862    0.05%
Tlb-Store-Accesses:     298439846  100.00%

Tlb-Total-Hits:        8932839069   99.63%
Tlb-Total-Misses:        33571154    0.37%
Tlb-Total-Accesses:    8966410223  100.00%



--------
Two level Cache hierarchy
--------
  L1-Data Cache:
    Size(KB):          32
    Block Size(B):     64
    Associativity:      8

  L2-Data Cache:
    Size(KB):        1024
    Block Size(B):    128
    Associativity:     16

Latencies:    1   20  200
L1-Sets:   64 - LRU - assoc:   8
L2-Sets:  512 - LRU - assoc:  16
Store_allocation: Yes
L2_inclusive: Yes
L2_prefetching: No

L1 Cache Stats:
L1-Load-Hits:        8208500203   94.70%
L1-Load-Misses:       459470174    5.30%
L1-Load-Accesses:    8667970377  100.00%

L1-Store-Hits:         296470380   99.34%
L1-Store-Misses:         1969466    0.66%
L1-Store-Accesses:     298439846  100.00%

L1-Total-Hits:        8504970583   94.85%
L1-Total-Misses:       461439640    5.15%
L1-Total-Accesses:    8966410223  100.00%

L2 Cache Stats:
L2-Load-Hits:         306433375   66.69%
L2-Load-Misses:       153036799   33.31%
L2-Load-Accesses:     459470174  100.00%

L2-Store-Hits:           1503306   76.33%
L2-Store-Misses:          466160   23.67%
L2-Store-Accesses:       1969466  100.00%

L2-Total-Hits:         307936681   66.73%
L2-Total-Misses:       153502959   33.27%
L2-Total-Accesses:     461439640  100.00%

