--------
Total Statistics
--------
Total Instructions: 19324572311
Total Cycles: 72265717554
IPC: 0.26741

--------
Single level Tlb hierarchy
--------
  Data Tlb:
    Entries:          64
    Page Size(B):   4096
    Associativity:      4

Latencies:    0  100
Tlb-Sets:   16 - LRU - assoc:   4

Tlb Stats:
Tlb-Load-Hits:        8634581353   99.61%
Tlb-Load-Misses:        33389024    0.39%
Tlb-Load-Accesses:    8667970377  100.00%

Tlb-Store-Hits:         298292892   99.95%
Tlb-Store-Misses:          146954    0.05%
Tlb-Store-Accesses:     298439846  100.00%

Tlb-Total-Hits:        8932874245   99.63%
Tlb-Total-Misses:        33535978    0.37%
Tlb-Total-Accesses:    8966410223  100.00%



--------
Two level Cache hierarchy
--------
  L1-Data Cache:
    Size(KB):          32
    Block Size(B):     64
    Associativity:      8

  L2-Data Cache:
    Size(KB):         256
    Block Size(B):    128
    Associativity:      4

Latencies:    1   20  200
L1-Sets:   64 - LRU - assoc:   8
L2-Sets:  512 - LRU - assoc:   4
Store_allocation: Yes
L2_inclusive: Yes
L2_prefetching: No

L1 Cache Stats:
L1-Load-Hits:        8205123005   94.66%
L1-Load-Misses:       462847372    5.34%
L1-Load-Accesses:    8667970377  100.00%

L1-Store-Hits:         296423737   99.32%
L1-Store-Misses:         2016109    0.68%
L1-Store-Accesses:     298439846  100.00%

L1-Total-Hits:        8501546742   94.82%
L1-Total-Misses:       464863481    5.18%
L1-Total-Accesses:    8966410223  100.00%

L2 Cache Stats:
L2-Load-Hits:         306729387   66.27%
L2-Load-Misses:       156117985   33.73%
L2-Load-Accesses:     462847372  100.00%

L2-Store-Hits:           1514756   75.13%
L2-Store-Misses:          501353   24.87%
L2-Store-Accesses:       2016109  100.00%

L2-Total-Hits:         308244143   66.31%
L2-Total-Misses:       156619338   33.69%
L2-Total-Accesses:     464863481  100.00%

