--------
Total Statistics
--------
Total Instructions: 19324572311
Total Cycles: 71491838674
IPC: 0.270305

--------
Single level Tlb hierarchy
--------
  Data Tlb:
    Entries:          64
    Page Size(B):   4096
    Associativity:      4

Latencies:    0  100
Tlb-Sets:   16 - LRU - assoc:   4

Tlb Stats:
Tlb-Load-Hits:        8634608885   99.62%
Tlb-Load-Misses:        33361492    0.38%
Tlb-Load-Accesses:    8667970377  100.00%

Tlb-Store-Hits:         298293027   99.95%
Tlb-Store-Misses:          146819    0.05%
Tlb-Store-Accesses:     298439846  100.00%

Tlb-Total-Hits:        8932901912   99.63%
Tlb-Total-Misses:        33508311    0.37%
Tlb-Total-Accesses:    8966410223  100.00%



--------
Two level Cache hierarchy
--------
  L1-Data Cache:
    Size(KB):          32
    Block Size(B):     64
    Associativity:      8

  L2-Data Cache:
    Size(KB):        1024
    Block Size(B):    128
    Associativity:      8

Latencies:    1   20  200
L1-Sets:   64 - LRU - assoc:   8
L2-Sets: 1024 - LRU - assoc:   8
Store_allocation: Yes
L2_inclusive: Yes
L2_prefetching: Yes (  8)

L1 Cache Stats:
L1-Load-Hits:        8212374991   94.74%
L1-Load-Misses:       455595386    5.26%
L1-Load-Accesses:    8667970377  100.00%

L1-Store-Hits:         296455060   99.33%
L1-Store-Misses:         1984786    0.67%
L1-Store-Accesses:     298439846  100.00%

L1-Total-Hits:        8508830051   94.90%
L1-Total-Misses:       457580172    5.10%
L1-Total-Accesses:    8966410223  100.00%

L2 Cache Stats:
L2-Load-Hits:         302582461   66.41%
L2-Load-Misses:       153012925   33.59%
L2-Load-Accesses:     455595386  100.00%

L2-Store-Hits:           1505603   75.86%
L2-Store-Misses:          479183   24.14%
L2-Store-Accesses:       1984786  100.00%

L2-Total-Hits:         304088064   66.46%
L2-Total-Misses:       153492108   33.54%
L2-Total-Accesses:     457580172  100.00%

