--------
Total Statistics
--------
Total Instructions: 19324572311
Total Cycles: 76344113434
IPC: 0.253125

--------
Single level Tlb hierarchy
--------
  Data Tlb:
    Entries:          64
    Page Size(B):   4096
    Associativity:      4

Latencies:    0  100
Tlb-Sets:   16 - LRU - assoc:   4

Tlb Stats:
Tlb-Load-Hits:        8634616784   99.62%
Tlb-Load-Misses:        33353593    0.38%
Tlb-Load-Accesses:    8667970377  100.00%

Tlb-Store-Hits:         298302558   99.95%
Tlb-Store-Misses:          137288    0.05%
Tlb-Store-Accesses:     298439846  100.00%

Tlb-Total-Hits:        8932919342   99.63%
Tlb-Total-Misses:        33490881    0.37%
Tlb-Total-Accesses:    8966410223  100.00%



--------
Two level Cache hierarchy
--------
  L1-Data Cache:
    Size(KB):          32
    Block Size(B):     32
    Associativity:      4

  L2-Data Cache:
    Size(KB):        1024
    Block Size(B):    128
    Associativity:      8

Latencies:    1   20  200
L1-Sets:  256 - LRU - assoc:   4
L2-Sets: 1024 - LRU - assoc:   8
Store_allocation: Yes
L2_inclusive: Yes
L2_prefetching: No

L1 Cache Stats:
L1-Load-Hits:        7969683747   91.94%
L1-Load-Misses:       698286630    8.06%
L1-Load-Accesses:    8667970377  100.00%

L1-Store-Hits:         296357886   99.30%
L1-Store-Misses:         2081960    0.70%
L1-Store-Accesses:     298439846  100.00%

L1-Total-Hits:        8266041633   92.19%
L1-Total-Misses:       700368590    7.81%
L1-Total-Accesses:    8966410223  100.00%

L2 Cache Stats:
L2-Load-Hits:         545271357   78.09%
L2-Load-Misses:       153015273   21.91%
L2-Load-Accesses:     698286630  100.00%

L2-Store-Hits:           1613878   77.52%
L2-Store-Misses:          468082   22.48%
L2-Store-Accesses:       2081960  100.00%

L2-Total-Hits:         546885235   78.09%
L2-Total-Misses:       153483355   21.91%
L2-Total-Accesses:     700368590  100.00%

