--------
Total Statistics
--------
Total Instructions: 19324572311
Total Cycles: 92682607214
IPC: 0.208503

--------
Single level Tlb hierarchy
--------
  Data Tlb:
    Entries:          64
    Page Size(B):   4096
    Associativity:      4

Latencies:    0  100
Tlb-Sets:   16 - LRU - assoc:   4

Tlb Stats:
Tlb-Load-Hits:        8634632571   99.62%
Tlb-Load-Misses:        33337806    0.38%
Tlb-Load-Accesses:    8667970377  100.00%

Tlb-Store-Hits:         298297945   99.95%
Tlb-Store-Misses:          141901    0.05%
Tlb-Store-Accesses:     298439846  100.00%

Tlb-Total-Hits:        8932930516   99.63%
Tlb-Total-Misses:        33479707    0.37%
Tlb-Total-Accesses:    8966410223  100.00%



--------
Two level Cache hierarchy
--------
  L1-Data Cache:
    Size(KB):          32
    Block Size(B):     64
    Associativity:      8

  L2-Data Cache:
    Size(KB):        2048
    Block Size(B):     64
    Associativity:      8

Latencies:    1   20  200
L1-Sets:   64 - LRU - assoc:   8
L2-Sets: 4096 - LRU - assoc:   8
Store_allocation: Yes
L2_inclusive: Yes
L2_prefetching: No

L1 Cache Stats:
L1-Load-Hits:        8383642202   96.72%
L1-Load-Misses:       284328175    3.28%
L1-Load-Accesses:    8667970377  100.00%

L1-Store-Hits:         297441842   99.67%
L1-Store-Misses:          998004    0.33%
L1-Store-Accesses:     298439846  100.00%

L1-Total-Hits:        8681084044   96.82%
L1-Total-Misses:       285326179    3.18%
L1-Total-Accesses:    8966410223  100.00%

L2 Cache Stats:
L2-Load-Hits:           8430310    2.96%
L2-Load-Misses:       275897865   97.04%
L2-Load-Accesses:     284328175  100.00%

L2-Store-Hits:            210217   21.06%
L2-Store-Misses:          787787   78.94%
L2-Store-Accesses:        998004  100.00%

L2-Total-Hits:           8640527    3.03%
L2-Total-Misses:       276685652   96.97%
L2-Total-Accesses:     285326179  100.00%

