--------
Total Statistics
--------
Total Instructions: 19324572311
Total Cycles: 71337247994
IPC: 0.27089

--------
Single level Tlb hierarchy
--------
  Data Tlb:
    Entries:          64
    Page Size(B):   4096
    Associativity:      4

Latencies:    0  100
Tlb-Sets:   16 - LRU - assoc:   4

Tlb Stats:
Tlb-Load-Hits:        8634513608   99.61%
Tlb-Load-Misses:        33456769    0.39%
Tlb-Load-Accesses:    8667970377  100.00%

Tlb-Store-Hits:         298284085   99.95%
Tlb-Store-Misses:          155761    0.05%
Tlb-Store-Accesses:     298439846  100.00%

Tlb-Total-Hits:        8932797693   99.63%
Tlb-Total-Misses:        33612530    0.37%
Tlb-Total-Accesses:    8966410223  100.00%



--------
Two level Cache hierarchy
--------
  L1-Data Cache:
    Size(KB):          32
    Block Size(B):     64
    Associativity:      4

  L2-Data Cache:
    Size(KB):        1024
    Block Size(B):    128
    Associativity:      8

Latencies:    1   20  200
L1-Sets:  128 - LRU - assoc:   4
L2-Sets: 1024 - LRU - assoc:   8
Store_allocation: Yes
L2_inclusive: Yes
L2_prefetching: No

L1 Cache Stats:
L1-Load-Hits:        8220273429   94.84%
L1-Load-Misses:       447696948    5.16%
L1-Load-Accesses:    8667970377  100.00%

L1-Store-Hits:         296677521   99.41%
L1-Store-Misses:         1762325    0.59%
L1-Store-Accesses:     298439846  100.00%

L1-Total-Hits:        8516950950   94.99%
L1-Total-Misses:       449459273    5.01%
L1-Total-Accesses:    8966410223  100.00%

L2 Cache Stats:
L2-Load-Hits:         294688825   65.82%
L2-Load-Misses:       153008123   34.18%
L2-Load-Accesses:     447696948  100.00%

L2-Store-Hits:           1291313   73.27%
L2-Store-Misses:          471012   26.73%
L2-Store-Accesses:       1762325  100.00%

L2-Total-Hits:         295980138   65.85%
L2-Total-Misses:       153479135   34.15%
L2-Total-Accesses:     449459273  100.00%

