--------
Total Statistics
--------
Total Instructions: 19324572311
Total Cycles: 71351578234
IPC: 0.270836

--------
Single level Tlb hierarchy
--------
  Data Tlb:
    Entries:          64
    Page Size(B):   4096
    Associativity:      4

Latencies:    0  100
Tlb-Sets:   16 - LRU - assoc:   4

Tlb Stats:
Tlb-Load-Hits:        8634606512   99.62%
Tlb-Load-Misses:        33363865    0.38%
Tlb-Load-Accesses:    8667970377  100.00%

Tlb-Store-Hits:         298297948   99.95%
Tlb-Store-Misses:          141898    0.05%
Tlb-Store-Accesses:     298439846  100.00%

Tlb-Total-Hits:        8932904460   99.63%
Tlb-Total-Misses:        33505763    0.37%
Tlb-Total-Accesses:    8966410223  100.00%



--------
Two level Cache hierarchy
--------
  L1-Data Cache:
    Size(KB):          64
    Block Size(B):     64
    Associativity:      8

  L2-Data Cache:
    Size(KB):        1024
    Block Size(B):    128
    Associativity:      8

Latencies:    1   20  200
L1-Sets:  128 - LRU - assoc:   8
L2-Sets: 1024 - LRU - assoc:   8
Store_allocation: Yes
L2_inclusive: Yes
L2_prefetching: No

L1 Cache Stats:
L1-Load-Hits:        8218769256   94.82%
L1-Load-Misses:       449201121    5.18%
L1-Load-Accesses:    8667970377  100.00%

L1-Store-Hits:         296695927   99.42%
L1-Store-Misses:         1743919    0.58%
L1-Store-Accesses:     298439846  100.00%

L1-Total-Hits:        8515465183   94.97%
L1-Total-Misses:       450945040    5.03%
L1-Total-Accesses:    8966410223  100.00%

L2 Cache Stats:
L2-Load-Hits:         296205540   65.94%
L2-Load-Misses:       152995581   34.06%
L2-Load-Accesses:     449201121  100.00%

L2-Store-Hits:           1283907   73.62%
L2-Store-Misses:          460012   26.38%
L2-Store-Accesses:       1743919  100.00%

L2-Total-Hits:         297489447   65.97%
L2-Total-Misses:       153455593   34.03%
L2-Total-Accesses:     450945040  100.00%

