--------
Total Statistics
--------
Total Instructions: 19324572311
Total Cycles: 65511581614
IPC: 0.294979

--------
Single level Tlb hierarchy
--------
  Data Tlb:
    Entries:          64
    Page Size(B):   4096
    Associativity:      4

Latencies:    0  100
Tlb-Sets:   16 - LRU - assoc:   4

Tlb Stats:
Tlb-Load-Hits:        8634572815   99.61%
Tlb-Load-Misses:        33397562    0.39%
Tlb-Load-Accesses:    8667970377  100.00%

Tlb-Store-Hits:         298298143   99.95%
Tlb-Store-Misses:          141703    0.05%
Tlb-Store-Accesses:     298439846  100.00%

Tlb-Total-Hits:        8932870958   99.63%
Tlb-Total-Misses:        33539265    0.37%
Tlb-Total-Accesses:    8966410223  100.00%



--------
Two level Cache hierarchy
--------
  L1-Data Cache:
    Size(KB):          64
    Block Size(B):    128
    Associativity:      4

  L2-Data Cache:
    Size(KB):        1024
    Block Size(B):    128
    Associativity:      8

Latencies:    1   20  200
L1-Sets:  128 - LRU - assoc:   4
L2-Sets: 1024 - LRU - assoc:   8
Store_allocation: Yes
L2_inclusive: Yes
L2_prefetching: No

L1 Cache Stats:
L1-Load-Hits:        8510875144   98.19%
L1-Load-Misses:       157095233    1.81%
L1-Load-Accesses:    8667970377  100.00%

L1-Store-Hits:         297911480   99.82%
L1-Store-Misses:          528366    0.18%
L1-Store-Accesses:     298439846  100.00%

L1-Total-Hits:        8808786624   98.24%
L1-Total-Misses:       157623599    1.76%
L1-Total-Accesses:    8966410223  100.00%

L2 Cache Stats:
L2-Load-Hits:           3995232    2.54%
L2-Load-Misses:       153100001   97.46%
L2-Load-Accesses:     157095233  100.00%

L2-Store-Hits:             57364   10.86%
L2-Store-Misses:          471002   89.14%
L2-Store-Accesses:        528366  100.00%

L2-Total-Hits:           4052596    2.57%
L2-Total-Misses:       153571003   97.43%
L2-Total-Accesses:     157623599  100.00%

