--------
Total Statistics
--------
Total Instructions: 19324572311
Total Cycles: 71514604014
IPC: 0.270219

--------
Single level Tlb hierarchy
--------
  Data Tlb:
    Entries:          64
    Page Size(B):   4096
    Associativity:      4

Latencies:    0  100
Tlb-Sets:   16 - LRU - assoc:   4

Tlb Stats:
Tlb-Load-Hits:        8634581637   99.61%
Tlb-Load-Misses:        33388740    0.39%
Tlb-Load-Accesses:    8667970377  100.00%

Tlb-Store-Hits:         298297789   99.95%
Tlb-Store-Misses:          142057    0.05%
Tlb-Store-Accesses:     298439846  100.00%

Tlb-Total-Hits:        8932879426   99.63%
Tlb-Total-Misses:        33530797    0.37%
Tlb-Total-Accesses:    8966410223  100.00%



--------
Two level Cache hierarchy
--------
  L1-Data Cache:
    Size(KB):          16
    Block Size(B):     64
    Associativity:      4

  L2-Data Cache:
    Size(KB):        1024
    Block Size(B):    128
    Associativity:      8

Latencies:    1   20  200
L1-Sets:   64 - LRU - assoc:   4
L2-Sets: 1024 - LRU - assoc:   8
Store_allocation: Yes
L2_inclusive: Yes
L2_prefetching: No

L1 Cache Stats:
L1-Load-Hits:        8211127536   94.73%
L1-Load-Misses:       456842841    5.27%
L1-Load-Accesses:    8667970377  100.00%

L1-Store-Hits:         296403638   99.32%
L1-Store-Misses:         2036208    0.68%
L1-Store-Accesses:     298439846  100.00%

L1-Total-Hits:        8507531174   94.88%
L1-Total-Misses:       458879049    5.12%
L1-Total-Accesses:    8966410223  100.00%

L2 Cache Stats:
L2-Load-Hits:         303844595   66.51%
L2-Load-Misses:       152998246   33.49%
L2-Load-Accesses:     456842841  100.00%

L2-Store-Hits:           1569650   77.09%
L2-Store-Misses:          466558   22.91%
L2-Store-Accesses:       2036208  100.00%

L2-Total-Hits:         305414245   66.56%
L2-Total-Misses:       153464804   33.44%
L2-Total-Accesses:     458879049  100.00%

