--------
Total Statistics
--------
Total Instructions: 19324572311
Total Cycles: 70700681754
IPC: 0.273329

--------
Single level Tlb hierarchy
--------
  Data Tlb:
    Entries:          64
    Page Size(B):   4096
    Associativity:      4

Latencies:    0  100
Tlb-Sets:   16 - LRU - assoc:   4

Tlb Stats:
Tlb-Load-Hits:        8634633055   99.62%
Tlb-Load-Misses:        33337322    0.38%
Tlb-Load-Accesses:    8667970377  100.00%

Tlb-Store-Hits:         298297765   99.95%
Tlb-Store-Misses:          142081    0.05%
Tlb-Store-Accesses:     298439846  100.00%

Tlb-Total-Hits:        8932930820   99.63%
Tlb-Total-Misses:        33479403    0.37%
Tlb-Total-Accesses:    8966410223  100.00%



--------
Two level Cache hierarchy
--------
  L1-Data Cache:
    Size(KB):          32
    Block Size(B):     64
    Associativity:      8

  L2-Data Cache:
    Size(KB):        2048
    Block Size(B):    128
    Associativity:      8

Latencies:    1   20  200
L1-Sets:   64 - LRU - assoc:   8
L2-Sets: 2048 - LRU - assoc:   8
Store_allocation: Yes
L2_inclusive: Yes
L2_prefetching: No

L1 Cache Stats:
L1-Load-Hits:        8210736155   94.73%
L1-Load-Misses:       457234222    5.27%
L1-Load-Accesses:    8667970377  100.00%

L1-Store-Hits:         296512622   99.35%
L1-Store-Misses:         1927224    0.65%
L1-Store-Accesses:     298439846  100.00%

L1-Total-Hits:        8507248777   94.88%
L1-Total-Misses:       459161446    5.12%
L1-Total-Accesses:    8966410223  100.00%

L2 Cache Stats:
L2-Load-Hits:         308267303   67.42%
L2-Load-Misses:       148966919   32.58%
L2-Load-Accesses:     457234222  100.00%

L2-Store-Hits:           1501493   77.91%
L2-Store-Misses:          425731   22.09%
L2-Store-Accesses:       1927224  100.00%

L2-Total-Hits:         309768796   67.46%
L2-Total-Misses:       149392650   32.54%
L2-Total-Accesses:     459161446  100.00%

