--------
Total Statistics
--------
Total Instructions: 19324572311
Total Cycles: 71225015394
IPC: 0.271317

--------
Single level Tlb hierarchy
--------
  Data Tlb:
    Entries:          64
    Page Size(B):   4096
    Associativity:      4

Latencies:    0  100
Tlb-Sets:   16 - LRU - assoc:   4

Tlb Stats:
Tlb-Load-Hits:        8634614854   99.62%
Tlb-Load-Misses:        33355523    0.38%
Tlb-Load-Accesses:    8667970377  100.00%

Tlb-Store-Hits:         298294818   99.95%
Tlb-Store-Misses:          145028    0.05%
Tlb-Store-Accesses:     298439846  100.00%

Tlb-Total-Hits:        8932909672   99.63%
Tlb-Total-Misses:        33500551    0.37%
Tlb-Total-Accesses:    8966410223  100.00%



--------
Two level Cache hierarchy
--------
  L1-Data Cache:
    Size(KB):          64
    Block Size(B):     64
    Associativity:      4

  L2-Data Cache:
    Size(KB):        1024
    Block Size(B):    128
    Associativity:      8

Latencies:    1   20  200
L1-Sets:  256 - LRU - assoc:   4
L2-Sets: 1024 - LRU - assoc:   8
Store_allocation: Yes
L2_inclusive: Yes
L2_prefetching: No

L1 Cache Stats:
L1-Load-Hits:        8225389875   94.89%
L1-Load-Misses:       442580502    5.11%
L1-Load-Accesses:    8667970377  100.00%

L1-Store-Hits:         296827780   99.46%
L1-Store-Misses:         1612066    0.54%
L1-Store-Accesses:     298439846  100.00%

L1-Total-Hits:        8522217655   95.05%
L1-Total-Misses:       444192568    4.95%
L1-Total-Accesses:    8966410223  100.00%

L2 Cache Stats:
L2-Load-Hits:         289552977   65.42%
L2-Load-Misses:       153027525   34.58%
L2-Load-Accesses:     442580502  100.00%

L2-Store-Hits:           1138959   70.65%
L2-Store-Misses:          473107   29.35%
L2-Store-Accesses:       1612066  100.00%

L2-Total-Hits:         290691936   65.44%
L2-Total-Misses:       153500632   34.56%
L2-Total-Accesses:     444192568  100.00%

