--------
Total Statistics
--------
Total Instructions: 19324572311
Total Cycles: 94004250654
IPC: 0.205571

--------
Single level Tlb hierarchy
--------
  Data Tlb:
    Entries:          64
    Page Size(B):   4096
    Associativity:      4

Latencies:    0  100
Tlb-Sets:   16 - LRU - assoc:   4

Tlb Stats:
Tlb-Load-Hits:        8634594671   99.61%
Tlb-Load-Misses:        33375706    0.39%
Tlb-Load-Accesses:    8667970377  100.00%

Tlb-Store-Hits:         298302738   99.95%
Tlb-Store-Misses:          137108    0.05%
Tlb-Store-Accesses:     298439846  100.00%

Tlb-Total-Hits:        8932897409   99.63%
Tlb-Total-Misses:        33512814    0.37%
Tlb-Total-Accesses:    8966410223  100.00%



--------
Two level Cache hierarchy
--------
  L1-Data Cache:
    Size(KB):          32
    Block Size(B):     64
    Associativity:      8

  L2-Data Cache:
    Size(KB):         512
    Block Size(B):     64
    Associativity:      8

Latencies:    1   20  200
L1-Sets:   64 - LRU - assoc:   8
L2-Sets: 1024 - LRU - assoc:   8
Store_allocation: Yes
L2_inclusive: Yes
L2_prefetching: No

L1 Cache Stats:
L1-Load-Hits:        8383186443   96.71%
L1-Load-Misses:       284783934    3.29%
L1-Load-Accesses:    8667970377  100.00%

L1-Store-Hits:         297438644   99.66%
L1-Store-Misses:         1001202    0.34%
L1-Store-Accesses:     298439846  100.00%

L1-Total-Hits:        8680625087   96.81%
L1-Total-Misses:       285785136    3.19%
L1-Total-Accesses:    8966410223  100.00%

L2 Cache Stats:
L2-Load-Hits:           2484206    0.87%
L2-Load-Misses:       282299728   99.13%
L2-Load-Accesses:     284783934  100.00%

L2-Store-Hits:             69510    6.94%
L2-Store-Misses:          931692   93.06%
L2-Store-Accesses:       1001202  100.00%

L2-Total-Hits:           2553716    0.89%
L2-Total-Misses:       283231420   99.11%
L2-Total-Accesses:     285785136  100.00%

