--------
Total Statistics
--------
Total Instructions: 19324572311
Total Cycles: 65530676434
IPC: 0.294894

--------
Single level Tlb hierarchy
--------
  Data Tlb:
    Entries:          64
    Page Size(B):   4096
    Associativity:      4

Latencies:    0  100
Tlb-Sets:   16 - LRU - assoc:   4

Tlb Stats:
Tlb-Load-Hits:        8634596962   99.61%
Tlb-Load-Misses:        33373415    0.39%
Tlb-Load-Accesses:    8667970377  100.00%

Tlb-Store-Hits:         298275888   99.95%
Tlb-Store-Misses:          163958    0.05%
Tlb-Store-Accesses:     298439846  100.00%

Tlb-Total-Hits:        8932872850   99.63%
Tlb-Total-Misses:        33537373    0.37%
Tlb-Total-Accesses:    8966410223  100.00%



--------
Two level Cache hierarchy
--------
  L1-Data Cache:
    Size(KB):          32
    Block Size(B):    128
    Associativity:      4

  L2-Data Cache:
    Size(KB):        1024
    Block Size(B):    128
    Associativity:      8

Latencies:    1   20  200
L1-Sets:   64 - LRU - assoc:   4
L2-Sets: 1024 - LRU - assoc:   8
Store_allocation: Yes
L2_inclusive: Yes
L2_prefetching: No

L1 Cache Stats:
L1-Load-Hits:        8509579739   98.17%
L1-Load-Misses:       158390638    1.83%
L1-Load-Accesses:    8667970377  100.00%

L1-Store-Hits:         297848394   99.80%
L1-Store-Misses:          591452    0.20%
L1-Store-Accesses:     298439846  100.00%

L1-Total-Hits:        8807428133   98.23%
L1-Total-Misses:       158982090    1.77%
L1-Total-Accesses:    8966410223  100.00%

L2 Cache Stats:
L2-Load-Hits:           5324925    3.36%
L2-Load-Misses:       153065713   96.64%
L2-Load-Accesses:     158390638  100.00%

L2-Store-Hits:            125591   21.23%
L2-Store-Misses:          465861   78.77%
L2-Store-Accesses:        591452  100.00%

L2-Total-Hits:           5450516    3.43%
L2-Total-Misses:       153531574   96.57%
L2-Total-Accesses:     158982090  100.00%

