--------
Total Statistics
--------
Total Instructions: 19324572311
Total Cycles: 71232086354
IPC: 0.27129

--------
Single level Tlb hierarchy
--------
  Data Tlb:
    Entries:          64
    Page Size(B):   4096
    Associativity:      4

Latencies:    0  100
Tlb-Sets:   16 - LRU - assoc:   4

Tlb Stats:
Tlb-Load-Hits:        8634576659   99.61%
Tlb-Load-Misses:        33393718    0.39%
Tlb-Load-Accesses:    8667970377  100.00%

Tlb-Store-Hits:         298294302   99.95%
Tlb-Store-Misses:          145544    0.05%
Tlb-Store-Accesses:     298439846  100.00%

Tlb-Total-Hits:        8932870961   99.63%
Tlb-Total-Misses:        33539262    0.37%
Tlb-Total-Accesses:    8966410223  100.00%



--------
Two level Cache hierarchy
--------
  L1-Data Cache:
    Size(KB):         128
    Block Size(B):     64
    Associativity:      8

  L2-Data Cache:
    Size(KB):        1024
    Block Size(B):    128
    Associativity:      8

Latencies:    1   20  200
L1-Sets:  256 - LRU - assoc:   8
L2-Sets: 1024 - LRU - assoc:   8
Store_allocation: Yes
L2_inclusive: Yes
L2_prefetching: No

L1 Cache Stats:
L1-Load-Hits:        8224784282   94.89%
L1-Load-Misses:       443186095    5.11%
L1-Load-Accesses:    8667970377  100.00%

L1-Store-Hits:         296830660   99.46%
L1-Store-Misses:         1609186    0.54%
L1-Store-Accesses:     298439846  100.00%

L1-Total-Hits:        8521614942   95.04%
L1-Total-Misses:       444795281    4.96%
L1-Total-Accesses:    8966410223  100.00%

L2 Cache Stats:
L2-Load-Hits:         290203387   65.48%
L2-Load-Misses:       152982708   34.52%
L2-Load-Accesses:     443186095  100.00%

L2-Store-Hits:           1135534   70.57%
L2-Store-Misses:          473652   29.43%
L2-Store-Accesses:       1609186  100.00%

L2-Total-Hits:         291338921   65.50%
L2-Total-Misses:       153456360   34.50%
L2-Total-Accesses:     444795281  100.00%

