--------
Total Statistics
--------
Total Instructions: 19324572311
Total Cycles: 71491436814
IPC: 0.270306

--------
Single level Tlb hierarchy
--------
  Data Tlb:
    Entries:          64
    Page Size(B):   4096
    Associativity:      4

Latencies:    0  100
Tlb-Sets:   16 - LRU - assoc:   4

Tlb Stats:
Tlb-Load-Hits:        8634600872   99.62%
Tlb-Load-Misses:        33369505    0.38%
Tlb-Load-Accesses:    8667970377  100.00%

Tlb-Store-Hits:         298298085   99.95%
Tlb-Store-Misses:          141761    0.05%
Tlb-Store-Accesses:     298439846  100.00%

Tlb-Total-Hits:        8932898957   99.63%
Tlb-Total-Misses:        33511266    0.37%
Tlb-Total-Accesses:    8966410223  100.00%



--------
Two level Cache hierarchy
--------
  L1-Data Cache:
    Size(KB):          32
    Block Size(B):     64
    Associativity:      8

  L2-Data Cache:
    Size(KB):        1024
    Block Size(B):    128
    Associativity:      8

Latencies:    1   20  200
L1-Sets:   64 - LRU - assoc:   8
L2-Sets: 1024 - LRU - assoc:   8
Store_allocation: Yes
L2_inclusive: Yes
L2_prefetching: Yes ( 64)

L1 Cache Stats:
L1-Load-Hits:        8212387514   94.74%
L1-Load-Misses:       455582863    5.26%
L1-Load-Accesses:    8667970377  100.00%

L1-Store-Hits:         296466055   99.34%
L1-Store-Misses:         1973791    0.66%
L1-Store-Accesses:     298439846  100.00%

L1-Total-Hits:        8508853569   94.90%
L1-Total-Misses:       457556654    5.10%
L1-Total-Accesses:    8966410223  100.00%

L2 Cache Stats:
L2-Load-Hits:         302564874   66.41%
L2-Load-Misses:       153017989   33.59%
L2-Load-Accesses:     455582863  100.00%

L2-Store-Hits:           1500807   76.04%
L2-Store-Misses:          472984   23.96%
L2-Store-Accesses:       1973791  100.00%

L2-Total-Hits:         304065681   66.45%
L2-Total-Misses:       153490973   33.55%
L2-Total-Accesses:     457556654  100.00%

