--------
Total Statistics
--------
Total Instructions: 19324572311
Total Cycles: 71564732754
IPC: 0.270029

--------
Single level Tlb hierarchy
--------
  Data Tlb:
    Entries:          64
    Page Size(B):   4096
    Associativity:      4

Latencies:    0  100
Tlb-Sets:   16 - LRU - assoc:   4

Tlb Stats:
Tlb-Load-Hits:        8634568340   99.61%
Tlb-Load-Misses:        33402037    0.39%
Tlb-Load-Accesses:    8667970377  100.00%

Tlb-Store-Hits:         298288862   99.95%
Tlb-Store-Misses:          150984    0.05%
Tlb-Store-Accesses:     298439846  100.00%

Tlb-Total-Hits:        8932857202   99.63%
Tlb-Total-Misses:        33553021    0.37%
Tlb-Total-Accesses:    8966410223  100.00%



--------
Two level Cache hierarchy
--------
  L1-Data Cache:
    Size(KB):          32
    Block Size(B):     64
    Associativity:      8

  L2-Data Cache:
    Size(KB):        1024
    Block Size(B):    128
    Associativity:      8

Latencies:    1   20  200
L1-Sets:   64 - LRU - assoc:   8
L2-Sets: 1024 - LRU - assoc:   8
Store_allocation: Yes
L2_inclusive: Yes
L2_prefetching: Yes (  2)

L1 Cache Stats:
L1-Load-Hits:        8208564696   94.70%
L1-Load-Misses:       459405681    5.30%
L1-Load-Accesses:    8667970377  100.00%

L1-Store-Hits:         296483741   99.34%
L1-Store-Misses:         1956105    0.66%
L1-Store-Accesses:     298439846  100.00%

L1-Total-Hits:        8505048437   94.85%
L1-Total-Misses:       461361786    5.15%
L1-Total-Accesses:    8966410223  100.00%

L2 Cache Stats:
L2-Load-Hits:         306402313   66.70%
L2-Load-Misses:       153003368   33.30%
L2-Load-Accesses:     459405681  100.00%

L2-Store-Hits:           1503411   76.86%
L2-Store-Misses:          452694   23.14%
L2-Store-Accesses:       1956105  100.00%

L2-Total-Hits:         307905724   66.74%
L2-Total-Misses:       153456062   33.26%
L2-Total-Accesses:     461361786  100.00%

