--------
Total Statistics
--------
Total Instructions: 19324572311
Total Cycles: 93537247794
IPC: 0.206598

--------
Single level Tlb hierarchy
--------
  Data Tlb:
    Entries:          64
    Page Size(B):   4096
    Associativity:      4

Latencies:    0  100
Tlb-Sets:   16 - LRU - assoc:   4

Tlb Stats:
Tlb-Load-Hits:        8634611943   99.62%
Tlb-Load-Misses:        33358434    0.38%
Tlb-Load-Accesses:    8667970377  100.00%

Tlb-Store-Hits:         298297799   99.95%
Tlb-Store-Misses:          142047    0.05%
Tlb-Store-Accesses:     298439846  100.00%

Tlb-Total-Hits:        8932909742   99.63%
Tlb-Total-Misses:        33500481    0.37%
Tlb-Total-Accesses:    8966410223  100.00%



--------
Two level Cache hierarchy
--------
  L1-Data Cache:
    Size(KB):          32
    Block Size(B):     64
    Associativity:      8

  L2-Data Cache:
    Size(KB):        1024
    Block Size(B):     64
    Associativity:      8

Latencies:    1   20  200
L1-Sets:   64 - LRU - assoc:   8
L2-Sets: 2048 - LRU - assoc:   8
Store_allocation: Yes
L2_inclusive: Yes
L2_prefetching: No

L1 Cache Stats:
L1-Load-Hits:        8383521963   96.72%
L1-Load-Misses:       284448414    3.28%
L1-Load-Accesses:    8667970377  100.00%

L1-Store-Hits:         297442302   99.67%
L1-Store-Misses:          997544    0.33%
L1-Store-Accesses:     298439846  100.00%

L1-Total-Hits:        8680964265   96.82%
L1-Total-Misses:       285445958    3.18%
L1-Total-Accesses:    8966410223  100.00%

L2 Cache Stats:
L2-Load-Hits:           4406836    1.55%
L2-Load-Misses:       280041578   98.45%
L2-Load-Accesses:     284448414  100.00%

L2-Store-Hits:            102632   10.29%
L2-Store-Misses:          894912   89.71%
L2-Store-Accesses:        997544  100.00%

L2-Total-Hits:           4509468    1.58%
L2-Total-Misses:       280936490   98.42%
L2-Total-Accesses:     285445958  100.00%

