--------
Total Statistics
--------
Total Instructions: 27912921630
Total Cycles: 40746394797
IPC: 0.68504

--------
Single level Tlb hierarchy
--------
  Data Tlb:
    Entries:          64
    Page Size(B):   4096
    Associativity:      4

Latencies:    0  100
Tlb-Sets:   16 - LRU - assoc:   4

Tlb Stats:
Tlb-Load-Hits:        7666221523   99.96%
Tlb-Load-Misses:         3072711    0.04%
Tlb-Load-Accesses:    7669294234  100.00%

Tlb-Store-Hits:        2315973480   99.94%
Tlb-Store-Misses:         1387853    0.06%
Tlb-Store-Accesses:    2317361333  100.00%

Tlb-Total-Hits:        9982195003   99.96%
Tlb-Total-Misses:         4460564    0.04%
Tlb-Total-Accesses:    9986655567  100.00%



--------
Two level Cache hierarchy
--------
  L1-Data Cache:
    Size(KB):          32
    Block Size(B):     64
    Associativity:      8

  L2-Data Cache:
    Size(KB):        1024
    Block Size(B):    256
    Associativity:      8

Latencies:    1   20  200
L1-Sets:   64 - LRU - assoc:   8
L2-Sets:  512 - LRU - assoc:   8
Store_allocation: Yes
L2_inclusive: Yes
L2_prefetching: No

L1 Cache Stats:
L1-Load-Hits:        7603139480   99.14%
L1-Load-Misses:        66154754    0.86%
L1-Load-Accesses:    7669294234  100.00%

L1-Store-Hits:        2263535947   97.68%
L1-Store-Misses:        53825386    2.32%
L1-Store-Accesses:    2317361333  100.00%

L1-Total-Hits:        9866675427   98.80%
L1-Total-Misses:       119980140    1.20%
L1-Total-Accesses:    9986655567  100.00%

L2 Cache Stats:
L2-Load-Hits:          66153744  100.00%
L2-Load-Misses:            1010    0.00%
L2-Load-Accesses:      66154754  100.00%

L2-Store-Hits:          53820604   99.99%
L2-Store-Misses:            4782    0.01%
L2-Store-Accesses:      53825386  100.00%

L2-Total-Hits:         119974348  100.00%
L2-Total-Misses:            5792    0.00%
L2-Total-Accesses:     119980140  100.00%

