--------
Total Statistics
--------
Total Instructions: 27912921630
Total Cycles: 38193377337
IPC: 0.730831

--------
Single level Tlb hierarchy
--------
  Data Tlb:
    Entries:          64
    Page Size(B):   4096
    Associativity:      4

Latencies:    0  100
Tlb-Sets:   16 - LRU - assoc:   4

Tlb Stats:
Tlb-Load-Hits:        7668641967   99.99%
Tlb-Load-Misses:          652267    0.01%
Tlb-Load-Accesses:    7669294234  100.00%

Tlb-Store-Hits:        2317290955  100.00%
Tlb-Store-Misses:           70378    0.00%
Tlb-Store-Accesses:    2317361333  100.00%

Tlb-Total-Hits:        9985932922   99.99%
Tlb-Total-Misses:          722645    0.01%
Tlb-Total-Accesses:    9986655567  100.00%



--------
Two level Cache hierarchy
--------
  L1-Data Cache:
    Size(KB):          64
    Block Size(B):     64
    Associativity:      4

  L2-Data Cache:
    Size(KB):        1024
    Block Size(B):    128
    Associativity:      8

Latencies:    1   20  200
L1-Sets:  256 - LRU - assoc:   4
L2-Sets: 1024 - LRU - assoc:   8
Store_allocation: Yes
L2_inclusive: Yes
L2_prefetching: No

L1 Cache Stats:
L1-Load-Hits:        7661586494   99.90%
L1-Load-Misses:         7707740    0.10%
L1-Load-Accesses:    7669294234  100.00%

L1-Store-Hits:        2314107541   99.86%
L1-Store-Misses:         3253792    0.14%
L1-Store-Accesses:    2317361333  100.00%

L1-Total-Hits:        9975694035   99.89%
L1-Total-Misses:        10961532    0.11%
L1-Total-Accesses:    9986655567  100.00%

L2 Cache Stats:
L2-Load-Hits:           7705709   99.97%
L2-Load-Misses:            2031    0.03%
L2-Load-Accesses:       7707740  100.00%

L2-Store-Hits:           3244298   99.71%
L2-Store-Misses:            9494    0.29%
L2-Store-Accesses:       3253792  100.00%

L2-Total-Hits:          10950007   99.89%
L2-Total-Misses:           11525    0.11%
L2-Total-Accesses:      10961532  100.00%

