--------
Total Statistics
--------
Total Instructions: 27912921630
Total Cycles: 40992183937
IPC: 0.680933

--------
Single level Tlb hierarchy
--------
  Data Tlb:
    Entries:          64
    Page Size(B):   4096
    Associativity:      4

Latencies:    0  100
Tlb-Sets:   16 - LRU - assoc:   4

Tlb Stats:
Tlb-Load-Hits:        7664049061   99.93%
Tlb-Load-Misses:         5245173    0.07%
Tlb-Load-Accesses:    7669294234  100.00%

Tlb-Store-Hits:        2315682490   99.93%
Tlb-Store-Misses:         1678843    0.07%
Tlb-Store-Accesses:    2317361333  100.00%

Tlb-Total-Hits:        9979731551   99.93%
Tlb-Total-Misses:         6924016    0.07%
Tlb-Total-Accesses:    9986655567  100.00%



--------
Two level Cache hierarchy
--------
  L1-Data Cache:
    Size(KB):          32
    Block Size(B):     64
    Associativity:      8

  L2-Data Cache:
    Size(KB):        1024
    Block Size(B):    128
    Associativity:      8

Latencies:    1   20  200
L1-Sets:   64 - LRU - assoc:   8
L2-Sets: 1024 - LRU - assoc:   8
Store_allocation: Yes
L2_inclusive: Yes
L2_prefetching: Yes ( 16)

L1 Cache Stats:
L1-Load-Hits:        7603252862   99.14%
L1-Load-Misses:        66041372    0.86%
L1-Load-Accesses:    7669294234  100.00%

L1-Store-Hits:        2263507588   97.68%
L1-Store-Misses:        53853745    2.32%
L1-Store-Accesses:    2317361333  100.00%

L1-Total-Hits:        9866760450   98.80%
L1-Total-Misses:       119895117    1.20%
L1-Total-Accesses:    9986655567  100.00%

L2 Cache Stats:
L2-Load-Hits:          66039349  100.00%
L2-Load-Misses:            2023    0.00%
L2-Load-Accesses:      66041372  100.00%

L2-Store-Hits:          53844254   99.98%
L2-Store-Misses:            9491    0.02%
L2-Store-Accesses:      53853745  100.00%

L2-Total-Hits:         119883603   99.99%
L2-Total-Misses:           11514    0.01%
L2-Total-Accesses:     119895117  100.00%

