--------
Total Statistics
--------
Total Instructions: 27912921630
Total Cycles: 37929368037
IPC: 0.735918

--------
Single level Tlb hierarchy
--------
  Data Tlb:
    Entries:          64
    Page Size(B):   4096
    Associativity:      4

Latencies:    0  100
Tlb-Sets:   16 - LRU - assoc:   4

Tlb Stats:
Tlb-Load-Hits:        7669025913  100.00%
Tlb-Load-Misses:          268321    0.00%
Tlb-Load-Accesses:    7669294234  100.00%

Tlb-Store-Hits:        2317360679  100.00%
Tlb-Store-Misses:             654    0.00%
Tlb-Store-Accesses:    2317361333  100.00%

Tlb-Total-Hits:        9986386592  100.00%
Tlb-Total-Misses:          268975    0.00%
Tlb-Total-Accesses:    9986655567  100.00%



--------
Two level Cache hierarchy
--------
  L1-Data Cache:
    Size(KB):         128
    Block Size(B):     64
    Associativity:      8

  L2-Data Cache:
    Size(KB):        1024
    Block Size(B):    128
    Associativity:      8

Latencies:    1   20  200
L1-Sets:  256 - LRU - assoc:   8
L2-Sets: 1024 - LRU - assoc:   8
Store_allocation: Yes
L2_inclusive: Yes
L2_prefetching: No

L1 Cache Stats:
L1-Load-Hits:        7669289997  100.00%
L1-Load-Misses:            4237    0.00%
L1-Load-Accesses:    7669294234  100.00%

L1-Store-Hits:        2317338323  100.00%
L1-Store-Misses:           23010    0.00%
L1-Store-Accesses:    2317361333  100.00%

L1-Total-Hits:        9986628320  100.00%
L1-Total-Misses:           27247    0.00%
L1-Total-Accesses:    9986655567  100.00%

L2 Cache Stats:
L2-Load-Hits:              2011   47.46%
L2-Load-Misses:            2226   52.54%
L2-Load-Accesses:          4237  100.00%

L2-Store-Hits:             13494   58.64%
L2-Store-Misses:            9516   41.36%
L2-Store-Accesses:         23010  100.00%

L2-Total-Hits:             15505   56.91%
L2-Total-Misses:           11742   43.09%
L2-Total-Accesses:         27247  100.00%

