--------
Total Statistics
--------
Total Instructions: 27912921630
Total Cycles: 40297378217
IPC: 0.692673

--------
Single level Tlb hierarchy
--------
  Data Tlb:
    Entries:          64
    Page Size(B):   4096
    Associativity:      4

Latencies:    0  100
Tlb-Sets:   16 - LRU - assoc:   4

Tlb Stats:
Tlb-Load-Hits:        7669210887  100.00%
Tlb-Load-Misses:           83347    0.00%
Tlb-Load-Accesses:    7669294234  100.00%

Tlb-Store-Hits:        2317360694  100.00%
Tlb-Store-Misses:             639    0.00%
Tlb-Store-Accesses:    2317361333  100.00%

Tlb-Total-Hits:        9986571581  100.00%
Tlb-Total-Misses:           83986    0.00%
Tlb-Total-Accesses:    9986655567  100.00%



--------
Two level Cache hierarchy
--------
  L1-Data Cache:
    Size(KB):          32
    Block Size(B):     64
    Associativity:      8

  L2-Data Cache:
    Size(KB):        1024
    Block Size(B):    128
    Associativity:      8

Latencies:    1   20  200
L1-Sets:   64 - LRU - assoc:   8
L2-Sets: 1024 - LRU - assoc:   8
Store_allocation: Yes
L2_inclusive: Yes
L2_prefetching: No

L1 Cache Stats:
L1-Load-Hits:        7603427368   99.14%
L1-Load-Misses:        65866866    0.86%
L1-Load-Accesses:    7669294234  100.00%

L1-Store-Hits:        2263873188   97.69%
L1-Store-Misses:        53488145    2.31%
L1-Store-Accesses:    2317361333  100.00%

L1-Total-Hits:        9867300556   98.80%
L1-Total-Misses:       119355011    1.20%
L1-Total-Accesses:    9986655567  100.00%

L2 Cache Stats:
L2-Load-Hits:          65864847  100.00%
L2-Load-Misses:            2019    0.00%
L2-Load-Accesses:      65866866  100.00%

L2-Store-Hits:          53478653   99.98%
L2-Store-Misses:            9492    0.02%
L2-Store-Accesses:      53488145  100.00%

L2-Total-Hits:         119343500   99.99%
L2-Total-Misses:           11511    0.01%
L2-Total-Accesses:     119355011  100.00%

