--------
Total Statistics
--------
Total Instructions: 27912921630
Total Cycles: 40315314217
IPC: 0.692365

--------
Single level Tlb hierarchy
--------
  Data Tlb:
    Entries:          64
    Page Size(B):   4096
    Associativity:      4

Latencies:    0  100
Tlb-Sets:   16 - LRU - assoc:   4

Tlb Stats:
Tlb-Load-Hits:        7669073668  100.00%
Tlb-Load-Misses:          220566    0.00%
Tlb-Load-Accesses:    7669294234  100.00%

Tlb-Store-Hits:        2317359985  100.00%
Tlb-Store-Misses:            1348    0.00%
Tlb-Store-Accesses:    2317361333  100.00%

Tlb-Total-Hits:        9986433653  100.00%
Tlb-Total-Misses:          221914    0.00%
Tlb-Total-Accesses:    9986655567  100.00%



--------
Two level Cache hierarchy
--------
  L1-Data Cache:
    Size(KB):          32
    Block Size(B):     64
    Associativity:      8

  L2-Data Cache:
    Size(KB):         512
    Block Size(B):    256
    Associativity:      8

Latencies:    1   20  200
L1-Sets:   64 - LRU - assoc:   8
L2-Sets:  256 - LRU - assoc:   8
Store_allocation: Yes
L2_inclusive: Yes
L2_prefetching: No

L1 Cache Stats:
L1-Load-Hits:        7603406574   99.14%
L1-Load-Misses:        65887660    0.86%
L1-Load-Accesses:    7669294234  100.00%

L1-Store-Hits:        2263629642   97.68%
L1-Store-Misses:        53731691    2.32%
L1-Store-Accesses:    2317361333  100.00%

L1-Total-Hits:        9867036216   98.80%
L1-Total-Misses:       119619351    1.20%
L1-Total-Accesses:    9986655567  100.00%

L2 Cache Stats:
L2-Load-Hits:          65886648  100.00%
L2-Load-Misses:            1012    0.00%
L2-Load-Accesses:      65887660  100.00%

L2-Store-Hits:          53726910   99.99%
L2-Store-Misses:            4781    0.01%
L2-Store-Accesses:      53731691  100.00%

L2-Total-Hits:         119613558  100.00%
L2-Total-Misses:            5793    0.00%
L2-Total-Accesses:     119619351  100.00%

