--------
Total Statistics
--------
Total Instructions: 27912921630
Total Cycles: 39960200957
IPC: 0.698518

--------
Single level Tlb hierarchy
--------
  Data Tlb:
    Entries:          64
    Page Size(B):   4096
    Associativity:      4

Latencies:    0  100
Tlb-Sets:   16 - LRU - assoc:   4

Tlb Stats:
Tlb-Load-Hits:        7664256799   99.93%
Tlb-Load-Misses:         5037435    0.07%
Tlb-Load-Accesses:    7669294234  100.00%

Tlb-Store-Hits:        2315787431   99.93%
Tlb-Store-Misses:         1573902    0.07%
Tlb-Store-Accesses:    2317361333  100.00%

Tlb-Total-Hits:        9980044230   99.93%
Tlb-Total-Misses:         6611337    0.07%
Tlb-Total-Accesses:    9986655567  100.00%



--------
Two level Cache hierarchy
--------
  L1-Data Cache:
    Size(KB):          32
    Block Size(B):    128
    Associativity:      4

  L2-Data Cache:
    Size(KB):        1024
    Block Size(B):    128
    Associativity:      8

Latencies:    1   20  200
L1-Sets:   64 - LRU - assoc:   4
L2-Sets: 1024 - LRU - assoc:   8
Store_allocation: Yes
L2_inclusive: Yes
L2_prefetching: No

L1 Cache Stats:
L1-Load-Hits:        7628181957   99.46%
L1-Load-Misses:        41112277    0.54%
L1-Load-Accesses:    7669294234  100.00%

L1-Store-Hits:        2288614247   98.76%
L1-Store-Misses:        28747086    1.24%
L1-Store-Accesses:    2317361333  100.00%

L1-Total-Hits:        9916796204   99.30%
L1-Total-Misses:        69859363    0.70%
L1-Total-Accesses:    9986655567  100.00%

L2 Cache Stats:
L2-Load-Hits:          41110256  100.00%
L2-Load-Misses:            2021    0.00%
L2-Load-Accesses:      41112277  100.00%

L2-Store-Hits:          28737593   99.97%
L2-Store-Misses:            9493    0.03%
L2-Store-Accesses:      28747086  100.00%

L2-Total-Hits:          69847849   99.98%
L2-Total-Misses:           11514    0.02%
L2-Total-Accesses:      69859363  100.00%

