--------
Total Statistics
--------
Total Instructions: 27912921630
Total Cycles: 40303695977
IPC: 0.692565

--------
Single level Tlb hierarchy
--------
  Data Tlb:
    Entries:          64
    Page Size(B):   4096
    Associativity:      4

Latencies:    0  100
Tlb-Sets:   16 - LRU - assoc:   4

Tlb Stats:
Tlb-Load-Hits:        7669203339  100.00%
Tlb-Load-Misses:           90895    0.00%
Tlb-Load-Accesses:    7669294234  100.00%

Tlb-Store-Hits:        2317360985  100.00%
Tlb-Store-Misses:             348    0.00%
Tlb-Store-Accesses:    2317361333  100.00%

Tlb-Total-Hits:        9986564324  100.00%
Tlb-Total-Misses:           91243    0.00%
Tlb-Total-Accesses:    9986655567  100.00%



--------
Two level Cache hierarchy
--------
  L1-Data Cache:
    Size(KB):          32
    Block Size(B):     64
    Associativity:      8

  L2-Data Cache:
    Size(KB):         512
    Block Size(B):     64
    Associativity:      8

Latencies:    1   20  200
L1-Sets:   64 - LRU - assoc:   8
L2-Sets: 1024 - LRU - assoc:   8
Store_allocation: Yes
L2_inclusive: Yes
L2_prefetching: No

L1 Cache Stats:
L1-Load-Hits:        7603492857   99.14%
L1-Load-Misses:        65801377    0.86%
L1-Load-Accesses:    7669294234  100.00%

L1-Store-Hits:        2263642326   97.68%
L1-Store-Misses:        53719007    2.32%
L1-Store-Accesses:    2317361333  100.00%

L1-Total-Hits:        9867135183   98.80%
L1-Total-Misses:       119520384    1.20%
L1-Total-Accesses:    9986655567  100.00%

L2 Cache Stats:
L2-Load-Hits:          65798158  100.00%
L2-Load-Misses:            3219    0.00%
L2-Load-Accesses:      65801377  100.00%

L2-Store-Hits:          53699292   99.96%
L2-Store-Misses:           19715    0.04%
L2-Store-Accesses:      53719007  100.00%

L2-Total-Hits:         119497450   99.98%
L2-Total-Misses:           22934    0.02%
L2-Total-Accesses:     119520384  100.00%

