--------
Total Statistics
--------
Total Instructions: 27912921630
Total Cycles: 38192793537
IPC: 0.730843

--------
Single level Tlb hierarchy
--------
  Data Tlb:
    Entries:          64
    Page Size(B):   4096
    Associativity:      4

Latencies:    0  100
Tlb-Sets:   16 - LRU - assoc:   4

Tlb Stats:
Tlb-Load-Hits:        7669149203  100.00%
Tlb-Load-Misses:          145031    0.00%
Tlb-Load-Accesses:    7669294234  100.00%

Tlb-Store-Hits:        2317348315  100.00%
Tlb-Store-Misses:           13018    0.00%
Tlb-Store-Accesses:    2317361333  100.00%

Tlb-Total-Hits:        9986497518  100.00%
Tlb-Total-Misses:          158049    0.00%
Tlb-Total-Accesses:    9986655567  100.00%



--------
Two level Cache hierarchy
--------
  L1-Data Cache:
    Size(KB):          64
    Block Size(B):    128
    Associativity:      4

  L2-Data Cache:
    Size(KB):        1024
    Block Size(B):    128
    Associativity:      8

Latencies:    1   20  200
L1-Sets:  128 - LRU - assoc:   4
L2-Sets: 1024 - LRU - assoc:   8
Store_allocation: Yes
L2_inclusive: Yes
L2_prefetching: No

L1 Cache Stats:
L1-Load-Hits:        7659598664   99.87%
L1-Load-Misses:         9695570    0.13%
L1-Load-Accesses:    7669294234  100.00%

L1-Store-Hits:        2313301591   99.82%
L1-Store-Misses:         4059742    0.18%
L1-Store-Accesses:    2317361333  100.00%

L1-Total-Hits:        9972900255   99.86%
L1-Total-Misses:        13755312    0.14%
L1-Total-Accesses:    9986655567  100.00%

L2 Cache Stats:
L2-Load-Hits:           9693537   99.98%
L2-Load-Misses:            2033    0.02%
L2-Load-Accesses:       9695570  100.00%

L2-Store-Hits:           4050249   99.77%
L2-Store-Misses:            9493    0.23%
L2-Store-Accesses:       4059742  100.00%

L2-Total-Hits:          13743786   99.92%
L2-Total-Misses:           11526    0.08%
L2-Total-Accesses:      13755312  100.00%

