--------
Total Statistics
--------
Total Instructions: 27912921630
Total Cycles: 40293987137
IPC: 0.692732

--------
Single level Tlb hierarchy
--------
  Data Tlb:
    Entries:          64
    Page Size(B):   4096
    Associativity:      4

Latencies:    0  100
Tlb-Sets:   16 - LRU - assoc:   4

Tlb Stats:
Tlb-Load-Hits:        7669280087  100.00%
Tlb-Load-Misses:           14147    0.00%
Tlb-Load-Accesses:    7669294234  100.00%

Tlb-Store-Hits:        2317360810  100.00%
Tlb-Store-Misses:             523    0.00%
Tlb-Store-Accesses:    2317361333  100.00%

Tlb-Total-Hits:        9986640897  100.00%
Tlb-Total-Misses:           14670    0.00%
Tlb-Total-Accesses:    9986655567  100.00%



--------
Two level Cache hierarchy
--------
  L1-Data Cache:
    Size(KB):          32
    Block Size(B):     64
    Associativity:      8

  L2-Data Cache:
    Size(KB):        2048
    Block Size(B):    256
    Associativity:      8

Latencies:    1   20  200
L1-Sets:   64 - LRU - assoc:   8
L2-Sets: 1024 - LRU - assoc:   8
Store_allocation: Yes
L2_inclusive: Yes
L2_prefetching: No

L1 Cache Stats:
L1-Load-Hits:        7603157787   99.14%
L1-Load-Misses:        66136447    0.86%
L1-Load-Accesses:    7669294234  100.00%

L1-Store-Hits:        2263908513   97.69%
L1-Store-Misses:        53452820    2.31%
L1-Store-Accesses:    2317361333  100.00%

L1-Total-Hits:        9867066300   98.80%
L1-Total-Misses:       119589267    1.20%
L1-Total-Accesses:    9986655567  100.00%

L2 Cache Stats:
L2-Load-Hits:          66135439  100.00%
L2-Load-Misses:            1008    0.00%
L2-Load-Accesses:      66136447  100.00%

L2-Store-Hits:          53448040   99.99%
L2-Store-Misses:            4780    0.01%
L2-Store-Accesses:      53452820  100.00%

L2-Total-Hits:         119583479  100.00%
L2-Total-Misses:            5788    0.00%
L2-Total-Accesses:     119589267  100.00%

