--------
Total Statistics
--------
Total Instructions: 27912921630
Total Cycles: 40350109857
IPC: 0.691768

--------
Single level Tlb hierarchy
--------
  Data Tlb:
    Entries:          64
    Page Size(B):   4096
    Associativity:      4

Latencies:    0  100
Tlb-Sets:   16 - LRU - assoc:   4

Tlb Stats:
Tlb-Load-Hits:        7668820056   99.99%
Tlb-Load-Misses:          474178    0.01%
Tlb-Load-Accesses:    7669294234  100.00%

Tlb-Store-Hits:        2317283270  100.00%
Tlb-Store-Misses:           78063    0.00%
Tlb-Store-Accesses:    2317361333  100.00%

Tlb-Total-Hits:        9986103326   99.99%
Tlb-Total-Misses:          552241    0.01%
Tlb-Total-Accesses:    9986655567  100.00%



--------
Two level Cache hierarchy
--------
  L1-Data Cache:
    Size(KB):          32
    Block Size(B):     64
    Associativity:      8

  L2-Data Cache:
    Size(KB):        1024
    Block Size(B):    128
    Associativity:      8

Latencies:    1   20  200
L1-Sets:   64 - LRU - assoc:   8
L2-Sets: 1024 - LRU - assoc:   8
Store_allocation: Yes
L2_inclusive: Yes
L2_prefetching: Yes ( 64)

L1 Cache Stats:
L1-Load-Hits:        7603349022   99.14%
L1-Load-Misses:        65945212    0.86%
L1-Load-Accesses:    7669294234  100.00%

L1-Store-Hits:        2263656247   97.68%
L1-Store-Misses:        53705086    2.32%
L1-Store-Accesses:    2317361333  100.00%

L1-Total-Hits:        9867005269   98.80%
L1-Total-Misses:       119650298    1.20%
L1-Total-Accesses:    9986655567  100.00%

L2 Cache Stats:
L2-Load-Hits:          65943194  100.00%
L2-Load-Misses:            2018    0.00%
L2-Load-Accesses:      65945212  100.00%

L2-Store-Hits:          53695591   99.98%
L2-Store-Misses:            9495    0.02%
L2-Store-Accesses:      53705086  100.00%

L2-Total-Hits:         119638785   99.99%
L2-Total-Misses:           11513    0.01%
L2-Total-Accesses:     119650298  100.00%

