--------
Total Statistics
--------
Total Instructions: 27912921630
Total Cycles: 40987610057
IPC: 0.681009

--------
Single level Tlb hierarchy
--------
  Data Tlb:
    Entries:          64
    Page Size(B):   4096
    Associativity:      4

Latencies:    0  100
Tlb-Sets:   16 - LRU - assoc:   4

Tlb Stats:
Tlb-Load-Hits:        7664049058   99.93%
Tlb-Load-Misses:         5245176    0.07%
Tlb-Load-Accesses:    7669294234  100.00%

Tlb-Store-Hits:        2315682489   99.93%
Tlb-Store-Misses:         1678844    0.07%
Tlb-Store-Accesses:    2317361333  100.00%

Tlb-Total-Hits:        9979731547   99.93%
Tlb-Total-Misses:         6924020    0.07%
Tlb-Total-Accesses:    9986655567  100.00%



--------
Two level Cache hierarchy
--------
  L1-Data Cache:
    Size(KB):          32
    Block Size(B):     64
    Associativity:      8

  L2-Data Cache:
    Size(KB):        1024
    Block Size(B):    128
    Associativity:      8

Latencies:    1   20  200
L1-Sets:   64 - LRU - assoc:   8
L2-Sets: 1024 - LRU - assoc:   8
Store_allocation: Yes
L2_inclusive: Yes
L2_prefetching: Yes (  2)

L1 Cache Stats:
L1-Load-Hits:        7603493225   99.14%
L1-Load-Misses:        65801009    0.86%
L1-Load-Accesses:    7669294234  100.00%

L1-Store-Hits:        2263495949   97.68%
L1-Store-Misses:        53865384    2.32%
L1-Store-Accesses:    2317361333  100.00%

L1-Total-Hits:        9866989174   98.80%
L1-Total-Misses:       119666393    1.20%
L1-Total-Accesses:    9986655567  100.00%

L2 Cache Stats:
L2-Load-Hits:          65798987  100.00%
L2-Load-Misses:            2022    0.00%
L2-Load-Accesses:      65801009  100.00%

L2-Store-Hits:          53855891   99.98%
L2-Store-Misses:            9493    0.02%
L2-Store-Accesses:      53865384  100.00%

L2-Total-Hits:         119654878   99.99%
L2-Total-Misses:           11515    0.01%
L2-Total-Accesses:     119666393  100.00%

