--------
Total Statistics
--------
Total Instructions: 27912921630
Total Cycles: 41686387257
IPC: 0.669593

--------
Single level Tlb hierarchy
--------
  Data Tlb:
    Entries:          64
    Page Size(B):   4096
    Associativity:      4

Latencies:    0  100
Tlb-Sets:   16 - LRU - assoc:   4

Tlb Stats:
Tlb-Load-Hits:        7669262950  100.00%
Tlb-Load-Misses:           31284    0.00%
Tlb-Load-Accesses:    7669294234  100.00%

Tlb-Store-Hits:        2317360558  100.00%
Tlb-Store-Misses:             775    0.00%
Tlb-Store-Accesses:    2317361333  100.00%

Tlb-Total-Hits:        9986623508  100.00%
Tlb-Total-Misses:           32059    0.00%
Tlb-Total-Accesses:    9986655567  100.00%



--------
Two level Cache hierarchy
--------
  L1-Data Cache:
    Size(KB):          32
    Block Size(B):     32
    Associativity:      4

  L2-Data Cache:
    Size(KB):        1024
    Block Size(B):    128
    Associativity:      8

Latencies:    1   20  200
L1-Sets:  256 - LRU - assoc:   4
L2-Sets: 1024 - LRU - assoc:   8
Store_allocation: Yes
L2_inclusive: Yes
L2_prefetching: No

L1 Cache Stats:
L1-Load-Hits:        7575341178   98.77%
L1-Load-Misses:        93953056    1.23%
L1-Load-Accesses:    7669294234  100.00%

L1-Store-Hits:        2222249311   95.90%
L1-Store-Misses:        95112022    4.10%
L1-Store-Accesses:    2317361333  100.00%

L1-Total-Hits:        9797590489   98.11%
L1-Total-Misses:       189065078    1.89%
L1-Total-Accesses:    9986655567  100.00%

L2 Cache Stats:
L2-Load-Hits:          93951034  100.00%
L2-Load-Misses:            2022    0.00%
L2-Load-Accesses:      93953056  100.00%

L2-Store-Hits:          95102531   99.99%
L2-Store-Misses:            9491    0.01%
L2-Store-Accesses:      95112022  100.00%

L2-Total-Hits:         189053565   99.99%
L2-Total-Misses:           11513    0.01%
L2-Total-Accesses:     189065078  100.00%

