--------
Total Statistics
--------
Total Instructions: 27912921630
Total Cycles: 40310847217
IPC: 0.692442

--------
Single level Tlb hierarchy
--------
  Data Tlb:
    Entries:          64
    Page Size(B):   4096
    Associativity:      4

Latencies:    0  100
Tlb-Sets:   16 - LRU - assoc:   4

Tlb Stats:
Tlb-Load-Hits:        7669070099  100.00%
Tlb-Load-Misses:          224135    0.00%
Tlb-Load-Accesses:    7669294234  100.00%

Tlb-Store-Hits:        2317360514  100.00%
Tlb-Store-Misses:             819    0.00%
Tlb-Store-Accesses:    2317361333  100.00%

Tlb-Total-Hits:        9986430613  100.00%
Tlb-Total-Misses:          224954    0.00%
Tlb-Total-Accesses:    9986655567  100.00%



--------
Two level Cache hierarchy
--------
  L1-Data Cache:
    Size(KB):          32
    Block Size(B):     64
    Associativity:      8

  L2-Data Cache:
    Size(KB):        1024
    Block Size(B):    128
    Associativity:      8

Latencies:    1   20  200
L1-Sets:   64 - LRU - assoc:   8
L2-Sets: 1024 - LRU - assoc:   8
Store_allocation: Yes
L2_inclusive: Yes
L2_prefetching: Yes ( 32)

L1 Cache Stats:
L1-Load-Hits:        7603499797   99.14%
L1-Load-Misses:        65794437    0.86%
L1-Load-Accesses:    7669294234  100.00%

L1-Store-Hits:        2263832169   97.69%
L1-Store-Misses:        53529164    2.31%
L1-Store-Accesses:    2317361333  100.00%

L1-Total-Hits:        9867331966   98.81%
L1-Total-Misses:       119323601    1.19%
L1-Total-Accesses:    9986655567  100.00%

L2 Cache Stats:
L2-Load-Hits:          65792417  100.00%
L2-Load-Misses:            2020    0.00%
L2-Load-Accesses:      65794437  100.00%

L2-Store-Hits:          53519671   99.98%
L2-Store-Misses:            9493    0.02%
L2-Store-Accesses:      53529164  100.00%

L2-Total-Hits:         119312088   99.99%
L2-Total-Misses:           11513    0.01%
L2-Total-Accesses:     119323601  100.00%

