--------
Total Statistics
--------
Total Instructions: 27912921630
Total Cycles: 42358744397
IPC: 0.658965

--------
Single level Tlb hierarchy
--------
  Data Tlb:
    Entries:          64
    Page Size(B):   4096
    Associativity:      4

Latencies:    0  100
Tlb-Sets:   16 - LRU - assoc:   4

Tlb Stats:
Tlb-Load-Hits:        7668820464   99.99%
Tlb-Load-Misses:          473770    0.01%
Tlb-Load-Accesses:    7669294234  100.00%

Tlb-Store-Hits:        2317283363  100.00%
Tlb-Store-Misses:           77970    0.00%
Tlb-Store-Accesses:    2317361333  100.00%

Tlb-Total-Hits:        9986103827   99.99%
Tlb-Total-Misses:          551740    0.01%
Tlb-Total-Accesses:    9986655567  100.00%



--------
Two level Cache hierarchy
--------
  L1-Data Cache:
    Size(KB):          16
    Block Size(B):     64
    Associativity:      4

  L2-Data Cache:
    Size(KB):        1024
    Block Size(B):    128
    Associativity:      8

Latencies:    1   20  200
L1-Sets:   64 - LRU - assoc:   4
L2-Sets: 1024 - LRU - assoc:   8
Store_allocation: Yes
L2_inclusive: Yes
L2_prefetching: No

L1 Cache Stats:
L1-Load-Hits:        7563139659   98.62%
L1-Load-Misses:       106154575    1.38%
L1-Load-Accesses:    7669294234  100.00%

L1-Store-Hits:        2203431378   95.08%
L1-Store-Misses:       113929955    4.92%
L1-Store-Accesses:    2317361333  100.00%

L1-Total-Hits:        9766571037   97.80%
L1-Total-Misses:       220084530    2.20%
L1-Total-Accesses:    9986655567  100.00%

L2 Cache Stats:
L2-Load-Hits:         106152553  100.00%
L2-Load-Misses:            2022    0.00%
L2-Load-Accesses:     106154575  100.00%

L2-Store-Hits:         113920464   99.99%
L2-Store-Misses:            9491    0.01%
L2-Store-Accesses:     113929955  100.00%

L2-Total-Hits:         220073017   99.99%
L2-Total-Misses:           11513    0.01%
L2-Total-Accesses:     220084530  100.00%

