--------
Total Statistics
--------
Total Instructions: 27912921630
Total Cycles: 40358447077
IPC: 0.691625

--------
Single level Tlb hierarchy
--------
  Data Tlb:
    Entries:          64
    Page Size(B):   4096
    Associativity:      4

Latencies:    0  100
Tlb-Sets:   16 - LRU - assoc:   4

Tlb Stats:
Tlb-Load-Hits:        7668734721   99.99%
Tlb-Load-Misses:          559513    0.01%
Tlb-Load-Accesses:    7669294234  100.00%

Tlb-Store-Hits:        2317288963  100.00%
Tlb-Store-Misses:           72370    0.00%
Tlb-Store-Accesses:    2317361333  100.00%

Tlb-Total-Hits:        9986023684   99.99%
Tlb-Total-Misses:          631883    0.01%
Tlb-Total-Accesses:    9986655567  100.00%



--------
Two level Cache hierarchy
--------
  L1-Data Cache:
    Size(KB):          32
    Block Size(B):     64
    Associativity:      8

  L2-Data Cache:
    Size(KB):        1024
    Block Size(B):    128
    Associativity:      8

Latencies:    1   20  200
L1-Sets:   64 - LRU - assoc:   8
L2-Sets: 1024 - LRU - assoc:   8
Store_allocation: Yes
L2_inclusive: Yes
L2_prefetching: Yes (  8)

L1 Cache Stats:
L1-Load-Hits:        7603119647   99.14%
L1-Load-Misses:        66174587    0.86%
L1-Load-Accesses:    7669294234  100.00%

L1-Store-Hits:        2263866971   97.69%
L1-Store-Misses:        53494362    2.31%
L1-Store-Accesses:    2317361333  100.00%

L1-Total-Hits:        9866986618   98.80%
L1-Total-Misses:       119668949    1.20%
L1-Total-Accesses:    9986655567  100.00%

L2 Cache Stats:
L2-Load-Hits:          66172565  100.00%
L2-Load-Misses:            2022    0.00%
L2-Load-Accesses:      66174587  100.00%

L2-Store-Hits:          53484871   99.98%
L2-Store-Misses:            9491    0.02%
L2-Store-Accesses:      53494362  100.00%

L2-Total-Hits:         119657436   99.99%
L2-Total-Misses:           11513    0.01%
L2-Total-Accesses:     119668949  100.00%

