--------
Total Statistics
--------
Total Instructions: 27912921630
Total Cycles: 40291572657
IPC: 0.692773

--------
Single level Tlb hierarchy
--------
  Data Tlb:
    Entries:          64
    Page Size(B):   4096
    Associativity:      4

Latencies:    0  100
Tlb-Sets:   16 - LRU - assoc:   4

Tlb Stats:
Tlb-Load-Hits:        7669285440  100.00%
Tlb-Load-Misses:            8794    0.00%
Tlb-Load-Accesses:    7669294234  100.00%

Tlb-Store-Hits:        2317358200  100.00%
Tlb-Store-Misses:            3133    0.00%
Tlb-Store-Accesses:    2317361333  100.00%

Tlb-Total-Hits:        9986643640  100.00%
Tlb-Total-Misses:           11927    0.00%
Tlb-Total-Accesses:    9986655567  100.00%



--------
Two level Cache hierarchy
--------
  L1-Data Cache:
    Size(KB):          32
    Block Size(B):     64
    Associativity:      8

  L2-Data Cache:
    Size(KB):        1024
    Block Size(B):     64
    Associativity:      8

Latencies:    1   20  200
L1-Sets:   64 - LRU - assoc:   8
L2-Sets: 2048 - LRU - assoc:   8
Store_allocation: Yes
L2_inclusive: Yes
L2_prefetching: No

L1 Cache Stats:
L1-Load-Hits:        7603348470   99.14%
L1-Load-Misses:        65945764    0.86%
L1-Load-Accesses:    7669294234  100.00%

L1-Store-Hits:        2263996209   97.70%
L1-Store-Misses:        53365124    2.30%
L1-Store-Accesses:    2317361333  100.00%

L1-Total-Hits:        9867344679   98.81%
L1-Total-Misses:       119310888    1.19%
L1-Total-Accesses:    9986655567  100.00%

L2 Cache Stats:
L2-Load-Hits:          65942549  100.00%
L2-Load-Misses:            3215    0.00%
L2-Load-Accesses:      65945764  100.00%

L2-Store-Hits:          53345414   99.96%
L2-Store-Misses:           19710    0.04%
L2-Store-Accesses:      53365124  100.00%

L2-Total-Hits:         119287963   99.98%
L2-Total-Misses:           22925    0.02%
L2-Total-Accesses:     119310888  100.00%

