--------
Total Statistics
--------
Total Instructions: 27912921630
Total Cycles: 40304505177
IPC: 0.692551

--------
Single level Tlb hierarchy
--------
  Data Tlb:
    Entries:          64
    Page Size(B):   4096
    Associativity:      4

Latencies:    0  100
Tlb-Sets:   16 - LRU - assoc:   4

Tlb Stats:
Tlb-Load-Hits:        7669232676  100.00%
Tlb-Load-Misses:           61558    0.00%
Tlb-Load-Accesses:    7669294234  100.00%

Tlb-Store-Hits:        2317360481  100.00%
Tlb-Store-Misses:             852    0.00%
Tlb-Store-Accesses:    2317361333  100.00%

Tlb-Total-Hits:        9986593157  100.00%
Tlb-Total-Misses:           62410    0.00%
Tlb-Total-Accesses:    9986655567  100.00%



--------
Two level Cache hierarchy
--------
  L1-Data Cache:
    Size(KB):          32
    Block Size(B):     64
    Associativity:      8

  L2-Data Cache:
    Size(KB):        1024
    Block Size(B):    128
    Associativity:      8

Latencies:    1   20  200
L1-Sets:   64 - LRU - assoc:   8
L2-Sets: 1024 - LRU - assoc:   8
Store_allocation: Yes
L2_inclusive: Yes
L2_prefetching: Yes (  4)

L1 Cache Stats:
L1-Load-Hits:        7603469761   99.14%
L1-Load-Misses:        65824473    0.86%
L1-Load-Accesses:    7669294234  100.00%

L1-Store-Hits:        2263366597   97.67%
L1-Store-Misses:        53994736    2.33%
L1-Store-Accesses:    2317361333  100.00%

L1-Total-Hits:        9866836358   98.80%
L1-Total-Misses:       119819209    1.20%
L1-Total-Accesses:    9986655567  100.00%

L2 Cache Stats:
L2-Load-Hits:          65822451  100.00%
L2-Load-Misses:            2022    0.00%
L2-Load-Accesses:      65824473  100.00%

L2-Store-Hits:          53985244   99.98%
L2-Store-Misses:            9492    0.02%
L2-Store-Accesses:      53994736  100.00%

L2-Total-Hits:         119807695   99.99%
L2-Total-Misses:           11514    0.01%
L2-Total-Accesses:     119819209  100.00%

