--------
Total Statistics
--------
Total Instructions: 27912921630
Total Cycles: 40308111697
IPC: 0.692489

--------
Single level Tlb hierarchy
--------
  Data Tlb:
    Entries:          64
    Page Size(B):   4096
    Associativity:      4

Latencies:    0  100
Tlb-Sets:   16 - LRU - assoc:   4

Tlb Stats:
Tlb-Load-Hits:        7669205939  100.00%
Tlb-Load-Misses:           88295    0.00%
Tlb-Load-Accesses:    7669294234  100.00%

Tlb-Store-Hits:        2317360746  100.00%
Tlb-Store-Misses:             587    0.00%
Tlb-Store-Accesses:    2317361333  100.00%

Tlb-Total-Hits:        9986566685  100.00%
Tlb-Total-Misses:           88882    0.00%
Tlb-Total-Accesses:    9986655567  100.00%



--------
Two level Cache hierarchy
--------
  L1-Data Cache:
    Size(KB):          32
    Block Size(B):     64
    Associativity:      8

  L2-Data Cache:
    Size(KB):        2048
    Block Size(B):    128
    Associativity:     16

Latencies:    1   20  200
L1-Sets:   64 - LRU - assoc:   8
L2-Sets: 1024 - LRU - assoc:  16
Store_allocation: Yes
L2_inclusive: Yes
L2_prefetching: No

L1 Cache Stats:
L1-Load-Hits:        7603428132   99.14%
L1-Load-Misses:        65866102    0.86%
L1-Load-Accesses:    7669294234  100.00%

L1-Store-Hits:        2263360220   97.67%
L1-Store-Misses:        54001113    2.33%
L1-Store-Accesses:    2317361333  100.00%

L1-Total-Hits:        9866788352   98.80%
L1-Total-Misses:       119867215    1.20%
L1-Total-Accesses:    9986655567  100.00%

L2 Cache Stats:
L2-Load-Hits:          65864087  100.00%
L2-Load-Misses:            2015    0.00%
L2-Load-Accesses:      65866102  100.00%

L2-Store-Hits:          53991618   99.98%
L2-Store-Misses:            9495    0.02%
L2-Store-Accesses:      54001113  100.00%

L2-Total-Hits:         119855705   99.99%
L2-Total-Misses:           11510    0.01%
L2-Total-Accesses:     119867215  100.00%

