--------
Total Statistics
--------
Total Instructions: 27912921630
Total Cycles: 40301351197
IPC: 0.692605

--------
Single level Tlb hierarchy
--------
  Data Tlb:
    Entries:          64
    Page Size(B):   4096
    Associativity:      4

Latencies:    0  100
Tlb-Sets:   16 - LRU - assoc:   4

Tlb Stats:
Tlb-Load-Hits:        7669166657  100.00%
Tlb-Load-Misses:          127577    0.00%
Tlb-Load-Accesses:    7669294234  100.00%

Tlb-Store-Hits:        2317360766  100.00%
Tlb-Store-Misses:             567    0.00%
Tlb-Store-Accesses:    2317361333  100.00%

Tlb-Total-Hits:        9986527423  100.00%
Tlb-Total-Misses:          128144    0.00%
Tlb-Total-Accesses:    9986655567  100.00%



--------
Two level Cache hierarchy
--------
  L1-Data Cache:
    Size(KB):          32
    Block Size(B):     64
    Associativity:      8

  L2-Data Cache:
    Size(KB):         512
    Block Size(B):    128
    Associativity:      4

Latencies:    1   20  200
L1-Sets:   64 - LRU - assoc:   8
L2-Sets: 1024 - LRU - assoc:   4
Store_allocation: Yes
L2_inclusive: Yes
L2_prefetching: No

L1 Cache Stats:
L1-Load-Hits:        7603394719   99.14%
L1-Load-Misses:        65899515    0.86%
L1-Load-Accesses:    7669294234  100.00%

L1-Store-Hits:        2263928008   97.69%
L1-Store-Misses:        53433325    2.31%
L1-Store-Accesses:    2317361333  100.00%

L1-Total-Hits:        9867322727   98.81%
L1-Total-Misses:       119332840    1.19%
L1-Total-Accesses:    9986655567  100.00%

L2 Cache Stats:
L2-Load-Hits:          65897493  100.00%
L2-Load-Misses:            2022    0.00%
L2-Load-Accesses:      65899515  100.00%

L2-Store-Hits:          53423833   99.98%
L2-Store-Misses:            9492    0.02%
L2-Store-Accesses:      53433325  100.00%

L2-Total-Hits:         119321326   99.99%
L2-Total-Misses:           11514    0.01%
L2-Total-Accesses:     119332840  100.00%

