--------
Total Statistics
--------
Total Instructions: 27912921630
Total Cycles: 40315232437
IPC: 0.692367

--------
Single level Tlb hierarchy
--------
  Data Tlb:
    Entries:          64
    Page Size(B):   4096
    Associativity:      4

Latencies:    0  100
Tlb-Sets:   16 - LRU - assoc:   4

Tlb Stats:
Tlb-Load-Hits:        7669037004  100.00%
Tlb-Load-Misses:          257230    0.00%
Tlb-Load-Accesses:    7669294234  100.00%

Tlb-Store-Hits:        2317358101  100.00%
Tlb-Store-Misses:            3232    0.00%
Tlb-Store-Accesses:    2317361333  100.00%

Tlb-Total-Hits:        9986395105  100.00%
Tlb-Total-Misses:          260462    0.00%
Tlb-Total-Accesses:    9986655567  100.00%



--------
Two level Cache hierarchy
--------
  L1-Data Cache:
    Size(KB):          32
    Block Size(B):     64
    Associativity:      8

  L2-Data Cache:
    Size(KB):        2048
    Block Size(B):     64
    Associativity:      8

Latencies:    1   20  200
L1-Sets:   64 - LRU - assoc:   8
L2-Sets: 4096 - LRU - assoc:   8
Store_allocation: Yes
L2_inclusive: Yes
L2_prefetching: No

L1 Cache Stats:
L1-Load-Hits:        7603467735   99.14%
L1-Load-Misses:        65826499    0.86%
L1-Load-Accesses:    7669294234  100.00%

L1-Store-Hits:        2263936550   97.69%
L1-Store-Misses:        53424783    2.31%
L1-Store-Accesses:    2317361333  100.00%

L1-Total-Hits:        9867404285   98.81%
L1-Total-Misses:       119251282    1.19%
L1-Total-Accesses:    9986655567  100.00%

L2 Cache Stats:
L2-Load-Hits:          65823290  100.00%
L2-Load-Misses:            3209    0.00%
L2-Load-Accesses:      65826499  100.00%

L2-Store-Hits:          53405075   99.96%
L2-Store-Misses:           19708    0.04%
L2-Store-Accesses:      53424783  100.00%

L2-Total-Hits:         119228365   99.98%
L2-Total-Misses:           22917    0.02%
L2-Total-Accesses:     119251282  100.00%

