--------
Total Statistics
--------
Total Instructions: 27912921630
Total Cycles: 38164552077
IPC: 0.731383

--------
Single level Tlb hierarchy
--------
  Data Tlb:
    Entries:          64
    Page Size(B):   4096
    Associativity:      4

Latencies:    0  100
Tlb-Sets:   16 - LRU - assoc:   4

Tlb Stats:
Tlb-Load-Hits:        7668072085   99.98%
Tlb-Load-Misses:         1222149    0.02%
Tlb-Load-Accesses:    7669294234  100.00%

Tlb-Store-Hits:        2317285957  100.00%
Tlb-Store-Misses:           75376    0.00%
Tlb-Store-Accesses:    2317361333  100.00%

Tlb-Total-Hits:        9985358042   99.99%
Tlb-Total-Misses:         1297525    0.01%
Tlb-Total-Accesses:    9986655567  100.00%



--------
Two level Cache hierarchy
--------
  L1-Data Cache:
    Size(KB):          64
    Block Size(B):     64
    Associativity:      8

  L2-Data Cache:
    Size(KB):        1024
    Block Size(B):    128
    Associativity:      8

Latencies:    1   20  200
L1-Sets:  128 - LRU - assoc:   8
L2-Sets: 1024 - LRU - assoc:   8
Store_allocation: Yes
L2_inclusive: Yes
L2_prefetching: No

L1 Cache Stats:
L1-Load-Hits:        7665089799   99.95%
L1-Load-Misses:         4204435    0.05%
L1-Load-Accesses:    7669294234  100.00%

L1-Store-Hits:        2314919899   99.89%
L1-Store-Misses:         2441434    0.11%
L1-Store-Accesses:    2317361333  100.00%

L1-Total-Hits:        9980009698   99.93%
L1-Total-Misses:         6645869    0.07%
L1-Total-Accesses:    9986655567  100.00%

L2 Cache Stats:
L2-Load-Hits:           4202404   99.95%
L2-Load-Misses:            2031    0.05%
L2-Load-Accesses:       4204435  100.00%

L2-Store-Hits:           2431940   99.61%
L2-Store-Misses:            9494    0.39%
L2-Store-Accesses:       2441434  100.00%

L2-Total-Hits:           6634344   99.83%
L2-Total-Misses:           11525    0.17%
L2-Total-Accesses:       6645869  100.00%

